Scenario - for study
Logfile written - 2016/1/13 ÐÇÆÚÈý ÏÂÎç 2:13:25

Trial	Event Type	Code	Time	TTime	Uncertainty	Duration	Uncertainty	ReqTime	ReqDur

1	Response	4	425172	425172	1
3	Picture	B2D030	431492	1000	177	8167	179	1000	8000
4	Response	2	445361	5700	2
5	Picture	ND050	457659	1164	2	8000	178	1000	8000
7	Picture	B2D040	485158	1000	177	6167	179	1000	8000
7	Response	2	491158	7000	2
9	Picture	AD050	510991	1000	177	8166	180	1000	8000
10	Response	1	524293	5133	2
11	Picture	B1D030	537491	1164	2	8000	178	1000	8000
13	Picture	ND060	564157	1000	178	7333	180	1000	8000
13	Response	2	571351	8194	2
15	Picture	B1T010	588823	1000	179	8167	181	1000	8000
16	Response	2	607274	10282	1
17	Picture	AT020	616490	1147	2	8000	178	1000	8000
19	Picture	AT010	643169	1000	164	8154	166	1000	8000
20	Response	1	654539	3214	2
21	Picture	ND070	668656	1164	2	8000	178	1000	8000
22	Response	2	678588	1599	2
23	Picture	AD060	696322	1000	178	8166	180	1000	8000
24	Response	1	707882	3391	2
25	Picture	NT010	721822	1164	2	8000	178	1000	8000
26	Response	2	742345	12190	2
29	Picture	B1D040	788154	1000	178	8166	180	1000	8000
30	Response	2	807510	11187	2
31	Picture	AD070	817487	1164	3	8000	179	1000	8000
32	Response	1	828087	2267	1
33	Picture	AD080	843820	1000	177	8167	179	1000	8000
34	Response	1	859506	7517	2
34	Response	1	863252	11263	2
35	Picture	NT020	872486	1163	2	8000	178	1000	8000
36	Response	2	882387	1567	2
37	Picture	B1T020	901486	1000	177	8166	179	1000	8000
38	Response	1	911443	1788	2
39	Picture	AT030	929486	1164	2	8000	178	1000	8000
40	Response	1	937663	-156	155
41	Picture	B2T020	958319	1000	176	8166	178	1000	8000
42	Response	1	970869	4381	1
43	Picture	NT040	985818	1164	2	6496	182	1000	8000
43	Response	2	992311	7657	2
45	Picture	NT030	1012484	1163	3	8000	181	1000	8000
46	Response	2	1023086	2269	1
47	Picture	ND080	1041651	1000	178	8166	180	1000	8000
48	Response	1	1061929	12109	1
49	Picture	B2T010	1070150	1163	2	8000	181	1000	8000
50	Response	1	1083565	5082	2
51	Picture	AT040	1096650	1000	178	8167	180	1000	8000
52	Response	2	1114480	9661	1
55	Picture	AD051	1164149	1164	2	8000	178	1000	8000
56	Response	1	1174168	1686	1
57	Picture	AT001	1192315	1000	178	5500	180	1000	8000
57	Response	1	1197702	6387	2
59	Picture	NT011	1215481	1000	180	8000	182	1000	8000
59	Response	2	1223282	8801	2
61	Picture	AD041	1241148	1000	177	8166	179	1000	8000
62	Response	1	1250073	756	1
63	Picture	ND041	1269148	1165	2	6866	145	1000	8000
63	Response	2	1276011	8028	2
65	Picture	B2T001	1295980	1163	2	8000	179	1000	8000
66	Response	1	1309952	5638	2
67	Picture	NT001	1323980	1000	177	7833	179	1000	8000
67	Response	2	1331715	8735	1
69	Picture	B1T001	1350480	1000	176	8166	179	1000	8000
70	Response	1	1360217	1568	2
71	Picture	AD061	1378813	1164	2	8000	178	1000	8000
72	Response	1	1402494	15348	2
73	Picture	B2D021	1407979	1000	177	8000	346	1000	8000
74	Response	1	1423343	7194	2
75	Picture	ND051	1435312	1164	2	5996	182	1000	8000
75	Response	2	1441305	7157	2
77	Picture	B1D021	1460312	1164	2	8000	178	1000	8000
78	Response	2	1469246	601	1
81	Picture	B1T011	1528644	1000	178	8166	180	1000	8000
82	Response	1	1540228	3415	2
83	Picture	NT021	1554644	1164	2	6398	114	1000	8000
83	Response	2	1561039	7559	2
85	Picture	NT031	1579143	1163	2	8000	178	1000	8000
86	Response	2	1587959	482	2
87	Picture	ND061	1605476	1000	179	8167	181	1000	8000
88	Response	2	1614809	1164	2
89	Picture	AT021	1633809	1163	3	8000	180	1000	8000
90	Response	1	1642277	135	2
91	Picture	B2T011	1662309	1000	177	8167	179	1000	8000
92	Response	2	1673482	3004	1
93	Picture	AT031	1689809	1164	2	7582	111	1000	8000
93	Response	1	1697388	8743	2
95	Picture	NT009	1716641	1163	3	5714	134	1000	8000
95	Response	2	1722352	6874	2
97	Picture	AD071	1741975	1164	2	6652	194	1000	8000
97	Response	1	1748625	7814	1
99	Picture	AT011	1766307	1163	2	8000	179	1000	8000
100	Response	1	1777085	2445	1
101	Picture	B1D031	1793974	1000	178	8166	180	1000	8000
102	Response	2	1802483	340	1
103	Picture	B2T009	1820640	1164	2	8000	179	1000	8000
104	Response	1	1833348	4375	2
107	Picture	NT019	1886973	1000	177	8166	179	1000	8000
108	Response	2	1895831	689	2
109	Picture	ND071	1912639	1164	2	8000	178	1000	8000
110	Response	2	1921621	649	1
111	Picture	B2D031	1940471	1000	177	8167	179	1000	8000
112	Response	1	1949429	788	1
113	Picture	AT019	1968971	1164	2	7963	216	1000	8000
113	Response	1	1976932	9125	2
115	Picture	AT029	1997971	1164	2	8000	180	1000	8000
116	Response	2	2007615	1311	2
116	Response	1	2013248	6944	1
117	Picture	B2T019	2024804	1000	177	8166	179	1000	8000
118	Response	2	2041384	8411	1
119	Picture	NT029	2051637	1164	2	8000	178	1000	8000
120	Response	2	2061303	1333	1
121	Picture	B1T009	2080970	1000	177	8000	179	1000	8000
121	Response	1	2088756	8786	2
123	Picture	B1D029	2107970	1000	177	8166	179	1000	8000
124	Response	2	2116807	668	2
125	Picture	ND049	2136469	1164	3	8000	180	1000	8000
126	Response	2	2146361	1559	2
127	Picture	AD049	2164301	1000	179	8168	181	1000	8000
128	Response	1	2179593	7122	2
129	Picture	AT009	2192135	1164	2	8000	179	1000	8000
129	Response	1	2200134	9163	179
133	Picture	AD079	2261301	1000	177	8166	179	1000	8000
134	Response	1	2271339	1869	2
135	Picture	NT039	2290467	1164	2	8000	178	1000	8000
136	Response	2	2299826	1026	1
137	Picture	B1D039	2316467	1000	179	8166	181	1000	8000
138	Response	2	2325478	843	2
139	Picture	AD069	2345966	1163	2	8000	179	1000	8000
140	Response	1	2358718	4419	1
141	Picture	AT039	2374132	1000	177	8167	179	1000	8000
142	Response	1	2383445	1143	2
143	Picture	B2D029	2400299	1164	2	7345	167	1000	8000
143	Response	2	2407642	8507	1
145	Picture	AD059	2425632	1164	2	7379	132	1000	8000
145	Response	1	2433008	8540	2
147	Picture	NT002	2450798	1164	2	8000	180	1000	8000
148	Response	2	2460351	1220	2
149	Picture	B1D022	2479965	1000	179	7999	181	1000	8000
149	Response	1	2487816	8851	2
151	Picture	B2T002	2505964	1000	178	8166	180	1000	8000
152	Response	1	2518664	4531	1
153	Picture	ND059	2531464	1164	2	8000	178	1000	8000
154	Response	2	2540128	331	1
155	Picture	ND069	2559464	1000	177	8166	179	1000	8000
156	Response	2	2573039	5407	2
159	Picture	NT012	2628629	1164	2	8000	179	1000	8000
160	Response	2	2638863	1901	2
161	Picture	ND042	2654295	1000	177	8167	179	1000	8000
162	Response	2	2671362	8898	2
163	Picture	ND079	2683628	1164	2	8000	179	1000	8000
164	Response	2	2698170	6208	2
165	Picture	NT022	2709295	1000	178	8166	180	1000	8000
166	Response	2	2721182	3718	2
167	Picture	B1T002	2735961	1164	2	8000	178	1000	8000
168	Response	2	2758270	13976	2
169	Picture	B2D022	2763127	1000	179	8166	181	1000	8000
170	Response	1	2780730	9434	1
171	Picture	AD052	2792126	1163	3	8000	180	1000	8000
172	Response	1	2803470	3010	2
173	Picture	AD042	2819793	1000	179	6833	181	1000	8000
173	Response	1	2826513	7720	1
175	Picture	B2D039	2846626	1000	179	8166	182	1000	8000
176	Response	1	2856346	1551	2
177	Picture	AT002	2872625	1163	3	8000	182	1000	8000
178	Response	1	2882393	1434	1
179	Picture	AT012	2899459	1000	177	6000	179	1000	8000
179	Response	1	2905273	6814	1
181	Picture	B1T019	2926125	1000	179	8168	354	1000	8000
181	Response	2	2934124	8999	167
182	Response	2	2935470	1177	2
185	Picture	AT032	2992791	1164	2	7785	227	1000	8000
185	Response	1	3000573	8946	2
187	Picture	B1D032	3021790	1163	3	8000	181	1000	8000
189	Picture	B1T012	3050790	1000	178	1166	180	1000	8000
189	Response	1	3051775	1985	1
191	Picture	NT032	3071123	1000	180	6667	182	1000	8000
191	Response	2	3077646	7523	2
193	Picture	AT008	3097956	1000	178	8167	180	1000	8000
194	Response	1	3110687	4562	2
195	Picture	NT008	3125956	1165	2	8000	178	1000	8000
196	Response	2	3135783	1494	2
197	Picture	AD062	3153455	1000	179	8166	181	1000	8000
198	Response	1	3166247	4623	1
199	Picture	B2T012	3181288	1163	3	8000	179	1000	8000
200	Response	2	3197185	7564	2
201	Picture	ND052	3209288	1000	177	8166	179	1000	8000
203	Picture	AT022	3237788	1164	2	2717	127	1000	8000
203	Response	2	3240503	3879	1
205	Picture	B2T008	3259120	1163	3	8000	179	1000	8000
206	Response	2	3268548	1094	1
207	Picture	ND062	3286787	1000	176	8166	178	1000	8000
208	Response	2	3303137	8181	1
211	Picture	NT018	3354119	1164	3	7815	198	1000	8000
211	Response	1	3361932	8977	1
213	Picture	B1T008	3382786	1164	2	6753	105	1000	8000
213	Response	2	3389537	7915	1
215	Picture	AD048	3409452	1164	2	8000	178	1000	8000
216	Response	1	3421755	3970	1
217	Picture	ND072	3437618	1000	177	8166	179	1000	8000
218	Response	2	3456437	10650	1
219	Picture	B1D028	3463118	1164	2	8000	178	1000	8000
220	Response	1	3479694	8243	1
221	Picture	NT038	3490284	1000	178	7666	180	1000	8000
221	Response	2	3497828	8544	1
223	Picture	AD072	3518117	1000	177	8166	179	1000	8000
224	Response	2	3531405	5119	2
224	Response	1	3544355	18069	2
225	Picture	B2D032	3545783	1164	3	8000	179	1000	8000
226	Response	1	3570118	16002	2
227	Picture	NT028	3575283	1000	177	8167	179	1000	8000
229	Picture	AT018	3602783	1164	2	6711	134	1000	8000
229	Response	1	3609492	7873	1
231	Picture	AT028	3628782	1164	2	5720	125	1000	8000
231	Response	1	3634499	6881	2
233	Picture	B2T018	3654782	1164	2	4865	146	1000	8000
233	Response	1	3659645	6027	1
237	Picture	B1D038	3717614	1164	3	7937	244	1000	8000
237	Response	2	3725549	9099	1
239	Picture	ND048	3745614	1164	2	4953	225	1000	8000
239	Response	2	3750564	6114	2
241	Picture	AD058	3769447	1164	2	8000	178	1000	8000
242	Response	1	3780505	2725	2
243	Picture	AT038	3796279	1000	179	8168	181	1000	8000
244	Response	1	3805802	1353	1
245	Picture	NT003	3824946	1164	2	8000	178	1000	8000
246	Response	1	3838819	5540	1
247	Picture	B2T003	3850946	1000	178	3000	180	1000	8000
249	Picture	B2D028	3872112	1000	178	8166	180	1000	8000
250	Response	2	3882411	2130	2
251	Picture	AD078	3897945	1164	2	7471	207	1000	8000
251	Response	1	3905413	8632	2
253	Picture	AD068	3925444	1163	3	8000	180	1000	8000
254	Response	2	3943308	9530	2
255	Picture	ND058	3951777	1000	177	8167	179	1000	8000
256	Response	2	3965261	5314	4
257	Picture	B1T018	3977944	1164	2	8000	180	1000	8000
258	Response	1	3988359	2082	2
259	Picture	ND068	4004610	1000	177	8168	352	1000	8000
259	Response	2	4012609	8999	168
263	Picture	B2D038	4073609	1163	3	8000	181	1000	8000
264	Response	1	4085710	3768	2
265	Picture	B1T003	4102942	1000	179	8167	181	1000	8000
266	Response	2	4111994	882	2
267	Picture	NT013	4131942	1163	2	8000	178	1000	8000
269	Response	2	4157775	1000	178
269	Picture	ND078	4157775	1000	177	333	179	1000	8000
270	Response	2	4168270	10162	1
271	Picture	B1D023	4176108	1000	178	8167	180	1000	8000
272	Response	2	4198104	13827	2
273	Picture	AD053	4203108	1165	2	8000	181	1000	8000
274	Response	1	4223306	11865	1
275	Picture	NT023	4229607	1000	179	6500	181	1000	8000
275	Response	2	4236027	7420	1
277	Picture	AT013	4255607	1000	177	7166	179	1000	8000
277	Response	1	4262668	8061	1
279	Picture	B2T013	4280940	1000	177	7500	179	1000	8000
279	Response	2	4288287	8347	2
281	Picture	AT003	4308272	1000	178	7833	181	1000	8000
281	Response	1	4315967	8695	1
283	Picture	ND043	4334939	1000	178	8166	180	1000	8000
284	Response	2	4344831	1723	2
285	Picture	AD043	4363272	1164	2	8000	178	1000	8000
286	Response	1	4374006	2401	2
289	Picture	NT017	4431771	1000	178	8166	180	1000	8000
290	Response	2	4440631	691	2
291	Picture	AT023	4458438	1164	2	8000	178	1000	8000
292	Response	1	4467220	449	2
293	Picture	B1T013	4484271	1000	177	8166	179	1000	8000
294	Response	2	4496063	3623	2
295	Picture	AT007	4510104	1164	2	7340	172	1000	8000
295	Response	1	4517442	8502	1
297	Picture	NT033	4537770	1164	2	7067	110	1000	8000
297	Response	2	4544835	8229	1
299	Picture	B2T007	4562603	1164	2	8000	178	1000	8000
300	Response	2	4573237	2301	1
301	Picture	ND053	4588436	1000	176	6333	178	1000	8000
301	Response	1	4594662	7226	2
302	Response	2	4601445	6676	2
303	Picture	AD063	4614602	1000	177	667	179	1000	8000
305	Picture	B1T007	4633768	1000	178	8167	180	1000	8000
306	Response	2	4643774	1837	3
307	Picture	AT033	4661101	1163	3	8000	180	1000	8000
308	Response	1	4669566	131	2
309	Picture	NT007	4687267	1000	178	8167	180	1000	8000
310	Response	1	4696150	713	2
311	Picture	B2D023	4716601	1164	2	6890	121	1000	8000
311	Response	2	4723489	8052	1
315	Picture	ND063	4784100	1164	2	7222	123	1000	8000
315	Response	2	4791319	8383	2
317	Picture	B2D033	4809266	1164	2	8000	179	1000	8000
318	Response	2	4817642	43	1
319	Picture	B1T017	4838266	1000	177	8166	179	1000	8000
320	Response	2	4849431	2997	1
321	Picture	ND073	4863932	1164	2	6248	105	1000	8000
321	Response	2	4870177	7409	2
323	Picture	AT017	4889932	1164	2	8000	178	1000	8000
324	Response	1	4898626	361	1
325	Picture	B2T017	4918931	1000	179	8166	181	1000	8000
326	Response	2	4928634	1534	2
326	Response	1	4933014	5914	2
327	Picture	AT027	4947264	1164	2	8000	179	1000	8000
328	Response	1	4956466	869	2
329	Picture	NT027	4975264	1000	177	7333	179	1000	8000
329	Response	2	4982433	8169	1
331	Picture	AD047	5001430	1000	179	8166	181	1000	8000
332	Response	1	5009804	205	1
333	Picture	AD073	5027930	1164	2	7556	122	1000	8000
333	Response	1	5035483	8717	2
335	Picture	ND047	5055429	1164	2	8000	180	1000	8000
336	Response	2	5081065	17303	2
337	Picture	B1D033	5084929	1000	177	8167	179	1000	8000
338	Response	1	5098055	4957	2
341	Picture	B2D027	5153428	1164	2	8000	178	1000	8000
342	Response	2	5165627	3866	2
343	Picture	ND057	5181594	1000	179	8167	181	1000	8000
344	Response	2	5192528	2765	2
345	Picture	AD077	5208260	1163	2	8000	179	1000	8000
346	Response	1	5224517	7923	1
347	Picture	B2T004	5235094	1000	196	5332	198	1000	8000
347	Response	1	5240303	6209	1
349	Picture	ND067	5258260	1000	177	8166	179	1000	8000
350	Response	2	5267232	803	1
351	Picture	NT004	5285259	1163	2	8000	179	1000	8000
352	Response	1	5297626	4033	2
353	Picture	AT037	5312593	1000	178	8000	180	1000	8000
353	Response	2	5320355	8762	2
355	Picture	B1D037	5341425	1000	177	8167	179	1000	8000
356	Response	1	5350990	1395	2
357	Picture	B1D027	5368258	1163	3	8000	181	1000	8000
358	Response	2	5379178	2587	1
359	Picture	NT037	5397758	1000	178	7167	180	1000	8000
359	Response	2	5404822	8064	2
361	Picture	AD067	5423091	1000	177	7500	179	1000	8000
361	Response	1	5430399	8308	1
363	Picture	AD057	5450591	1000	179	7333	181	1000	8000
363	Response	1	5457741	8150	1
367	Picture	AT014	5518423	1000	179	8166	181	1000	8000
368	Response	1	5527161	569	1
369	Picture	B1D024	5546756	1164	2	7938	240	1000	8000
369	Response	2	5554692	9100	1
371	Picture	B1T004	5573589	1164	2	8000	178	1000	8000
372	Response	1	5582341	419	1
373	Picture	B2T014	5601922	1000	178	8166	180	1000	8000
374	Response	2	5612952	2861	2
375	Picture	ND044	5631088	1164	2	8000	178	1000	8000
376	Response	2	5639265	-156	156
377	Picture	B2D037	5658588	1000	177	6833	179	1000	8000
377	Response	2	5665319	7731	2
379	Picture	AT004	5685920	1000	179	8167	181	1000	8000
380	Response	1	5695994	1905	2
381	Picture	AD044	5714754	1164	2	8000	178	1000	8000
382	Response	1	5729753	6666	1
383	Picture	ND077	5742253	1000	177	8166	180	1000	8000
384	Response	2	5751787	1365	1
385	Picture	NT014	5768920	1164	2	8000	178	1000	8000
386	Response	1	5781677	4424	1
387	Picture	AT024	5794919	1000	177	7167	179	1000	8000
387	Response	1	5801920	8001	2
389	Picture	NT024	5821252	1000	179	6833	181	1000	8000
389	Response	2	5827926	7674	1
393	Picture	B2T006	5887751	1000	178	8167	180	1000	8000
394	Response	1	5898943	3022	1
395	Picture	ND054	5915751	1164	2	6598	247	1000	8000
395	Response	2	5922347	7760	2
397	Picture	ND064	5943417	1163	3	8000	179	1000	8000
398	Response	2	5961189	9438	2
399	Picture	B2D024	5969750	1000	177	8167	179	1000	8000
400	Response	2	5982267	4348	1
401	Picture	AT034	5996583	1164	2	7106	240	1000	8000
401	Response	1	6003687	8268	1
403	Picture	NT006	6022416	1164	2	6801	210	1000	8000
403	Response	2	6029214	7962	2
405	Picture	AD064	6049582	1164	2	8000	179	1000	8000
406	Response	2	6064907	6992	2
407	Picture	NT034	6076249	1000	179	8166	181	1000	8000
408	Response	2	6085317	899	2
409	Picture	B1T014	6102248	1164	2	8000	179	1000	8000
410	Response	1	6115804	5223	1
411	Picture	AD074	6128081	1000	181	8167	183	1000	8000
412	Response	1	6140016	3765	2
413	Picture	AD054	6154581	1164	2	7592	106	1000	8000
413	Response	1	6162171	8754	2
415	Picture	B1D034	6180581	1164	2	8000	178	1000	8000
416	Response	1	6188758	-156	156
419	Picture	B2T016	6249913	1000	180	8166	182	1000	8000
420	Response	2	6268356	10274	2
421	Picture	B1T006	6277913	1164	2	123	223	1000	8000
422	Response	1	6291347	13311	2
423	Picture	ND046	6297912	1163	3	8000	180	1000	8000
424	Response	2	6307102	857	2
425	Picture	NT026	6327245	1000	180	6667	182	1000	8000
425	Response	1	6333696	7451	2
427	Picture	AD056	6351579	1000	177	8166	179	1000	8000
428	Response	1	6362287	2539	1
429	Picture	AT006	6380745	1164	2	6629	215	1000	8000
429	Response	1	6387372	7791	1
431	Picture	B2D034	6406244	1164	2	5382	130	1000	8000
431	Response	2	6411624	6544	2
433	Picture	AT016	6432577	1163	3	7160	186	1000	8000
433	Response	1	6439734	8320	2
435	Picture	AD046	6459910	1164	2	8000	178	1000	8000
436	Response	1	6468087	-156	156
437	Picture	ND074	6488577	1000	178	8166	180	1000	8000
438	Response	2	6502243	5498	2
439	Picture	NT016	6515742	1163	3	8000	180	1000	8000
440	Response	2	6525388	1312	1
441	Picture	B1D026	6542076	1000	178	8166	180	1000	8000
442	Response	2	6553904	3659	1
445	Picture	ND066	6610908	1164	2	8000	179	1000	8000
445	Response	2	6618907	9163	178
447	Picture	B2T005	6639408	1000	177	8166	179	1000	8000
448	Response	1	6652345	4768	1
449	Picture	B2D026	6665740	1163	3	7466	214	1000	8000
449	Response	2	6673204	8627	1
451	Picture	AT036	6692907	1164	2	7831	181	1000	8000
452	Response	1	6709698	8960	2
453	Picture	B1T016	6721906	1163	3	7595	106	1000	8000
453	Response	2	6729499	8756	1
455	Picture	B1D036	6749239	1163	2	8000	179	1000	8000
456	Response	2	6759762	2190	2
457	Picture	AT026	6777072	1000	179	8167	181	1000	8000
458	Response	1	6785242	0	176
459	Picture	NT036	6803239	1164	2	6786	226	1000	8000
459	Response	2	6810022	7947	2
461	Picture	AD066	6831072	1164	2	8000	178	1000	8000
462	Response	1	6839249	-156	156
463	Picture	NT005	6858238	1000	179	8166	181	1000	8000
464	Response	2	6866843	436	1
465	Picture	AT005	6886238	1164	2	7140	204	1000	8000
465	Response	1	6893375	8301	2
467	Picture	ND056	6913904	1164	2	5790	222	1000	8000
467	Response	2	6919692	6952	1
471	Picture	AT015	6979070	1164	2	8000	178	1000	8000
472	Response	1	6987903	500	1
473	Picture	AD045	7008069	1000	179	8167	181	1000	8000
474	Response	1	7018055	1817	2
475	Picture	ND055	7034402	1164	3	7200	146	1000	8000
475	Response	2	7041600	8362	1
477	Picture	B1D025	7059569	1164	2	8000	178	1000	8000
478	Response	2	7071098	3196	2
479	Picture	ND076	7087735	1000	178	8166	180	1000	8000
480	Response	2	7098059	2155	2
481	Picture	B2D036	7114068	1164	2	8000	178	1000	8000
482	Response	1	7122670	269	1
483	Picture	AD076	7142734	1000	177	6666	179	1000	8000
483	Response	1	7149317	7583	2
485	Picture	ND045	7167734	1000	177	5833	179	1000	8000
485	Response	2	7173366	6632	2
487	Picture	AT025	7193400	1000	177	7166	179	1000	8000
487	Response	1	7200329	7929	2
489	Picture	NT015	7219400	1000	178	6166	180	1000	8000
489	Response	2	7225455	7055	1
491	Picture	B1T005	7245899	1000	179	8167	181	1000	8000
492	Response	1	7255743	1673	2
493	Picture	B2T015	7274565	1163	3	6187	160	1000	8000
493	Response	1	7280750	7348	1
497	Picture	ND065	7340898	1163	2	8000	178	1000	8000
498	Response	1	7356705	7474	2
499	Picture	NT025	7368065	1000	177	8166	179	1000	8000
500	Response	2	7377200	967	2
501	Picture	B2D035	7396397	1163	3	7592	106	1000	8000
501	Response	1	7403987	8753	1
503	Picture	AD065	7421730	1163	3	8000	180	1000	8000
504	Response	2	7431521	1458	1
504	Response	1	7440385	10322	2
506	Response	1	7462467	12183	2
509	Picture	AT035	7488230	1000	177	7500	179	1000	8000
509	Response	1	7495654	8424	1
511	Picture	B1T015	7514563	1000	178	7166	180	1000	8000
511	Response	2	7521586	8023	1
513	Picture	B1D035	7542062	1000	177	8166	179	1000	8000
514	Response	2	7555191	4960	2
515	Picture	AD055	7568728	1163	2	5640	205	1000	8000
515	Response	1	7574366	6801	1
517	Picture	NT035	7591728	1164	2	6002	177	1000	8000
517	Response	2	7597727	7163	3
519	Picture	B2D025	7617728	1164	2	8000	179	1000	8000
520	Response	2	7630876	4815	2
