Scenario - for study
Logfile written - 2016/1/13 14:49:52

Trial	Event Type	Code	Time	TTime	Uncertainty	Duration	Uncertainty	ReqTime	ReqDur

1	Response	4	366222	366222	1
3	Picture	B2D040	372719	1000	171	8168	172	1000	8000
4	Response	1	383306	2418	1
5	Picture	ND070	399056	1165	1	8000	173	1000	8000
6	Response	2	411246	3855	1
7	Picture	B2D030	426398	1000	166	7830	167	1000	8000
7	Response	2	434017	8619	2
9	Picture	NT010	452564	1000	170	6001	171	1000	8000
9	Response	2	458450	6886	2
11	Picture	AT010	475900	1000	171	6501	172	1000	8000
11	Response	1	482207	7307	1
13	Picture	ND050	502071	1000	170	8167	172	1000	8000
14	Response	2	510239	0	170
15	Picture	AD060	528908	1166	1	5176	163	1000	8000
15	Response	1	534083	6341	1
17	Picture	AD050	552244	1165	2	7741	100	1000	8000
17	Response	1	559983	8904	2
19	Picture	ND060	578415	1166	1	8000	172	1000	8000
20	Response	2	593577	6828	1
21	Picture	AT020	604251	1000	171	7668	172	1000	8000
21	Response	1	611796	8545	2
23	Picture	B1T010	631594	1000	165	6329	166	1000	8000
23	Response	1	637759	7165	2
25	Picture	B1D030	657592	1000	171	7501	173	1000	8000
25	Response	2	664897	8305	2
29	Picture	NT040	723935	1000	171	8168	172	1000	8000
30	Response	2	744158	12054	1
31	Picture	AT040	752272	1165	1	7927	79	1000	8000
31	Response	1	760197	9090	2
33	Picture	B1D040	778943	1166	1	8000	172	1000	8000
34	Response	2	790200	2923	2
35	Picture	NT020	807780	1000	174	7168	175	1000	8000
35	Response	2	814832	8052	2
37	Picture	AT030	833122	1000	165	6496	166	1000	8000
37	Response	1	839521	7399	1
39	Picture	B2T020	858954	1000	170	7834	171	1000	8000
39	Response	1	866619	8665	1
41	Picture	AD070	885791	1000	171	7001	172	1000	8000
41	Response	1	892619	7828	1
43	Picture	B1T020	910627	1000	171	8168	173	1000	8000
44	Response	2	928156	9360	1
45	Picture	AD080	936798	1166	1	5682	157	1000	8000
45	Response	1	942478	6846	2
47	Picture	B2T010	959801	1166	1	8000	173	1000	8000
48	Response	2	967973	-163	162
49	Picture	ND080	989138	1000	171	8168	172	1000	8000
50	Response	2	998614	1307	2
51	Picture	NT030	1015475	1165	2	5467	207	1000	8000
51	Response	2	1020940	6630	1
55	Picture	AT001	1081485	1160	1	8000	173	1000	8000
56	Response	1	1090630	811	1
57	Picture	B1D021	1109322	1000	171	7334	172	1000	8000
57	Response	2	1116463	8141	2
59	Picture	ND051	1133992	1000	171	8168	172	1000	8000
60	Response	2	1142700	539	1
61	Picture	AD041	1161829	1165	1	5853	153	1000	8000
61	Response	1	1167681	7017	1
63	Picture	B2D021	1187833	1166	1	6028	144	1000	8000
63	Response	2	1193860	7193	1
65	Picture	AD051	1211669	1165	2	8000	174	1000	8000
65	Response	1	1219668	9164	174
67	Picture	AD061	1238178	1000	166	8163	167	1000	8000
68	Response	1	1247374	1032	1
69	Picture	NT001	1266510	1165	2	5597	77	1000	8000
69	Response	2	1272106	6761	1
71	Picture	B2T001	1292681	1166	1	6956	216	1000	8000
71	Response	2	1299636	8121	1
73	Picture	ND041	1318851	1166	1	8000	173	1000	8000
73	Response	2	1326850	9165	173
75	Picture	B1T001	1346855	1000	171	6834	172	1000	8000
75	Response	1	1353512	7657	1
77	Picture	NT011	1371692	1000	171	6501	172	1000	8000
77	Response	2	1378044	7352	2
81	Picture	ND061	1436034	1000	171	8168	172	1000	8000
82	Response	2	1444203	0	170
83	Picture	AT011	1464038	1166	1	8000	173	1000	8000
84	Response	1	1474053	1681	2
85	Picture	B2T009	1493542	1000	171	6668	172	1000	8000
85	Response	2	1500133	7591	1
87	Picture	NT009	1519546	1000	171	8167	173	1000	8000
88	Response	2	1528246	532	1
89	Picture	NT021	1547050	1166	1	4475	197	1000	8000
89	Response	1	1551523	5639	2
91	Picture	AT031	1571386	1165	1	8000	178	1000	8000
91	Response	1	1579385	9164	178
93	Picture	B1D031	1598390	1000	171	6334	172	1000	8000
93	Response	2	1604674	7284	2
95	Picture	B2T011	1625894	1000	170	8168	171	1000	8000
96	Response	2	1642947	8884	1
97	Picture	AD071	1652731	1166	1	5082	90	1000	8000
97	Response	1	1657812	6247	1
99	Picture	B1T011	1675901	1166	1	8000	173	1000	8000
100	Response	2	1689296	5061	1
101	Picture	NT031	1705238	1000	175	8168	176	1000	8000
102	Response	2	1714570	1163	1
103	Picture	AT021	1734076	1166	1	8000	172	1000	8000
104	Response	2	1753851	11441	1
107	Picture	NT019	1803919	1000	170	8167	172	1000	8000
108	Response	1	1815221	3134	1
109	Picture	AD049	1833089	1165	2	7774	67	1000	8000
109	Response	2	1840862	8938	1
111	Picture	B2T019	1858260	1166	1	8000	172	1000	8000
112	Response	1	1867154	560	1
113	Picture	B2D031	1887769	1000	165	5662	166	1000	8000
113	Response	2	1893360	6591	1
115	Picture	ND071	1912934	1000	170	7834	171	1000	8000
115	Response	2	1920641	8707	1
117	Picture	AT009	1938437	1000	171	5668	172	1000	8000
117	Response	1	1944015	6578	1
119	Picture	AT019	1963441	1000	171	6834	172	1000	8000
119	Response	1	1970105	7664	1
121	Picture	ND049	1990278	1000	171	6334	172	1000	8000
121	Response	2	1996507	7229	1
123	Picture	NT029	2015119	1000	166	8164	167	1000	8000
124	Response	2	2024168	884	1
125	Picture	AT029	2044119	1166	1	4762	77	1000	8000
125	Response	1	2048879	5926	2
127	Picture	B1T009	2070122	1165	2	6403	104	1000	8000
127	Response	2	2076523	7566	2
129	Picture	B1D029	2096459	1165	2	4371	136	1000	8000
129	Response	2	2100829	5535	1
133	Picture	ND069	2160468	1165	2	8000	174	1000	8000
134	Response	2	2169427	786	2
135	Picture	NT002	2189806	1000	171	7501	172	1000	8000
135	Response	2	2197117	8311	2
137	Picture	AD079	2216643	1000	170	8168	171	1000	8000
138	Response	2	2225939	1127	1
139	Picture	AD069	2244313	1165	2	8000	174	1000	8000
140	Response	1	2258325	5677	1
141	Picture	NT039	2272484	1000	171	8168	172	1000	8000
142	Response	2	2281124	471	1
143	Picture	B2D029	2301155	1166	1	7081	91	1000	8000
143	Response	1	2308234	8245	2
145	Picture	B1D039	2329325	1166	1	8000	173	1000	8000
146	Response	2	2337845	185	2
147	Picture	AT039	2355995	1000	171	8168	173	1000	8000
148	Response	1	2364164	0	170
149	Picture	ND059	2383833	1166	1	8000	172	1000	8000
150	Response	2	2400260	8093	1
151	Picture	B2T002	2411836	1000	171	6167	178	1000	8000
151	Response	1	2417880	7044	2
153	Picture	AD059	2436007	1000	171	6667	172	1000	8000
153	Response	1	2442542	7535	2
155	Picture	B1D022	2461843	1000	171	6502	172	1000	8000
155	Response	1	2468256	7413	1
159	Picture	NT022	2529358	1000	167	8163	168	1000	8000
160	Response	1	2537912	390	2
161	Picture	AT002	2555857	1166	1	8000	172	1000	8000
163	Picture	B2D039	2583194	1000	171	8001	172	1000	8000
163	Response	1	2591116	8922	2
165	Picture	AD052	2608864	1000	171	7834	173	1000	8000
165	Response	2	2616630	8766	2
167	Picture	ND079	2637201	1000	171	5668	172	1000	8000
167	Response	1	2642747	6546	1
169	Picture	AD042	2661705	1000	170	8167	341	1000	8000
169	Response	1	2669704	8999	168
171	Picture	B1T019	2688542	1166	1	7557	115	1000	8000
171	Response	1	2696097	8721	1
173	Picture	AT012	2713379	1166	1	8000	172	1000	8000
174	Response	1	2721801	88	2
175	Picture	B2D022	2740382	1000	171	8168	172	1000	8000
177	Picture	B1T002	2768053	1166	1	7189	150	1000	8000
177	Response	1	2775241	8354	1
179	Picture	NT012	2795390	1166	1	8000	173	1000	8000
180	Response	1	2804359	796	1
181	Picture	ND042	2823060	1000	171	8002	172	1000	8000
181	Response	2	2830908	8848	1
185	Picture	ND062	2890903	1000	171	8168	172	1000	8000
186	Response	2	2911955	12883	1
187	Picture	AD062	2917407	1166	1	8000	173	1000	8000
187	Response	1	2925406	9165	173
189	Picture	AT022	2945244	1000	171	5168	172	1000	8000
189	Response	1	2950221	5977	1
191	Picture	B1D032	2967747	1000	174	5168	175	1000	8000
191	Response	1	2972840	6093	1
193	Picture	ND052	2991751	1000	170	6001	171	1000	8000
193	Response	2	2997661	6910	2
195	Picture	B2T012	3017421	1000	171	8001	172	1000	8000
195	Response	1	3025305	8884	2
197	Picture	B1T012	3045091	1000	171	6501	173	1000	8000
197	Response	1	3051405	7314	1
199	Picture	B2T008	3069761	1000	171	6668	172	1000	8000
199	Response	2	3076319	7558	2
201	Picture	AT032	3096437	1000	172	6496	173	1000	8000
201	Response	1	3102722	7285	1
203	Picture	NT008	3123602	1000	171	8168	172	1000	8000
204	Response	2	3136239	4468	1
205	Picture	NT032	3150106	1166	1	5296	210	1000	8000
205	Response	1	3155400	6460	1
207	Picture	AT008	3173776	1166	1	6238	101	1000	8000
207	Response	2	3180012	7402	2
211	Picture	AT028	3240452	1166	1	8000	173	1000	8000
212	Response	1	3253882	5257	1
213	Picture	B1T008	3269789	1000	171	7001	173	1000	8000
213	Response	2	3276697	7908	1
215	Picture	B2D032	3297126	1000	171	8168	173	1000	8000
216	Response	2	3306018	723	1
217	Picture	NT018	3324297	1166	1	8000	173	1000	8000
218	Response	1	3333827	1196	2
219	Picture	B2T018	3351467	1000	171	7501	173	1000	8000
219	Response	1	3358915	8448	2
221	Picture	AD072	3377971	1000	171	7668	172	1000	8000
221	Response	2	3385508	8537	1
223	Picture	NT028	3406475	1000	171	8168	172	1000	8000
224	Response	1	3416885	2241	1
225	Picture	AD048	3435479	1166	1	8000	173	1000	8000
226	Response	1	3445700	2048	1
227	Picture	ND072	3461816	1000	171	7168	172	1000	8000
227	Response	2	3468895	8079	1
229	Picture	AT018	3487491	1000	166	8163	167	1000	8000
230	Response	1	3507906	12251	1
231	Picture	NT038	3513490	1166	1	8000	173	1000	8000
232	Response	2	3524278	2615	2
233	Picture	B1D028	3541827	1000	171	8168	172	1000	8000
234	Response	2	3560414	10418	2
237	Picture	AT038	3610837	1166	1	8000	173	1000	8000
238	Response	1	3621791	2620	2
239	Picture	ND058	3637007	1000	171	8168	172	1000	8000
240	Response	2	3645745	569	1
241	Picture	B1T018	3662511	1166	1	8000	172	1000	8000
242	Response	2	3672323	1639	2
243	Picture	B2T003	3690681	1000	171	8168	172	1000	8000
244	Response	1	3699697	847	2
245	Picture	ND048	3716185	1166	1	5544	128	1000	8000
245	Response	2	3721727	6708	1
247	Picture	B1D038	3741022	1166	1	8000	172	1000	8000
248	Response	1	3749727	371	1
249	Picture	NT003	3769525	1000	171	8168	173	1000	8000
250	Response	1	3778532	838	1
251	Picture	AD068	3797029	1165	2	6326	181	1000	8000
251	Response	1	3803353	7489	2
253	Picture	AD078	3823536	1002	165	6474	360	1000	8000
253	Response	1	3830009	7475	1
255	Picture	B2D028	3849370	1166	1	7043	130	1000	8000
255	Response	2	3856411	8207	2
257	Picture	ND068	3876707	1165	1	8000	173	1000	8000
258	Response	2	3890155	5275	1
259	Picture	AD058	3904878	1000	171	4167	172	1000	8000
259	Response	1	3908883	5005	1
263	Picture	AT003	3970387	1000	171	6167	173	1000	8000
263	Response	1	3976440	7053	1
265	Picture	B1D023	3995390	1000	171	7668	172	1000	8000
265	Response	2	4002862	8472	2
267	Picture	AT013	4021894	1000	171	4667	173	1000	8000
267	Response	1	4026499	5605	2
269	Picture	B1T003	4045231	1000	170	6167	171	1000	8000
269	Response	2	4051231	7000	2
271	Picture	NT013	4071401	1000	171	8168	172	1000	8000
272	Response	2	4080928	1358	1
273	Picture	B2T013	4097238	1166	1	5458	214	1000	8000
273	Response	2	4102695	6623	1
275	Picture	NT023	4120074	1165	2	8000	174	1000	8000
276	Response	1	4128246	-1	164
277	Picture	AD043	4146078	1000	171	6501	172	1000	8000
277	Response	1	4152501	7423	2
279	Picture	AD053	4171253	1000	166	6496	167	1000	8000
279	Response	1	4177696	7443	1
281	Picture	ND078	4195918	1000	171	6001	172	1000	8000
281	Response	1	4201789	6871	1
283	Picture	B2D038	4220588	1000	171	6335	172	1000	8000
283	Response	2	4226760	7172	1
285	Picture	ND043	4246258	1000	171	7168	172	1000	8000
285	Response	2	4253356	8098	1
289	Picture	NT033	4311268	1000	170	8167	172	1000	8000
290	Response	1	4320589	1153	2
291	Picture	AT007	4338271	1165	2	6662	179	1000	8000
291	Response	1	4344932	7826	1
293	Picture	NT007	4364275	1166	1	7663	176	1000	8000
293	Response	2	4371937	8828	1
295	Picture	AT023	4389279	1166	1	5571	101	1000	8000
295	Response	1	4394848	6735	1
297	Picture	B1T007	4414949	1166	1	8000	172	1000	8000
298	Response	2	4423451	329	2
299	Picture	NT017	4441619	1000	171	8168	172	1000	8000
300	Response	1	4451663	1875	1
301	Picture	B1T013	4468790	1166	1	7833	172	1000	8000
301	Response	1	4476621	8997	1
303	Picture	ND053	4496627	1166	1	5569	103	1000	8000
303	Response	2	4502195	6734	1
305	Picture	B2T007	4522797	1166	1	8000	173	1000	8000
306	Response	2	4532155	1023	1
307	Picture	AT033	4549967	1000	171	5168	172	1000	8000
307	Response	1	4554953	5986	1
309	Picture	AD063	4576138	1000	171	5667	172	1000	8000
309	Response	1	4581618	6480	2
311	Picture	B2D023	4601141	1000	171	6168	172	1000	8000
311	Response	2	4607142	7001	2
315	Picture	AT017	4665817	1000	171	8168	172	1000	8000
316	Response	2	4679062	5076	1
317	Picture	B1T017	4693988	1166	1	7734	105	1000	8000
317	Response	1	4701720	8898	2
319	Picture	B2T017	4721325	1166	1	5604	68	1000	8000
319	Response	1	4726928	6769	1
321	Picture	ND073	4745495	1166	1	5072	100	1000	8000
321	Response	2	4750565	6236	1
323	Picture	B1D033	4770332	1166	1	6281	58	1000	8000
323	Response	1	4776611	7445	2
325	Picture	B2D033	4796835	1165	1	6037	136	1000	8000
325	Response	2	4802871	7201	1
327	Picture	AD047	4821672	1166	1	8000	173	1000	8000
327	Response	2	4829671	9165	173
329	Picture	AD073	4847509	1000	171	7668	172	1000	8000
329	Response	1	4855120	8611	1
331	Picture	NT027	4875346	1000	171	7168	172	1000	8000
331	Response	2	4882454	8108	1
333	Picture	ND063	4900016	1000	171	5668	172	1000	8000
333	Response	2	4905585	6569	1
335	Picture	ND047	4924191	1000	166	5996	167	1000	8000
335	Response	1	4930037	6846	2
337	Picture	AT027	4947689	1000	171	5501	172	1000	8000
337	Response	2	4953102	6413	1
341	Picture	AD057	5012198	1000	171	8168	172	1000	8000
342	Response	2	5024779	4412	1
343	Picture	B2D027	5038702	1165	1	8000	173	1000	8000
344	Response	2	5048016	979	2
345	Picture	NT004	5064706	1000	171	8168	172	1000	8000
346	Response	1	5073105	230	1
347	Picture	NT037	5091376	1165	1	8000	173	1000	8000
348	Response	2	5101284	1573	1
349	Picture	B2T004	5118551	1000	166	8163	168	1000	8000
350	Response	2	5131673	4958	1
351	Picture	AD077	5146217	1165	1	8000	173	1000	8000
352	Response	1	5156534	1982	2
353	Picture	ND067	5174554	1000	171	8168	172	1000	8000
354	Response	2	5191040	8317	1
355	Picture	AT037	5200058	1166	1	8000	173	1000	8000
356	Response	2	5208230	-1	164
357	Picture	ND057	5227562	1000	171	8168	172	1000	8000
358	Response	1	5238836	3105	2
359	Picture	AD067	5253399	1166	1	6320	185	1000	8000
359	Response	1	5259718	7485	1
361	Picture	B1D037	5277735	1165	2	6646	195	1000	8000
361	Response	1	5284380	7810	1
363	Picture	B1D027	5302739	1166	1	8000	173	1000	8000
364	Response	2	5312050	1138	1
367	Picture	AT004	5370748	1000	171	8168	172	1000	8000
369	Response	1	5399520	600	2
371	Picture	NT014	5417588	1000	171	8168	172	1000	8000
372	Response	1	5425757	0	170
373	Picture	ND077	5445759	1166	1	6378	128	1000	8000
373	Response	2	5452135	7542	2
375	Picture	B1D024	5471429	1166	1	5712	127	1000	8000
375	Response	2	5477140	6877	1
377	Picture	B2D037	5494934	1001	166	7818	356	1000	8000
377	Response	2	5502750	8817	2
379	Picture	ND044	5522770	1166	1	4408	97	1000	8000
379	Response	1	5527176	5572	1
381	Picture	AD044	5546273	1166	1	5181	158	1000	8000
381	Response	1	5551452	6345	1
383	Picture	NT024	5571110	1166	1	5485	187	1000	8000
383	Response	2	5576593	6649	2
385	Picture	AT024	5597113	1165	1	8000	173	1000	8000
386	Response	1	5606753	1305	1
387	Picture	AT014	5625784	1000	171	6667	173	1000	8000
387	Response	2	5632283	7499	2
389	Picture	B2T014	5650454	1000	171	5001	172	1000	8000
389	Response	1	5655301	5847	1
393	Picture	B2D024	5716463	1000	171	8168	172	1000	8000
394	Response	1	5724632	0	175
395	Picture	NT034	5743967	1166	1	5821	185	1000	8000
395	Response	1	5749786	6985	1
397	Picture	ND064	5767137	1166	1	4893	112	1000	8000
397	Response	2	5772029	6058	1
399	Picture	B1T014	5790473	1165	2	7747	94	1000	8000
399	Response	2	5798218	8910	2
401	Picture	AT034	5816477	1166	1	8000	173	1000	8000
402	Response	2	5825027	215	2
403	Picture	AD064	5843147	1000	171	7335	172	1000	8000
403	Response	2	5850414	8267	1
405	Picture	AD074	5869318	1000	176	5834	177	1000	8000
405	Response	1	5875049	6731	2
407	Picture	ND054	5895327	1000	166	8162	167	1000	8000
408	Response	2	5914567	11077	1
409	Picture	B2T006	5922992	1166	1	7979	194	1000	8000
409	Response	2	5930969	9143	1
411	Picture	NT006	5950162	1165	2	6429	78	1000	8000
411	Response	2	5956589	7592	2
413	Picture	B1D034	5975999	1165	1	4851	155	1000	8000
413	Response	1	5980849	6015	1
415	Picture	AD054	5999836	1166	1	7220	119	1000	8000
415	Response	1	6007055	8385	1
419	Picture	AD056	6068179	1166	1	8000	170	1000	8000
420	Response	2	6076549	200	1
421	Picture	B2T016	6096855	1000	166	7829	167	1000	8000
421	Response	2	6104491	8636	2
423	Picture	B2D034	6123520	1168	1	8168	2	1000	8000
424	Response	1	6131689	0	170
425	Picture	NT016	6151357	1166	2	8000	174	1000	8000
426	Response	1	6166740	7210	2
427	Picture	AD046	6179527	1000	171	6168	172	1000	8000
427	Response	1	6185622	7095	1
429	Picture	B1D026	6205364	1000	171	8168	172	1000	8000
430	Response	2	6213533	0	175
431	Picture	NT026	6234202	1166	1	8000	173	1000	8000
432	Response	2	6245678	3303	1
433	Picture	ND046	6260210	1000	166	8163	167	1000	8000
434	Response	2	6269595	1221	1
435	Picture	AT016	6287042	1165	2	7376	131	1000	8000
435	Response	2	6294416	8539	2
437	Picture	B1T006	6314880	1166	1	8000	172	1000	8000
438	Response	2	6323528	475	2
439	Picture	AT006	6340883	1000	172	7001	173	1000	8000
439	Response	1	6347817	7934	1
441	Picture	ND074	6366220	1000	171	8168	172	1000	8000
442	Response	1	6374389	0	170
445	Picture	B2T005	6434396	1165	2	8000	173	1000	8000
445	Response	2	6442395	9164	172
447	Picture	AT026	6460733	1000	171	8168	172	1000	8000
448	Response	2	6471529	2627	2
449	Picture	NT005	6489237	1165	2	5468	206	1000	8000
449	Response	1	6494704	6632	1
451	Picture	B2D026	6515074	1165	1	6077	96	1000	8000
451	Response	2	6521149	7240	2
453	Picture	B1T016	6540411	1166	1	6537	136	1000	8000
453	Response	2	6546946	7701	1
455	Picture	AT036	6567582	1166	1	6380	125	1000	8000
455	Response	2	6573961	7545	1
457	Picture	AD066	6591752	1166	1	6044	128	1000	8000
457	Response	1	6597794	7208	1
459	Picture	ND066	6617922	1166	1	7095	77	1000	8000
459	Response	1	6625015	8259	1
461	Picture	B1D036	6644259	1166	1	6458	214	1000	8000
461	Response	1	6650715	7622	2
463	Picture	NT036	6671096	1166	1	5221	118	1000	8000
463	Response	2	6676316	6386	1
465	Picture	AT005	6693932	1165	2	8000	174	1000	8000
466	Response	1	6704865	2598	1
467	Picture	ND056	6721603	1000	170	5667	171	1000	8000
467	Response	2	6727137	6534	2
471	Picture	NT015	6786950	1000	166	7996	168	1000	8000
471	Response	2	6794857	8907	1
473	Picture	AT025	6815282	1000	171	8168	173	1000	8000
475	Picture	AT015	6841120	1166	1	8000	172	1000	8000
477	Picture	B2D036	6869290	1000	171	8168	172	1000	8000
478	Response	1	6886873	9414	1
479	Picture	B1T005	6895627	1166	1	7300	206	1000	8000
479	Response	2	6902926	8465	1
481	Picture	AD076	6923798	1166	1	5052	120	1000	8000
481	Response	1	6928849	6217	1
483	Picture	ND045	6946801	1166	1	6994	178	1000	8000
483	Response	2	6953794	8159	1
485	Picture	ND076	6972804	1165	2	4232	108	1000	8000
485	Response	2	6977035	5396	1
487	Picture	ND055	6994641	1166	1	5450	56	1000	8000
487	Response	2	7000090	6615	1
489	Picture	B1D025	7018811	1166	1	8000	173	1000	8000
490	Response	2	7029414	2269	1
491	Picture	AD045	7045815	1000	170	6834	171	1000	8000
491	Response	2	7052568	7753	2
493	Picture	B2T015	7072490	1000	167	8163	168	1000	8000
494	Response	2	7083367	2713	1
497	Picture	NT025	7139994	1165	2	8000	174	1000	8000
498	Response	1	7152674	4345	1
499	Picture	NT035	7168665	1000	171	6668	172	1000	8000
499	Response	2	7175246	7581	1
501	Picture	B1T015	7193835	1000	171	8168	172	1000	8000
502	Response	2	7206577	4573	1
503	Picture	ND075	7222506	1166	1	5979	193	1000	8000
503	Response	1	7228483	7143	2
505	Picture	AT035	7248843	1166	1	8000	172	1000	8000
506	Response	2	7262104	5088	1
507	Picture	B2D035	7276180	1000	171	6501	172	1000	8000
507	Response	1	7282493	7313	1
509	Picture	B2D025	7302017	1000	171	6668	172	1000	8000
509	Response	2	7308549	7532	1
511	Picture	AD055	7328521	1000	170	6334	171	1000	8000
511	Response	1	7334652	7131	1
513	Picture	ND065	7354691	1000	170	8168	171	1000	8000
514	Response	2	7363597	737	1
515	Picture	AD065	7380194	1165	2	7547	127	1000	8000
515	Response	1	7387740	8711	1
517	Picture	AD075	7408365	1166	1	5436	70	1000	8000
517	Response	2	7413799	6600	2
519	Picture	B1D035	7434869	1166	1	8000	172	1000	8000
520	Response	2	7449170	5967	1
