Scenario - for study
Logfile written - 2016/1/14 19:59:56

Trial	Event Type	Code	Time	TTime	Uncertainty	Duration	Uncertainty	ReqTime	ReqDur

1	Response	4	339438	339438	1
3	Picture	ND070	345882	1000	171	6168	172	1000	8000
5	Picture	AT020	370385	1000	171	7501	173	1000	8000
6	Response	1	378114	228	1
7	Picture	ND050	398556	1000	171	4501	172	1000	8000
9	Picture	AD060	423726	1000	171	8168	172	1000	8000
11	Picture	ND060	451230	1166	1	8000	173	1000	8000
13	Picture	AT010	479739	1000	167	2829	168	1000	8000
13	Response	1	482485	3746	2
15	Picture	B1D030	503737	1000	171	2667	173	1000	8000
15	Response	2	506212	3475	1
17	Picture	B2D030	525740	1000	171	2501	172	1000	8000
17	Response	1	528052	3312	1
19	Picture	AD050	548744	1000	170	6501	171	1000	8000
19	Response	2	555150	7406	1
21	Picture	B2D040	572747	1000	171	3167	172	1000	8000
21	Response	2	575858	4111	2
23	Picture	NT010	594250	1000	171	3167	172	1000	8000
23	Response	2	597282	4032	2
25	Picture	B1T010	618420	1000	171	4334	172	1000	8000
25	Response	1	622700	5280	1
29	Picture	NT040	683434	1000	166	3496	167	1000	8000
29	Response	1	686723	4289	1
31	Picture	AD070	707599	1000	171	5334	172	1000	8000
31	Response	2	712822	6223	1
33	Picture	AD080	731269	1000	171	4667	172	1000	8000
33	Response	2	735797	5528	1
35	Picture	B2T010	754110	1000	167	4329	169	1000	8000
35	Response	1	758289	5179	1
37	Picture	B2T020	779109	1000	171	4001	172	1000	8000
37	Response	1	782931	4822	1
39	Picture	ND080	803612	1000	171	6835	172	1000	8000
39	Response	2	810395	7783	1
41	Picture	AT040	831616	1000	171	2667	172	1000	8000
41	Response	1	834225	3609	2
43	Picture	B1D040	854119	1000	171	4668	172	1000	8000
43	Response	2	858704	5585	1
45	Picture	B1T020	879956	1000	171	5834	173	1000	8000
45	Response	1	885716	6760	1
47	Picture	NT030	906798	1000	167	3996	168	1000	8000
47	Response	1	910604	4806	1
49	Picture	NT020	930963	1000	171	5001	172	1000	8000
49	Response	1	935812	5849	1
51	Picture	AT030	953638	1000	171	2996	172	1000	8000
51	Response	1	956450	3812	1
55	Picture	ND051	1014975	1000	171	6668	172	1000	8000
55	Response	2	1021435	7460	1
57	Picture	AD041	1040312	1000	171	3834	172	1000	8000
57	Response	2	1043990	4678	1
59	Picture	AD051	1065315	1000	171	4834	173	1000	8000
59	Response	2	1070010	5695	1
61	Picture	NT001	1088319	1000	170	7667	172	1000	8000
61	Response	2	1095813	8494	1
63	Picture	B2T001	1113822	1000	171	2667	172	1000	8000
63	Response	1	1116442	3620	1
65	Picture	B1T001	1135325	1000	171	5001	172	1000	8000
67	Picture	NT011	1158662	1000	169	5167	170	1000	8000
69	Picture	B2D021	1183832	1000	171	6001	172	1000	8000
69	Response	2	1189735	6903	2
71	Picture	ND041	1210669	1000	171	5334	172	1000	8000
71	Response	2	1215888	6219	2
73	Picture	AD061	1236344	1000	166	5329	167	1000	8000
73	Response	2	1241472	6128	1
75	Picture	AT001	1261843	1000	170	3667	171	1000	8000
75	Response	1	1265306	4463	1
77	Picture	B1D021	1283346	1000	171	5501	172	1000	8000
77	Response	2	1288643	6297	1
81	Picture	AT011	1347026	1000	166	3662	168	1000	8000
81	Response	1	1350559	4533	2
83	Picture	B2T009	1368357	1000	171	4168	172	1000	8000
83	Response	1	1372399	5042	2
85	Picture	NT031	1392361	1000	170	3500	172	1000	8000
85	Response	1	1395677	4316	1
87	Picture	B2T011	1413202	1000	167	7163	168	1000	8000
87	Response	1	1420266	8064	1
89	Picture	B1D031	1440367	1000	171	8168	173	1000	8000
90	Response	2	1449301	765	4
91	Picture	AD071	1465871	1166	1	6482	191	1000	8000
91	Response	2	1472352	7647	1
93	Picture	AT021	1489874	1165	2	2472	201	1000	8000
95	Picture	ND061	1511377	1165	2	5192	148	1000	8000
95	Response	2	1516568	6356	1
97	Picture	B1T011	1537048	1166	1	4802	202	1000	8000
98	Response	1	1546854	5004	1
99	Picture	NT009	1561722	1003	164	6048	283	1000	8000
99	Response	1	1567768	7049	2
101	Picture	AT031	1586055	1166	1	5052	120	1000	8000
101	Response	1	1591106	6217	1
103	Picture	NT021	1610058	1165	1	8000	173	1000	8000
103	Response	2	1618057	9164	173
107	Picture	AT019	1679406	1000	165	5329	166	1000	8000
107	Response	2	1684642	6236	2
109	Picture	B2T019	1705409	1000	171	4663	172	1000	8000
109	Response	1	1709980	5571	1
111	Picture	ND049	1727746	1000	166	5496	167	1000	8000
111	Response	1	1733068	6322	1
113	Picture	AD049	1752744	1000	171	8168	172	1000	8000
114	Response	2	1762226	1313	1
115	Picture	AT009	1778415	1166	1	7007	165	1000	8000
115	Response	1	1785420	8171	1
117	Picture	ND071	1803585	1166	1	5403	102	1000	8000
117	Response	2	1808987	6568	1
119	Picture	NT019	1828588	1166	1	8000	173	1000	8000
120	Response	2	1836760	-163	162
121	Picture	B2D031	1855592	1000	171	7334	172	1000	8000
121	Response	2	1862814	8222	1
123	Picture	B1T009	1880100	1000	166	2162	167	1000	8000
125	Picture	AT029	1900436	1000	167	8163	169	1000	8000
126	Response	2	1911176	2576	1
127	Picture	B1D029	1927769	1166	1	7488	184	1000	8000
127	Response	2	1935256	8653	1
129	Picture	NT029	1954772	1165	2	3803	204	1000	8000
129	Response	1	1958573	4966	1
133	Picture	B1D039	2019948	1166	1	4719	120	1000	8000
133	Response	2	2024666	5884	1
135	Picture	AD079	2043618	1166	1	4566	106	1000	8000
135	Response	2	2048183	5731	1
137	Picture	NT039	2066625	1003	164	7902	263	1000	8000
137	Response	2	2074525	8903	2
139	Picture	ND069	2092128	1002	165	3923	243	1000	8000
139	Response	2	2096049	4923	1
141	Picture	AD069	2117128	1165	1	4450	56	1000	8000
141	Response	2	2121576	5613	2
143	Picture	B1D022	2141632	1166	1	6232	107	1000	8000
143	Response	1	2147862	7396	2
145	Picture	ND059	2167138	1002	165	8000	334	1000	8000
146	Response	2	2177439	1969	2
147	Picture	NT002	2193639	1000	171	6001	172	1000	8000
149	Picture	AT039	2217142	1000	171	7501	172	1000	8000
149	Response	1	2224454	8312	1
151	Picture	B2D029	2244813	1000	170	5334	171	1000	8000
151	Response	2	2250021	6208	1
153	Picture	B2T002	2270149	1000	171	4168	172	1000	8000
155	Picture	AD059	2292986	1000	171	8168	172	1000	8000
156	Response	2	2302237	1082	1
159	Picture	AT012	2362496	1166	1	4537	135	1000	8000
159	Response	1	2367032	5702	1
161	Picture	B1T002	2387166	1166	1	3255	83	1000	8000
161	Response	1	2390419	4419	1
163	Picture	AD042	2409669	1166	1	5956	216	1000	8000
163	Response	2	2415623	7120	2
165	Picture	AT002	2435006	1166	1	5067	105	1000	8000
165	Response	1	2440072	6232	2
167	Picture	B2D039	2460676	1166	1	7587	86	1000	8000
169	Picture	B1T019	2488847	1166	1	3918	87	1000	8000
169	Response	1	2492764	5083	1
171	Picture	ND079	2510850	1166	1	5018	154	1000	8000
171	Response	2	2515867	6183	1
173	Picture	B2D022	2533353	1166	1	4603	68	1000	8000
173	Response	2	2537955	5768	1
175	Picture	NT022	2555689	1165	1	5119	53	1000	8000
175	Response	1	2560807	6283	1
177	Picture	ND042	2579859	1165	1	6706	133	1000	8000
177	Response	2	2586563	7869	2
179	Picture	AD052	2607196	1165	2	8000	174	1000	8000
179	Response	1	2615195	9164	173
181	Picture	NT012	2636034	1000	170	8167	172	1000	8000
182	Response	2	2645358	1156	1
185	Picture	AT022	2702376	1165	2	4990	183	1000	8000
185	Response	1	2707364	6153	1
187	Picture	B1D032	2725713	1166	1	6005	167	1000	8000
187	Response	1	2731717	7170	1
189	Picture	AD062	2751050	1166	1	5862	143	1000	8000
189	Response	2	2756911	7027	1
191	Picture	NT008	2774890	1002	164	2565	266	1000	8000
192	Response	2	2789446	11991	2
193	Picture	B2T008	2797890	1166	1	6316	189	1000	8000
194	Response	1	2807387	3181	1
195	Picture	B2T012	2825060	1166	1	4381	124	1000	8000
195	Response	1	2829440	5546	1
197	Picture	NT032	2847065	1001	166	7394	275	1000	8000
197	Response	1	2854458	8394	1
199	Picture	B1T012	2875067	1166	1	5112	60	1000	8000
199	Response	1	2880178	6277	1
201	Picture	AT032	2898737	1166	1	2829	176	1000	8000
202	Response	1	2907302	5736	2
203	Picture	AT008	2921240	1166	1	4373	132	1000	8000
203	Response	1	2925612	5538	1
205	Picture	ND052	2944577	1166	1	8000	172	1000	8000
205	Response	2	2952576	9165	173
207	Picture	ND062	2971080	1000	171	5501	172	1000	8000
207	Response	2	2976470	6390	1
211	Picture	B2D032	3035928	1000	170	7329	171	1000	8000
211	Response	2	3043207	8279	2
213	Picture	AD048	3064093	1000	171	4668	172	1000	8000
213	Response	2	3068668	5575	2
214	Response	1	3073697	4936	1
215	Picture	AT018	3087763	1000	171	4667	173	1000	8000
215	Response	1	3092249	5486	1
217	Picture	NT018	3112766	1000	171	5835	172	1000	8000
219	Picture	AD072	3136770	1000	171	8168	172	1000	8000
221	Picture	NT038	3165607	1165	2	5711	129	1000	8000
221	Response	1	3171316	6874	2
223	Picture	ND072	3189611	1166	1	8000	172	1000	8000
224	Response	2	3198757	812	1
225	Picture	B2T018	3216619	1000	166	5996	167	1000	8000
225	Response	1	3222477	6858	1
227	Picture	AT028	3240284	1000	171	3501	172	1000	8000
228	Response	1	3248647	4862	1
229	Picture	B1T008	3262954	1000	171	6501	172	1000	8000
229	Response	1	3269262	7308	1
231	Picture	B1D028	3288291	1000	171	7168	172	1000	8000
231	Response	2	3295372	8081	1
233	Picture	NT028	3315633	1000	166	3329	167	1000	8000
234	Response	1	3324879	5917	1
237	Picture	ND048	3377137	1000	170	5167	171	1000	8000
237	Response	2	3382146	6009	1
239	Picture	B1T018	3399806	1000	171	7001	173	1000	8000
240	Response	1	3409260	2453	2
241	Picture	B1D038	3427482	1000	171	8163	172	1000	8000
242	Response	2	3436162	516	1
243	Picture	NT003	3453314	1166	1	7728	111	1000	8000
243	Response	1	3461041	8893	1
245	Picture	B2D028	3481818	1166	1	8000	173	1000	8000
246	Response	2	3492012	1860	1
247	Picture	AD058	3507827	1000	165	8162	166	1000	8000
248	Response	2	3515990	0	170
249	Picture	AD068	3534825	1165	2	7265	75	1000	8000
249	Response	1	3542088	8428	1
251	Picture	ND058	3559495	1165	2	8000	174	1000	8000
251	Response	2	3567494	9164	173
253	Picture	B2T003	3587671	1000	167	8163	168	1000	8000
254	Response	2	3595835	0	169
255	Picture	AT038	3613670	1166	1	8000	172	1000	8000
256	Response	1	3625135	3131	2
257	Picture	ND068	3643007	1000	171	6001	172	1000	8000
257	Response	2	3648876	6869	1
259	Picture	AD078	3666510	1000	171	8168	172	1000	8000
260	Response	1	3674996	317	1
263	Picture	ND078	3732686	1166	1	6649	190	1000	8000
263	Response	2	3739334	7814	1
265	Picture	B1D023	3757189	1165	2	6222	118	1000	8000
265	Response	2	3763410	7386	1
267	Picture	ND043	3784693	1165	2	4765	75	1000	8000
267	Response	2	3789457	5929	1
269	Picture	NT023	3807196	1165	2	4977	198	1000	8000
269	Response	1	3812172	6141	1
271	Picture	B2T013	3831200	1165	1	5672	167	1000	8000
271	Response	1	3836870	6835	2
273	Picture	AD053	3855036	1165	2	7536	138	1000	8000
274	Response	1	3868258	5686	1
275	Picture	AT013	3883707	1166	1	8000	173	1000	8000
276	Response	1	3893026	984	2
277	Picture	NT013	3912878	1000	170	3667	171	1000	8000
277	Response	1	3916377	4499	1
279	Picture	AD043	3934047	1000	171	5835	172	1000	8000
279	Response	2	3939814	6767	2
281	Picture	AT003	3961051	1000	171	7334	173	1000	8000
282	Response	1	3971987	3602	1
283	Picture	B2D038	3987721	1000	171	8168	172	1000	8000
284	Response	2	4009271	13381	1
285	Picture	B1T003	4013558	1165	2	6573	101	1000	8000
285	Response	1	4020130	7737	1
287	Response	3	4050872	14309	1
289	Picture	NT033	4078067	1165	2	4603	71	1000	8000
289	Response	1	4082668	5766	2
291	Picture	B2T007	4103738	1166	1	4941	64	1000	8000
291	Response	1	4108678	6106	1
293	Picture	NT007	4128741	1166	1	3179	160	1000	8000
293	Response	1	4131919	4344	1
295	Picture	AT007	4151411	1166	1	6083	89	1000	8000
295	Response	1	4157493	7248	1
297	Picture	AT023	4174747	1165	2	3220	120	1000	8000
297	Response	1	4177965	4383	2
299	Picture	B1T013	4195750	1165	2	3178	162	1000	8000
299	Response	1	4198927	4342	1
301	Picture	B2D023	4218254	1166	1	8000	172	1000	8000
302	Response	2	4226425	-163	163
303	Picture	AD063	4244436	1000	158	6322	159	1000	8000
303	Response	2	4250553	7117	2
305	Picture	AT033	4271928	1000	172	5334	173	1000	8000
305	Response	1	4277122	6194	2
307	Picture	NT017	4297431	1000	171	4001	172	1000	8000
307	Response	1	4301278	4847	2
309	Picture	B1T007	4320101	1000	171	6501	172	1000	8000
309	Response	1	4326490	7389	1
311	Picture	ND053	4343938	1000	170	8167	172	1000	8000
313	Response	2	4375341	5065	1
315	Picture	AT027	4411780	1165	2	6188	152	1000	8000
315	Response	1	4417966	7351	1
317	Picture	AT017	4437117	1165	1	3999	173	1000	8000
317	Response	1	4441114	5162	1
319	Picture	ND063	4460621	1166	1	8000	172	1000	8000
320	Response	1	4472681	3726	1
321	Picture	B1D033	4490137	1000	158	6822	159	1000	8000
321	Response	2	4496821	7684	1
323	Picture	ND073	4514967	1000	165	4495	166	1000	8000
323	Response	2	4519369	5402	2
325	Picture	B1T017	4539298	1000	171	4834	172	1000	8000
325	Response	1	4544008	5710	1
327	Picture	AD073	4564801	1000	171	8169	172	1000	8000
328	Response	1	4573456	485	2
329	Picture	B2D033	4593806	1166	1	7477	195	1000	8000
329	Response	2	4601282	8642	1
331	Picture	NT027	4618643	1166	1	4061	111	1000	8000
331	Response	1	4622703	5226	1
333	Picture	ND047	4640479	1165	1	6338	168	1000	8000
333	Response	1	4646816	7502	1
335	Picture	AD047	4664149	1166	1	7210	129	1000	8000
335	Response	2	4671358	8375	1
337	Picture	B2T017	4691319	1165	1	7744	95	1000	8000
337	Response	1	4699061	8907	2
341	Picture	AD057	4760329	1166	1	6214	125	1000	8000
341	Response	1	4766542	7379	1
343	Picture	B2D027	4786499	1166	1	5997	175	1000	8000
343	Response	1	4792495	7162	1
345	Picture	B2T004	4810002	1165	2	5346	161	1000	8000
345	Response	1	4815347	6510	1
347	Picture	B1D027	4835673	1166	1	6011	161	1000	8000
347	Response	1	4841682	7175	2
349	Picture	NT004	4863010	1166	1	4580	92	1000	8000
349	Response	1	4867589	5745	1
351	Picture	NT037	4887013	1166	1	3921	84	1000	8000
352	Response	2	4899745	8811	1
353	Picture	ND067	4910516	1165	2	8000	174	1000	8000
354	Response	2	4921415	2564	2
355	Picture	AT037	4940020	1000	171	6168	172	1000	8000
355	Response	1	4946060	7040	2
357	Picture	AD067	4965862	1000	167	6996	169	1000	8000
358	Response	1	4976833	3975	1
359	Picture	ND057	4990361	1000	170	8168	171	1000	8000
360	Response	1	5001015	2485	2
361	Picture	AD077	5015864	1165	2	8000	174	1000	8000
362	Response	1	5026133	1934	2
363	Picture	B1D037	5043201	1000	171	7668	172	1000	8000
363	Response	1	5050735	8534	2
367	Picture	AT014	5109044	1000	176	4167	177	1000	8000
367	Response	1	5113057	5013	2
369	Picture	B2T014	5131547	1000	171	3501	172	1000	8000
369	Response	1	5134974	4427	1
371	Picture	NT024	5153883	1000	171	3501	172	1000	8000
371	Response	1	5157260	4377	1
373	Picture	AT004	5178553	1000	171	2962	378	1000	8000
374	Response	1	5184012	2497	1
375	Picture	B1D024	5202557	1000	171	6167	173	1000	8000
375	Response	2	5208587	7030	1
377	Picture	B2D037	5226560	1000	171	5334	173	1000	8000
377	Response	2	5231745	6185	1
379	Picture	NT014	5252064	1000	171	4834	172	1000	8000
379	Response	1	5256833	5769	1
381	Picture	ND077	5275400	1000	171	5668	172	1000	8000
381	Response	2	5281019	6619	1
383	Picture	AT024	5301904	1000	171	4167	172	1000	8000
383	Response	1	5305901	4997	1
385	Picture	B1T004	5327074	1000	171	5501	172	1000	8000
385	Response	1	5332480	6406	1
387	Picture	ND044	5352578	1000	170	7334	171	1000	8000
387	Response	2	5359754	8176	1
389	Picture	AD044	5379248	1000	171	7668	172	1000	8000
389	Response	2	5386738	8490	2
393	Picture	AT034	5446095	1000	167	3996	168	1000	8000
393	Response	1	5449963	4868	1
395	Picture	ND064	5470766	1000	166	7663	167	1000	8000
395	Response	1	5478328	8562	2
397	Picture	B2T006	5498598	1000	171	4334	172	1000	8000
397	Response	1	5502841	5243	1
399	Picture	NT034	5520767	1000	171	3835	172	1000	8000
399	Response	1	5524431	4664	1
401	Picture	B2D024	5543938	1000	171	5000	173	1000	8000
401	Response	2	5548873	5935	1
403	Picture	NT006	5569775	1000	170	4334	171	1000	8000
403	Response	1	5574028	5253	1
405	Picture	ND054	5594283	1000	167	8163	168	1000	8000
406	Response	2	5604114	1666	1
407	Picture	AD064	5623452	1002	165	6071	262	1000	8000
407	Response	2	5629521	7071	2
409	Picture	AD054	5649786	1166	1	4766	72	1000	8000
409	Response	1	5654550	5930	1
411	Picture	AD074	5673456	1166	1	8000	172	1000	8000
411	Response	1	5681455	9165	173
413	Picture	B1T014	5700626	1000	171	7835	172	1000	8000
413	Response	2	5708343	8717	1
415	Picture	B1D034	5725963	1000	171	5834	172	1000	8000
415	Response	1	5731627	6664	1
419	Picture	B2T016	5789644	1000	166	4828	168	1000	8000
419	Response	1	5794368	5724	2
421	Picture	B1D026	5812308	1000	171	6668	172	1000	8000
421	Response	2	5818911	7603	1
423	Picture	NT016	5838312	1000	174	7334	175	1000	8000
423	Response	2	5845515	8203	2
425	Picture	AD046	5865482	1000	171	7168	172	1000	8000
426	Response	1	5877542	4892	2
427	Picture	NT026	5891486	1000	171	8168	172	1000	8000
428	Response	2	5903412	3757	1
429	Picture	AT016	5917323	1166	1	4965	207	1000	8000
430	Response	1	5925758	3470	1
431	Picture	B2D034	5943493	1165	1	7234	105	1000	8000
432	Response	1	5954796	4069	2
433	Picture	ND046	5968830	1166	1	8000	174	1000	8000
434	Response	2	5977632	628	2
435	Picture	AD056	5995334	1000	170	5334	171	1000	8000
435	Response	2	6000503	6169	1
437	Picture	B1T006	6020671	1000	170	5000	172	1000	8000
437	Response	1	6025504	5833	2
439	Picture	ND074	6044841	1000	170	7334	171	1000	8000
439	Response	2	6052106	8265	1
441	Picture	AT006	6072344	1000	176	4501	177	1000	8000
441	Response	1	6076678	5334	2
445	Picture	AT005	6136353	1000	171	4668	172	1000	8000
445	Response	1	6140931	5578	1
447	Picture	B1D036	6158361	1000	166	4663	167	1000	8000
447	Response	2	6162844	5483	1
449	Picture	B2T005	6182365	1000	165	2828	167	1000	8000
450	Response	1	6188092	2899	1
451	Picture	NT036	6206035	1000	170	5162	171	1000	8000
451	Response	1	6211113	6078	1
452	Response	2	6217522	6325	1
453	Picture	AT026	6228699	1000	171	8168	173	1000	8000
454	Response	1	6241153	4285	1
455	Picture	AT036	6255703	1165	2	8000	174	1000	8000
456	Response	1	6265984	1946	2
457	Picture	B1T016	6281873	1000	171	5835	172	1000	8000
458	Response	1	6290952	3244	2
459	Picture	NT005	6306043	1000	171	6001	173	1000	8000
459	Response	1	6311847	6804	2
461	Picture	AD066	6332714	1000	171	7168	172	1000	8000
462	Response	1	6343195	3313	1
463	Picture	ND056	6358056	1000	166	8163	167	1000	8000
464	Response	2	6366632	412	1
465	Picture	B2D026	6386055	1166	1	8000	172	1000	8000
466	Response	1	6394429	40	1
467	Picture	ND066	6414058	1000	171	8168	173	1000	8000
468	Response	1	6423171	944	1
471	Picture	NT015	6481738	1002	165	4898	268	1000	8000
471	Response	1	6486634	5898	2
472	Response	2	6495310	8674	1
473	Picture	ND055	6504571	1165	1	8000	173	1000	8000
474	Response	2	6516451	3545	1
475	Picture	ND045	6532075	1000	171	6001	172	1000	8000
475	Response	2	6538005	6930	1
477	Picture	ND076	6556578	1000	171	4501	172	1000	8000
477	Response	2	6561023	5445	1
479	Picture	B2D036	6581248	1000	171	5501	172	1000	8000
479	Response	1	6586627	6379	1
481	Picture	B2T015	6604085	1000	171	5834	172	1000	8000
481	Response	1	6609731	6646	2
483	Picture	AT025	6628093	1000	167	5163	168	1000	8000
483	Response	1	6633122	6029	1
485	Picture	AD045	6652430	1000	167	5996	168	1000	8000
485	Response	2	6658290	6860	1
486	Response	1	6661015	2589	2
487	Picture	B1D025	6676428	1000	171	8168	172	1000	8000
488	Response	2	6685557	960	2
489	Picture	AD076	6701932	1166	1	5114	58	1000	8000
489	Response	2	6707045	6279	1
491	Picture	AT015	6727769	1166	1	4471	201	1000	8000
491	Response	1	6732239	5636	1
493	Picture	B1T005	6752939	1166	1	4895	110	1000	8000
493	Response	1	6757833	6060	1
497	Picture	ND065	6816281	1165	1	6018	154	1000	8000
497	Response	2	6822298	7182	1
499	Picture	AD055	6839951	1166	1	4744	95	1000	8000
499	Response	2	6844694	5909	1
501	Picture	AD065	6862788	1166	1	4349	156	1000	8000
501	Response	2	6867136	5514	1
502	Response	1	6869978	2841	2
503	Picture	AT035	6888291	1165	1	5445	61	1000	8000
503	Response	1	6893735	6609	1
505	Picture	ND075	6912961	1165	1	6056	117	1000	8000
505	Response	2	6919016	7220	1
507	Picture	B1T015	6938133	1001	167	4269	234	1000	8000
507	Response	1	6942400	5268	1
508	Response	1	6944949	2547	1
509	Picture	B1D035	6961135	1166	1	7220	119	1000	8000
509	Response	2	6968353	8384	1
511	Picture	NT035	6985638	1166	1	6357	149	1000	8000
512	Response	1	6994260	2265	1
513	Picture	AD075	7009975	1166	1	8000	172	1000	8000
514	Response	1	7019368	1059	1
515	Picture	B2D025	7037978	1000	172	6835	173	1000	8000
515	Response	1	7044615	7637	2
517	Picture	NT025	7065982	1000	171	7835	172	1000	8000
517	Response	2	7073696	8714	2
519	Picture	B2D035	7091653	1000	170	7834	171	1000	8000
519	Response	1	7099430	8777	1
521	Quit		7259688	142365	
