Scenario - for study
Logfile written - 2016/1/15 11:28:13

Trial	Event Type	Code	Time	TTime	Uncertainty	Duration	Uncertainty	ReqTime	ReqDur

1	Response	4	378228	378228	1
3	Picture	ND070	384557	1000	166	8163	167	1000	8000
4	Response	2	396734	4013	1
5	Picture	B1D030	412056	1166	1	5730	109	1000	8000
5	Response	2	417785	6895	1
7	Picture	B2D030	435892	1165	2	8000	174	1000	8000
8	Response	2	445428	1363	1
9	Picture	ND060	465230	1000	170	6000	172	1000	8000
9	Response	2	471102	6872	1
11	Picture	NT010	489733	1000	171	4334	172	1000	8000
13	Picture	AD050	514403	1000	169	8168	170	1000	8000
14	Response	1	523903	1331	1
15	Picture	ND050	543740	1165	1	7621	50	1000	8000
17	Picture	B2D040	571911	1166	1	5674	165	1000	8000
17	Response	2	577582	6837	3
19	Picture	AT020	597914	1165	1	5613	58	1000	8000
19	Response	1	603525	6776	2
21	Picture	B1T010	623418	1166	1	7742	97	1000	8000
21	Response	2	631159	8907	1
23	Picture	AD060	652421	1165	2	6717	123	1000	8000
23	Response	1	659137	7881	1
25	Picture	AT010	676425	1166	1	8000	173	1000	8000
26	Response	1	686726	2128	1
29	Picture	AT030	744772	1000	171	8163	172	1000	8000
30	Response	2	753131	195	1
31	Picture	NT030	771938	1166	1	6728	110	1000	8000
31	Response	2	778665	7893	1
33	Picture	AT040	796274	1166	1	6639	200	1000	8000
33	Response	1	802912	7804	1
35	Picture	AD080	822611	1166	1	8000	173	1000	8000
36	Response	2	831266	482	1
37	Picture	NT040	851953	1000	167	8163	168	1000	8000
38	Response	2	861920	1803	3
39	Picture	NT020	877785	1166	1	6882	124	1000	8000
39	Response	2	884666	8047	1
41	Picture	AD070	904789	1166	1	6421	84	1000	8000
42	Response	1	911210	0	84
43	Picture	ND080	931959	1166	1	8000	173	1000	8000
44	Response	2	940299	6	2
45	Picture	B2T010	958129	1000	171	8168	172	1000	8000
46	Response	2	966985	687	1
47	Picture	B2T020	987466	1165	2	7353	154	1000	8000
48	Response	1	996096	1277	1
49	Picture	B1D040	1013137	1166	1	8000	172	1000	8000
51	Picture	B1T020	1041807	1000	171	8168	172	1000	8000
55	Picture	B2D021	1107649	1165	1	8000	173	1000	8000
56	Response	2	1116011	189	2
57	Picture	NT001	1136153	1000	171	7834	173	1000	8000
59	Picture	AD051	1162327	1000	167	8164	168	1000	8000
60	Response	2	1171577	1085	1
61	Picture	B1T001	1190160	1165	1	8000	173	1000	8000
62	Response	2	1199364	1031	1
63	Picture	AT001	1216330	1000	171	6168	172	1000	8000
63	Response	1	1222308	6978	2
65	Picture	B2T001	1241334	1000	171	6834	172	1000	8000
65	Response	2	1248112	7778	1
67	Picture	ND041	1266670	1000	171	8002	172	1000	8000
67	Response	2	1274478	8808	1
69	Picture	NT011	1292841	1000	170	6001	171	1000	8000
69	Response	2	1298673	6832	1
71	Picture	ND051	1316015	1000	167	7997	168	1000	8000
71	Response	1	1323878	8863	1
73	Picture	AD041	1342681	1000	170	7667	172	1000	8000
73	Response	1	1350223	8542	2
75	Picture	B1D021	1370851	1000	171	7668	172	1000	8000
75	Response	2	1378416	8565	1
77	Picture	AD061	1396688	1000	171	6167	173	1000	8000
77	Response	2	1402768	7080	1
81	Picture	B2T011	1463197	1000	170	8167	346	1000	8000
81	Response	2	1471197	9000	167
83	Picture	NT031	1491367	1165	2	8000	179	1000	8000
84	Response	2	1499839	292	1
85	Picture	B1T011	1517871	1000	170	8168	171	1000	8000
86	Response	1	1528121	2081	1
87	Picture	AT031	1546708	1165	1	8000	173	1000	8000
88	Response	1	1560034	4991	1
89	Picture	NT021	1575379	1000	170	8167	172	1000	8000
91	Picture	ND061	1603549	1166	1	6129	210	1000	8000
91	Response	2	1609677	7294	1
93	Picture	B1D031	1629553	1166	1	8000	172	1000	8000
95	Picture	B2T009	1655889	1000	171	7501	173	1000	8000
95	Response	2	1663250	8361	1
97	Picture	AT011	1684065	1000	167	8163	168	1000	8000
98	Response	1	1693097	868	1
99	Picture	AD071	1712564	1166	1	8000	172	1000	8000
100	Response	2	1725000	4102	1
101	Picture	NT009	1742068	1000	170	8167	172	1000	8000
102	Response	2	1750236	0	175
103	Picture	AT021	1770738	1165	1	6835	171	1000	8000
103	Response	1	1777572	7999	1
107	Picture	B1D029	1838581	1166	1	8000	172	1000	8000
108	Response	2	1846928	13	2
109	Picture	AT029	1865251	1000	171	6001	172	1000	8000
109	Response	1	1871058	6807	1
111	Picture	AD049	1889087	1000	171	8168	172	1000	8000
112	Response	2	1899413	2157	1
113	Picture	ND071	1918425	1166	1	7048	124	1000	8000
113	Response	2	1925472	8213	1
115	Picture	B2D031	1944762	1166	1	7204	135	1000	8000
115	Response	1	1951965	8369	1
117	Picture	B2T019	1970932	1166	1	8000	172	1000	8000
118	Response	1	1979103	-1	165
119	Picture	AT019	1996606	1000	168	6997	169	1000	8000
119	Response	1	2003492	7886	2
121	Picture	NT029	2021610	1000	167	7830	168	1000	8000
121	Response	2	2029378	8768	1
123	Picture	NT019	2047442	1000	170	7501	171	1000	8000
123	Response	2	2054865	8423	1
125	Picture	B1T009	2073779	1000	171	8001	172	1000	8000
126	Response	1	2081973	193	1
127	Picture	ND049	2102783	1000	169	7001	170	1000	8000
127	Response	2	2109589	7806	2
129	Picture	AT009	2128291	1000	167	7663	168	1000	8000
130	Response	1	2135813	-141	140
133	Picture	ND059	2196133	1000	166	7830	167	1000	8000
133	Response	2	2203758	8625	1
135	Picture	B2D029	2222804	1000	165	7829	166	1000	8000
135	Response	2	2230449	8645	2
137	Picture	B1D039	2250802	1000	171	5501	172	1000	8000
137	Response	2	2256179	6377	2
139	Picture	AD069	2276139	1000	171	8168	172	1000	8000
140	Response	1	2285380	1072	2
141	Picture	ND069	2302976	1165	1	7360	146	1000	8000
141	Response	2	2310335	8524	1
143	Picture	B1D022	2331480	1166	1	7847	159	1000	8000
143	Response	1	2339326	9012	2
145	Picture	AD059	2357317	1166	1	8000	172	1000	8000
146	Response	1	2369689	4199	1
147	Picture	B2T002	2382820	1000	171	6668	173	1000	8000
147	Response	1	2389419	7599	1
149	Picture	NT002	2410324	1000	171	8001	172	1000	8000
149	Response	2	2418264	8940	1
151	Picture	NT039	2437161	1000	171	8168	172	1000	8000
152	Response	1	2447618	2288	1
153	Picture	AT039	2466498	1165	1	7826	180	1000	8000
153	Response	2	2474323	8990	1
155	Picture	AD079	2495335	1165	2	8000	174	1000	8000
156	Response	2	2506771	3101	2
159	Picture	AT002	2564011	1000	171	8168	172	1000	8000
160	Response	1	2572885	705	1
161	Picture	B2D039	2589681	1165	2	8000	174	1000	8000
162	Response	1	2599372	1356	2
163	Picture	NT012	2616518	1000	171	7168	172	1000	8000
163	Response	2	2623528	8010	1
165	Picture	AD052	2643694	1000	165	6662	166	1000	8000
165	Response	1	2650174	7480	1
167	Picture	ND042	2669859	1000	170	8167	341	1000	8000
167	Response	2	2677858	8999	168
169	Picture	B1T002	2698863	1166	1	5294	211	1000	8000
169	Response	1	2704156	6459	1
171	Picture	B2D022	2722533	1166	1	5364	141	1000	8000
171	Response	2	2727896	6529	1
173	Picture	B1T019	2748369	1165	2	8000	174	1000	8000
174	Response	2	2757250	546	1
175	Picture	AT012	2774373	1000	170	6167	171	1000	8000
175	Response	1	2780411	7038	1
177	Picture	NT022	2799709	1000	171	8168	172	1000	8000
178	Response	2	2808338	460	1
179	Picture	ND079	2827380	1166	1	7730	109	1000	8000
179	Response	2	2835109	8895	1
181	Picture	AD042	2853883	1165	2	6229	111	1000	8000
181	Response	1	2860111	7393	1
182	Response	3	2861335	1223	1
185	Picture	NT032	2920226	1166	1	7296	210	1000	8000
185	Response	2	2927520	8460	2
187	Picture	ND052	2945396	1166	1	5346	159	1000	8000
187	Response	1	2950741	6511	2
189	Picture	AD062	2971899	1165	1	7625	214	1000	8000
189	Response	1	2979523	8789	1
191	Picture	B2T012	2999570	1166	1	8000	172	1000	8000
193	Picture	B1T012	3025906	1000	171	8002	172	1000	8000
193	Response	1	3033802	8896	1
195	Picture	AT008	3051910	1000	171	8168	172	1000	8000
196	Response	2	3061565	1486	1
197	Picture	AT032	3077913	1165	2	7001	173	1000	8000
197	Response	1	3084912	8164	2
199	Picture	AT022	3104250	1165	2	6390	117	1000	8000
199	Response	1	3110639	7554	1
201	Picture	B1D032	3130254	1166	1	8000	173	1000	8000
202	Response	2	3143607	5019	1
203	Picture	B2T008	3156091	1000	170	8167	172	1000	8000
204	Response	2	3166176	1917	1
205	Picture	NT008	3184761	1165	1	8000	173	1000	8000
206	Response	2	3193503	569	1
207	Picture	ND062	3211098	1000	171	8168	172	1000	8000
208	Response	2	3220438	1171	1
211	Picture	B2T018	3278274	1166	1	5162	177	1000	8000
211	Response	1	3283435	6327	1
213	Picture	AT028	3303944	1166	1	5132	207	1000	8000
213	Response	1	3309075	6297	2
215	Picture	B1D028	3329447	1164	1	6178	161	1000	8000
215	Response	2	3335624	7341	1
217	Picture	B2D032	3355617	1165	2	6510	164	1000	8000
217	Response	1	3362126	7674	1
219	Picture	B1T008	3381788	1166	1	7543	129	1000	8000
219	Response	2	3389330	8708	1
221	Picture	AT018	3409961	1002	165	5843	323	1000	8000
221	Response	1	3415803	6844	1
223	Picture	NT018	3433295	1166	1	3883	122	1000	8000
223	Response	1	3437177	5048	1
225	Picture	NT028	3456964	1165	2	7804	203	1000	8000
225	Response	2	3464767	8968	1
227	Picture	AD072	3483967	1165	3	6554	121	1000	8000
227	Response	1	3490520	7718	1
229	Picture	AD048	3510972	1166	1	8000	172	1000	8000
230	Response	1	3520912	1768	2
231	Picture	ND072	3537808	1000	171	8002	172	1000	8000
231	Response	2	3545760	8952	2
233	Picture	NT038	3566646	1000	170	7476	363	1000	8000
233	Response	2	3574119	8473	2
237	Picture	AT038	3633488	1000	171	5334	172	1000	8000
237	Response	1	3638641	6153	1
239	Picture	ND058	3657163	1000	165	6496	166	1000	8000
239	Response	2	3663519	7356	1
241	Picture	B2T003	3684667	1000	165	8162	166	1000	8000
243	Picture	ND068	3711665	1165	1	6866	140	1000	8000
243	Response	1	3718530	8030	1
245	Picture	AD058	3738335	1165	2	7999	173	1000	8000
245	Response	2	3746333	9163	1
247	Picture	NT003	3764172	1165	1	6774	66	1000	8000
247	Response	2	3770945	7938	1
249	Picture	AD078	3791509	1165	1	8000	173	1000	8000
250	Response	1	3800682	838	1
251	Picture	B2D028	3818846	1000	171	6834	173	1000	8000
251	Response	2	3825510	7664	1
253	Picture	ND048	3844850	1000	170	6834	171	1000	8000
253	Response	2	3851556	7706	1
255	Picture	AD068	3871186	1000	170	5835	171	1000	8000
255	Response	1	3876974	6788	1
257	Picture	B1D038	3895028	1000	166	8163	336	1000	8000
257	Response	2	3903028	9000	163
259	Picture	B1T018	3920527	1165	1	5994	177	1000	8000
259	Response	1	3926520	7158	1
263	Picture	AD053	3987035	1165	2	6949	58	1000	8000
263	Response	2	3993983	8113	2
265	Picture	AD043	4012205	1165	2	6015	159	1000	8000
265	Response	1	4018219	7179	1
267	Picture	ND043	4036875	1165	2	7621	52	1000	8000
267	Response	2	4044495	8785	1
269	Picture	NT013	4064879	1165	1	8000	173	1000	8000
270	Response	2	4073284	232	1
271	Picture	NT023	4090888	1000	165	6662	166	1000	8000
271	Response	1	4097413	7525	1
273	Picture	ND078	4115224	1000	167	6830	168	1000	8000
273	Response	2	4121928	7704	1
275	Picture	B1D023	4143056	1000	171	8001	339	1000	8000
276	Response	2	4152473	1247	2
277	Picture	B2D038	4168560	1166	1	7418	88	1000	8000
277	Response	1	4175977	8583	1
279	Picture	B2T013	4193897	1166	1	5572	100	1000	8000
279	Response	2	4199468	6737	1
281	Picture	AT013	4217233	1166	1	6925	81	1000	8000
281	Response	1	4224157	8090	1
283	Picture	B1T003	4244403	1165	1	8000	179	1000	8000
284	Response	1	4258182	5444	2
285	Picture	AT003	4272574	1000	170	6001	171	1000	8000
285	Response	1	4278445	6871	1
289	Picture	AT033	4338249	1000	176	6834	178	1000	8000
289	Response	1	4344903	7654	1
291	Picture	B2D023	4364253	1000	171	8167	173	1000	8000
292	Response	1	4374433	2011	2
293	Picture	ND053	4390423	1166	1	6846	160	1000	8000
293	Response	2	4397268	8011	2
295	Picture	AD063	4418427	1166	1	7817	187	1000	8000
295	Response	1	4426242	8981	2
297	Picture	B2T007	4446597	1166	1	8000	172	1000	8000
298	Response	2	4456422	1490	1
299	Picture	NT017	4475101	1500	1	8168	2	1000	8000
301	Picture	AT023	4501771	1162	1	5820	184	1000	8000
301	Response	1	4507589	6980	2
303	Picture	NT033	4527941	1165	1	8000	171	1000	8000
304	Response	2	4536111	-165	164
305	Picture	NT007	4556112	1000	168	8167	170	1000	8000
306	Response	2	4568969	4689	2
307	Picture	AT007	4585282	1165	2	6051	121	1000	8000
307	Response	1	4591331	7214	2
309	Picture	B1T007	4610286	1166	1	6032	138	1000	8000
309	Response	1	4616316	7196	2
311	Picture	B1T013	4634456	1166	1	6870	134	1000	8000
311	Response	2	4641324	8034	2
315	Picture	ND073	4702798	1166	1	7033	138	1000	8000
315	Response	2	4709828	8196	3
317	Picture	NT027	4730135	1166	1	7412	92	1000	8000
319	Picture	AD047	4755638	1165	2	7546	126	1000	8000
319	Response	1	4763183	8710	1
321	Picture	AT027	4780642	1166	1	5507	163	1000	8000
321	Response	2	4786147	6671	2
323	Picture	ND047	4804479	1000	480	8000	649	1000	8000
324	Response	2	4813505	692	1
325	Picture	AT017	4833482	1000	169	4834	170	1000	8000
325	Response	1	4838229	5747	3
327	Picture	B1D033	4857652	1000	169	7001	170	1000	8000
327	Response	2	4864445	7793	2
329	Picture	B2T017	4882155	1000	169	6835	170	1000	8000
329	Response	2	4888797	7642	3
331	Picture	ND063	4907825	1000	170	5168	171	1000	8000
331	Response	2	4912887	6062	2
333	Picture	AD073	4932329	1000	169	8168	170	1000	8000
334	Response	1	4940807	309	2
335	Picture	B1T017	4961499	1165	2	6757	82	1000	8000
335	Response	1	4968255	7921	1
337	Picture	B2D033	4988336	1165	2	6143	196	1000	8000
337	Response	2	4994476	7305	3
341	Picture	AT037	5054679	1166	1	7172	165	1000	8000
341	Response	1	5061103	7590	748
343	Picture	NT004	5080849	1166	1	6157	180	1000	8000
343	Response	1	5087004	7321	2
345	Picture	B1D037	5106686	1166	1	6779	58	1000	8000
345	Response	2	5113463	7943	2
347	Picture	B2T004	5131356	1166	1	8000	171	1000	8000
348	Response	2	5144555	4865	1
349	Picture	B2D027	5160359	1000	170	8168	171	1000	8000
350	Response	1	5174550	6022	2
351	Picture	ND057	5187863	1165	1	8000	171	1000	8000
352	Response	2	5197485	1287	3
353	Picture	B1D027	5217367	1000	169	8168	170	1000	8000
354	Response	2	5225784	248	2
355	Picture	AD077	5243204	1166	1	7417	87	1000	8000
355	Response	1	5250619	8581	2
357	Picture	NT037	5269874	1165	1	8000	171	1000	8000
358	Response	2	5279062	853	1
359	Picture	AD067	5298211	1000	170	8168	171	1000	8000
360	Response	1	5306964	584	3
361	Picture	AD057	5326048	1165	2	5351	155	1000	8000
361	Response	1	5331397	6514	2
363	Picture	ND067	5351052	1166	1	5270	67	1000	8000
363	Response	2	5356319	6433	3
367	Picture	AT024	5417394	1166	1	5437	69	1000	8000
367	Response	1	5422830	6602	1
369	Picture	B2T014	5441564	1166	1	7516	156	1000	8000
369	Response	2	5449079	8681	1
371	Picture	B1T004	5469236	1001	166	8000	336	1000	8000
372	Response	2	5479688	2119	1
373	Picture	ND044	5495904	1000	171	7502	172	1000	8000
373	Response	2	5503225	8321	1
375	Picture	NT024	5523408	1000	171	8168	172	1000	8000
376	Response	2	5532572	995	1
377	Picture	AD044	5549412	1166	1	7264	75	1000	8000
377	Response	1	5556675	8429	1
379	Picture	AT004	5573915	1166	1	6105	67	1000	8000
379	Response	1	5580019	7270	1
381	Picture	NT014	5597752	1166	1	7512	159	1000	8000
381	Response	2	5605263	8677	1
383	Picture	AT014	5624255	1166	2	6700	140	1000	8000
383	Response	1	5630953	7864	2
385	Picture	B2D037	5649425	1166	1	8000	173	1000	8000
386	Response	1	5657762	2	1
387	Picture	ND077	5675095	1000	171	7168	172	1000	8000
387	Response	2	5682103	8008	2
389	Picture	B1D024	5700598	1000	171	8002	172	1000	8000
389	Response	2	5708533	8935	1
393	Picture	B1T014	5769113	1000	165	7496	166	1000	8000
393	Response	2	5776445	8332	2
395	Picture	ND064	5797111	1000	171	8168	345	1000	8000
395	Response	2	5805111	9000	168
397	Picture	AD064	5825615	1165	2	4508	165	1000	8000
397	Response	1	5830122	5672	1
399	Picture	AT034	5850619	1166	1	6625	214	1000	8000
399	Response	1	5857243	7790	1
401	Picture	ND054	5878122	1165	2	6925	82	1000	8000
401	Response	2	5885046	8089	1
403	Picture	AD054	5903626	1166	1	7960	212	1000	8000
403	Response	1	5911585	9125	1
405	Picture	B2D024	5929129	1165	2	8000	174	1000	8000
406	Response	1	5939265	1963	1
407	Picture	B1D034	5955466	1000	171	8168	172	1000	8000
408	Response	2	5964197	562	1
409	Picture	AD074	5981803	1166	1	4611	61	1000	8000
409	Response	1	5986412	5775	2
411	Picture	B2T006	6006473	1166	1	8000	173	1000	8000
413	Picture	NT006	6032481	1000	167	7997	168	1000	8000
413	Response	2	6040381	8900	2
415	Picture	NT034	6058313	1000	171	8168	172	1000	8000
416	Response	2	6067979	1497	1
419	Picture	ND074	6127323	1166	1	5837	168	1000	8000
419	Response	1	6133159	7002	1
421	Picture	B1D026	6153159	1165	2	5728	111	1000	8000
421	Response	2	6158886	6892	1
423	Picture	B2D034	6178163	1166	1	5758	81	1000	8000
423	Response	2	6183920	6923	1
425	Picture	AT016	6204833	1166	1	6399	107	1000	8000
425	Response	1	6211231	7564	1
427	Picture	AD046	6228836	1165	1	7597	76	1000	8000
427	Response	1	6236432	8761	1
429	Picture	NT016	6255676	1002	165	7056	277	1000	8000
429	Response	2	6262731	8057	1
431	Picture	B1T006	6283343	1165	2	8000	174	1000	8000
432	Response	1	6291515	-163	163
433	Picture	ND046	6313014	1000	171	6334	173	1000	8000
433	Response	2	6319299	7285	1
435	Picture	NT026	6336851	1000	170	8167	172	1000	8000
436	Response	2	6345019	0	174
437	Picture	AD056	6365691	1002	165	8000	333	1000	8000
439	Picture	AT006	6393358	1000	171	6334	173	1000	8000
439	Response	1	6399548	7190	1
441	Picture	B2T016	6418528	1000	171	5001	172	1000	8000
441	Response	1	6423424	5896	1
445	Picture	B2D026	6483204	1000	175	7667	177	1000	8000
447	Picture	NT005	6509207	1000	171	8168	172	1000	8000
449	Picture	ND056	6537378	1166	1	7476	196	1000	8000
449	Response	2	6544853	8641	1
451	Picture	AT036	6564381	1165	1	4696	143	1000	8000
451	Response	1	6569076	5860	1
453	Picture	NT036	6588384	1165	2	6796	211	1000	8000
453	Response	2	6595179	7960	1
455	Picture	B1D036	6613554	1165	2	6797	210	1000	8000
455	Response	2	6620350	7961	1
457	Picture	AT005	6640225	1166	1	6738	101	1000	8000
457	Response	1	6646962	7903	1
459	Picture	B1T016	6664895	1166	1	7288	218	1000	8000
459	Response	2	6672182	8453	2
461	Picture	B2T005	6693232	1166	1	5321	184	1000	8000
461	Response	1	6698552	6486	1
463	Picture	AT026	6718734	1164	2	5243	98	1000	8000
463	Response	1	6723975	6405	2
465	Picture	AD066	6741738	1165	2	5579	94	1000	8000
465	Response	2	6747316	6743	1
467	Picture	ND066	6767575	1166	1	6740	99	1000	8000
467	Response	2	6774314	7905	1
471	Picture	ND055	6832250	1165	2	5795	217	1000	8000
471	Response	2	6838044	6959	1
473	Picture	B1T005	6858087	1165	1	4813	193	1000	8000
473	Response	1	6862899	5977	1
475	Picture	B2T015	6883591	1166	1	7827	179	1000	8000
475	Response	2	6891417	8992	1
477	Picture	B2D036	6912595	1166	1	8000	172	1000	8000
478	Response	1	6924948	4019	1
479	Picture	AD045	6941932	1000	170	8167	345	1000	8000
479	Response	1	6949931	8999	168
481	Picture	ND076	6969269	1166	1	8000	172	1000	8000
482	Response	2	6982404	4801	1
483	Picture	NT015	6996772	1000	171	7502	172	1000	8000
483	Response	2	7004224	8452	1
485	Picture	B1D025	7024948	1000	166	8163	167	1000	8000
486	Response	2	7035375	2263	1
487	Picture	AT025	7052447	1166	1	6909	97	1000	8000
487	Response	1	7059355	8074	1
489	Picture	ND045	7079284	1166	1	6983	189	1000	8000
489	Response	2	7086266	8148	1
491	Picture	AT015	7104620	1165	2	5191	149	1000	8000
491	Response	1	7109810	6355	1
493	Picture	AD076	7127457	1166	1	7761	78	1000	8000
493	Response	1	7135217	8926	1
497	Picture	B2D035	7192799	1166	1	7280	59	1000	8000
497	Response	2	7200078	8445	1
499	Picture	NT035	7219636	1166	1	7428	77	1000	8000
499	Response	1	7227063	8593	1
501	Picture	AD055	7246806	1166	1	5176	163	1000	8000
501	Response	1	7251981	6341	1
503	Picture	AD075	7271643	1166	1	4629	210	1000	8000
503	Response	1	7276270	5793	2
505	Picture	ND065	7295479	1165	1	7211	128	1000	8000
505	Response	2	7302689	8375	1
507	Picture	ND075	7323816	1165	2	7652	189	1000	8000
507	Response	1	7331467	8816	1
509	Picture	B1T015	7349486	1165	2	8000	174	1000	8000
510	Response	2	7359590	1769	1
511	Picture	AT035	7378990	1000	171	7335	172	1000	8000
511	Response	1	7386145	8155	1
513	Picture	B1D035	7405494	1000	171	6334	172	1000	8000
513	Response	2	7411672	7178	1
515	Picture	AD065	7429997	1000	171	8168	172	1000	8000
516	Response	1	7440650	2484	1
517	Picture	NT025	7459335	1166	1	6461	211	1000	8000
517	Response	1	7465795	7626	1
519	Picture	B2D025	7485838	1165	1	7411	95	1000	8000
519	Response	2	7493248	8575	1
521	Quit		7626458	113782	
