Scenario - for study
Logfile written - 2016/1/15 11:52:11

Trial	Event Type	Code	Time	TTime	Uncertainty	Duration	Uncertainty	ReqTime	ReqDur

1	Response	4	192011	192011	2
3	Picture	B2D040	198527	1000	171	5668	172	1000	8000
3	Response	1	204035	6508	1
5	Picture	ND070	225031	1000	171	8168	172	1000	8000
7	Picture	AT020	251368	1166	1	3566	108	1000	8000
7	Response	2	254932	4730	2
9	Picture	NT010	272537	1165	1	8000	173	1000	8000
11	Picture	ND060	299207	1000	171	2455	265	1000	8000
11	Response	2	301660	3453	2
13	Picture	AD050	319710	1000	171	2167	172	1000	8000
13	Response	1	321723	3013	2
15	Picture	B1D030	340713	1000	171	8168	172	1000	8000
17	Picture	B1T010	368217	1166	1	4239	103	1000	8000
17	Response	1	372455	5404	1
19	Picture	AD060	392556	1002	166	3089	273	1000	8000
19	Response	1	395643	4089	2
20	Response	2	395803	158	1
21	Picture	ND050	416390	1166	1	1936	108	1000	8000
21	Response	1	418324	3100	2
23	Picture	AT010	437893	1166	1	2020	151	1000	8000
23	Response	1	439911	3184	2
25	Picture	B2D030	460562	1165	3	2003	171	1000	8000
25	Response	1	462563	3166	2
29	Picture	B1T020	523238	1166	1	5575	104	1000	8000
29	Response	2	528812	6740	1
31	Picture	B2T010	549074	1165	2	8000	174	1000	8000
33	Picture	NT030	575411	1000	171	1500	173	1000	8000
33	Response	2	576708	2297	1
35	Picture	AT030	594414	1000	170	3167	171	1000	8000
35	Response	2	597416	4002	2
37	Picture	AD080	615750	1000	171	3000	172	1000	8000
37	Response	1	618704	3954	1
39	Picture	B1D040	637253	1000	170	3167	171	1000	8000
39	Response	1	640231	3978	1
41	Picture	B2T020	658756	1000	170	8168	171	1000	8000
43	Picture	NT040	684926	1166	1	2141	197	1000	8000
43	Response	1	687066	3306	1
45	Picture	NT020	704595	1165	1	8000	173	1000	8000
47	Picture	AT040	733766	1000	170	3922	266	1000	8000
47	Response	2	737687	4921	2
49	Picture	ND080	755269	1000	170	3000	171	1000	8000
49	Response	1	758110	3841	1
51	Picture	AD070	777105	1000	176	1947	278	1000	8000
51	Response	1	779051	2946	1
55	Picture	NT001	840447	1000	171	3667	172	1000	8000
55	Response	2	843915	4468	1
57	Picture	B1T001	862450	1000	170	2833	172	1000	8000
57	Response	2	865086	3636	2
59	Picture	B2T001	885953	1000	171	4501	172	1000	8000
59	Response	1	890297	5344	2
61	Picture	AD051	911623	1000	171	2409	271	1000	8000
61	Response	2	914031	3408	1
63	Picture	ND041	933126	1000	171	4167	172	1000	8000
63	Response	1	937135	5009	2
65	Picture	AD041	956462	1000	171	6335	172	1000	8000
67	Picture	B2D021	982466	1000	170	2667	171	1000	8000
67	Response	2	984981	3515	2
69	Picture	NT011	1005302	1000	171	3667	173	1000	8000
69	Response	1	1008795	4493	1
71	Picture	ND051	1028805	1000	171	3668	172	1000	8000
71	Response	2	1032342	4537	1
73	Picture	B1D021	1050975	1000	171	3334	172	1000	8000
73	Response	2	1054155	4180	1
75	Picture	AT001	1071644	1000	171	2582	268	1000	8000
75	Response	2	1074224	3580	2
77	Picture	AD061	1092647	1000	171	5168	172	1000	8000
77	Response	2	1097625	5978	1
81	Picture	B2T009	1158823	1000	171	5598	273	1000	8000
81	Response	2	1164419	6596	2
83	Picture	NT031	1184660	1000	170	2667	171	1000	8000
83	Response	1	1187121	3461	2
85	Picture	B1T011	1205667	1000	166	2996	167	1000	8000
85	Response	2	1208452	3785	1
87	Picture	ND061	1226670	1000	165	4083	263	1000	8000
87	Response	2	1230751	5081	2
89	Picture	AT011	1250502	1000	170	2834	171	1000	8000
89	Response	1	1253127	3625	1
91	Picture	AT031	1274010	1000	166	2162	167	1000	8000
91	Response	2	1276035	3025	1
93	Picture	NT021	1296675	1000	170	3781	268	1000	8000
93	Response	2	1300454	4779	2
95	Picture	AD071	1321511	1000	171	4168	172	1000	8000
95	Response	1	1325545	5034	2
97	Picture	B2T011	1346015	1000	171	2500	172	1000	8000
97	Response	1	1348400	3385	1
99	Picture	AT021	1365851	1000	170	2573	266	1000	8000
99	Response	2	1368423	3572	1
101	Picture	NT009	1387520	1000	171	1834	172	1000	8000
101	Response	2	1389201	2681	2
103	Picture	B1D031	1410190	1000	171	2500	172	1000	8000
103	Response	1	1412589	3399	1
107	Picture	ND071	1473032	1000	170	4667	171	1000	8000
107	Response	2	1477476	5444	2
109	Picture	ND049	1498535	1000	171	4001	172	1000	8000
109	Response	1	1502375	4840	1
111	Picture	B1D029	1522543	1000	166	4663	167	1000	8000
111	Response	2	1527073	5530	1
113	Picture	AD049	1546375	1000	170	5334	171	1000	8000
113	Response	2	1551525	6150	2
115	Picture	AT019	1572212	1000	170	2758	271	1000	8000
115	Response	1	1574969	3757	1
117	Picture	B2D031	1592381	1000	171	4000	173	1000	8000
117	Response	2	1596230	4849	1
119	Picture	AT029	1616051	1000	171	3667	172	1000	8000
119	Response	1	1619538	4487	1
121	Picture	NT029	1639721	1000	170	2277	272	1000	8000
121	Response	2	1641996	3275	2
123	Picture	B2T019	1661057	1000	171	2167	172	1000	8000
123	Response	1	1663054	2997	2
125	Picture	NT019	1684393	1000	171	2334	172	1000	8000
125	Response	2	1686515	3122	1
127	Picture	AT009	1705896	1000	171	2091	269	1000	8000
127	Response	1	1707986	3090	1
129	Picture	B1T009	1726899	1000	171	3834	172	1000	8000
129	Response	2	1730521	4622	1
133	Picture	B2D029	1790413	1000	165	5162	166	1000	8000
133	Response	1	1795402	5989	1
135	Picture	B1D022	1813077	1000	171	3501	172	1000	8000
135	Response	1	1816476	4399	2
137	Picture	AD069	1836585	1000	166	3996	167	1000	8000
137	Response	1	1840396	4811	1
139	Picture	NT002	1857922	1000	165	3495	166	1000	8000
139	Response	1	1861288	4366	1
141	Picture	ND069	1881253	1000	171	3501	172	1000	8000
141	Response	2	1884572	4319	1
143	Picture	B1D039	1903923	1000	170	3667	171	1000	8000
143	Response	2	1907443	4520	2
145	Picture	AT039	1925426	1000	170	2667	171	1000	8000
145	Response	2	1927879	3453	1
147	Picture	B2T002	1946262	1000	171	2929	271	1000	8000
147	Response	1	1949190	3928	1
149	Picture	AD079	1970098	1000	171	1834	172	1000	8000
149	Response	2	1971745	2647	1
151	Picture	NT039	1990268	1000	170	2667	171	1000	8000
151	Response	1	1992743	3475	1
153	Picture	ND059	2013938	1000	170	3340	332	1000	8000
153	Response	1	2017275	4337	2
155	Picture	AD059	2035607	1000	171	5168	172	1000	8000
155	Response	1	2040533	5926	1
159	Picture	B1T002	2101454	1000	166	5830	167	1000	8000
159	Response	1	2107178	6724	1
161	Picture	B2D039	2127453	1000	171	2930	272	1000	8000
161	Response	1	2130382	3929	1
163	Picture	NT022	2147961	1000	165	3162	166	1000	8000
163	Response	1	2150947	3986	2
165	Picture	ND079	2169792	1000	171	2000	172	1000	8000
165	Response	1	2171629	2837	1
167	Picture	ND042	2191795	1000	171	1833	173	1000	8000
167	Response	1	2193422	2627	2
169	Picture	AD042	2214464	1000	171	3168	172	1000	8000
169	Response	2	2217462	3998	1
171	Picture	AT002	2236301	1000	170	2667	171	1000	8000
171	Response	1	2238760	3459	1
173	Picture	B2D022	2259470	1000	171	2834	172	1000	8000
173	Response	1	2262180	3710	1
175	Picture	NT012	2280640	1000	171	3834	172	1000	8000
175	Response	2	2284273	4633	1
177	Picture	B1T019	2304310	1000	170	3167	171	1000	8000
177	Response	2	2307268	3958	1
179	Picture	AD052	2324979	1000	171	3167	173	1000	8000
179	Response	1	2327976	3997	1
181	Picture	AT012	2346482	1000	171	3233	273	1000	8000
181	Response	2	2349713	4231	1
185	Picture	ND062	2409324	1000	171	5334	172	1000	8000
185	Response	2	2414544	6220	1
187	Picture	AT032	2433994	1000	171	2088	272	1000	8000
187	Response	1	2436081	3087	1
189	Picture	AD062	2455997	1000	171	2500	172	1000	8000
189	Response	2	2458373	3376	2
191	Picture	AT008	2478833	1000	171	2334	172	1000	8000
191	Response	1	2481035	3202	2
193	Picture	AT022	2499836	1000	171	2001	172	1000	8000
193	Response	1	2501681	2845	1
195	Picture	B2T008	2521006	1000	170	1943	266	1000	8000
195	Response	1	2522948	2942	2
197	Picture	NT032	2542175	1000	171	3501	172	1000	8000
197	Response	2	2545537	4362	1
199	Picture	ND052	2566845	1000	171	4001	172	1000	8000
199	Response	1	2570645	4800	1
201	Picture	B1D032	2588181	1000	171	4001	172	1000	8000
201	Response	1	2592062	4881	1
203	Picture	B1T012	2612356	1000	166	2329	167	1000	8000
203	Response	2	2614491	3135	1
205	Picture	NT008	2632020	1000	171	3834	173	1000	8000
205	Response	1	2635645	4625	2
207	Picture	B2T012	2653357	1000	170	4334	171	1000	8000
207	Response	1	2657555	5198	2
211	Picture	B2D032	2717532	1000	170	4834	171	1000	8000
211	Response	1	2722243	5711	1
213	Picture	B1D028	2739702	1000	170	3667	171	1000	8000
213	Response	2	2743198	4496	1
215	Picture	AD072	2761038	1000	171	3500	173	1000	8000
215	Response	1	2764352	4314	2
217	Picture	NT018	2782541	1000	170	2834	171	1000	8000
217	Response	2	2785194	3653	1
219	Picture	B2T018	2806377	1000	171	2334	172	1000	8000
219	Response	2	2808538	3161	1
221	Picture	AT028	2827547	1000	170	3334	171	1000	8000
221	Response	1	2830701	4154	1
223	Picture	NT038	2848716	1000	172	2667	174	1000	8000
223	Response	2	2851213	3497	1
225	Picture	B1T008	2870552	1000	171	1760	270	1000	8000
225	Response	1	2872311	2759	1
227	Picture	ND072	2892889	1000	171	2767	269	1000	8000
227	Response	2	2895655	3766	1
229	Picture	NT028	2914225	1000	171	3001	172	1000	8000
229	Response	1	2917029	3804	1
231	Picture	AD048	2935067	1000	164	3161	166	1000	8000
231	Response	2	2938040	3973	1
233	Picture	AT018	2957898	1000	170	3167	171	1000	8000
233	Response	2	2960878	3980	2
237	Picture	B1D038	3020578	1000	165	5329	166	1000	8000
237	Response	2	3025776	6198	1
239	Picture	AT038	3045576	1000	171	2334	172	1000	8000
239	Response	1	3047729	3153	1
241	Picture	ND048	3067412	1000	171	2001	172	1000	8000
241	Response	2	3069236	2824	2
243	Picture	ND058	3090415	1000	171	1667	172	1000	8000
243	Response	2	3091968	2553	1
245	Picture	ND068	3109751	1000	171	4334	172	1000	8000
245	Response	2	3113981	5230	1
247	Picture	B2D028	3133588	1000	170	3500	172	1000	8000
247	Response	2	3136899	4311	1
249	Picture	B1T018	3155757	1000	171	2168	172	1000	8000
249	Response	1	3157757	3000	2
251	Picture	AD058	3178432	1000	166	3110	265	1000	8000
251	Response	2	3181541	4109	1
253	Picture	B2T003	3198930	1000	171	2834	172	1000	8000
253	Response	1	3201714	3784	1
255	Picture	AD068	3219771	1000	166	2495	168	1000	8000
255	Response	2	3222066	3295	1
257	Picture	AD078	3239935	1000	171	2591	272	1000	8000
257	Response	2	3242525	3590	1
259	Picture	NT003	3263605	1000	171	4501	172	1000	8000
259	Response	1	3267896	5291	1
263	Picture	B1D023	3327614	1000	171	4834	172	1000	8000
263	Response	2	3332297	5683	1
265	Picture	ND043	3352951	1000	171	3333	173	1000	8000
265	Response	1	3356177	4226	1
267	Picture	NT023	3376287	1000	171	3079	271	1000	8000
267	Response	1	3379365	4078	1
269	Picture	AT013	3399790	1000	171	3501	172	1000	8000
269	Response	2	3403178	4388	1
271	Picture	ND078	3422127	1000	170	4334	171	1000	8000
271	Response	2	3426266	5139	1
273	Picture	NT013	3446130	1000	169	8168	170	1000	8000
275	Picture	B2D038	3471633	1165	2	3479	194	1000	8000
275	Response	2	3475110	4642	2
277	Picture	B1T003	3494803	1166	1	3057	114	1000	8000
277	Response	1	3497859	4222	1
279	Picture	AD043	3517639	1165	2	3948	107	1000	8000
279	Response	2	3521585	5111	2
281	Picture	AD053	3539642	1165	2	4068	107	1000	8000
281	Response	2	3543708	5231	2
283	Picture	B2T013	3562479	1166	1	4438	106	1000	8000
283	Response	2	3566916	5603	1
285	Picture	AT003	3585482	1166	1	5036	136	1000	8000
285	Response	1	3590516	6200	2
289	Picture	AD063	3649824	1166	1	5578	101	1000	8000
289	Response	2	3655400	6742	2
291	Picture	NT007	3676161	1166	1	3806	199	1000	8000
291	Response	1	3679966	4971	1
293	Picture	ND053	3699997	1165	1	2346	159	1000	8000
293	Response	1	3702342	3510	1
295	Picture	B1T013	3721834	1166	1	5147	191	1000	8000
295	Response	2	3726980	6312	1
297	Picture	NT017	3744503	1165	1	3470	201	1000	8000
297	Response	1	3747971	4633	2
299	Picture	NT033	3766506	1165	1	3826	179	1000	8000
299	Response	1	3770331	4990	1
301	Picture	AT033	3790509	1165	2	3819	187	1000	8000
301	Response	1	3794327	4983	1
303	Picture	B2D023	3815513	1166	1	4405	100	1000	8000
303	Response	2	3819917	5570	1
305	Picture	B1T007	3840683	1166	1	3189	149	1000	8000
305	Response	2	3843870	4353	1
306	Response	1	3845201	1329	2
307	Picture	AT007	3862352	1165	2	2960	213	1000	8000
307	Response	1	3865311	4124	1
309	Picture	B2T007	3884022	1166	1	3140	198	1000	8000
309	Response	1	3887161	4305	1
311	Picture	AT023	3904525	1166	1	3529	142	1000	8000
311	Response	1	3908052	4693	2
315	Picture	AT017	3968533	1165	2	3117	103	1000	8000
315	Response	2	3971649	4281	1
317	Picture	ND063	3992703	1165	1	2780	104	1000	8000
317	Response	2	3995482	3944	1
319	Picture	AT027	4015373	1166	1	3315	189	1000	8000
320	Response	1	4018688	0	188
321	Picture	NT027	4039876	1165	1	5137	202	1000	8000
321	Response	1	4045012	6301	1
322	Response	1	4047554	2541	1
323	Picture	B1T017	4063046	1166	1	3448	102	1000	8000
323	Response	1	4066493	4613	1
325	Picture	AD073	4087716	1166	1	2964	207	1000	8000
325	Response	2	4090678	4128	2
327	Picture	B1D033	4108885	1165	2	6806	201	1000	8000
327	Response	2	4115690	7970	1
329	Picture	ND073	4134722	1165	1	3794	212	1000	8000
329	Response	1	4138515	4958	1
331	Picture	B2D033	4157892	1166	1	8000	173	1000	8000
331	Response	2	4165891	9165	173
333	Picture	B2T017	4184062	1000	171	4501	172	1000	8000
333	Response	1	4188457	5395	2
335	Picture	ND047	4208399	1000	170	5756	265	1000	8000
335	Response	2	4214154	6755	1
337	Picture	AD047	4234736	1000	170	4500	171	1000	8000
337	Response	2	4239106	5370	1
341	Picture	NT037	4299923	1000	159	6489	160	1000	8000
341	Response	2	4306273	7350	1
343	Picture	AD057	4324748	1000	170	5167	171	1000	8000
343	Response	2	4329800	6052	1
345	Picture	B2T004	4350751	1000	170	6668	171	1000	8000
345	Response	1	4357270	7519	2
347	Picture	ND057	4377421	1000	171	7001	173	1000	8000
347	Response	2	4384288	7867	1
349	Picture	AD077	4405592	1000	171	8168	172	1000	8000
351	Picture	B1D037	4433429	1166	1	3828	177	1000	8000
351	Response	2	4437255	4992	2
353	Picture	ND067	4456599	1166	1	3992	179	1000	8000
353	Response	1	4460590	5157	1
355	Picture	NT004	4477935	1166	1	8000	177	1000	8000
355	Response	2	4485934	9165	178
357	Picture	AD067	4505439	1000	175	6167	176	1000	8000
357	Response	2	4511554	7115	1
359	Picture	AT037	4530609	1000	170	3452	267	1000	8000
359	Response	1	4534060	4451	1
361	Picture	B2D027	4554112	1000	170	4834	171	1000	8000
361	Response	2	4558815	5703	1
363	Picture	B1D027	4577615	1000	171	7943	267	1000	8000
363	Response	2	4585556	8941	2
367	Picture	NT024	4645291	1000	192	5834	193	1000	8000
367	Response	2	4650959	6668	2
369	Picture	B2D037	4670294	1000	171	5167	173	1000	8000
369	Response	2	4675325	6031	2
371	Picture	B1D024	4693464	1000	171	3926	274	1000	8000
371	Response	2	4697388	4924	2
373	Picture	AT014	4718634	1000	171	8001	172	1000	8000
373	Response	2	4726526	8892	1
375	Picture	AT004	4747471	1000	171	7168	172	1000	8000
375	Response	1	4754492	8021	2
377	Picture	B2T014	4775808	1000	170	7001	171	1000	8000
377	Response	2	4782625	7817	1
379	Picture	AT024	4800145	1000	171	6667	175	1000	8000
379	Response	1	4806625	7480	1
381	Picture	AD044	4826648	1000	171	8168	172	1000	8000
381	Response	2	4834621	8973	1
383	Picture	NT014	4853319	1000	170	7334	171	1000	8000
383	Response	2	4860457	8138	2
385	Picture	ND044	4879655	1000	172	5168	173	1000	8000
385	Response	2	4884667	6012	1
387	Picture	B1T004	4905659	1000	171	8168	172	1000	8000
389	Picture	ND077	4931663	1166	1	4967	203	1000	8000
389	Response	2	4936629	6132	1
393	Picture	ND064	4998005	1166	1	5214	124	1000	8000
393	Response	2	5003217	6378	2
395	Picture	AD074	5022008	1165	1	4605	109	1000	8000
395	Response	2	5026611	5768	2
397	Picture	NT034	5045678	1166	1	4485	186	1000	8000
397	Response	1	5050162	5650	1
399	Picture	B2D024	5067848	1166	1	4970	201	1000	8000
399	Response	2	5072817	6135	1
401	Picture	AD064	5090350	1165	2	8000	174	1000	8000
403	Picture	AT034	5118021	1000	171	8001	172	1000	8000
403	Response	2	5125924	8903	2
405	Picture	NT006	5144358	1000	170	4500	171	1000	8000
405	Response	1	5148673	5315	1
407	Picture	AD054	5166361	1000	170	8167	172	1000	8000
408	Response	1	5174529	0	175
409	Picture	B1T014	5194865	1166	1	6680	158	1000	8000
409	Response	2	5201544	7845	1
411	Picture	B1D034	5220868	1166	1	7515	157	1000	8000
411	Response	1	5228382	8680	1
413	Picture	ND054	5246705	1166	1	5841	164	1000	8000
413	Response	2	5252545	7006	1
415	Picture	B2T006	5270375	1166	1	8000	172	1000	8000
416	Response	2	5280371	1662	1
419	Picture	B1D026	5340551	1000	170	6586	274	1000	8000
419	Response	2	5347136	7585	1
421	Picture	ND074	5366054	1000	171	4501	172	1000	8000
421	Response	2	5370436	5382	2
423	Picture	B2T016	5389724	1000	171	7001	172	1000	8000
423	Response	1	5396513	7789	1
425	Picture	AD046	5416066	1000	165	8163	166	1000	8000
426	Response	1	5424829	599	1
427	Picture	NT026	5444065	1166	1	8000	172	1000	8000
428	Response	2	5452475	76	2
429	Picture	AT016	5470068	1000	171	7501	172	1000	8000
429	Response	1	5477380	8312	1
431	Picture	B1T006	5497572	1000	170	5834	171	1000	8000
431	Response	1	5503217	6645	1
433	Picture	ND046	5522075	1000	171	8168	172	1000	8000
434	Response	2	5530504	260	1
435	Picture	NT016	5549912	1166	1	6410	104	1000	8000
435	Response	2	5556321	7575	1
437	Picture	AD056	5574582	1166	1	6705	134	1000	8000
437	Response	2	5581285	7869	2
439	Picture	AT006	5602086	1166	1	6049	123	1000	8000
439	Response	1	5608134	7214	1
441	Picture	B2D034	5629256	1166	1	8000	172	1000	8000
441	Response	2	5637256	9166	171
445	Picture	B1T016	5696603	1000	166	7330	167	1000	8000
445	Response	2	5703769	8166	2
447	Picture	AT026	5722102	1000	170	5834	171	1000	8000
447	Response	1	5727746	6644	1
449	Picture	B2D026	5745272	1000	170	5077	272	1000	8000
449	Response	2	5750348	6076	1
451	Picture	ND056	5771280	1000	166	6996	167	1000	8000
451	Response	2	5778124	7844	1
453	Picture	ND066	5797112	1000	171	4614	272	1000	8000
453	Response	2	5801725	5613	1
455	Picture	B2T005	5820782	1000	170	7667	172	1000	8000
455	Response	1	5828253	8471	2
457	Picture	AT036	5848619	1000	171	5001	172	1000	8000
457	Response	1	5853454	5835	2
459	Picture	AD066	5870955	1000	171	5592	268	1000	8000
459	Response	2	5876545	6590	2
461	Picture	NT036	5895792	1000	170	8167	341	1000	8000
461	Response	2	5903791	8999	168
463	Picture	AT005	5922295	1165	2	4877	129	1000	8000
463	Response	1	5927170	6040	2
465	Picture	NT005	5947466	1166	1	6903	102	1000	8000
465	Response	2	5954368	8068	1
467	Picture	B1D036	5972302	1166	1	6553	119	1000	8000
467	Response	2	5978853	7717	2
471	Picture	B1D025	6038311	1166	1	6177	161	1000	8000
471	Response	2	6044486	7341	2
473	Picture	ND045	6064981	1165	1	5773	107	1000	8000
473	Response	2	6070752	6936	2
475	Picture	B2D036	6088984	1165	2	5000	173	1000	8000
475	Response	2	6093983	6164	1
477	Picture	AT015	6112321	1166	1	5726	112	1000	8000
477	Response	1	6118046	6891	1
479	Picture	AD045	6138825	1166	1	8000	171	1000	8000
479	Response	1	6146824	9165	171
481	Picture	ND076	6167495	1000	171	8168	172	1000	8000
482	Response	2	6175952	288	1
483	Picture	AD076	6194999	1166	1	7610	105	1000	8000
483	Response	1	6202607	8774	2
485	Picture	NT015	6221502	1165	1	7479	193	1000	8000
485	Response	2	6228980	8643	1
487	Picture	B2T015	6250173	1166	1	5609	104	1000	8000
487	Response	1	6255781	6774	1
489	Picture	AT025	6276843	1166	1	5631	207	1000	8000
489	Response	1	6282473	6796	1
491	Picture	ND055	6301513	1166	1	7403	102	1000	8000
491	Response	2	6308915	8568	1
493	Picture	B1T005	6327350	1166	1	5290	215	1000	8000
493	Response	1	6332639	6455	1
497	Picture	NT035	6392692	1166	1	7182	156	1000	8000
497	Response	2	6399872	8346	1
499	Picture	B1T015	6417695	1165	1	5533	139	1000	8000
499	Response	1	6423226	6696	2
501	Picture	AD075	6443865	1165	2	5872	135	1000	8000
501	Response	1	6449735	7035	1
503	Picture	NT025	6468535	1165	2	5474	199	1000	8000
503	Response	2	6474008	6638	1
505	Picture	AD065	6494706	1166	1	8000	172	1000	8000
506	Response	1	6506450	3572	1
507	Picture	ND075	6523876	1000	170	5919	270	1000	8000
507	Response	2	6529794	6918	1
509	Picture	ND065	6549213	1000	170	5834	171	1000	8000
509	Response	2	6554921	6708	3
511	Picture	B1D035	6575550	1000	170	5834	171	1000	8000
511	Response	2	6581250	6700	2
513	Picture	AD055	6602553	1000	171	5668	172	1000	8000
513	Response	1	6608052	6499	2
515	Picture	B2D025	6625890	1000	171	6834	172	1000	8000
515	Response	2	6632581	7691	1
517	Picture	AT035	6651060	1000	170	6001	171	1000	8000
517	Response	1	6656874	6814	1
519	Picture	B2D035	6674563	1000	171	7001	172	1000	8000
519	Response	2	6681409	7846	1
521	Quit		6823600	123367	
