Scenario - for study
Logfile written - 2016/1/16 18:07:20

Trial	Event Type	Code	Time	TTime	Uncertainty	Duration	Uncertainty	ReqTime	ReqDur

1	Response	4	935669	935669	2
3	Picture	ND070	942132	1000	171	8168	172	1000	8000
4	Response	2	952508	2207	1
5	Picture	ND060	971303	1166	1	8000	173	1000	8000
6	Response	2	987160	7523	1
7	Picture	B2D030	998307	1000	170	8167	172	1000	8000
8	Response	2	1021505	15030	2
9	Picture	B1T010	1025310	1165	2	8000	174	1000	8000
10	Response	1	1036108	2463	1
11	Picture	AD050	1051981	1000	176	8168	177	1000	8000
12	Response	1	1062743	2593	1
13	Picture	NT010	1079485	1166	1	8000	173	1000	8000
15	Picture	ND050	1105655	1000	171	8168	172	1000	8000
16	Response	2	1114666	842	1
17	Picture	B1D030	1134492	1165	2	7110	103	1000	8000
17	Response	2	1141600	8273	2
19	Picture	AD060	1160663	1166	1	8000	173	1000	8000
20	Response	1	1169314	478	2
21	Picture	AT020	1187666	1000	171	8168	172	1000	8000
22	Response	1	1199720	3885	1
23	Picture	B2D040	1214003	1165	2	8000	174	1000	8000
24	Response	2	1223294	1118	1
25	Picture	AT010	1241007	1000	171	7001	172	1000	8000
25	Response	1	1247819	7812	1
29	Picture	B1D040	1308850	1000	171	8834	173	1000	8000
30	Response	1	1322570	4885	2
31	Picture	NT040	1335187	1166	1	8000	173	1000	8000
32	Response	2	1345811	2451	2
33	Picture	NT020	1363024	1000	171	8168	172	1000	8000
34	Response	2	1372037	844	2
35	Picture	B1T020	1390361	1165	2	7351	156	1000	8000
35	Response	1	1397711	8515	1
37	Picture	AT030	1415365	1166	1	6517	155	1000	8000
37	Response	1	1421880	7681	2
39	Picture	B2T020	1439868	1165	1	7551	122	1000	8000
39	Response	2	1447418	8715	1
41	Picture	ND080	1468205	1165	2	8000	174	1000	8000
42	Response	2	1476672	132	1
43	Picture	B2T010	1495709	1000	171	8168	172	1000	8000
44	Response	1	1504984	1106	2
45	Picture	AD070	1522046	1165	2	8000	174	1000	8000
46	Response	1	1536927	6546	2
47	Picture	AT040	1549217	1000	171	8168	172	1000	8000
48	Response	1	1558049	663	1
49	Picture	NT030	1577387	1165	2	8000	174	1000	8000
50	Response	2	1586528	806	1
51	Picture	AD080	1602896	1000	166	7496	167	1000	8000
51	Response	1	1610344	8448	2
55	Picture	ND051	1669067	1000	171	8168	172	1000	8000
56	Response	1	1678953	1717	1
57	Picture	B1T001	1696737	1165	2	8000	174	1000	8000
58	Response	1	1705508	436	1
59	Picture	AD061	1722741	1000	173	8168	174	1000	8000
60	Response	2	1732985	2075	1
61	Picture	B2T001	1749578	1166	1	7621	101	1000	8000
61	Response	1	1757198	8786	1
63	Picture	AT001	1776915	1165	1	6766	108	1000	8000
63	Response	1	1783680	7930	1
65	Picture	B2D021	1801085	1165	1	8000	173	1000	8000
66	Response	1	1810878	1458	1
67	Picture	B1D021	1829422	1000	172	7111	271	1000	8000
67	Response	2	1836531	8109	2
69	Picture	NT001	1856426	1000	171	8168	172	1000	8000
70	Response	2	1873699	9104	1
71	Picture	ND041	1881930	1166	1	8000	173	1000	8000
72	Response	2	1898331	8067	1
73	Picture	NT011	1907767	1000	171	7834	172	1000	8000
73	Response	2	1915409	8642	1
75	Picture	AD051	1934104	1000	171	6667	173	1000	8000
75	Response	1	1940723	7619	2
77	Picture	AD041	1958440	1000	171	8002	172	1000	8000
77	Response	1	1966294	8854	1
81	Picture	NT009	2024121	1000	166	8163	337	1000	8000
81	Response	1	2032120	8999	164
83	Picture	NT031	2051453	1165	2	8000	174	1000	8000
84	Response	2	2061631	1843	1
85	Picture	AT021	2077290	1000	171	6668	172	1000	8000
85	Response	1	2083747	7457	1
87	Picture	ND061	2102294	1000	171	8168	172	1000	8000
88	Response	2	2111227	764	2
89	Picture	B2T009	2128964	1165	1	8000	173	1000	8000
89	Response	1	2136963	9164	173
91	Picture	B1T011	2156467	1000	172	7502	173	1000	8000
91	Response	2	2163829	8362	1
93	Picture	AT011	2183805	1000	171	8168	172	1000	8000
94	Response	2	2191974	0	175
95	Picture	AT031	2211309	1166	1	7576	107	1000	8000
95	Response	1	2218884	8741	1
97	Picture	NT021	2238146	1166	1	8000	173	1000	8000
98	Response	1	2247842	1523	1
99	Picture	B2T011	2265150	1000	171	8001	172	1000	8000
99	Response	2	2273016	8866	1
101	Picture	B1D031	2292820	1000	171	8168	172	1000	8000
102	Response	2	2303368	2379	2
103	Picture	AD071	2320158	1166	1	7727	112	1000	8000
103	Response	1	2327884	8892	1
107	Picture	ND071	2388167	1166	1	7558	114	1000	8000
107	Response	2	2395723	8722	2
109	Picture	B1D029	2415504	1165	1	6204	135	1000	8000
109	Response	2	2421707	7368	1
111	Picture	AT009	2439841	1166	1	8000	173	1000	8000
112	Response	1	2448013	-1	164
113	Picture	NT029	2465350	1000	165	7162	166	1000	8000
113	Response	2	2472465	8115	1
115	Picture	AT019	2492848	1000	171	6168	172	1000	8000
115	Response	1	2498861	7013	1
117	Picture	B1T009	2516685	1000	171	8168	172	1000	8000
118	Response	1	2527226	2372	2
119	Picture	ND049	2542355	1165	1	6327	179	1000	8000
119	Response	2	2548680	7490	2
121	Picture	NT019	2566359	1166	1	8000	172	1000	8000
122	Response	2	2576467	1936	1
123	Picture	B2T019	2595529	1000	171	7501	172	1000	8000
123	Response	2	2602906	8377	1
125	Picture	B2D031	2623366	1000	171	7668	172	1000	8000
125	Response	1	2630876	8510	1
127	Picture	AT029	2652370	1000	171	8168	173	1000	8000
128	Response	1	2664237	3698	1
129	Picture	AD049	2678874	1165	1	8000	173	1000	8000
130	Response	1	2690915	3706	1
133	Picture	AD059	2745396	1000	158	7989	159	1000	8000
133	Response	2	2753251	8855	1
135	Picture	B2D029	2771554	1000	171	8001	172	1000	8000
135	Response	2	2779390	8836	1
137	Picture	AT039	2797224	1000	171	8168	172	1000	8000
138	Response	1	2806082	689	1
139	Picture	B1D039	2824228	1166	1	6657	182	1000	8000
139	Response	2	2830884	7822	1
141	Picture	NT039	2851064	1165	3	8000	176	1000	8000
142	Response	2	2860341	1103	1
142	Response	3	2864790	5552	1
143	Picture	ND059	2879902	1000	171	8168	172	1000	8000
144	Response	2	2888604	533	1
145	Picture	ND069	2908240	1166	1	7223	115	1000	8000
145	Response	2	2915462	8388	1
147	Picture	AD079	2933910	1166	1	8000	173	1000	8000
148	Response	1	2946141	3897	1
149	Picture	B2T002	2960913	1000	171	8168	172	1000	8000
150	Response	2	2970027	945	1
151	Picture	NT002	2989417	1165	2	8000	174	1000	8000
152	Response	2	3002639	5049	1
153	Picture	AD069	3016588	1000	170	8168	171	1000	8000
154	Response	2	3028246	3489	1
155	Picture	B1D022	3045259	1166	1	8000	172	1000	8000
156	Response	2	3054572	979	2
159	Picture	AT002	3113601	1000	172	8168	173	1000	8000
160	Response	2	3128977	7207	1
161	Picture	AD042	3140272	1166	1	6783	101	1000	8000
161	Response	2	3147053	7947	2
163	Picture	ND042	3166442	1166	1	7790	216	1000	8000
163	Response	2	3174231	8955	1
165	Picture	ND079	3192613	1166	1	7214	125	1000	8000
165	Response	2	3199825	8378	1
167	Picture	B2D039	3217449	1165	1	8000	173	1000	8000
168	Response	1	3226208	424	1
169	Picture	B1T002	3244953	1000	170	8168	171	1000	8000
169	Response	2	3252933	8980	1
171	Picture	B1T019	3270623	1000	171	8168	172	1000	8000
172	Response	2	3282486	3694	2
173	Picture	B2D022	3297460	1165	2	8000	175	1000	8000
174	Response	2	3307990	2195	1
175	Picture	AD052	3324797	1000	171	8168	173	1000	8000
176	Response	1	3333448	482	1
177	Picture	NT022	3352968	1165	1	7016	156	1000	8000
177	Response	2	3359983	8180	1
179	Picture	AT012	3380305	1165	2	8000	174	1000	8000
180	Response	2	3392515	3875	1
181	Picture	NT012	3406142	1000	171	7668	172	1000	8000
181	Response	2	3413640	8498	1
185	Picture	AT008	3475157	1000	166	7829	167	1000	8000
185	Response	2	3482857	8700	1
187	Picture	AD062	3500322	1000	171	8168	172	1000	8000
188	Response	2	3512511	4020	1
189	Picture	AT032	3529326	1166	1	8000	173	1000	8000
190	Response	2	3541019	3520	2
191	Picture	AT022	3556163	1000	171	6501	172	1000	8000
191	Response	1	3562460	7297	2
193	Picture	B1T012	3580166	1000	171	8168	172	1000	8000
194	Response	1	3588553	218	2
195	Picture	ND052	3608837	1166	1	6639	200	1000	8000
195	Response	2	3615475	7804	1
197	Picture	B2T008	3633341	1166	1	6068	106	1000	8000
197	Response	1	3639408	7233	1
199	Picture	B2T012	3659677	1165	2	7745	110	1000	8000
199	Response	2	3667421	8909	1
201	Picture	B1D032	3687348	1166	1	8000	173	1000	8000
202	Response	1	3697577	1894	1
203	Picture	ND062	3714852	1000	171	8168	172	1000	8000
204	Response	2	3737450	14429	1
205	Picture	NT008	3742522	1165	2	8000	174	1000	8000
206	Response	2	3751550	693	1
207	Picture	NT032	3770359	1000	171	5931	275	1000	8000
207	Response	2	3776288	6929	2
211	Picture	NT028	3837202	1000	171	8168	172	1000	8000
212	Response	2	3848457	3086	2
213	Picture	AT028	3865373	1166	1	7525	147	1000	8000
213	Response	1	3872896	8689	2
215	Picture	AD048	3893210	1166	1	7621	101	1000	8000
215	Response	2	3900829	8785	2
217	Picture	NT018	3919714	1166	1	8000	173	1000	8000
218	Response	1	3929448	1400	2
219	Picture	AT018	3945384	1000	174	6834	175	1000	8000
219	Response	1	3952114	7730	1
221	Picture	B1D028	3971554	1000	171	7432	269	1000	8000
221	Response	2	3978985	8431	1
223	Picture	NT038	3996558	1000	171	8168	172	1000	8000
224	Response	2	4007933	3206	1
225	Picture	AD072	4023061	1165	2	8000	174	1000	8000
226	Response	2	4039783	8549	1
227	Picture	B1T008	4051571	1000	165	8162	166	1000	8000
228	Response	2	4064911	5177	1
229	Picture	ND072	4079069	1165	1	8000	173	1000	8000
230	Response	2	4089520	2116	1
231	Picture	B2D032	4108407	1000	170	8167	172	1000	8000
232	Response	2	4116795	220	1
233	Picture	B2T018	4136577	1165	2	8000	174	1000	8000
234	Response	2	4146151	1239	2
237	Picture	B1D038	4205587	1000	172	8168	173	1000	8000
238	Response	2	4215459	1703	1
239	Picture	AD078	4231424	1166	1	6449	105	1000	8000
239	Response	2	4237871	7613	1
241	Picture	AD058	4256761	1166	1	8000	173	1000	8000
242	Response	1	4265282	187	1
243	Picture	AT038	4283098	1000	171	5667	172	1000	8000
243	Response	1	4288643	6545	1
245	Picture	AD068	4307934	1000	171	6668	172	1000	8000
245	Response	2	4314469	7535	2
247	Picture	B2D028	4332938	1000	171	6834	172	1000	8000
247	Response	2	4339667	7729	1
249	Picture	NT003	4359608	1000	171	8168	172	1000	8000
250	Response	2	4368151	374	2
251	Picture	B1T018	4387279	1166	1	8000	173	1000	8000
252	Response	2	4397047	1434	2
253	Picture	ND058	4413616	1000	171	8167	342	1000	8000
253	Response	2	4421615	8999	168
255	Picture	B2T003	4441120	1166	1	6534	138	1000	8000
255	Response	1	4447653	7699	1
257	Picture	ND048	4468624	1166	1	7183	161	1000	8000
257	Response	2	4475805	8347	2
259	Picture	ND068	4493460	1165	1	5658	181	1000	8000
259	Response	2	4499116	6821	2
263	Picture	B2D038	4559970	1166	1	8000	173	1000	8000
264	Response	2	4568354	50	1
265	Picture	B2T013	4585973	1000	171	8168	172	1000	8000
266	Response	2	4600513	6371	1
267	Picture	ND043	4614811	1166	1	7973	199	1000	8000
267	Response	2	4622782	9137	2
269	Picture	AT013	4642981	1166	1	8000	173	1000	8000
270	Response	1	4655687	4533	2
271	Picture	AD043	4669485	1000	171	7858	370	1000	8000
271	Response	2	4677337	8852	6
273	Picture	B1T003	4696155	1000	171	8168	172	1000	8000
274	Response	2	4704324	0	170
275	Picture	NT013	4722326	1166	1	6626	213	1000	8000
275	Response	2	4728951	7791	1
277	Picture	ND078	4747496	1166	1	7832	173	1000	8000
277	Response	2	4755327	8997	1
279	Picture	B1D023	4774833	1166	1	6332	173	1000	8000
279	Response	2	4781163	7496	2
281	Picture	AD053	4799336	1165	1	5396	110	1000	8000
281	Response	2	4804731	6560	1
283	Picture	NT023	4824840	1166	1	8000	173	1000	8000
284	Response	2	4835359	2185	1
285	Picture	AT003	4853344	1000	171	7501	172	1000	8000
285	Response	1	4860647	8303	1
289	Picture	NT007	4918853	1000	171	7334	172	1000	8000
289	Response	2	4925994	8141	1
291	Picture	ND053	4945523	1000	171	8168	172	1000	8000
292	Response	2	4953692	0	170
293	Picture	NT017	4972527	1166	1	8000	173	1000	8000
294	Response	2	4983378	2517	1
295	Picture	AT007	4999531	1000	171	5834	172	1000	8000
295	Response	2	5005298	6767	1
297	Picture	AT023	5025701	1000	176	8168	177	1000	8000
298	Response	1	5035407	1537	2
299	Picture	B2D023	5051538	1166	1	8000	173	1000	8000
300	Response	2	5060415	704	2
301	Picture	AT033	5080547	1000	166	7829	168	1000	8000
301	Response	1	5088245	8698	2
303	Picture	B2T007	5108879	1000	171	8001	173	1000	8000
303	Response	2	5116688	8809	1
305	Picture	B1T007	5135216	1000	171	5834	173	1000	8000
305	Response	2	5140847	6631	1
307	Picture	NT033	5158719	1000	172	8168	174	1000	8000
308	Response	1	5167283	395	1
309	Picture	B1T013	5187724	1166	1	8000	172	1000	8000
310	Response	1	5196145	248	2
311	Picture	AD063	5215727	1000	171	7590	268	1000	8000
311	Response	2	5223316	8589	1
315	Picture	AT017	5282409	1000	165	8162	166	1000	8000
316	Response	1	5300373	9801	1
317	Picture	AT027	5309574	1166	1	7616	105	1000	8000
317	Response	1	5317188	8780	2
319	Picture	B1D033	5337911	1165	1	7372	134	1000	8000
319	Response	2	5345281	8535	2
321	Picture	ND047	5365415	1166	1	8000	173	1000	8000
322	Response	2	5377896	4146	2
323	Picture	AD073	5394419	1000	171	5612	268	1000	8000
323	Response	2	5400029	6610	2
325	Picture	NT027	5420997	1575	96	8094	97	1000	8000
326	Response	1	5429969	877	1
327	Picture	ND063	5448760	1166	1	6614	107	1000	8000
327	Response	2	5455373	7779	1
329	Picture	B2D033	5474264	1166	1	8000	173	1000	8000
330	Response	2	5483942	1344	1
331	Picture	AD047	5500267	1000	171	7001	172	1000	8000
331	Response	1	5507070	7803	1
333	Picture	ND073	5527771	1000	171	8168	172	1000	8000
334	Response	2	5536670	730	2
335	Picture	B2T017	5555275	1166	1	8000	173	1000	8000
336	Response	1	5564031	583	2
338	Response	1	5601415	19746	1
341	Picture	B1D037	5643120	1165	2	8000	174	1000	8000
342	Response	2	5655431	4138	1
343	Picture	ND057	5670796	1000	166	6162	167	1000	8000
343	Response	2	5676829	7033	1
345	Picture	B1D027	5698128	1000	171	8001	172	1000	8000
345	Response	2	5706020	8892	1
347	Picture	ND067	5727132	1000	171	5834	172	1000	8000
347	Response	2	5732815	6683	1
349	Picture	AT037	5750302	1000	171	7668	172	1000	8000
349	Response	1	5757763	8461	1
351	Picture	AD077	5778977	1000	166	8163	168	1000	8000
352	Response	1	5790605	3464	1
353	Picture	NT037	5804809	1165	2	8000	174	1000	8000
354	Response	2	5813430	286	2
355	Picture	B2D027	5831146	1000	171	8168	172	1000	8000
356	Response	2	5840498	1183	1
357	Picture	AD057	5859150	1165	2	5489	185	1000	8000
357	Response	2	5864637	6652	1
359	Picture	NT004	5882654	1166	1	8000	173	1000	8000
360	Response	2	5893319	2331	1
361	Picture	AD067	5911991	1000	171	8168	172	1000	8000
362	Response	1	5920160	0	170
363	Picture	B2T004	5939662	1166	1	8000	172	1000	8000
364	Response	2	5948150	154	2
367	Picture	AD044	6008504	1000	171	8168	172	1000	8000
368	Response	2	6019042	2369	1
369	Picture	AT004	6034008	1166	1	6233	106	1000	8000
369	Response	2	6040239	7397	2
371	Picture	B1T004	6057845	1166	1	7297	208	1000	8000
371	Response	2	6065141	8462	1
373	Picture	ND077	6082515	1166	1	6723	116	1000	8000
373	Response	2	6089237	7888	1
375	Picture	AT024	6110185	1165	2	8000	174	1000	8000
376	Response	1	6118357	-1	164
377	Picture	B2D037	6139023	1000	171	6249	271	1000	8000
377	Response	2	6145270	7247	1
379	Picture	NT024	6166360	1000	171	8168	172	1000	8000
380	Response	2	6174994	465	1
380	Response	3	6177949	3420	1
381	Picture	ND044	6195197	1165	1	7125	214	1000	8000
381	Response	1	6202321	8289	1
383	Picture	B1D024	6221701	1499	1	8000	173	1000	8000
384	Response	2	6231379	1344	1
385	Picture	AT014	6251205	1000	171	8168	172	1000	8000
386	Response	1	6261049	1675	2
387	Picture	NT014	6276709	1166	1	8000	172	1000	8000
388	Response	2	6285904	861	2
389	Picture	B2T014	6306212	1000	171	7920	270	1000	8000
389	Response	2	6314130	8918	2
393	Picture	B2T006	6373388	1000	172	8168	174	1000	8000
394	Response	1	6382366	809	1
395	Picture	AD074	6402393	1166	1	6989	183	1000	8000
395	Response	1	6409381	8154	1
397	Picture	AD054	6430063	1165	1	6647	192	1000	8000
397	Response	2	6436708	7810	2
399	Picture	B2D024	6456900	1165	2	8000	174	1000	8000
400	Response	2	6465726	491	1
401	Picture	B1D034	6483070	1000	172	8168	174	1000	8000
402	Response	2	6494132	2893	1
403	Picture	B1T014	6508741	1166	1	8000	173	1000	8000
404	Response	2	6520624	3549	1
405	Picture	NT006	6538245	1000	171	8168	172	1000	8000
406	Response	2	6557429	11015	1
407	Picture	ND064	6565915	1165	2	8000	174	1000	8000
408	Response	2	6585442	11354	1
409	Picture	NT034	6592086	1000	171	8168	172	1000	8000
410	Response	2	6604108	3853	1
411	Picture	ND054	6618423	1166	1	8000	173	1000	8000
412	Response	2	6628796	2200	1
413	Picture	AD064	6645093	1000	171	8168	172	1000	8000
414	Response	2	6656084	2822	1
415	Picture	AT034	6672764	1166	1	8000	172	1000	8000
416	Response	2	6689501	8403	1
419	Picture	NT026	6741612	1000	165	7662	166	1000	8000
419	Response	2	6749091	8479	1
421	Picture	B2T016	6770444	1000	171	8168	172	1000	8000
422	Response	2	6781567	2954	1
422	Response	3	6785217	6604	1
423	Picture	NT016	6799781	1165	2	8000	174	1000	8000
423	Response	2	6807780	9164	174
425	Picture	B2D034	6827285	1000	171	8001	339	1000	8000
426	Response	2	6838781	3326	1
427	Picture	ND074	6852789	1166	1	8000	173	1000	8000
428	Response	2	6864581	3458	1
429	Picture	AT016	6881126	1000	171	8168	172	1000	8000
430	Response	1	6891879	2584	1
431	Picture	B1D026	6908963	1165	1	8000	173	1000	8000
432	Response	2	6920604	3306	1
433	Picture	B1T006	6935800	1000	171	8168	172	1000	8000
434	Response	2	6951498	7529	2
435	Picture	AD056	6962971	1166	1	8000	172	1000	8000
436	Response	1	6977775	6470	1
437	Picture	AD046	6989641	1000	171	8168	172	1000	8000
438	Response	1	7003664	5854	2
439	Picture	ND046	7018812	1166	1	8000	173	1000	8000
440	Response	2	7036666	9520	1
441	Picture	AT006	7047149	1000	171	8168	172	1000	8000
442	Response	1	7058300	2982	1
445	Picture	AT026	7114825	1165	1	8000	173	1000	8000
446	Response	1	7127720	4560	1
447	Picture	B1D036	7144162	1000	171	8168	173	1000	8000
448	Response	2	7157663	5332	1
449	Picture	AD066	7169833	1166	1	8000	173	1000	8000
450	Response	1	7181184	3178	1
451	Picture	NT005	7198335	1000	173	8170	174	1000	8000
452	Response	2	7217363	10857	2
453	Picture	ND056	7226341	1166	1	8000	173	1000	8000
454	Response	2	7239829	5154	1
455	Picture	B1T016	7252511	1000	171	8168	172	1000	8000
456	Response	2	7272238	11558	1
457	Picture	AT036	7280515	1166	1	8000	173	1000	8000
458	Response	2	7293236	4387	1
459	Picture	AT005	7308519	1000	171	8168	172	1000	8000
460	Response	2	7321042	4354	3
461	Picture	B2D026	7337690	1166	1	8000	172	1000	8000
462	Response	1	7350244	4220	1
463	Picture	NT036	7365360	1000	171	8168	172	1000	8000
464	Response	2	7376895	3366	2
465	Picture	ND066	7391030	1165	2	8000	174	1000	8000
466	Response	2	7401604	2239	1
467	Picture	B2T005	7417367	1000	171	8168	172	1000	8000
468	Response	2	7433780	8244	1
471	Picture	AD045	7485377	1166	1	8000	173	1000	8000
472	Response	1	7497330	3619	2
473	Picture	AT025	7512047	1000	171	8168	172	1000	8000
474	Response	1	7524232	4016	1
475	Picture	B1D025	7540551	1166	1	8000	173	1000	8000
476	Response	2	7554032	5146	1
477	Picture	ND076	7567888	1000	171	8168	172	1000	8000
478	Response	2	7579126	3069	2
479	Picture	ND045	7596892	1165	1	8000	173	1000	8000
480	Response	2	7611629	6402	1
481	Picture	B2D036	7624063	1000	170	8168	171	1000	8000
482	Response	2	7635925	3693	1
483	Picture	NT015	7650400	1166	1	8000	172	1000	8000
484	Response	2	7665405	6671	1
485	Picture	B2T015	7678904	1000	171	8167	173	1000	8000
486	Response	2	7689977	2905	1
487	Picture	ND055	7706908	1166	1	8000	173	1000	8000
488	Response	2	7720073	4831	2
489	Picture	B1T005	7736412	1000	170	8167	172	1000	8000
490	Response	2	7748180	3599	1
491	Picture	AD076	7763582	1166	1	8000	173	1000	8000
492	Response	2	7774765	2848	1
493	Picture	AT015	7790424	1000	166	8163	167	1000	8000
494	Response	1	7804010	5422	1
497	Picture	ND075	7860096	1166	1	8000	172	1000	8000
498	Response	2	7870585	2155	1
499	Picture	AD075	7885766	1000	171	8168	172	1000	8000
500	Response	1	7898108	4173	2
501	Picture	B1T015	7914103	1166	1	8000	172	1000	8000
502	Response	2	7927795	5357	2
503	Picture	B1D035	7942774	1000	170	6501	171	1000	8000
503	Response	2	7949159	7385	2
505	Picture	AD065	7970111	1000	171	8168	172	1000	8000
506	Response	1	7983102	4822	2
507	Picture	NT035	7996948	1166	1	8000	173	1000	8000
508	Response	2	8008583	3462	1
509	Picture	AD055	8022725	1274	367	8061	368	1000	8000
510	Response	2	8036493	5706	1
511	Picture	AT035	8048788	1165	2	8000	174	1000	8000
512	Response	2	8063288	6165	1
512	Response	3	8067135	10012	1
513	Picture	NT025	8075292	1000	171	8168	172	1000	8000
514	Response	2	8088679	5218	1
515	Picture	ND065	8104630	1166	1	8000	172	1000	8000
516	Response	2	8117374	4572	1
517	Picture	B2D035	8131467	1000	171	8167	173	1000	8000
518	Response	2	8142213	2578	1
519	Picture	B2D025	8159471	1166	1	6733	105	1000	8000
519	Response	2	8166202	7897	2
