Scenario - for study
Logfile written - 2016/1/17 10:47:06

Trial	Event Type	Code	Time	TTime	Uncertainty	Duration	Uncertainty	ReqTime	ReqDur

1	Response	4	30804	30804	1
3	Picture	AT010	37172	1000	171	8168	173	1000	8000
4	Response	1	59422	14081	2
5	Picture	B2D030	63343	1166	1	7059	113	1000	8000
7	Picture	ND060	89847	1166	1	8000	172	1000	8000
9	Picture	AD050	116017	1000	171	8168	172	1000	8000
10	Response	1	130323	6137	2
11	Picture	ND070	145354	1165	2	7459	215	1000	8000
11	Response	1	152812	8623	1
13	Picture	NT010	172025	1166	1	8000	173	1000	8000
14	Response	1	182392	2033	2
15	Picture	ND050	199028	1000	170	8168	171	1000	8000
16	Response	1	210243	3046	1
17	Picture	B2D040	225032	1166	1	5304	202	1000	8000
17	Response	1	230335	6469	2
19	Picture	B1D030	251036	1166	1	7423	83	1000	8000
19	Response	1	258458	8588	1
21	Picture	B1T010	276539	1165	2	7654	187	1000	8000
21	Response	1	284192	8818	1
23	Picture	AT020	302876	1165	2	5998	176	1000	8000
24	Response	1	313043	4169	1
25	Picture	AD060	330047	1166	1	6568	104	1000	8000
26	Response	1	339482	2867	1
29	Picture	AD070	396056	1166	1	8000	172	1000	8000
30	Response	1	406360	2131	1
31	Picture	NT030	422398	1000	166	6996	167	1000	8000
32	Response	1	432945	3551	2
33	Picture	B2T020	447396	1000	171	8168	172	1000	8000
34	Response	2	463184	7619	2
35	Picture	ND080	476067	1166	1	8000	173	1000	8000
36	Response	2	491474	7235	1
37	Picture	NT020	504404	1000	171	8168	172	1000	8000
38	Response	2	519490	6917	1
39	Picture	B1T020	531742	1166	1	8000	173	1000	8000
40	Response	1	545636	5560	1
41	Picture	AT040	560579	1000	171	8168	172	1000	8000
42	Response	1	576637	7889	2
43	Picture	AD080	587416	1166	1	7765	74	1000	8000
43	Response	1	595180	8930	1
45	Picture	B2T010	614253	1166	1	8000	173	1000	8000
46	Response	3	625119	2531	1
46	Response	1	628218	5630	1
47	Picture	AT030	643757	1000	171	8168	172	1000	8000
48	Response	1	654637	2711	1
49	Picture	NT040	671094	1165	2	7424	83	1000	8000
49	Response	1	678517	8588	1
51	Picture	B1D040	698598	1165	1	5150	189	1000	8000
52	Response	1	704493	745	1
55	Picture	B1D021	762607	1165	1	8000	173	1000	8000
57	Picture	B2D021	789949	1000	171	8163	172	1000	8000
58	Response	1	805310	7195	2
59	Picture	AT001	815948	1166	1	6741	98	1000	8000
59	Response	1	822688	7906	1
61	Picture	NT001	840785	1166	1	8000	173	1000	8000
62	Response	2	856624	7666	1
63	Picture	NT011	869289	1000	171	8168	172	1000	8000
64	Response	2	882271	4813	1
65	Picture	AD051	896793	1166	1	8000	172	1000	8000
66	Response	1	907319	2192	1
67	Picture	ND041	923968	1000	167	8163	168	1000	8000
68	Response	1	936706	4574	2
69	Picture	B2T001	951300	1165	1	5261	78	1000	8000
70	Response	1	961415	4854	1
71	Picture	B1T001	976804	1166	1	6222	117	1000	8000
72	Response	1	987455	4429	1
73	Picture	ND051	1001141	1165	1	8000	172	1000	8000
74	Response	2	1011185	1710	1
75	Picture	AD061	1029978	1000	171	6167	173	1000	8000
75	Response	1	1036023	7045	1
77	Picture	AD041	1055648	1000	171	7168	172	1000	8000
77	Response	1	1062642	7994	1
81	Picture	AD071	1123496	1000	167	8163	168	1000	8000
82	Response	1	1131846	186	1
83	Picture	B1D031	1152828	1165	2	6473	201	1000	8000
83	Response	1	1159300	7637	1
85	Picture	AT031	1177332	1166	1	4677	162	1000	8000
86	Response	1	1186757	4748	1
87	Picture	B2T009	1201335	1166	1	5529	144	1000	8000
88	Response	1	1209642	2778	1
89	Picture	B1T011	1227505	1165	2	5478	196	1000	8000
90	Response	1	1235974	2991	1
91	Picture	NT009	1253842	1165	2	8000	174	1000	8000
92	Response	2	1264639	2462	1
93	Picture	AT011	1281513	1000	171	8001	339	1000	8000
94	Response	1	1293358	3675	1
95	Picture	NT031	1309517	1166	1	8000	173	1000	8000
96	Response	2	1321301	3450	1
97	Picture	NT021	1337187	1000	171	8168	173	1000	8000
98	Response	2	1350655	5298	1
99	Picture	B2T011	1366191	1165	2	8000	174	1000	8000
100	Response	1	1383224	8698	1
101	Picture	ND061	1393200	1000	167	8163	168	1000	8000
102	Response	2	1405250	3886	1
103	Picture	AT021	1421699	1165	1	8000	173	1000	8000
104	Response	1	1431170	1136	1
107	Picture	AD049	1488042	1000	171	7168	172	1000	8000
107	Response	1	1495053	8011	1
109	Picture	NT029	1514717	1000	171	6830	172	1000	8000
110	Response	2	1528403	6856	1
111	Picture	ND049	1541382	1000	171	8168	173	1000	8000
112	Response	2	1556080	6529	1
113	Picture	AT029	1568053	1166	1	8000	173	1000	8000
114	Response	1	1577398	1011	1
115	Picture	B2D031	1597057	1000	171	7501	172	1000	8000
115	Response	1	1604379	8322	1
117	Picture	AT009	1625228	1000	170	8167	172	1000	8000
118	Response	1	1633396	0	175
119	Picture	B2T019	1653398	1165	1	5544	129	1000	8000
119	Response	1	1658941	6708	1
121	Picture	B1T009	1676901	1165	2	5285	55	1000	8000
122	Response	1	1684689	2503	1
123	Picture	B1D029	1700405	1166	1	8000	173	1000	8000
124	Response	1	1716148	7409	1
125	Picture	NT019	1729075	1000	171	8168	172	1000	8000
126	Response	2	1737749	505	1
127	Picture	AT019	1757746	1166	1	5248	91	1000	8000
127	Response	1	1762993	6413	1
129	Picture	ND071	1783916	1165	2	7627	214	1000	8000
129	Response	2	1791542	8791	1
133	Picture	AD079	1850426	1166	1	8000	172	1000	8000
134	Response	1	1862932	4172	1
135	Picture	ND059	1879435	1000	167	6829	168	1000	8000
135	Response	2	1886086	7651	1
137	Picture	B1D022	1905939	1000	165	8162	166	1000	8000
138	Response	2	1920811	6709	1
139	Picture	AD069	1933771	1166	1	6166	173	1000	8000
139	Response	1	1939936	7331	1
141	Picture	B2T002	1958941	1166	1	6127	212	1000	8000
141	Response	2	1965067	7292	1
143	Picture	ND069	1984444	1165	2	8000	174	1000	8000
144	Response	2	1995233	2454	1
145	Picture	NT039	2011781	1000	171	8168	173	1000	8000
146	Response	1	2020411	461	1
147	Picture	B1D039	2038619	1166	1	8000	172	1000	8000
148	Response	1	2050557	3765	1
149	Picture	AT039	2066456	1000	171	7001	172	1000	8000
149	Response	1	2073398	7942	2
151	Picture	B2D029	2091793	1000	171	7668	172	1000	8000
151	Response	1	2099282	8489	1
153	Picture	NT002	2116796	1000	171	7335	172	1000	8000
153	Response	2	2123987	8191	1
155	Picture	AD059	2142966	1000	171	6835	172	1000	8000
155	Response	1	2149687	7721	1
159	Picture	B2D039	2209815	1000	165	8162	336	1000	8000
159	Response	1	2217814	8999	163
161	Picture	AD042	2237146	1165	2	8000	173	1000	8000
162	Response	1	2247107	1788	1
163	Picture	ND042	2263489	1000	165	7162	166	1000	8000
163	Response	2	2270474	7985	1
165	Picture	B2D022	2290154	1000	171	5501	172	1000	8000
165	Response	1	2295509	6355	1
167	Picture	B1T019	2314324	1000	171	4834	172	1000	8000
167	Response	1	2319093	5769	1
169	Picture	AT002	2339661	1000	171	6834	172	1000	8000
169	Response	1	2346427	7766	1
171	Picture	NT012	2367331	1000	171	7168	172	1000	8000
171	Response	2	2374380	8049	1
173	Picture	AT012	2393668	1000	171	7668	172	1000	8000
173	Response	1	2401165	8497	1
175	Picture	NT022	2422505	1000	171	7835	172	1000	8000
175	Response	1	2430220	8715	1
177	Picture	B1T002	2451009	1000	171	6001	173	1000	8000
178	Response	1	2459863	2853	1
179	Picture	ND079	2477013	1000	171	7668	172	1000	8000
179	Response	2	2484595	8582	1
181	Picture	AD052	2505017	1000	171	7835	172	1000	8000
181	Response	1	2512748	8731	1
185	Picture	ND052	2572860	1000	171	8167	347	1000	8000
185	Response	2	2580859	8999	169
187	Picture	AT008	2599364	1166	1	5560	112	1000	8000
187	Response	1	2604923	6725	1
189	Picture	AD062	2624867	1166	1	8000	173	1000	8000
190	Response	2	2633039	-1	164
191	Picture	NT032	2650543	1000	166	8162	167	1000	8000
192	Response	2	2661234	2527	1
193	Picture	NT008	2677208	1166	1	8000	173	1000	8000
194	Response	2	2687854	2312	1
195	Picture	AT022	2704211	1000	172	8168	174	1000	8000
196	Response	1	2718942	6562	1
197	Picture	B1T012	2729882	1166	1	6115	57	1000	8000
197	Response	1	2735996	7280	2
199	Picture	ND062	2757052	1165	1	6459	214	1000	8000
199	Response	2	2763510	7623	1
201	Picture	AT032	2781389	1166	1	6348	158	1000	8000
201	Response	1	2787736	7513	1
203	Picture	B2T012	2808559	1165	2	8000	174	1000	8000
204	Response	1	2819636	2742	2
205	Picture	B2T008	2835896	1000	171	8168	342	1000	8000
206	Response	1	2844064	0	171
207	Picture	B1D032	2865067	1165	2	8000	174	1000	8000
208	Response	1	2877073	3833	1
211	Picture	NT018	2932415	1000	166	8163	167	1000	8000
212	Response	1	2941189	610	1
213	Picture	B1T008	2960581	1166	1	5753	86	1000	8000
213	Response	1	2966333	6918	1
215	Picture	B2T018	2986084	1165	1	5662	177	1000	8000
215	Response	1	2991745	6826	1
217	Picture	B1D028	3011421	1166	1	8000	173	1000	8000
218	Response	1	3022136	2380	1
219	Picture	NT038	3041092	1000	171	5501	172	1000	8000
220	Response	1	3050405	3812	2
221	Picture	AT018	3065595	1000	171	7668	172	1000	8000
222	Response	1	3075400	2137	1
223	Picture	ND072	3091432	1000	171	8168	172	1000	8000
224	Response	2	3103097	3496	1
225	Picture	AD072	3120770	1166	1	8000	173	1000	8000
226	Response	1	3131266	2323	1
227	Picture	AT028	3148773	1000	171	8168	173	1000	8000
228	Response	1	3160139	3197	1
229	Picture	AD048	3174777	1165	1	8000	173	1000	8000
230	Response	1	3190154	7204	1
231	Picture	NT028	3201447	1000	171	8168	173	1000	8000
232	Response	1	3211515	1899	2
233	Picture	B2D032	3227785	1166	1	6423	82	1000	8000
234	Response	1	3234314	106	1
237	Picture	ND058	3291960	1165	1	8000	173	1000	8000
238	Response	2	3300682	387	1
239	Picture	NT003	3320464	1000	171	8168	172	1000	8000
240	Response	1	3329308	675	1
241	Picture	AD068	3346968	1166	1	8000	173	1000	8000
242	Response	1	3364362	9221	1
243	Picture	B1T018	3372977	1000	165	7496	166	1000	8000
244	Response	1	3382934	2461	1
245	Picture	AT038	3398808	1000	172	6835	173	1000	8000
245	Response	1	3405469	7661	1
247	Picture	B1D038	3424151	1000	166	8162	167	1000	8000
248	Response	1	3434101	1787	2
249	Picture	ND068	3451316	1166	1	8000	173	1000	8000
250	Response	2	3466394	6905	1
251	Picture	ND048	3478819	1000	172	8168	174	1000	8000
252	Response	2	3487672	684	1
253	Picture	AD078	3507490	1165	1	6232	108	1000	8000
253	Response	1	3513721	7396	1
255	Picture	B2D028	3532994	1166	1	7507	166	1000	8000
255	Response	1	3540500	8672	1
257	Picture	AD058	3560664	1165	2	5434	73	1000	8000
257	Response	1	3566097	6598	1
259	Picture	B2T003	3584668	1166	1	8000	173	1000	8000
260	Response	1	3603520	10518	2
263	Picture	AT013	3653511	1000	171	8167	173	1000	8000
264	Response	1	3661857	178	1
265	Picture	ND078	3679348	1166	1	8000	173	1000	8000
266	Response	2	3702611	15090	1
267	Picture	AD043	3707518	1000	176	5668	177	1000	8000
267	Response	1	3713020	6502	1
269	Picture	ND043	3733688	1000	171	8168	172	1000	8000
270	Response	2	3756334	14477	1
271	Picture	AT003	3762693	1166	1	8000	172	1000	8000
271	Response	1	3770692	9165	173
273	Picture	B1D023	3791696	1000	172	4835	173	1000	8000
273	Response	1	3796340	5644	1
275	Picture	B2D038	3814200	1000	171	6001	172	1000	8000
276	Response	1	3822403	2202	1
277	Picture	B1T003	3838870	1000	171	5334	172	1000	8000
277	Response	1	3844087	6217	1
279	Picture	NT023	3864545	1000	167	5996	168	1000	8000
279	Response	1	3870413	6868	1
281	Picture	NT013	3890877	1000	171	8168	172	1000	8000
282	Response	2	3902236	3190	1
283	Picture	B2T013	3917381	1166	1	8000	173	1000	8000
284	Response	2	3938142	12427	1
285	Picture	AD053	3945051	1000	171	8168	172	1000	8000
286	Response	1	3967393	14173	1
289	Picture	AD063	4012561	1166	1	7405	101	1000	8000
289	Response	1	4019965	8570	1
291	Picture	B1T007	4039898	1166	1	8000	173	1000	8000
292	Response	1	4055543	7472	1
293	Picture	AT033	4067235	1000	171	7000	174	1000	8000
293	Response	1	4074164	7929	1
295	Picture	B2T007	4092738	1000	172	5835	173	1000	8000
295	Response	1	4098367	6629	1
297	Picture	AT007	4118409	1000	171	4667	172	1000	8000
297	Response	1	4122909	5500	1
299	Picture	B2D023	4140745	1000	171	8168	172	1000	8000
300	Response	2	4155278	6364	1
301	Picture	NT007	4166916	1166	1	5707	132	1000	8000
301	Response	1	4172622	6872	1
303	Picture	NT017	4191752	1165	2	5696	145	1000	8000
304	Response	1	4197820	372	1
305	Picture	B1T013	4216589	1166	1	4723	116	1000	8000
305	Response	1	4221311	5888	1
307	Picture	ND053	4239926	1166	1	8000	173	1000	8000
308	Response	2	4248098	-162	162
309	Picture	NT033	4265768	1000	167	7996	168	1000	8000
309	Response	1	4273652	8884	2
311	Picture	AT023	4291933	1000	171	5834	172	1000	8000
311	Response	1	4297629	6696	1
315	Picture	B1D033	4355775	1000	171	8168	172	1000	8000
316	Response	1	4366610	2666	1
317	Picture	B1T017	4381779	1166	1	5417	89	1000	8000
317	Response	1	4387195	6582	1
319	Picture	AT017	4408283	1166	1	4039	133	1000	8000
319	Response	1	4412321	5204	1
321	Picture	NT027	4429619	1166	1	3194	145	1000	8000
321	Response	1	4432812	4359	1
323	Picture	AD047	4450622	1166	1	8000	173	1000	8000
324	Response	2	4459035	240	2
325	Picture	B2D033	4476459	1000	171	8168	172	1000	8000
326	Response	2	4484628	0	170
327	Picture	ND047	4503296	1166	1	6940	66	1000	8000
327	Response	2	4510235	8105	1
329	Picture	B2T017	4529799	1165	2	8000	174	1000	8000
330	Response	2	4548035	9901	1
331	Picture	AT027	4558809	1000	170	8162	341	1000	8000
331	Response	1	4566808	8999	163
333	Picture	ND073	4586974	1166	1	6416	90	1000	8000
333	Response	2	4593389	7581	1
335	Picture	AD073	4613478	1166	1	8000	173	1000	8000
336	Response	1	4622507	856	1
337	Picture	ND063	4641815	1000	171	6001	172	1000	8000
337	Response	2	4647741	6926	1
341	Picture	B1D027	4708830	1000	166	8162	337	1000	8000
341	Response	1	4716829	8999	163
343	Picture	B1D037	4736995	1165	1	8000	173	1000	8000
344	Response	1	4746090	760	1
345	Picture	AD077	4766499	1000	171	8168	172	1000	8000
346	Response	2	4782066	7398	1
347	Picture	AT037	4795003	1165	1	7420	86	1000	8000
347	Response	1	4802422	8584	1
349	Picture	AD067	4822174	1166	1	8000	173	1000	8000
350	Response	2	4832525	2017	1
351	Picture	ND057	4850177	1000	177	8168	178	1000	8000
352	Response	2	4858824	478	2
353	Picture	ND067	4877348	1166	1	7044	129	1000	8000
353	Response	2	4884391	8209	1
355	Picture	AD057	4901685	1166	1	5465	207	1000	8000
355	Response	2	4907149	6630	1
357	Picture	B2D027	4927188	1165	2	4907	100	1000	8000
357	Response	2	4932094	6071	1
359	Picture	NT037	4952358	1165	2	6769	72	1000	8000
359	Response	1	4959126	7933	1
361	Picture	B2T004	4977029	1166	1	4789	216	1000	8000
362	Response	1	4982084	266	1
363	Picture	NT004	5001199	1166	1	8000	172	1000	8000
364	Response	2	5012556	3184	1
367	Picture	B1T004	5068213	1000	167	7163	168	1000	8000
367	Response	1	5075307	8094	1
369	Picture	B2T014	5093545	1000	171	6334	172	1000	8000
369	Response	1	5099814	7269	1
371	Picture	AD044	5118548	1000	171	7001	172	1000	8000
371	Response	1	5125491	7943	1
373	Picture	AT004	5144057	1000	167	7496	168	1000	8000
373	Response	1	5151406	8349	1
375	Picture	B1D024	5172227	1000	166	8163	167	1000	8000
376	Response	2	5196194	15803	1
377	Picture	NT014	5201060	1166	1	8000	173	1000	8000
379	Response	2	5227742	673	1
380	Response	2	5239375	11632	1
381	Picture	B2D037	5247733	1166	1	8000	173	1000	8000
382	Response	1	5256720	814	1
383	Picture	NT024	5275737	1000	171	7834	172	1000	8000
383	Response	1	5283468	8731	1
385	Picture	ND077	5304574	1000	171	7001	172	1000	8000
385	Response	2	5311511	7937	1
387	Picture	AT014	5331250	1000	166	8162	168	1000	8000
388	Response	2	5340506	1093	1
389	Picture	AT024	5358582	1166	1	8000	173	1000	8000
390	Response	1	5369970	3054	1
393	Picture	AD054	5428097	1000	166	8162	167	1000	8000
394	Response	2	5436478	218	1
395	Picture	NT006	5453928	1165	2	5789	50	1000	8000
395	Response	2	5459715	6952	2
397	Picture	ND064	5479432	1166	1	6707	132	1000	8000
397	Response	2	5486137	7871	2
399	Picture	AD074	5503435	1165	1	8000	173	1000	8000
400	Response	1	5518567	6797	1
401	Picture	AT034	5529105	1000	171	7335	172	1000	8000
401	Response	2	5536307	8202	1
403	Picture	ND054	5554942	1000	171	7668	172	1000	8000
403	Response	2	5562560	8618	1
405	Picture	AD064	5582446	1000	171	8168	172	1000	8000
406	Response	2	5590919	304	2
407	Picture	B2T006	5608117	1166	1	4916	89	1000	8000
407	Response	2	5613032	6081	1
409	Picture	NT034	5633287	1166	1	8000	173	1000	8000
410	Response	2	5644775	3315	1
411	Picture	B1T014	5661624	1000	171	8168	172	1000	8000
412	Response	1	5672053	2260	1
413	Picture	B2D024	5690128	1166	1	8000	173	1000	8000
414	Response	2	5700986	2524	3
415	Picture	B1D034	5717798	1000	171	8168	172	1000	8000
416	Response	2	5726375	408	2
419	Picture	NT026	5785975	1166	1	8000	172	1000	8000
420	Response	2	5796950	2641	1
421	Picture	NT016	5814812	1000	171	8168	172	1000	8000
422	Response	2	5832470	9489	1
423	Picture	B2T016	5842149	1166	1	8000	173	1000	8000
424	Response	1	5850566	82	2
425	Picture	ND046	5868319	1000	171	8168	172	1000	8000
426	Response	2	5880390	3902	1
427	Picture	B2D034	5894323	1166	1	8000	171	1000	8000
428	Response	1	5902825	167	1
429	Picture	B1D026	5921660	1000	171	8168	172	1000	8000
429	Response	1	5929647	8987	1
431	Picture	AD046	5947997	1000	171	5501	172	1000	8000
431	Response	1	5953414	6417	1
433	Picture	B1T006	5973667	1000	171	8168	172	1000	8000
435	Picture	AT006	6001505	1166	1	2655	183	1000	8000
435	Response	1	6004159	3820	1
436	Response	1	6014498	10338	1
437	Picture	ND074	6025341	1165	2	7254	87	1000	8000
437	Response	2	6032594	8418	1
439	Picture	AD056	6050845	1166	1	6785	53	1000	8000
439	Response	1	6057629	7950	1
441	Picture	AT016	6078682	1166	1	6964	209	1000	8000
441	Response	2	6085645	8129	1
445	Picture	ND066	6146358	1166	1	6063	110	1000	8000
445	Response	2	6152420	7228	1
447	Picture	ND056	6170195	1166	1	7334	172	1000	8000
447	Response	2	6177528	8499	1
449	Picture	AD066	6195032	1166	1	7861	143	1000	8000
449	Response	1	6202891	9025	2
451	Picture	B1D036	6223702	1165	2	6409	98	1000	8000
451	Response	1	6230110	7573	1
453	Picture	B2D026	6249873	1166	1	8000	172	1000	8000
454	Response	1	6259327	1120	1
455	Picture	B1T016	6275543	1000	171	5334	172	1000	8000
455	Response	1	6280705	6162	1
457	Picture	NT036	6299213	1000	171	8168	172	1000	8000
458	Response	2	6307382	0	175
459	Picture	NT005	6328217	1166	1	8000	173	1000	8000
460	Response	2	6339330	2940	1
461	Picture	B2T005	6355721	1000	170	5667	171	1000	8000
461	Response	1	6361279	6558	2
463	Picture	AT036	6380391	1000	171	6001	172	1000	8000
463	Response	1	6386181	6790	1
465	Picture	AT026	6406561	1000	170	5501	171	1000	8000
465	Response	1	6411908	6347	1
467	Picture	AT005	6431564	1000	171	8168	173	1000	8000
468	Response	2	6441438	1705	1
471	Picture	ND055	6497574	1166	1	8000	172	1000	8000
472	Response	2	6506922	1014	1
473	Picture	NT015	6526911	1000	171	6168	172	1000	8000
473	Response	2	6532968	7057	1
475	Picture	AT025	6552081	1000	172	7835	173	1000	8000
475	Response	1	6559856	8775	1
477	Picture	B2T015	6580752	1000	171	8168	172	1000	8000
478	Response	1	6593164	4243	1
479	Picture	B2D036	6609589	1165	2	5386	121	1000	8000
480	Response	1	6615187	212	1
481	Picture	B1T005	6632426	1166	1	6878	128	1000	8000
481	Response	1	6639303	8043	1
483	Picture	AD076	6658596	1165	1	8000	173	1000	8000
484	Response	1	6669219	2451	2
485	Picture	AT015	6684266	1000	172	8168	173	1000	8000
486	Response	2	6693688	1253	1
487	Picture	AD045	6709937	1166	1	8000	176	1000	8000
488	Response	1	6718113	-2	159
489	Picture	ND045	6735940	1000	171	8168	172	1000	8000
490	Response	2	6745009	900	1
491	Picture	ND076	6764778	1166	1	7862	144	1000	8000
491	Response	2	6772639	9027	1
493	Picture	B1D025	6793615	1166	1	8000	173	1000	8000
494	Response	2	6802875	925	2
497	Picture	AD065	6860458	1000	170	8167	172	1000	8000
498	Response	1	6869028	402	1
499	Picture	AT035	6886128	1166	1	8000	173	1000	8000
500	Response	2	6900751	6289	1
501	Picture	B2D025	6912131	1000	171	7168	172	1000	8000
501	Response	1	6919183	8052	2
503	Picture	NT035	6939302	1000	171	8168	172	1000	8000
504	Response	2	6954887	7416	1
505	Picture	B1T015	6967139	1165	1	6394	112	1000	8000
505	Response	1	6973532	7558	1
507	Picture	ND075	6994479	1002	165	8000	334	1000	8000
508	Response	2	7003050	239	1
509	Picture	NT025	7023480	1000	171	8168	172	1000	8000
510	Response	2	7032264	615	1
511	Picture	AD075	7051484	1165	1	7429	77	1000	8000
511	Response	2	7058912	8593	1
513	Picture	B1D035	7078321	1165	2	6682	159	1000	8000
513	Response	1	7085002	7846	1
515	Picture	AD055	7103492	1166	1	5800	205	1000	8000
515	Response	1	7109291	6965	1
517	Picture	B2D035	7128995	1166	1	8000	173	1000	8000
518	Response	1	7140718	3550	2
519	Picture	ND065	7157332	1000	171	8168	172	1000	8000
520	Response	2	7167730	2229	1
