Scenario - for study
Logfile written - 2016/1/17 12:07:53

Trial	Event Type	Code	Time	TTime	Uncertainty	Duration	Uncertainty	ReqTime	ReqDur

1	Response	4	366939	366939	1
3	Picture	AD060	373386	1000	171	8168	172	1000	8000
4	Response	1	398004	16449	1
5	Picture	ND060	400390	1166	1	8000	173	1000	8000
6	Response	2	416818	8255	2
7	Picture	AT010	428393	1000	171	8168	173	1000	8000
9	Picture	B2D040	456398	1166	1	8000	172	1000	8000
11	Picture	B1D030	484235	1000	171	8168	172	1000	8000
13	Picture	ND070	512905	1165	2	8000	174	1000	8000
14	Response	2	528341	7101	2
15	Picture	B2D030	539409	1000	172	8168	173	1000	8000
16	Response	2	550158	2580	1
17	Picture	AT020	567746	1165	2	3162	178	1000	8000
18	Response	1	582071	11163	2
19	Picture	AD050	592083	1166	1	8000	173	1000	8000
20	Response	1	605475	5058	2
21	Picture	NT010	620920	1000	171	8168	172	1000	8000
22	Response	2	641575	12486	1
23	Picture	ND050	647924	1166	1	8000	173	1000	8000
24	Response	2	664230	7971	1
25	Picture	B1T010	675428	1000	171	4501	172	1000	8000
26	Response	1	694639	14710	2
29	Picture	AT040	739942	1000	167	8163	168	1000	8000
30	Response	1	759257	11151	2
31	Picture	ND080	768941	1166	1	8000	173	1000	8000
33	Picture	NT030	795445	1000	170	8168	171	1000	8000
34	Response	2	819965	16351	2
35	Picture	NT040	821448	1165	2	8000	174	1000	8000
36	Response	2	838494	8873	2
37	Picture	AD080	848619	1000	171	8168	172	1000	8000
38	Response	1	863576	6788	1
39	Picture	AT030	875956	1166	1	8000	173	1000	8000
40	Response	1	893216	8926	1
41	Picture	B1D040	904793	1000	171	8168	172	1000	8000
42	Response	2	926690	13728	1
43	Picture	B1T020	931630	1165	2	8000	174	1000	8000
44	Response	2	952360	12395	1
45	Picture	AD070	958467	1000	176	8168	177	1000	8000
46	Response	2	980486	13850	1
47	Picture	NT020	984138	1166	1	8000	172	1000	8000
48	Response	2	1006852	14380	1
49	Picture	B2T020	1010141	1000	171	8168	172	1000	8000
50	Response	2	1033540	15230	2
51	Picture	B2T010	1037312	1166	1	8000	173	1000	8000
52	Response	2	1051999	6514	2
55	Picture	AD041	1107159	1000	167	8164	168	1000	8000
56	Response	2	1121476	6152	1
57	Picture	AT001	1134825	1165	1	8000	173	1000	8000
58	Response	1	1150221	7223	2
59	Picture	AD051	1162662	1000	171	8168	172	1000	8000
60	Response	1	1176936	6105	2
61	Picture	ND051	1190000	1166	1	8000	172	1000	8000
62	Response	2	1207425	9091	2
63	Picture	B1T001	1216842	1000	165	8163	166	1000	8000
64	Response	1	1234340	9334	1
65	Picture	NT011	1245341	1166	1	8000	172	1000	8000
66	Response	2	1258387	4873	1
67	Picture	B1D021	1272844	1000	171	8168	173	1000	8000
68	Response	2	1289042	8029	1
69	Picture	ND041	1299348	1165	1	8000	173	1000	8000
70	Response	2	1309145	1462	1
71	Picture	NT001	1327519	1000	169	8168	170	1000	8000
72	Response	2	1341157	5469	2
73	Picture	AD061	1356023	1166	1	8000	176	1000	8000
74	Response	1	1370189	5988	1
75	Picture	B2T001	1382360	1000	170	8168	171	1000	8000
76	Response	2	1399733	9204	1
77	Picture	B2D021	1410364	1166	1	8000	173	1000	8000
79	Response	2	1437038	-163	163
81	Picture	AD071	1478706	1000	171	8168	172	1000	8000
82	Response	1	1493056	6181	1
83	Picture	AT021	1504377	1166	1	8000	172	1000	8000
84	Response	1	1522044	9495	1
85	Picture	B1T011	1530047	1000	171	8168	172	1000	8000
86	Response	1	1547794	9578	2
87	Picture	B1D031	1557717	1165	2	8000	174	1000	8000
88	Response	1	1574816	8764	1
89	Picture	NT009	1583888	1000	171	8168	172	1000	8000
90	Response	2	1606283	14226	1
91	Picture	AT011	1612225	1166	1	8000	173	1000	8000
92	Response	1	1632213	11815	1
93	Picture	B2T009	1638729	1000	171	8168	172	1000	8000
95	Picture	ND061	1667566	1166	1	3909	97	1000	8000
95	Response	2	1671473	5073	2
97	Picture	B2T011	1690903	1166	1	8000	173	1000	8000
98	Response	1	1704748	5511	1
99	Picture	NT031	1717073	1000	380	8001	381	1000	8000
99	Response	1	1724990	8917	2
100	Response	2	1742517	17443	2
101	Picture	NT021	1745410	1000	171	8168	172	1000	8000
102	Response	1	1763978	10399	1
103	Picture	AT031	1772081	1166	1	8000	172	1000	8000
104	Response	1	1785346	5092	1
107	Picture	NT029	1839429	1000	165	3328	166	1000	8000
108	Response	2	1856609	13852	2
109	Picture	B2T019	1862260	1000	171	8168	172	1000	8000
110	Response	1	1883198	12769	1
111	Picture	AT019	1888930	1165	2	8000	174	1000	8000
112	Response	1	1902250	4985	1
113	Picture	ND049	1915601	1000	170	8167	172	1000	8000
114	Response	2	1934206	10437	1
115	Picture	AT029	1944771	1165	2	8000	174	1000	8000
116	Response	1	1960612	7668	1
117	Picture	ND071	1973621	1000	164	8156	165	1000	8000
118	Response	2	1990555	8777	1
119	Picture	AT009	1999112	1165	2	8000	174	1000	8000
120	Response	1	2011194	3747	1
121	Picture	AD049	2027950	1000	170	8167	172	1000	8000
122	Response	1	2039356	3238	1
123	Picture	B1T009	2053787	1166	1	8000	172	1000	8000
124	Response	1	2070241	8120	1
125	Picture	B2D031	2081457	1000	172	8001	340	1000	8000
126	Response	2	2098330	8703	2
127	Picture	B1D029	2109794	1165	2	8098	593	1000	8000
128	Response	2	2124593	5964	1
129	Picture	NT019	2136465	1000	170	8168	171	1000	8000
130	Response	2	2157205	12571	1
133	Picture	AD069	2203974	1166	1	8000	173	1000	8000
134	Response	1	2216739	4430	1
135	Picture	AD059	2232811	1000	171	8168	172	1000	8000
136	Response	1	2248322	7342	1
137	Picture	ND069	2260815	1165	2	8000	178	1000	8000
138	Response	1	2275027	6033	2
139	Picture	B2D029	2288324	1000	171	8163	172	1000	8000
140	Response	2	2306910	10422	2
141	Picture	B1D022	2315658	1001	166	8000	336	1000	8000
142	Response	1	2326225	2396	1
143	Picture	AT039	2343993	1000	172	8168	174	1000	8000
144	Response	1	2359609	7447	1
145	Picture	NT039	2371831	1166	1	8000	173	1000	8000
146	Response	2	2391845	11680	1
147	Picture	B2T002	2398668	1000	171	8168	172	1000	8000
148	Response	1	2415146	8309	1
149	Picture	ND059	2428005	1165	1	8000	173	1000	8000
150	Response	2	2445378	9038	1
151	Picture	AD079	2457188	1000	160	8156	161	1000	8000
152	Response	1	2470736	5391	1
153	Picture	B1D039	2486013	1165	2	8000	174	1000	8000
154	Response	1	2506762	12414	1
154	Response	2	2510449	16101	1
155	Picture	NT002	2515517	1000	171	8168	172	1000	8000
156	Response	1	2536246	12560	1
159	Picture	NT022	2582860	1166	1	8000	173	1000	8000
160	Response	2	2596285	5090	1
161	Picture	B2D039	2611197	1000	171	8168	172	1000	8000
162	Response	2	2632474	13108	2
163	Picture	AD052	2639701	1165	2	8000	174	1000	8000
164	Response	1	2649459	1423	1
165	Picture	B2D022	2668205	1000	171	8168	172	1000	8000
166	Response	2	2682434	6060	1
167	Picture	AT002	2695543	1166	1	2885	120	1000	8000
168	Response	1	2710427	11999	1
169	Picture	B1T019	2717212	1165	1	8000	173	1000	8000
170	Response	2	2739348	13801	2
171	Picture	ND042	2743549	1000	171	8168	172	1000	8000
172	Response	2	2764360	12642	1
173	Picture	AD042	2769886	1165	1	8000	173	1000	8000
174	Response	1	2789701	11642	1
175	Picture	B1T002	2796723	1000	171	8168	172	1000	8000
176	Response	1	2810669	5777	1
177	Picture	AT012	2826227	1165	2	8000	174	1000	8000
178	Response	1	2839856	5456	2
179	Picture	ND079	2853398	1000	171	8168	172	1000	8000
180	Response	2	2868671	7104	2
181	Picture	NT012	2881235	1166	1	8000	173	1000	8000
182	Response	2	2900917	11348	2
185	Picture	B2T012	2948590	1000	158	8156	159	1000	8000
186	Response	1	2973682	16935	1
187	Picture	AT008	2976915	1166	1	8000	173	1000	8000
188	Response	1	2992008	6920	1
189	Picture	NT032	3006419	1000	171	8168	172	1000	8000
190	Response	2	3019309	4721	1
191	Picture	NT008	3033258	1001	166	8000	336	1000	8000
192	Response	2	3049092	7501	1
193	Picture	AT032	3061427	1000	171	7334	172	1000	8000
194	Response	2	3070513	1752	1
195	Picture	B1D032	3087097	1000	171	8168	172	1000	8000
196	Response	1	3105887	10621	1
197	Picture	B1T012	3112600	1165	2	8000	174	1000	8000
198	Response	1	3126725	5790	1
199	Picture	B2T008	3139437	1000	172	8168	174	1000	8000
200	Response	2	3159011	11405	1
201	Picture	ND062	3167275	1166	1	8000	173	1000	8000
202	Response	2	3186731	11122	1
203	Picture	AT022	3193949	1000	167	8164	168	1000	8000
204	Response	1	3209410	7296	1
205	Picture	ND052	3222116	1166	1	8000	173	1000	8000
206	Response	2	3242734	12284	1
207	Picture	AD062	3249286	1000	171	8168	172	1000	8000
208	Response	2	3258937	1482	1
211	Picture	NT018	3317796	1166	1	8000	173	1000	8000
212	Response	1	3329409	3279	1
213	Picture	NT038	3344133	1000	171	8168	172	1000	8000
214	Response	2	3357162	4860	1
215	Picture	NT028	3370470	1166	1	6753	86	1000	8000
216	Response	2	3389105	11882	1
217	Picture	B2T018	3395307	1166	1	8000	172	1000	8000
218	Response	1	3408429	4788	2
219	Picture	AT018	3422143	1000	171	8168	173	1000	8000
220	Response	1	3435304	4992	2
221	Picture	B1T008	3450481	1166	1	8000	173	1000	8000
222	Response	2	3460059	1405	2
223	Picture	AT028	3477151	1000	171	8168	172	1000	8000
224	Response	1	3489027	3707	2
225	Picture	ND072	3503655	1166	1	8000	172	1000	8000
226	Response	2	3519926	8099	1
227	Picture	AD072	3529825	1000	171	8168	172	1000	8000
228	Response	1	3546800	8806	2
229	Picture	AD048	3559163	1166	1	8000	172	1000	8000
230	Response	1	3574521	7024	1
231	Picture	B2D032	3585166	1000	171	7501	172	1000	8000
231	Response	1	3592501	8335	1
233	Picture	B1D028	3611003	1000	171	8168	172	1000	8000
234	Response	2	3625841	6669	1
237	Picture	AD068	3679349	1002	165	8000	334	1000	8000
238	Response	1	3688859	1179	1
239	Picture	AT038	3705849	1000	172	8168	174	1000	8000
240	Response	1	3716576	2558	1
241	Picture	B1D038	3734687	1166	1	8000	172	1000	8000
242	Response	2	3749650	6791	1
243	Picture	B1T018	3761024	1000	171	8168	172	1000	8000
244	Response	1	3772429	3236	1
245	Picture	B2D028	3788528	1166	1	8000	173	1000	8000
246	Response	2	3802485	5623	1
247	Picture	ND058	3814198	1000	171	8168	172	1000	8000
248	Response	2	3826192	3825	1
249	Picture	NT003	3840202	1166	1	2833	172	1000	8000
250	Response	2	3848049	5014	1
251	Picture	ND048	3861705	1166	1	8000	172	1000	8000
252	Response	2	3876667	6628	1
253	Picture	AD058	3889875	1000	171	8168	172	1000	8000
254	Response	1	3903812	5768	1
255	Picture	AD078	3917379	1166	1	8000	173	1000	8000
256	Response	1	3930261	4709	1
257	Picture	B2T003	3942882	1000	171	8168	173	1000	8000
258	Response	2	3959861	8810	1
259	Picture	ND068	3970553	1165	1	8000	173	1000	8000
260	Response	2	3991528	12640	1
263	Picture	B2T013	4038401	1000	166	8163	167	1000	8000
264	Response	2	4052868	6303	1
265	Picture	ND078	4067733	1165	1	8000	173	1000	8000
266	Response	2	4081427	5359	1
267	Picture	B1D023	4096237	1000	171	6501	172	1000	8000
267	Response	2	4102591	7354	2
269	Picture	ND043	4123074	1000	171	8168	172	1000	8000
270	Response	2	4134049	2806	1
271	Picture	AT013	4149245	1166	1	8000	173	1000	8000
272	Response	1	4161732	4314	2
273	Picture	B2D038	4178248	1000	172	7335	173	1000	8000
273	Response	2	4185446	8198	1
275	Picture	NT013	4203252	1000	171	3501	172	1000	8000
276	Response	2	4212035	5282	1
277	Picture	AD053	4226589	1000	173	8168	174	1000	8000
278	Response	1	4236883	2125	1
279	Picture	B1T003	4252259	1166	1	8000	173	1000	8000
280	Response	1	4266517	5924	1
281	Picture	AD043	4280596	1000	171	8168	172	1000	8000
282	Response	2	4294320	5555	1
283	Picture	NT023	4309267	1166	1	3939	66	1000	8000
284	Response	2	4318033	4827	2
285	Picture	AT003	4332437	1166	1	8000	173	1000	8000
286	Response	1	4346303	5532	1
289	Picture	NT007	4400785	1000	166	7829	167	1000	8000
290	Response	1	4409939	1325	2
291	Picture	AT007	4426122	1000	165	7829	166	1000	8000
292	Response	2	4435253	1302	1
293	Picture	AD063	4453787	1000	171	8168	172	1000	8000
294	Response	2	4464887	2931	1
294	Response	1	4477410	15454	1
295	Picture	B1T013	4481124	1166	1	8000	173	1000	8000
296	Response	1	4505106	15647	2
297	Picture	AT023	4508294	1000	171	8168	172	1000	8000
298	Response	1	4519386	2923	1
299	Picture	AT033	4536632	1166	1	8000	173	1000	8000
300	Response	1	4547279	2313	1
301	Picture	B2T007	4564135	1000	171	8168	173	1000	8000
302	Response	2	4578859	6555	2
303	Picture	NT033	4592306	1166	1	8000	173	1000	8000
304	Response	1	4609039	8398	1
305	Picture	B1T007	4618310	1000	171	8168	172	1000	8000
306	Response	2	4629534	3055	2
307	Picture	B2D023	4644980	1166	1	8000	173	1000	8000
308	Response	1	4664835	11520	1
309	Picture	NT017	4671484	1000	171	8168	172	1000	8000
310	Response	2	4686712	7059	1
311	Picture	ND053	4699988	1166	1	8000	173	1000	8000
312	Response	2	4714781	6459	2
315	Picture	AT027	4768002	1000	167	8163	168	1000	8000
316	Response	1	4781796	5630	1
317	Picture	B2D033	4795834	1165	2	6529	145	1000	8000
317	Response	2	4802361	7692	1
319	Picture	ND047	4822338	1166	1	8000	173	1000	8000
320	Response	2	4837332	6659	2
321	Picture	NT027	4850842	1000	171	8168	172	1000	8000
322	Response	2	4873319	14308	1
323	Picture	B1D033	4877346	1166	1	8000	173	1000	8000
324	Response	2	4898097	12417	1
325	Picture	B2T017	4906183	1000	171	8168	172	1000	8000
326	Response	2	4921601	7249	1
327	Picture	AD073	4935520	1165	2	6811	196	1000	8000
327	Response	2	4942330	7975	1
329	Picture	ND063	4961524	1166	1	8000	173	1000	8000
330	Response	2	4975860	6001	2
331	Picture	ND073	4990861	1000	172	8168	174	1000	8000
332	Response	2	5000279	1249	1
333	Picture	AD047	5018699	1166	1	8000	173	1000	8000
334	Response	1	5030708	3675	2
335	Picture	AT017	5046708	1000	167	8162	169	1000	8000
336	Response	1	5060385	5514	1
337	Picture	B1T017	5075873	1165	2	7305	202	1000	8000
337	Response	1	5083177	8469	1
341	Picture	AD077	5142216	1166	1	8000	173	1000	8000
342	Response	1	5153848	3298	2
343	Picture	B1D027	5169386	1000	171	8168	172	1000	8000
344	Response	2	5189269	11714	2
345	Picture	B2D027	5196057	1166	1	8000	173	1000	8000
346	Response	2	5206517	2126	1
347	Picture	NT037	5222560	1000	171	8168	172	1000	8000
348	Response	2	5245015	14286	2
349	Picture	ND067	5248397	1165	2	8000	174	1000	8000
350	Response	2	5263298	6728	1
351	Picture	NT004	5275234	1000	171	8168	172	1000	8000
352	Response	1	5284526	1123	1
353	Picture	AT037	5302572	1166	1	6191	148	1000	8000
354	Response	1	5310253	1490	1
355	Picture	B2T004	5329242	1166	1	8000	173	1000	8000
356	Response	2	5343444	5868	1
357	Picture	AD057	5357412	1000	171	8001	340	1000	8000
358	Response	2	5372814	7232	2
359	Picture	ND057	5383749	1165	2	8000	174	1000	8000
360	Response	2	5400059	8137	1
361	Picture	AD067	5409925	1000	165	8163	166	1000	8000
362	Response	1	5421500	3411	1
363	Picture	B1D037	5437924	1166	1	8000	172	1000	8000
364	Response	2	5454012	7754	1
367	Picture	AT024	5504599	1000	171	8168	172	1000	8000
368	Response	1	5514161	1393	1
369	Picture	B1D024	5531603	1165	2	8000	174	1000	8000
370	Response	2	5540038	100	1
371	Picture	AT004	5560941	1000	170	8168	171	1000	8000
372	Response	1	5569465	355	2
373	Picture	ND077	5589778	1166	1	8000	173	1000	8000
374	Response	2	5605544	7431	1
375	Picture	B1T004	5615782	1000	170	7334	171	1000	8000
375	Response	1	5622992	8210	1
377	Picture	B2T014	5640785	1000	171	8168	172	1000	8000
378	Response	2	5667014	18060	2
379	Picture	NT014	5670123	1166	1	8000	172	1000	8000
380	Response	2	5686023	7566	1
381	Picture	ND044	5699460	1000	171	8168	172	1000	8000
382	Response	2	5715217	7588	1
383	Picture	NT024	5725297	1166	1	8000	173	1000	8000
384	Response	1	5735363	1732	2
385	Picture	AD044	5753473	1000	166	8162	167	1000	8000
386	Response	1	5774434	12798	2
387	Picture	AT014	5779304	1165	2	8000	174	1000	8000
388	Response	1	5789512	1873	2
389	Picture	B2D037	5808475	1000	171	8168	172	1000	8000
390	Response	2	5822071	5427	1
393	Picture	ND054	5877818	1166	1	8000	173	1000	8000
394	Response	2	5888862	2871	2
395	Picture	NT006	5903321	1000	171	8168	173	1000	8000
396	Response	2	5918865	7375	2
397	Picture	AD054	5930492	1165	1	8000	173	1000	8000
398	Response	1	5947990	9163	1
399	Picture	B1D034	5957168	1000	170	8162	171	1000	8000
400	Response	2	5966945	1614	1
401	Picture	B2T006	5986333	1166	1	8000	173	1000	8000
402	Response	2	6002525	7857	1
403	Picture	AD074	6015337	1000	171	8168	172	1000	8000
404	Response	1	6039673	16167	1
405	Picture	NT034	6041674	1165	1	8000	173	1000	8000
406	Response	2	6065400	15391	1
407	Response	1	6070177	999	172
407	Picture	ND064	6070178	1000	171	333	173	1000	8000
409	Picture	AT034	6090686	1000	166	8163	167	1000	8000
410	Response	1	6103050	4200	1
411	Picture	AD064	6116685	1166	1	8000	172	1000	8000
412	Response	2	6126827	1808	1
413	Picture	B2D024	6143021	1000	171	8168	173	1000	8000
414	Response	2	6151978	788	1
415	Picture	B1T014	6169025	1165	1	7513	160	1000	8000
415	Response	1	6176537	8677	1
419	Picture	B1T006	6235701	1166	1	8000	173	1000	8000
420	Response	2	6249614	5740	1
421	Picture	AT016	6261705	1000	170	4167	171	1000	8000
422	Response	1	6271451	5579	1
423	Picture	B2D034	6284874	1000	171	8168	173	1000	8000
424	Response	2	6298046	5003	2
425	Picture	ND046	6313545	1165	1	8296	49	1000	8000
425	Response	2	6321035	8655	807
427	Picture	AT006	6339715	1000	171	8168	173	1000	8000
428	Response	1	6351610	3726	2
429	Picture	NT016	6369053	1166	1	8000	173	1000	8000
430	Response	2	6380165	2778	2
431	Picture	B2T016	6395556	1000	171	8168	173	1000	8000
432	Response	1	6406891	3166	1
433	Picture	ND074	6422560	1165	2	6468	206	1000	8000
433	Response	2	6429027	7632	1
435	Picture	AD046	6446564	1166	1	8000	172	1000	8000
436	Response	1	6455130	394	2
437	Picture	B1D026	6474073	1000	165	8162	166	1000	8000
438	Response	2	6485978	3742	1
439	Picture	AD056	6501405	1166	1	8000	172	1000	8000
440	Response	1	6513049	3310	2
441	Picture	NT026	6529580	1000	167	8163	168	1000	8000
442	Response	2	6547032	9288	2
445	Picture	NT005	6596918	1166	1	8000	173	1000	8000
446	Response	2	6610592	5340	2
447	Picture	AT005	6626267	1000	159	8156	160	1000	8000
448	Response	1	6636289	1865	2
449	Picture	B2D026	6652926	1166	1	8000	173	1000	8000
450	Response	1	6666222	4962	2
451	Picture	AD066	6679596	1000	171	8168	172	1000	8000
452	Response	1	6693493	5728	2
453	Picture	ND066	6707267	1166	1	8000	172	1000	8000
454	Response	2	6716202	763	2
455	Picture	B2T005	6735604	1000	171	3334	172	1000	8000
456	Response	2	6749053	10115	2
457	Picture	AT036	6759940	1000	171	8168	172	1000	8000
458	Response	1	6773243	5134	1
459	Picture	ND056	6786111	1166	1	8000	173	1000	8000
460	Response	2	6794658	213	1
461	Picture	AT026	6814448	1000	171	4501	172	1000	8000
462	Response	2	6824976	6027	1
463	Picture	B1D036	6837284	1000	171	8168	173	1000	8000
464	Response	2	6855761	10308	1
465	Picture	B1T016	6866455	1165	2	8000	174	1000	8000
466	Response	1	6877039	2249	1
467	Picture	NT036	6892959	1000	171	8168	172	1000	8000
468	Response	1	6903218	2090	2
468	Response	2	6908246	7118	2
471	Picture	AD076	6959968	1165	2	8000	179	1000	8000
472	Response	1	6968584	281	3
473	Picture	B1T005	6987805	1000	171	8168	173	1000	8000
474	Response	2	7009524	13550	1
475	Picture	ND045	7016476	1166	1	8000	173	1000	8000
476	Response	2	7035128	10317	1
477	Picture	B2T015	7045647	1000	172	8168	173	1000	8000
478	Response	2	7070375	16559	1
479	Picture	B2D036	7071817	1165	1	8000	173	1000	8000
480	Response	1	7088065	7913	1
481	Picture	ND055	7098659	1000	166	8163	167	1000	8000
482	Response	2	7111882	5059	1
483	Picture	AT025	7127158	1165	1	8000	173	1000	8000
484	Response	1	7138514	3021	1
485	Picture	B1D025	7153328	1000	171	8168	172	1000	8000
486	Response	2	7161497	0	170
487	Picture	NT015	7181166	1166	1	8000	173	1000	8000
488	Response	2	7196030	6530	2
489	Picture	AT015	7207503	1000	170	8001	171	1000	8000
490	Response	2	7229225	13721	1
491	Picture	AD045	7236507	1000	170	8168	171	1000	8000
492	Response	1	7245102	426	2
493	Picture	ND076	7264344	1166	1	7977	196	1000	8000
493	Response	2	7272319	9141	2
497	Picture	B2D035	7331687	1166	1	8000	172	1000	8000
498	Response	1	7347058	7037	1
499	Picture	AD065	7358857	1000	171	7001	172	1000	8000
499	Response	2	7365809	7952	2
501	Picture	ND075	7383194	1000	170	8168	171	1000	8000
502	Response	2	7395277	3914	1
503	Picture	ND065	7409531	1166	1	8000	173	1000	8000
504	Response	2	7418777	912	2
505	Picture	B2D025	7437368	1000	171	8168	172	1000	8000
506	Response	2	7446408	871	2
507	Picture	AD075	7462871	1165	2	6769	72	1000	8000
507	Response	1	7469639	7933	1
509	Picture	B1T015	7490209	1166	1	6383	122	1000	8000
510	Response	1	7502227	5635	2
511	Picture	NT025	7514045	1165	1	8000	497	1000	8000
512	Response	2	7534463	11750	2
513	Picture	B1D035	7543383	1000	170	8167	172	1000	8000
514	Response	1	7554653	3102	1
515	Picture	AT035	7572220	1166	1	8000	173	1000	8000
516	Response	1	7583761	3368	1
517	Picture	AD055	7600890	1000	172	8168	174	1000	8000
518	Response	1	7610839	1780	1
519	Picture	NT035	7627561	1166	1	4510	162	1000	8000
520	Response	2	7636552	4481	1
