Scenario - for study
Logfile written - 2016/1/17 12:53:23

Trial	Event Type	Code	Time	TTime	Uncertainty	Duration	Uncertainty	ReqTime	ReqDur

1	Response	4	237005	237005	1
3	Picture	B1T010	243368	1000	171	7834	172	1000	8000
3	Response	2	251021	8653	2
5	Picture	B2D030	271205	1000	171	8168	172	1000	8000
6	Response	2	286761	7387	2
7	Picture	B2D040	299542	1166	1	8000	173	1000	8000
8	Response	1	311557	3680	1
9	Picture	AT010	327213	1000	170	8168	171	1000	8000
10	Response	1	337267	1885	1
11	Picture	ND050	355217	1166	1	8000	172	1000	8000
12	Response	2	366844	3293	1
13	Picture	AT020	381553	1000	171	8168	173	1000	8000
14	Response	1	391962	2240	1
15	Picture	ND060	408557	1165	2	8000	174	1000	8000
16	Response	2	418178	1448	1
17	Picture	NT010	437395	1000	171	8167	173	1000	8000
18	Response	2	449555	3992	2
19	Picture	B1D030	466399	1166	1	8000	172	1000	8000
20	Response	1	475725	1154	2
21	Picture	AD050	495069	1000	171	8168	172	1000	8000
22	Response	1	510041	6803	1
23	Picture	ND070	520906	1165	1	8000	173	1000	8000
24	Response	2	532952	3711	2
25	Picture	AD060	550244	1000	170	8167	172	1000	8000
26	Response	1	558955	543	2
29	Picture	AD080	616586	1165	1	8000	173	1000	8000
30	Response	1	631285	6364	1
31	Picture	NT040	643923	1000	171	8168	172	1000	8000
32	Response	2	652875	783	1
33	Picture	AD070	669594	1166	1	8000	172	1000	8000
34	Response	1	687767	9839	1
35	Picture	B2T010	696931	1000	170	8167	172	1000	8000
36	Response	1	714412	9313	1
37	Picture	AT040	726268	1166	1	8000	173	1000	8000
38	Response	1	735886	1283	1
39	Picture	B2T020	752105	1000	171	8168	172	1000	8000
40	Response	1	761746	1472	1
41	Picture	ND080	779776	1167	1	8000	172	1000	8000
42	Response	2	790258	2148	1
43	Picture	B1D040	806612	1000	171	8168	172	1000	8000
44	Response	1	815110	329	3
45	Picture	NT030	834616	1165	2	8000	172	1000	8000
46	Response	2	847978	5027	2
47	Picture	AT030	862287	1000	171	8168	172	1000	8000
48	Response	2	877752	7296	1
49	Picture	NT020	888624	1166	1	8000	173	1000	8000
50	Response	2	898211	1253	1
51	Picture	B1T020	915127	1000	172	8168	174	1000	8000
52	Response	1	923681	385	1
55	Picture	AT001	980970	1166	1	8000	173	1000	8000
56	Response	1	989332	27	1
57	Picture	AD041	1006974	1000	171	8168	172	1000	8000
58	Response	1	1019887	4744	1
59	Picture	B2D021	1035144	1165	1	8000	173	1000	8000
60	Response	2	1046050	2571	1
61	Picture	NT011	1063648	1000	171	8168	172	1000	8000
62	Response	2	1074602	2785	1
63	Picture	NT001	1091819	1166	1	8000	173	1000	8000
64	Response	2	1103154	3162	1
65	Picture	ND051	1120823	1000	171	8168	172	1000	8000
66	Response	1	1135271	6279	1
67	Picture	B2T001	1149827	1166	1	8000	172	1000	8000
68	Response	2	1159417	1418	1
69	Picture	B1T001	1179228	1231	106	8104	107	1000	8000
70	Response	2	1189473	2140	1
71	Picture	AD051	1207001	1165	2	8000	174	1000	8000
72	Response	1	1220558	5222	1
73	Picture	AD061	1233338	1000	171	8168	172	1000	8000
74	Response	1	1244371	2864	1
75	Picture	ND041	1259009	1166	1	8000	172	1000	8000
75	Response	2	1267008	9165	173
77	Picture	B1D021	1285512	1000	171	5938	271	1000	8000
77	Response	2	1291449	6937	1
81	Picture	AD071	1350188	1000	171	8168	346	1000	8000
81	Response	1	1358187	8999	169
83	Picture	ND061	1379525	1332	2	5312	195	1000	8000
83	Response	2	1384836	6643	1
85	Picture	NT021	1404195	1165	2	8000	174	1000	8000
86	Response	2	1416170	3640	1
87	Picture	NT031	1429866	1000	171	8167	173	1000	8000
88	Response	2	1441701	3667	1
89	Picture	B2T009	1458536	1165	2	8000	174	1000	8000
90	Response	2	1468423	1552	1
91	Picture	AT031	1486873	1000	172	8168	174	1000	8000
92	Response	1	1497484	2442	1
93	Picture	AT021	1512711	1166	1	6874	131	1000	8000
93	Response	1	1519584	8039	1
95	Picture	B1D031	1538214	1166	1	6016	156	1000	8000
95	Response	2	1544229	7181	1
97	Picture	B1T011	1562384	1166	1	8000	173	1000	8000
98	Response	1	1572834	2115	2
99	Picture	NT009	1591888	1000	171	8168	172	1000	8000
100	Response	2	1608754	8697	1
101	Picture	B2T011	1619559	1166	1	8000	173	1000	8000
102	Response	1	1633283	5551	1
103	Picture	AT011	1645233	1000	167	8164	168	1000	8000
104	Response	1	1655000	1602	1
107	Picture	AT029	1711738	1166	1	8000	173	1000	8000
108	Response	2	1721216	1305	1
109	Picture	NT019	1739909	1000	170	8167	172	1000	8000
110	Response	2	1752613	4536	2
111	Picture	AT019	1768413	1166	1	5762	102	1000	8000
111	Response	1	1774174	6927	1
113	Picture	B2D031	1793583	1166	1	8000	173	1000	8000
114	Response	2	1804470	2553	1
115	Picture	B2T019	1822759	1000	165	8162	166	1000	8000
116	Response	2	1837677	6755	2
117	Picture	NT029	1851758	1166	1	6776	103	1000	8000
117	Response	2	1858533	7941	1
119	Picture	AT009	1879761	1165	2	8000	179	1000	8000
120	Response	1	1888496	555	2
121	Picture	ND049	1905265	1000	171	8168	172	1000	8000
122	Response	2	1925634	12200	1
123	Picture	B1T009	1934436	1166	1	8000	173	1000	8000
124	Response	2	1953936	11166	1
125	Picture	AD049	1961273	1000	170	8168	171	1000	8000
126	Response	1	1970618	1176	2
127	Picture	B1D029	1987443	1166	1	8000	173	1000	8000
128	Response	1	2002701	7085	2
129	Picture	ND071	2013446	1000	171	8168	173	1000	8000
130	Response	2	2028974	7359	1
133	Picture	B2D029	2081789	1165	2	8000	174	1000	8000
134	Response	2	2090235	111	1
135	Picture	NT002	2110460	1000	171	8168	172	1000	8000
136	Response	2	2118629	0	170
137	Picture	NT039	2139464	1166	1	8000	173	1000	8000
138	Response	2	2149399	1601	1
139	Picture	AD079	2165468	1000	171	8168	172	1000	8000
140	Response	2	2174603	966	2
141	Picture	ND069	2192971	1165	2	5258	108	1000	8000
141	Response	2	2198227	6421	1
143	Picture	AD069	2215808	1166	1	8000	173	1000	8000
144	Response	1	2224517	374	1
145	Picture	ND059	2243812	1000	171	7501	172	1000	8000
145	Response	2	2251162	8350	1
147	Picture	B2T002	2269982	1000	171	7427	266	1000	8000
147	Response	2	2277408	8426	1
149	Picture	AT039	2296819	1000	171	8001	173	1000	8000
149	Response	2	2304682	8863	1
151	Picture	B1D039	2322323	1000	171	7334	172	1000	8000
151	Response	2	2329554	8231	1
153	Picture	AD059	2350659	1000	172	8169	173	1000	8000
154	Response	2	2367723	8894	2
155	Picture	B1D022	2378831	1166	1	8000	172	1000	8000
156	Response	1	2392349	5345	1
159	Picture	AD052	2446006	1000	171	8168	173	1000	8000
160	Response	2	2455356	1181	2
161	Picture	NT012	2473344	1166	1	8000	173	1000	8000
161	Response	2	2481343	9165	173
163	Picture	AT012	2500347	1000	171	7420	273	1000	8000
163	Response	1	2507766	8419	1
165	Picture	NT022	2526518	1000	170	6590	269	1000	8000
165	Response	1	2533106	7588	2
167	Picture	B1T002	2553855	1000	170	6834	171	1000	8000
167	Response	1	2560521	7666	1
169	Picture	AT002	2578025	1000	171	6603	267	1000	8000
169	Response	1	2584627	7602	1
171	Picture	AD042	2604362	1000	171	8168	172	1000	8000
172	Response	2	2613658	1127	2
173	Picture	B2D022	2631532	1165	2	6820	187	1000	8000
173	Response	2	2638350	7983	1
175	Picture	B1T019	2655869	1166	1	8000	173	1000	8000
176	Response	2	2668739	4535	2
177	Picture	ND042	2682373	1000	171	8168	172	1000	8000
178	Response	2	2699584	9042	2
179	Picture	ND079	2710377	1166	1	6290	216	1000	8000
179	Response	2	2716666	7455	1
181	Picture	B2D039	2734547	1166	1	6596	108	1000	8000
181	Response	2	2741141	7760	2
185	Picture	NT032	2800056	1166	1	7086	103	1000	8000
185	Response	2	2807141	8251	1
187	Picture	AT008	2826893	1166	1	8000	173	1000	8000
188	Response	1	2835643	416	1
189	Picture	AT032	2852730	1000	171	7334	172	1000	8000
189	Response	1	2860009	8279	1
191	Picture	NT008	2879400	1000	171	8168	172	1000	8000
192	Response	2	2887569	0	170
193	Picture	B2T008	2906904	1166	1	8000	173	1000	8000
194	Response	2	2919539	4301	2
195	Picture	AD062	2934908	1000	170	8168	171	1000	8000
196	Response	1	2947303	4226	1
197	Picture	AT022	2962411	1165	2	8000	174	1000	8000
198	Response	1	2974843	4258	2
199	Picture	ND062	2990082	1000	171	8168	341	1000	8000
199	Response	2	2998082	9000	168
201	Picture	B2T012	3019253	1166	1	8000	173	1000	8000
202	Response	2	3033335	5748	2
203	Picture	B1T012	3046923	1000	171	8168	172	1000	8000
204	Response	1	3056879	1787	2
205	Picture	ND052	3072593	1165	2	8000	174	1000	8000
206	Response	2	3080765	-163	163
207	Picture	B1D032	3100264	1000	171	8168	172	1000	8000
208	Response	1	3109485	1052	1
211	Picture	AT018	3167607	1166	1	8000	172	1000	8000
212	Response	1	3180040	4099	796
213	Picture	NT018	3195110	1000	171	6835	172	1000	8000
213	Response	1	3201787	7677	1
215	Picture	B2T018	3220114	1000	171	8168	172	1000	8000
216	Response	2	3231380	3097	2
217	Picture	NT028	3249451	1165	2	8000	174	1000	8000
218	Response	2	3264988	7364	1
219	Picture	AD072	3278622	1000	171	6668	172	1000	8000
219	Response	2	3285077	7455	1
221	Picture	AT028	3302959	1000	169	6001	170	1000	8000
221	Response	1	3308844	6885	1
223	Picture	B1T008	3326795	1000	171	8168	172	1000	8000
224	Response	2	3343632	8668	2
225	Picture	B2D032	3354132	1165	2	8000	174	1000	8000
226	Response	2	3375699	13394	1
227	Picture	NT038	3383303	1000	171	8168	172	1000	8000
228	Response	2	3392604	1132	1
229	Picture	B1D028	3410474	1166	1	8000	173	1000	8000
230	Response	2	3426214	7406	1
231	Picture	AD048	3437811	1000	171	8168	172	1000	8000
232	Response	1	3446278	298	2
233	Picture	ND072	3465815	1166	1	6597	106	1000	8000
233	Response	2	3472410	7761	1
237	Picture	AD058	3531657	1166	1	8000	173	1000	8000
238	Response	1	3544094	4102	1
239	Picture	AT038	3558661	1000	171	7334	172	1000	8000
239	Response	1	3565830	8169	2
241	Picture	B2D028	3586331	1000	171	6335	172	1000	8000
241	Response	2	3592529	7198	1
243	Picture	AD068	3610835	1000	171	7334	172	1000	8000
243	Response	1	3618053	8218	1
245	Picture	ND048	3639339	1000	171	6001	172	1000	8000
245	Response	2	3645227	6888	2
247	Picture	B2T003	3662675	1000	171	8168	172	1000	8000
248	Response	2	3676106	5262	1
249	Picture	AD078	3690512	1165	2	7918	103	1000	8000
249	Response	1	3698428	9081	2
251	Picture	B1D038	3718516	1165	2	8000	174	1000	8000
252	Response	2	3726688	-163	163
253	Picture	ND068	3744186	1000	171	7335	172	1000	8000
253	Response	2	3751403	8217	1
255	Picture	ND058	3769023	1000	171	6335	172	1000	8000
255	Response	2	3775216	7193	2
257	Picture	NT003	3792693	1000	171	8168	172	1000	8000
258	Response	2	3809808	8946	2
259	Picture	B1T018	3820697	1165	1	7505	168	1000	8000
259	Response	1	3828201	8669	1
263	Picture	AD043	3886040	1166	1	8000	172	1000	8000
264	Response	1	3894726	514	2
265	Picture	ND043	3913877	1000	171	8168	172	1000	8000
266	Response	2	3923355	1309	1
267	Picture	B1D023	3940214	1166	1	8000	173	1000	8000
268	Response	2	3948553	5	1
269	Picture	B1T003	3966051	1000	170	8167	172	1000	8000
270	Response	2	3981767	7548	1
271	Picture	NT023	3992554	1165	2	8000	174	1000	8000
272	Response	1	4003291	2402	2
273	Picture	B2T013	4019058	1000	171	8168	172	1000	8000
274	Response	2	4027551	324	1
275	Picture	AD053	4044895	1166	1	8000	173	1000	8000
276	Response	2	4054985	1756	1
277	Picture	NT013	4072732	1000	171	8168	172	1000	8000
278	Response	2	4081283	382	2
279	Picture	B2D038	4098736	1166	1	8000	173	1000	8000
280	Response	2	4111460	4551	1
281	Picture	ND078	4124739	1000	171	8168	172	1000	8000
282	Response	2	4138801	5893	1
283	Picture	AT003	4152076	1165	2	7102	104	1000	8000
283	Response	1	4159177	8266	1
285	Picture	AT013	4178580	1166	1	8000	173	1000	8000
286	Response	1	4188198	1445	2
289	Picture	AT023	4246756	1000	171	8168	172	1000	8000
290	Response	1	4255852	927	1
291	Picture	ND053	4274760	1166	1	6217	420	1000	8000
291	Response	2	4280976	7382	1
293	Picture	B2D023	4301097	1166	1	5857	149	1000	8000
293	Response	2	4306953	7022	1
295	Picture	NT017	4326434	1166	1	8000	173	1000	8000
296	Response	2	4339179	4572	1
297	Picture	B1T013	4353938	1000	171	8168	172	1000	8000
298	Response	2	4369431	7324	2
299	Picture	B2T007	4379608	1166	1	8000	177	1000	8000
300	Response	2	4387785	-157	158
301	Picture	AT033	4407945	1000	171	8168	172	1000	8000
302	Response	1	4416114	0	170
303	Picture	B1T007	4436449	1165	1	8000	173	1000	8000
304	Response	1	4444975	191	1
305	Picture	AT007	4464625	1000	166	8163	167	1000	8000
306	Response	2	4481523	8734	2
307	Picture	NT033	4490957	1166	1	8000	173	1000	8000
308	Response	2	4501068	1777	1
309	Picture	AD063	4520127	1000	171	8168	172	1000	8000
310	Response	2	4531497	3201	1
311	Picture	NT007	4548631	1165	2	8000	174	1000	8000
312	Response	2	4560488	3522	1
315	Picture	AT027	4618641	1000	171	8168	172	1000	8000
316	Response	1	4631802	4992	1
317	Picture	AD047	4645645	1166	1	8000	173	1000	8000
318	Response	1	4654301	483	2
319	Picture	ND073	4673315	1000	171	6168	172	1000	8000
319	Response	2	4679432	7117	2
321	Picture	AD073	4698652	1000	171	8168	172	1000	8000
322	Response	1	4708184	1363	1
323	Picture	AT017	4725656	1166	1	6140	199	1000	8000
323	Response	1	4731795	7305	1
325	Picture	B2T017	4749159	1165	1	8000	173	1000	8000
326	Response	2	4759515	2021	1
327	Picture	ND047	4778669	1000	165	8162	166	1000	8000
328	Response	2	4792097	5265	1
329	Picture	B2D033	4804500	1165	1	7285	221	1000	8000
329	Response	2	4811784	8449	1
331	Picture	B1T017	4830670	1165	2	6769	107	1000	8000
331	Response	1	4837438	7933	1
333	Picture	B1D033	4857674	1165	2	5868	139	1000	8000
333	Response	2	4863541	7032	1
335	Picture	ND063	4883845	1166	1	6386	119	1000	8000
335	Response	2	4890229	7550	2
337	Picture	NT027	4909181	1165	2	8000	174	1000	8000
338	Response	2	4923550	6034	1
341	Picture	NT037	4979024	1000	171	8002	172	1000	8000
341	Response	2	4986837	8813	2
343	Picture	AD057	5007028	1000	171	8168	172	1000	8000
344	Response	1	5023669	8472	2
345	Picture	B1D037	5033532	1166	1	8000	173	1000	8000
346	Response	1	5044145	2279	1
347	Picture	ND057	5061702	1000	172	8168	174	1000	8000
348	Response	2	5073669	3798	1
349	Picture	B2T004	5088706	1165	1	8000	173	1000	8000
350	Response	2	5102783	5742	2
351	Picture	B1D027	5115710	1000	171	8168	172	1000	8000
352	Response	2	5125159	1280	1
353	Picture	AT037	5144881	1166	1	8000	171	1000	8000
354	Response	1	5159069	5854	1
355	Picture	B2D027	5173551	1000	171	8000	513	1000	8000
356	Response	2	5189205	7312	2
357	Picture	AD077	5199555	1166	1	8000	173	1000	8000
358	Response	1	5207907	18	2
359	Picture	NT004	5225725	1000	171	8168	172	1000	8000
360	Response	2	5239777	5883	2
361	Picture	AD067	5252396	1165	1	8000	172	1000	8000
361	Response	1	5260395	9164	173
363	Picture	ND067	5281400	1000	170	8167	172	1000	8000
364	Response	2	5292319	2750	2
367	Picture	AT014	5351076	1166	1	8000	173	1000	8000
368	Response	2	5360914	1503	2
369	Picture	ND044	5378413	1000	171	8168	172	1000	8000
370	Response	2	5386805	223	2
371	Picture	B1D024	5403917	1166	1	8000	172	1000	8000
372	Response	2	5414026	1775	1
373	Picture	NT024	5432426	1000	165	7829	166	1000	8000
373	Response	2	5440145	8719	1
375	Picture	NT014	5460591	1000	170	8168	171	1000	8000
376	Response	2	5473246	4486	2
377	Picture	AT004	5489428	1165	2	6089	107	1000	8000
377	Response	1	5495516	7253	1
379	Picture	B2D037	5513599	1166	1	7279	105	1000	8000
379	Response	2	5520877	8444	1
381	Picture	B1T004	5539769	1166	1	7425	102	1000	8000
381	Response	2	5547193	8590	1
383	Picture	AT024	5566939	1165	1	7919	106	1000	8000
383	Response	1	5574856	9082	2
385	Picture	ND077	5593610	1166	1	5421	103	1000	8000
385	Response	2	5599029	6585	1
387	Picture	B2T014	5617280	1166	1	8000	172	1000	8000
388	Response	2	5631738	6124	1
389	Picture	AD044	5644950	1000	171	8168	172	1000	8000
390	Response	1	5655318	2199	2
393	Picture	AD064	5711126	1166	1	8000	173	1000	8000
394	Response	2	5723484	4024	1
395	Picture	B1D034	5736796	1000	171	8168	172	1000	8000
396	Response	2	5754276	9309	1
397	Picture	AD054	5763800	1166	1	5792	213	1000	8000
397	Response	1	5769590	6956	2
399	Picture	AD074	5788639	1001	166	8000	335	1000	8000
400	Response	1	5797756	946	2
401	Picture	AT034	5814140	1000	171	8001	172	1000	8000
401	Response	1	5821996	8856	1
403	Picture	ND064	5841316	1000	166	7662	167	1000	8000
403	Response	2	5848814	8498	1
405	Picture	ND054	5867981	1000	171	5334	172	1000	8000
405	Response	2	5873117	6136	1
407	Picture	B1T014	5892323	1000	165	8162	167	1000	8000
408	Response	2	5901253	767	1
409	Picture	B2D024	5918655	1166	1	7475	197	1000	8000
409	Response	2	5926128	8639	1
411	Picture	NT006	5945992	1166	1	8000	173	1000	8000
412	Response	2	5955056	730	2
413	Picture	NT034	5974329	1000	171	8000	708	1000	8000
414	Response	2	5984467	1601	1
414	Response	3	5986999	4133	2
415	Picture	B2T006	6001666	1165	1	7977	196	1000	8000
415	Response	2	6009642	9141	1
419	Picture	AD046	6067675	1165	2	8000	173	1000	8000
420	Response	1	6075846	-1	165
421	Picture	B2D034	6094512	1000	171	6668	172	1000	8000
421	Response	2	6100992	7480	1
423	Picture	AT006	6120683	1000	170	6580	269	1000	8000
423	Response	1	6127261	7578	2
425	Picture	NT016	6145353	1000	170	7001	171	1000	8000
425	Response	2	6152116	7763	2
427	Picture	B1D026	6170189	1000	171	7168	172	1000	8000
427	Response	2	6177234	8045	2
429	Picture	ND046	6194693	1000	171	8168	172	1000	8000
430	Response	2	6207597	4735	1
431	Picture	B2T016	6223364	1166	1	6986	186	1000	8000
431	Response	1	6230349	8151	1
433	Picture	B1T006	6250534	1166	1	8000	173	1000	8000
434	Response	2	6267972	9104	2
435	Picture	NT026	6279705	1000	170	8167	346	1000	8000
435	Response	2	6287704	8999	168
437	Picture	ND074	6306208	1165	2	8000	179	1000	8000
438	Response	2	6321899	7356	1
439	Picture	AT016	6333045	1000	171	6835	172	1000	8000
439	Response	2	6339832	7787	1
441	Picture	AD056	6358382	1000	171	7451	270	1000	8000
441	Response	1	6365832	8450	1
445	Picture	NT036	6425225	1000	171	8168	172	1000	8000
446	Response	2	6438873	5479	1
447	Picture	ND066	6452062	1166	1	8000	173	1000	8000
448	Response	2	6466543	6147	2
449	Picture	NT005	6479899	1000	171	8168	172	1000	8000
450	Response	2	6489741	1673	1
451	Picture	AD066	6506403	1166	1	8000	173	1000	8000
452	Response	1	6517382	2645	1
453	Picture	B2D026	6532073	1000	171	8168	172	1000	8000
454	Response	2	6542070	1828	1
455	Picture	B1D036	6561077	1166	1	8000	173	1000	8000
456	Response	2	6575810	6399	2
457	Picture	AT005	6587747	1000	171	7335	172	1000	8000
457	Response	1	6594938	8191	2
459	Picture	B1T016	6614918	1000	171	8168	172	1000	8000
460	Response	1	6628713	5626	1
461	Picture	AT036	6643922	1166	1	8000	173	1000	8000
462	Response	1	6652921	665	2
463	Picture	B2T005	6672926	1000	171	6100	273	1000	8000
463	Response	1	6679024	7098	2
465	Picture	AT026	6699601	1000	166	8163	167	1000	8000
466	Response	1	6708948	1183	1
467	Picture	ND056	6727267	1166	1	8000	173	1000	8000
468	Response	2	6735986	385	1
471	Picture	ND076	6797110	1000	170	7429	273	1000	8000
471	Response	2	6804537	8427	2
473	Picture	ND055	6825280	1000	171	5834	173	1000	8000
473	Response	2	6830910	6630	1
475	Picture	ND045	6852284	1000	171	5442	271	1000	8000
475	Response	2	6857725	6441	1
477	Picture	AD076	6878288	1000	175	7243	271	1000	8000
477	Response	1	6885140	7852	391
479	Picture	AT015	6906125	1000	171	8168	172	1000	8000
480	Response	2	6924473	10179	2
481	Picture	NT015	6931628	1165	2	7659	181	1000	8000
481	Response	2	6939285	8822	1
483	Picture	AD045	6957465	1165	2	8000	174	1000	8000
484	Response	1	6966333	533	2
485	Picture	B1D025	6983969	1334	1	6585	104	1000	8000
485	Response	2	6990553	7918	1
486	Response	2	6995145	4591	1
487	Picture	AT025	7009806	1000	170	8168	171	1000	8000
488	Response	1	7026958	8983	2
489	Picture	B2T015	7038977	1166	1	8000	172	1000	8000
490	Response	2	7052459	5148	1
491	Picture	B1T005	7065814	1000	171	8167	173	1000	8000
492	Response	2	7079520	5538	2
493	Picture	B2D036	7095151	1166	1	8000	173	1000	8000
494	Response	2	7103863	378	1
497	Picture	AD055	7164994	1000	171	8168	172	1000	8000
498	Response	2	7173756	593	1
499	Picture	B2D035	7190498	1166	1	8000	172	1000	8000
500	Response	2	7199293	461	1
501	Picture	ND065	7219502	1000	171	8167	173	1000	8000
502	Response	2	7228431	761	1
503	Picture	AD065	7245339	1166	1	6853	152	1000	8000
503	Response	2	7252191	8018	1
505	Picture	B1T015	7272676	1166	1	8000	172	1000	8000
506	Response	2	7290138	9128	1
507	Picture	NT035	7300846	1000	171	8168	172	1000	8000
508	Response	2	7309393	378	2
509	Picture	NT025	7328683	1165	2	8000	174	1000	8000
510	Response	2	7341651	4633	2
511	Picture	B1D035	7357521	1000	171	8168	172	1000	8000
512	Response	1	7367102	1412	2
513	Picture	B2D025	7386191	1165	2	8000	179	1000	8000
514	Response	1	7396307	1781	1
515	Picture	AT035	7414695	1000	171	8168	172	1000	8000
516	Response	2	7423272	408	1
517	Picture	AD075	7442199	1166	1	8000	173	1000	8000
518	Response	1	7451691	1319	1
519	Picture	ND075	7470870	1000	170	6501	171	1000	8000
519	Response	2	7477261	7391	1
