Scenario - for study
Logfile written - 2016/1/17 15:55:14

Trial	Event Type	Code	Time	TTime	Uncertainty	Duration	Uncertainty	ReqTime	ReqDur

1	Response	4	401305	401305	1
3	Picture	AD060	407724	1000	171	8168	172	1000	8000
4	Response	1	416422	529	3
5	Picture	ND070	435395	1166	1	8000	173	1000	8000
6	Response	2	457564	13835	1
7	Picture	NT010	461732	1000	171	8168	172	1000	8000
8	Response	2	470725	824	1
9	Picture	B1T010	490069	1166	1	8000	173	1000	8000
11	Picture	ND060	518573	1000	171	8168	172	1000	8000
12	Response	2	531217	4475	1
13	Picture	B2D040	547244	1166	1	8000	174	1000	8000
14	Response	2	555749	171	1
15	Picture	AT010	576081	1000	171	7334	173	1000	8000
16	Response	2	587699	4284	1
17	Picture	AT020	603085	1000	171	8168	172	1000	8000
18	Response	1	617276	6022	1
19	Picture	AD050	628922	1166	1	8000	173	1000	8000
20	Response	2	643489	6233	1
21	Picture	ND050	656426	1000	171	8167	342	1000	8000
21	Response	1	664425	8999	168
23	Picture	B1D030	685430	1166	1	8000	172	1000	8000
24	Response	2	698110	4346	1
25	Picture	B2D030	711267	1000	171	8167	173	1000	8000
26	Response	2	727408	7973	1
29	Picture	B2T020	779943	1166	1	8000	173	1000	8000
30	Response	1	794029	5752	1
31	Picture	AT030	806780	1000	172	8168	173	1000	8000
32	Response	1	823300	8351	1
35	Picture	NT040	850286	1000	171	8001	172	1000	8000
36	Response	1	861732	3445	2
37	Picture	NT020	877456	1000	172	8168	173	1000	8000
38	Response	1	889170	3545	1
39	Picture	ND080	906294	1166	1	8000	173	1000	8000
40	Response	2	918840	4373	1
41	Picture	B1D040	932964	1000	171	7835	172	1000	8000
41	Response	2	940626	8662	2
43	Picture	AT040	961307	1000	165	8162	166	1000	8000
44	Response	1	969470	0	176
45	Picture	B1T020	988139	1166	1	7906	100	1000	8000
45	Response	1	996044	9071	1
47	Picture	B2T010	1014809	1166	1	7634	206	1000	8000
47	Response	2	1022442	8799	2
49	Picture	NT030	1040146	1166	1	8000	173	1000	8000
50	Response	2	1054242	5762	2
51	Picture	AD070	1067316	1000	171	8168	172	1000	8000
52	Response	1	1081127	5642	2
55	Picture	AT001	1135159	1166	1	8000	173	1000	8000
56	Response	1	1143925	431	1
57	Picture	ND041	1162329	1000	171	8168	173	1000	8000
58	Response	2	1174620	4122	1
59	Picture	AD041	1188333	1165	1	8000	173	1000	8000
60	Response	1	1198144	1476	1
61	Picture	ND051	1215670	1000	171	8168	172	1000	8000
62	Response	2	1228001	4162	1
63	Picture	B2T001	1241674	1166	1	8000	173	1000	8000
63	Response	2	1249674	9166	172
65	Picture	AD051	1267183	1000	166	8162	168	1000	8000
66	Response	1	1276969	1623	1
67	Picture	AD061	1293181	1165	1	8000	173	1000	8000
68	Response	1	1302722	1206	1
69	Picture	B2D021	1321352	1000	171	7668	172	1000	8000
69	Response	1	1328948	8596	1
71	Picture	B1D021	1348355	1000	172	6335	173	1000	8000
71	Response	2	1354594	7239	3
73	Picture	NT011	1373698	1000	166	8162	167	1000	8000
74	Response	2	1389832	7971	1
75	Picture	B1T001	1401196	1165	1	8000	173	1000	8000
76	Response	1	1409876	507	1
77	Picture	NT001	1429700	1000	171	8168	172	1000	8000
78	Response	2	1438205	336	1
81	Picture	B2T011	1496876	1165	2	4131	209	1000	8000
81	Response	1	1501006	5295	1
83	Picture	ND061	1519713	1166	1	8000	173	1000	8000
84	Response	2	1529564	1517	2
85	Picture	B1T011	1548550	1000	171	5334	172	1000	8000
85	Response	1	1553701	6151	1
87	Picture	NT009	1573554	1000	170	8167	172	1000	8000
88	Response	2	1582133	411	2
89	Picture	NT031	1601391	1166	1	8000	173	1000	8000
90	Response	2	1613181	3456	1
91	Picture	AT031	1628228	1000	170	7834	172	1000	8000
91	Response	1	1635996	8768	1
93	Picture	AT011	1654732	1000	170	5500	172	1000	8000
93	Response	1	1660082	6350	1
95	Picture	B2T009	1678235	1000	171	6334	172	1000	8000
95	Response	1	1684408	7173	1
97	Picture	NT021	1705577	1000	166	8163	167	1000	8000
98	Response	2	1715569	1828	1
99	Picture	B1D031	1734743	1166	1	7116	56	1000	8000
99	Response	1	1741858	8281	1
101	Picture	AT021	1761413	1165	1	6492	181	1000	8000
101	Response	1	1767904	7656	2
103	Picture	AD071	1785583	1166	1	8000	173	1000	8000
104	Response	1	1799415	5497	1
107	Picture	NT019	1855093	1000	171	7001	172	1000	8000
107	Response	1	1861930	7837	1
109	Picture	AD049	1882769	1000	166	6829	167	1000	8000
109	Response	1	1889513	7744	2
111	Picture	AT029	1908267	1000	171	8168	172	1000	8000
112	Response	1	1916825	389	1
113	Picture	B2T019	1934271	1166	1	8000	172	1000	8000
114	Response	2	1944498	2054	1
115	Picture	AT009	1960613	1000	166	6996	167	1000	8000
115	Response	1	1967443	7830	1
117	Picture	B1T009	1988117	1000	165	8162	166	1000	8000
118	Response	1	1999815	3535	1
119	Picture	AT019	2017116	1166	1	6597	75	1000	8000
119	Response	1	2023712	7762	1
121	Picture	NT029	2042952	1165	2	8000	174	1000	8000
122	Response	2	2051362	75	1
123	Picture	ND049	2070789	1000	172	8168	174	1000	8000
124	Response	1	2081924	2966	1
125	Picture	B1D029	2097127	1166	1	8000	172	1000	8000
126	Response	2	2108519	3219	1
127	Picture	B2D031	2122635	1000	166	8163	167	1000	8000
128	Response	2	2131817	1018	1
129	Picture	ND071	2148467	1166	1	6096	77	1000	8000
129	Response	2	2154562	7261	1
133	Picture	B1D039	2213309	1165	2	8000	178	1000	8000
134	Response	1	2222997	1353	1
135	Picture	AD069	2241813	1000	171	7168	172	1000	8000
135	Response	1	2248777	7964	1
137	Picture	NT002	2266817	1000	171	6168	172	1000	8000
137	Response	2	2272863	7046	1
139	Picture	B2D029	2290487	1000	171	8168	172	1000	8000
140	Response	2	2302454	3798	1
141	Picture	B2T002	2319158	1166	1	6960	212	1000	8000
141	Response	1	2326117	8125	1
143	Picture	AT039	2345830	1001	166	8000	336	1000	8000
144	Response	1	2354580	579	1
145	Picture	ND059	2372832	1000	171	8168	172	1000	8000
146	Response	2	2384300	3299	1
147	Picture	AD079	2399502	1166	1	8000	173	1000	8000
148	Response	1	2407674	-163	162
149	Picture	AD059	2426006	1000	171	8168	172	1000	8000
150	Response	1	2434729	554	1
151	Picture	B1D022	2454010	1166	1	7494	178	1000	8000
151	Response	1	2461503	8659	2
153	Picture	NT039	2479513	1165	2	7206	135	1000	8000
153	Response	2	2486718	8370	1
155	Picture	ND069	2506017	1166	1	8000	173	1000	8000
156	Response	2	2516468	2278	1
159	Picture	ND042	2572693	1000	171	8168	172	1000	8000
160	Response	2	2583325	2463	2
161	Picture	B1T002	2599363	1165	2	8000	174	1000	8000
162	Response	2	2607908	210	1
163	Picture	NT022	2625534	1000	171	8167	347	1000	8000
163	Response	2	2633533	8999	168
165	Picture	AT002	2652537	1165	2	6932	75	1000	8000
165	Response	1	2659468	8096	1
167	Picture	ND079	2677207	1165	2	8000	174	1000	8000
168	Response	2	2687657	2115	1
169	Picture	AT012	2706378	1000	171	8168	172	1000	8000
170	Response	1	2715344	797	1
171	Picture	NT012	2731882	1166	1	5276	63	1000	8000
171	Response	1	2737157	6441	2
173	Picture	B2D039	2754885	1166	1	8000	173	1000	8000
174	Response	1	2765247	2027	1
175	Picture	B2D022	2783055	1000	171	7002	172	1000	8000
175	Response	2	2789962	7907	1
177	Picture	AD042	2808226	1000	171	8168	172	1000	8000
178	Response	2	2817379	984	2
179	Picture	B1T019	2834729	1165	2	7703	138	1000	8000
179	Response	2	2842431	8867	1
181	Picture	AD052	2861233	1165	1	6746	93	1000	8000
181	Response	2	2867978	7910	1
185	Picture	AT008	2926576	1166	1	6317	189	1000	8000
185	Response	1	2932892	7482	1
187	Picture	ND052	2951246	1166	1	8000	173	1000	8000
188	Response	2	2962426	3007	1
189	Picture	B2T008	2977916	1000	171	6334	172	1000	8000
189	Response	1	2984196	7280	1
191	Picture	AT032	3003586	1000	171	5834	173	1000	8000
191	Response	1	3009221	6635	1
193	Picture	ND062	3029428	1000	166	8163	167	1000	8000
194	Response	2	3039450	1858	1
195	Picture	B2T012	3057427	1165	1	8000	173	1000	8000
196	Response	1	3066465	865	1
197	Picture	NT032	3083264	1000	171	8168	172	1000	8000
198	Response	2	3091609	176	1
199	Picture	NT008	3109768	1166	1	8000	173	1000	8000
200	Response	2	3121479	3538	1
201	Picture	AT022	3138105	1000	171	7001	172	1000	8000
201	Response	1	3144983	7878	1
203	Picture	B1T012	3163442	1000	171	6334	172	1000	8000
203	Response	1	3169585	7143	1
205	Picture	AD062	3188784	1000	166	8162	342	1000	8000
205	Response	2	3196784	9000	162
207	Picture	B1D032	3215449	1165	1	8000	173	1000	8000
208	Response	2	3228742	5120	1
211	Picture	B1D028	3283130	1000	167	8163	168	1000	8000
212	Response	1	3292758	1464	1
213	Picture	NT028	3312463	1166	1	8000	173	1000	8000
214	Response	2	3321094	297	1
215	Picture	NT018	3341967	1000	171	5000	173	1000	8000
216	Response	2	3355310	8343	1
217	Picture	NT038	3368137	1000	171	5334	172	1000	8000
218	Response	2	3377180	3709	1
219	Picture	B2T018	3391140	1000	171	5668	172	1000	8000
220	Response	2	3400580	3772	2
221	Picture	AT018	3415810	1000	171	6335	172	1000	8000
222	Response	2	3424936	2791	1
223	Picture	B2D032	3440647	1000	171	7001	172	1000	8000
224	Response	2	3450992	3344	2
225	Picture	AD072	3466984	1000	171	8168	172	1000	8000
226	Response	2	3479741	4588	1
227	Picture	AD048	3495822	1166	1	6326	180	1000	8000
227	Response	2	3502147	7491	1
229	Picture	B1T008	3519825	1166	1	6841	165	1000	8000
229	Response	2	3526665	8006	2
231	Picture	ND072	3544495	1166	1	8000	173	1000	8000
232	Response	2	3554708	1878	1
233	Picture	AT028	3570165	1000	171	5334	173	1000	8000
233	Response	1	3575304	6139	1
237	Picture	ND068	3634179	1000	167	7496	168	1000	8000
237	Response	2	3641609	8430	1
239	Picture	B2T003	3660511	1000	171	8167	343	1000	8000
239	Response	2	3668510	8999	168
241	Picture	AD078	3689348	1165	2	8000	174	1000	8000
242	Response	1	3701309	3626	1
243	Picture	AD058	3715352	1000	171	5501	172	1000	8000
243	Response	1	3720647	6295	1
245	Picture	ND048	3740189	1000	171	7501	172	1000	8000
245	Response	2	3747601	8412	1
247	Picture	B1T018	3765364	1000	166	5996	167	1000	8000
247	Response	1	3771262	6898	1
249	Picture	ND058	3789029	1000	171	8168	172	1000	8000
250	Response	2	3797198	0	170
251	Picture	AT038	3816200	1166	1	7924	82	1000	8000
251	Response	1	3824123	9089	1
253	Picture	B1D038	3845037	1166	1	6458	214	1000	8000
253	Response	2	3851494	7623	1
255	Picture	NT003	3871208	1000	243	7930	317	1000	8000
255	Response	2	3879137	8929	1
257	Picture	B2D028	3897878	1166	1	7376	130	1000	8000
257	Response	2	3905253	8541	1
259	Picture	AD068	3925048	1166	1	8000	173	1000	8000
260	Response	2	3934232	1011	1
263	Picture	AT013	3994230	1000	165	7662	166	1000	8000
263	Response	1	4001765	8535	1
265	Picture	AT003	4021233	1000	166	4996	167	1000	8000
265	Response	1	4026181	5948	1
267	Picture	NT023	4044236	1000	167	4496	168	1000	8000
267	Response	1	4048560	5324	1
269	Picture	AD043	4066740	1000	166	7162	167	1000	8000
269	Response	2	4073834	8094	1
271	Picture	B1T003	4093243	1000	166	8163	167	1000	8000
272	Response	2	4107145	5738	1
273	Picture	B2T013	4122075	1165	2	8000	174	1000	8000
274	Response	2	4131657	1247	1
275	Picture	B2D038	4149579	1000	171	8001	173	1000	8000
275	Response	2	4157387	8808	1
277	Picture	B1D023	4178416	1000	171	6835	172	1000	8000
277	Response	2	4185047	7631	1
279	Picture	AD053	4202920	1000	171	4667	173	1000	8000
279	Response	2	4207495	5575	3
281	Picture	ND043	4225256	1000	171	6168	172	1000	8000
281	Response	2	4231306	7050	1
283	Picture	ND078	4251260	1000	171	5501	172	1000	8000
283	Response	2	4256554	6294	1
285	Picture	NT013	4274096	1000	172	8168	174	1000	8000
286	Response	1	4283099	834	2
289	Picture	B1T007	4340439	1166	1	6255	84	1000	8000
289	Response	1	4346693	7420	1
291	Picture	NT017	4367776	1165	2	8000	174	1000	8000
292	Response	2	4377002	891	1
293	Picture	AD063	4393613	1000	171	8168	172	1000	8000
294	Response	2	4402054	272	1
295	Picture	NT007	4422617	1165	2	8000	174	1000	8000
296	Response	1	4431354	402	2
297	Picture	AT023	4451288	1000	171	8168	172	1000	8000
298	Response	1	4462232	2775	1
299	Picture	B2D023	4477458	1165	1	8000	173	1000	8000
300	Response	2	4495373	9580	1
301	Picture	AT007	4505629	1000	171	8168	172	1000	8000
302	Response	1	4518864	5066	1
303	Picture	B1T013	4534133	1166	1	5494	178	1000	8000
303	Response	1	4539625	6658	2
305	Picture	NT033	4557136	1166	1	7119	53	1000	8000
306	Response	1	4567193	2938	1
307	Picture	ND053	4583806	1165	2	8000	174	1000	8000
308	Response	2	4592716	575	1
309	Picture	AT033	4611310	1000	171	8168	172	1000	8000
310	Response	1	4621112	1633	1
311	Picture	B2T007	4637647	1165	1	8000	173	1000	8000
312	Response	2	4646513	531	1
315	Picture	B2D033	4706995	1000	167	7663	168	1000	8000
315	Response	2	4714529	8534	1
317	Picture	AD047	4733666	1000	166	8162	168	1000	8000
318	Response	1	4743290	1461	2
319	Picture	B2T017	4761998	1166	1	8000	173	1000	8000
320	Response	2	4770904	572	1
321	Picture	ND073	4788840	1000	167	8163	168	1000	8000
322	Response	2	4799959	2955	1
323	Picture	NT027	4816005	1165	2	6483	191	1000	8000
324	Response	2	4827363	4875	1
325	Picture	B1T017	4842509	1166	1	6375	131	1000	8000
326	Response	1	4852497	3613	1
327	Picture	B1D033	4866179	1166	1	8000	173	1000	8000
328	Response	2	4875206	692	1
329	Picture	AD073	4893349	1000	171	6501	173	1000	8000
329	Response	2	4899764	7415	2
331	Picture	AT027	4918519	1000	172	8168	174	1000	8000
332	Response	1	4932213	5525	2
333	Picture	ND063	4947690	1165	2	8000	174	1000	8000
334	Response	2	4957168	1305	1
335	Picture	ND047	4976694	1000	171	6335	172	1000	8000
335	Response	2	4982842	7148	1
337	Picture	AT017	5002703	1000	166	4162	167	1000	8000
338	Response	1	5014249	7384	1
341	Picture	AD057	5068207	1000	171	8168	342	1000	8000
341	Response	2	5076207	9000	168
343	Picture	NT037	5094044	1166	1	8000	173	1000	8000
344	Response	2	5103629	1250	1
345	Picture	NT004	5122220	1000	167	8162	169	1000	8000
346	Response	1	5133689	3305	1
347	Picture	ND057	5149552	1166	1	8000	173	1000	8000
348	Response	2	5158421	696	1
349	Picture	AT037	5177722	1000	171	8168	172	1000	8000
350	Response	1	5186454	563	1
351	Picture	AD077	5205393	1166	1	8000	173	1000	8000
352	Response	1	5218583	5017	1
353	Picture	ND067	5232063	1000	171	6168	172	1000	8000
353	Response	2	5238050	6987	1
355	Picture	B2D027	5256567	1000	171	6167	172	1000	8000
355	Response	2	5262546	6979	1
357	Picture	B2T004	5281570	1000	171	8168	172	1000	8000
358	Response	2	5290067	328	1
359	Picture	B1D037	5308907	1165	2	5895	112	1000	8000
359	Response	2	5314801	7059	1
361	Picture	B1D027	5333744	1166	1	5987	186	1000	8000
361	Response	2	5339729	7151	2
363	Picture	AD067	5359081	1166	1	4406	100	1000	8000
363	Response	2	5363486	5571	1
367	Picture	AD044	5422923	1166	1	8000	173	1000	8000
367	Response	2	5430922	9165	173
369	Picture	B2T014	5449593	1000	171	8168	173	1000	8000
370	Response	2	5458490	728	1
371	Picture	AT004	5478431	1166	1	5102	70	1000	8000
371	Response	2	5483532	6267	1
373	Picture	B1T004	5501101	1166	1	3992	180	1000	8000
373	Response	2	5505092	5157	1
375	Picture	NT024	5525604	1165	1	6494	184	1000	8000
375	Response	2	5532097	7658	1
377	Picture	ND077	5553275	1166	1	6779	60	1000	8000
377	Response	2	5560053	7944	1
379	Picture	ND044	5579945	1166	1	5390	116	1000	8000
379	Response	2	5585334	6555	1
381	Picture	B2D037	5603948	1165	2	5746	95	1000	8000
381	Response	2	5609693	6910	1
383	Picture	B1D024	5630619	1166	1	6293	213	1000	8000
383	Response	1	5636911	7458	1
385	Picture	NT014	5657789	1166	1	7525	148	1000	8000
385	Response	1	5665313	8690	1
387	Picture	AT014	5683126	1166	1	6468	204	1000	8000
387	Response	1	5689593	7633	1
389	Picture	AT024	5707129	1165	2	6830	177	1000	8000
389	Response	1	5713958	7994	2
393	Picture	B1D034	5772805	1165	1	7144	196	1000	8000
393	Response	2	5779947	8307	2
395	Picture	NT034	5798642	1166	1	3363	143	1000	8000
396	Response	2	5808366	6361	2
397	Picture	B1T014	5820312	1166	1	5969	203	1000	8000
398	Response	2	5829980	3699	1
399	Picture	AD054	5846149	1166	1	8000	173	1000	8000
400	Response	2	5855245	762	1
401	Picture	ND064	5871657	1000	166	6663	167	1000	8000
401	Response	2	5878226	7569	1
403	Picture	B2T006	5899156	1000	171	6668	172	1000	8000
404	Response	1	5914113	8289	1
405	Picture	AD074	5923165	1000	165	8162	166	1000	8000
406	Response	1	5934442	3114	1
407	Picture	AT034	5949330	1166	1	7385	121	1000	8000
407	Response	1	5956714	8550	2
409	Picture	ND054	5974833	1165	1	7220	120	1000	8000
409	Response	2	5982052	8384	1
411	Picture	NT006	6001837	1166	1	8000	173	1000	8000
412	Response	2	6013945	3773	1
413	Picture	B2D024	6027674	1000	171	8168	172	1000	8000
414	Response	2	6050417	14574	1
415	Picture	AD064	6056678	1166	1	8000	173	1000	8000
416	Response	1	6065292	279	1
419	Picture	AT006	6122692	1000	166	5329	167	1000	8000
419	Response	1	6127940	6248	2
421	Picture	ND074	6148857	1000	171	4001	172	1000	8000
421	Response	1	6152653	4796	1
423	Picture	ND046	6171861	1000	171	8167	173	1000	8000
424	Response	2	6183940	3911	1
425	Picture	AD056	6200865	1166	1	6756	83	1000	8000
425	Response	1	6207620	7921	1
427	Picture	B2D034	6227368	1165	2	7697	144	1000	8000
427	Response	1	6235064	8861	1
429	Picture	NT026	6252539	1166	1	7055	117	1000	8000
429	Response	2	6259593	8220	1
431	Picture	AD046	6278375	1165	2	7981	193	1000	8000
431	Response	1	6286355	9145	1
433	Picture	B2T016	6305713	1166	1	6766	73	1000	8000
433	Response	1	6312478	7931	1
435	Picture	AT016	6330049	1165	2	5102	72	1000	8000
435	Response	1	6335149	6265	2
437	Picture	B1D026	6355220	1166	1	8000	172	1000	8000
438	Response	1	6366560	3006	1
439	Picture	NT016	6381890	1000	171	5667	173	1000	8000
439	Response	1	6387408	6518	2
441	Picture	B1T006	6405560	1000	171	7834	172	1000	8000
442	Response	2	6415907	2513	1
445	Picture	NT005	6473236	1000	383	4667	384	1000	8000
445	Response	1	6477747	5511	1
447	Picture	AT036	6495739	1000	171	5167	173	1000	8000
448	Response	1	6503807	2901	1
449	Picture	ND056	6518409	1000	171	6001	172	1000	8000
449	Response	2	6524302	6893	1
451	Picture	ND066	6543412	1000	171	8168	172	1000	8000
452	Response	2	6551880	299	1
453	Picture	B2T005	6569916	1166	1	6270	69	1000	8000
454	Response	1	6579869	3683	1
455	Picture	NT036	6593419	1165	2	8000	174	1000	8000
456	Response	2	6609549	7795	1
457	Picture	AT026	6622757	1000	170	6167	171	1000	8000
458	Response	1	6631729	2805	1
459	Picture	AT005	6650094	1000	171	6334	172	1000	8000
460	Response	1	6659202	2774	2
461	Picture	B1T016	6674931	1000	170	7334	171	1000	8000
462	Response	2	6686034	3769	1
463	Picture	B2D026	6699934	1000	171	8168	172	1000	8000
464	Response	2	6715391	7288	2
465	Picture	B1D036	6729105	1166	1	8000	173	1000	8000
465	Response	2	6737104	9165	173
467	Picture	AD066	6755775	1000	171	8168	172	1000	8000
468	Response	1	6764287	343	1
471	Picture	AT025	6823451	1165	2	5265	75	1000	8000
471	Response	1	6828715	6429	1
473	Picture	ND076	6849955	1166	1	8000	173	1000	8000
474	Response	2	6859224	935	1
475	Picture	AD045	6879126	1000	171	8001	172	1000	8000
475	Response	2	6886920	8794	2
477	Picture	AT015	6906629	1000	172	7168	173	1000	8000
477	Response	1	6913729	8100	1
479	Picture	B2T015	6932133	1000	171	4167	172	1000	8000
480	Response	1	6946594	10294	1
481	Picture	B1D025	6956636	1000	171	8168	172	1000	8000
482	Response	2	6964805	0	170
483	Picture	NT015	6984640	1165	2	8000	174	1000	8000
484	Response	1	6994753	1778	1
485	Picture	B1T005	7012311	1000	171	6167	173	1000	8000
485	Response	1	7018417	7106	1
486	Response	2	7023075	4597	2
487	Picture	B2D036	7035814	1000	171	8168	172	1000	8000
489	Picture	ND055	7064818	1165	1	8000	173	1000	8000
490	Response	1	7076745	3592	2
491	Picture	ND045	7090655	1000	171	8168	172	1000	8000
492	Response	2	7101131	2307	1
493	Picture	AD076	7118492	1165	2	8000	174	1000	8000
494	Response	1	7131384	4557	1
497	Picture	AD055	7185335	1000	172	8168	173	1000	8000
498	Response	1	7194718	1214	1
499	Picture	B2D025	7213839	1166	1	6583	89	1000	8000
499	Response	1	7220421	7748	1
501	Picture	ND075	7239676	1166	1	8000	173	1000	8000
502	Response	2	7249449	1439	1
503	Picture	NT025	7269013	1000	171	8168	172	1000	8000
504	Response	1	7277556	374	1
505	Picture	B1T015	7297017	1165	1	6905	101	1000	8000
505	Response	1	7303921	8069	1
507	Picture	NT035	7325021	1166	1	6159	180	1000	8000
507	Response	1	7331179	7324	1
509	Picture	B2D035	7349524	1165	2	8000	174	1000	8000
510	Response	1	7365684	7825	1
511	Picture	ND065	7377195	1000	171	8168	172	1000	8000
512	Response	2	7388003	2639	1
513	Picture	B1D035	7403199	1166	1	8000	172	1000	8000
514	Response	1	7413867	2334	1
515	Picture	AD065	7430036	1000	170	8167	172	1000	8000
516	Response	1	7438808	604	1
517	Picture	AT035	7458540	1166	1	7434	72	1000	8000
517	Response	1	7465973	8599	1
519	Picture	AD075	7486210	1166	1	5111	61	1000	8000
519	Response	1	7491320	6276	1
521	Quit		7668626	157411	
