Scenario - for study
Logfile written - 2016/1/17 16:20:41

Trial	Event Type	Code	Time	TTime	Uncertainty	Duration	Uncertainty	ReqTime	ReqDur

1	Response	4	299042	299042	2
3	Picture	AD050	305543	1000	171	8168	172	1000	8000
4	Response	1	320746	7034	1
5	Picture	B1T010	334547	1166	1	7082	91	1000	8000
6	Response	1	345541	3912	1
7	Picture	AD060	359217	1165	1	8000	173	1000	8000
8	Response	1	377797	10245	1
9	Picture	ND050	386721	1000	171	8168	172	1000	8000
10	Response	1	401078	6188	1
11	Picture	NT010	415895	1002	165	8000	334	1000	8000
12	Response	1	424064	-162	162
13	Picture	B2D030	444229	1000	171	8168	172	1000	8000
14	Response	1	453683	1285	1
15	Picture	ND070	471566	1166	1	7353	153	1000	8000
15	Response	1	478917	8517	2
17	Picture	B2D040	497736	1165	2	4970	204	1000	8000
17	Response	1	502704	6133	1
19	Picture	AT010	521073	1166	1	8000	173	1000	8000
20	Response	1	532990	3744	1
21	Picture	AT020	547749	1000	165	8162	166	1000	8000
22	Response	1	557026	1114	2
23	Picture	B1D030	573580	1165	2	8000	174	1000	8000
24	Response	1	585299	3384	1
25	Picture	ND060	602756	1000	166	6663	167	1000	8000
25	Response	1	609295	7539	2
29	Picture	NT030	669766	1000	165	7662	166	1000	8000
29	Response	1	677261	8495	2
31	Picture	B2T020	695264	1000	171	5167	172	1000	8000
31	Response	1	700363	6099	1
33	Picture	NT040	721267	1000	171	6668	172	1000	8000
33	Response	1	727800	7533	1
35	Picture	B1T020	747604	1000	171	6001	173	1000	8000
35	Response	1	753531	6927	1
37	Picture	AT030	771108	1000	171	6167	173	1000	8000
37	Response	1	777161	7053	1
39	Picture	NT020	797957	1000	160	5822	161	1000	8000
39	Response	1	803616	6659	2
41	Picture	ND080	822948	1000	171	6668	172	1000	8000
41	Response	1	829546	7598	1
43	Picture	B1D040	847118	1000	172	6835	173	1000	8000
43	Response	1	853795	7677	2
45	Picture	AD070	874289	1000	171	6834	172	1000	8000
45	Response	1	880927	7638	1
47	Picture	AT040	899292	1000	171	8168	172	1000	8000
48	Response	1	911109	3648	2
49	Picture	AD080	926463	1166	1	7633	206	1000	8000
49	Response	1	934094	8797	1
51	Picture	B2T010	953633	1165	1	7471	202	1000	8000
51	Response	1	961102	8634	1
55	Picture	NT011	1021809	1164	2	8000	174	1000	8000
55	Response	1	1029809	9164	172
57	Picture	AT001	1047985	1000	165	4995	167	1000	8000
57	Response	1	1052785	5800	1
59	Picture	B1D021	1072316	1000	171	7501	173	1000	8000
60	Response	1	1086199	6382	1
61	Picture	B2T001	1098992	1000	167	6662	169	1000	8000
61	Response	1	1105567	7575	1
63	Picture	AD051	1125662	1000	166	6996	167	1000	8000
63	Response	1	1132511	7849	2
65	Picture	ND041	1151161	1000	171	6667	172	1000	8000
65	Response	1	1157669	7508	2
67	Picture	B2D021	1178164	1000	171	6335	172	1000	8000
67	Response	1	1184424	7260	2
69	Picture	B1T001	1204835	1000	171	5334	172	1000	8000
69	Response	1	1210101	6266	2
71	Picture	AD061	1228010	1000	165	8162	167	1000	8000
72	Response	1	1242923	6750	1
73	Picture	NT001	1254841	1165	3	5106	67	1000	8000
73	Response	1	1259945	6269	2
75	Picture	AD041	1279845	1165	1	5818	188	1000	8000
75	Response	1	1285661	6981	2
77	Picture	ND051	1306349	1166	1	4858	148	1000	8000
77	Response	1	1311205	6022	2
81	Picture	B1T011	1372025	1166	1	8000	173	1000	8000
82	Response	2	1384748	4389	2
83	Picture	AT011	1398195	1000	171	8168	172	1000	8000
84	Response	1	1407780	1416	1
85	Picture	B1D031	1427199	1166	1	8000	173	1000	8000
86	Response	1	1435650	116	1
87	Picture	NT021	1454869	1000	172	5001	173	1000	8000
87	Response	1	1459709	5840	2
89	Picture	NT031	1480373	1000	171	5668	172	1000	8000
89	Response	1	1485865	6492	2
91	Picture	AT031	1505882	1000	166	4329	167	1000	8000
91	Response	1	1510102	5220	1
93	Picture	B2T009	1529380	1000	171	5001	172	1000	8000
93	Response	1	1534211	5831	1
95	Picture	B2T011	1553550	1000	171	5001	172	1000	8000
95	Response	1	1558411	5861	1
97	Picture	AD071	1576720	1000	171	8168	172	1000	8000
98	Response	1	1587545	2656	2
99	Picture	NT009	1605557	1165	1	5350	155	1000	8000
99	Response	1	1610906	6514	1
101	Picture	AT021	1630894	1166	1	5714	125	1000	8000
101	Response	1	1636606	6878	1
103	Picture	ND061	1655231	1166	1	8000	173	1000	8000
104	Response	1	1663971	406	1
107	Picture	NT029	1724907	1000	171	6168	172	1000	8000
107	Response	1	1730861	6954	2
109	Picture	AD049	1751577	1000	171	8168	173	1000	8000
110	Response	1	1759986	240	1
111	Picture	B2T019	1778581	1165	1	4867	139	1000	8000
111	Response	1	1783447	6031	1
113	Picture	NT019	1801918	1166	1	6325	181	1000	8000
113	Response	1	1808242	7490	1
115	Picture	ND049	1827921	1165	2	5696	145	1000	8000
115	Response	1	1833616	6860	1
117	Picture	AT029	1852925	1164	1	5378	128	1000	8000
117	Response	1	1858301	6540	1
119	Picture	AT019	1876095	1166	2	5142	198	1000	8000
119	Response	1	1881236	6307	1
121	Picture	B1T009	1900765	1166	1	5178	161	1000	8000
121	Response	1	1905941	6342	2
123	Picture	ND071	1926435	1166	1	8000	173	1000	8000
124	Response	1	1935738	968	1
125	Picture	AT009	1952605	1000	171	5001	172	1000	8000
125	Response	1	1957458	5853	1
127	Picture	B2D031	1975275	1000	171	8168	172	1000	8000
128	Response	1	1986283	2839	1
129	Picture	B1D029	2001112	1165	1	8000	173	1000	8000
130	Response	1	2024329	14882	2
133	Picture	ND059	2067788	1000	171	8168	172	1000	8000
134	Response	2	2081813	5856	1
135	Picture	AD079	2094292	1166	1	8000	173	1000	8000
136	Response	2	2105696	3231	2
137	Picture	B2D029	2120295	1000	171	6835	172	1000	8000
137	Response	2	2127067	7772	1
139	Picture	AT039	2145465	1000	171	7335	172	1000	8000
139	Response	1	2152721	8256	1
141	Picture	NT002	2173636	1000	171	8168	172	1000	8000
142	Response	2	2195289	13484	2
143	Picture	B1D039	2201973	1165	2	8000	174	1000	8000
144	Response	2	2211120	974	1
145	Picture	ND069	2229983	1000	165	7495	167	1000	8000
145	Response	2	2237329	8346	1
147	Picture	B2T002	2258481	1000	171	8168	172	1000	8000
148	Response	2	2269891	3241	1
149	Picture	AD069	2284985	1166	1	8000	173	1000	8000
150	Response	2	2295588	2268	1
151	Picture	NT039	2311327	1000	166	7163	167	1000	8000
152	Response	1	2326020	7530	1
153	Picture	B1D022	2336659	1000	171	8168	172	1000	8000
154	Response	2	2355641	10813	1
155	Picture	AD059	2362329	1166	1	8000	173	1000	8000
156	Response	2	2378392	7728	2
159	Picture	AT012	2430177	1000	166	8163	167	1000	8000
160	Response	1	2438341	0	170
161	Picture	ND079	2458009	1166	1	8000	173	1000	8000
162	Response	2	2468704	2360	2
163	Picture	B1T002	2485179	1000	171	8168	173	1000	8000
164	Response	1	2504794	11446	1
165	Picture	NT022	2511683	1165	1	7541	132	1000	8000
165	Response	1	2519223	8705	1
167	Picture	ND042	2539187	1166	1	8000	173	1000	8000
168	Response	2	2547603	82	1
169	Picture	B2D022	2568363	1000	167	8163	168	1000	8000
170	Response	2	2583991	7464	1
171	Picture	AD042	2594195	1166	1	5804	202	1000	8000
171	Response	2	2599997	6968	2
173	Picture	NT012	2619031	1165	2	6395	112	1000	8000
173	Response	2	2625425	7559	1
175	Picture	B2D039	2643368	1165	1	5409	97	1000	8000
175	Response	2	2648776	6573	1
177	Picture	AT002	2667705	1165	1	8000	173	1000	8000
178	Response	1	2677774	1735	1
179	Picture	AD052	2694375	1000	171	8168	172	1000	8000
180	Response	2	2703038	494	1
181	Picture	B1T019	2721546	1166	1	7091	81	1000	8000
181	Response	1	2728635	8255	1
185	Picture	AD062	2786888	1165	1	8000	173	1000	8000
186	Response	2	2804428	9205	1
187	Picture	B2T008	2813563	1000	166	8163	168	1000	8000
188	Response	1	2826202	4475	1
189	Picture	B1T012	2839395	1165	2	5783	58	1000	8000
189	Response	1	2845176	6946	2
191	Picture	B2T012	2865402	1002	165	5642	358	1000	8000
191	Response	1	2871043	6643	1
193	Picture	ND052	2890569	1165	2	8000	174	1000	8000
194	Response	2	2908733	9991	1
195	Picture	AT022	2919745	1000	166	6996	167	1000	8000
195	Response	1	2926580	7835	1
197	Picture	NT032	2946910	1000	171	6168	172	1000	8000
197	Response	1	2952893	6983	1
199	Picture	B1D032	2972914	1000	175	8168	176	1000	8000
200	Response	1	2983498	2415	1
201	Picture	NT008	2999251	1166	1	5609	63	1000	8000
201	Response	1	3004859	6774	1
203	Picture	AT008	3026088	1166	1	6126	213	1000	8000
203	Response	1	3032213	7291	1
205	Picture	AT032	3050425	1166	1	5043	129	1000	8000
205	Response	1	3055467	6208	1
207	Picture	ND062	3075762	1166	1	8000	173	1000	8000
208	Response	1	3090828	6732	1
211	Picture	NT028	3144271	1000	171	8168	172	1000	8000
212	Response	1	3154501	2061	5
213	Picture	B2T018	3171442	1166	1	5340	165	1000	8000
213	Response	1	3176780	6504	2
215	Picture	AT018	3196612	1166	1	5647	192	1000	8000
215	Response	1	3202258	6812	1
217	Picture	NT018	3220115	1166	1	5618	54	1000	8000
217	Response	1	3225732	6783	1
219	Picture	NT038	3243118	1165	1	5021	152	1000	8000
219	Response	1	3248138	6185	1
221	Picture	B1D028	3266955	1166	1	8000	173	1000	8000
222	Response	2	3282377	7249	1
223	Picture	B1T008	3294792	1000	172	8168	173	1000	8000
224	Response	1	3302961	0	170
225	Picture	ND072	3321462	1165	2	8000	174	1000	8000
226	Response	2	3333365	3568	1
227	Picture	AD048	3350800	1000	395	8168	396	1000	8000
228	Response	1	3375501	16532	1
229	Picture	B2D032	3379304	1166	1	7396	110	1000	8000
229	Response	2	3386698	8560	2
231	Picture	AD072	3405641	1166	1	8000	178	1000	8000
232	Response	2	3418924	5103	2
233	Picture	AT028	3432144	1000	171	8168	172	1000	8000
234	Response	1	3441220	907	2
237	Picture	AD058	3501154	1166	1	8000	173	1000	8000
238	Response	1	3512568	3079	1
239	Picture	B1D038	3529658	1000	171	7501	172	1000	8000
239	Response	1	3536990	8332	1
241	Picture	B2T003	3555495	1000	171	8168	172	1000	8000
242	Response	1	3566923	3259	1
243	Picture	ND058	3581832	1166	1	8000	173	1000	8000
243	Response	2	3589831	9165	173
245	Picture	ND068	3609174	1000	166	7996	167	1000	8000
245	Response	2	3616966	8792	1
247	Picture	AT038	3637673	1000	171	8168	342	1000	8000
247	Response	1	3645672	8999	169
249	Picture	B1T018	3666844	1166	1	6941	65	1000	8000
249	Response	1	3673784	8106	1
251	Picture	ND048	3691180	1165	2	5567	107	1000	8000
251	Response	1	3696745	6730	2
253	Picture	AD078	3714517	1166	1	8000	173	1000	8000
254	Response	2	3724116	1426	1
255	Picture	AD068	3741687	1000	171	5668	172	1000	8000
255	Response	2	3747191	6504	1
257	Picture	NT003	3767196	1000	166	7663	167	1000	8000
257	Response	1	3774811	8615	1
259	Picture	B2D028	3795362	1000	171	4500	172	1000	8000
259	Response	2	3799813	5451	1
263	Picture	NT013	3860209	1000	166	6163	167	1000	8000
263	Response	1	3866241	7032	2
265	Picture	B1D023	3887541	1000	171	8168	172	1000	8000
266	Response	1	3905565	9855	2
267	Picture	B2T013	3913211	1165	2	5664	177	1000	8000
267	Response	1	3918873	6827	1
268	Response	1	3922317	3442	2
269	Picture	ND043	3938215	1166	1	8000	173	1000	8000
270	Response	2	3947648	1099	1
271	Picture	B1T003	3965885	1000	171	8168	172	1000	8000
272	Response	2	3977198	3144	2
273	Picture	AD053	3992556	1166	1	8000	173	1000	8000
274	Response	1	4001073	183	1
275	Picture	AD043	4019059	1000	171	8168	172	1000	8000
276	Response	1	4027625	397	2
277	Picture	NT023	4045730	1166	1	8000	173	1000	8000
278	Response	1	4056685	2782	2
279	Picture	B2D038	4072900	1000	171	8168	172	1000	8000
280	Response	2	4083224	2155	1
281	Picture	ND078	4099237	1165	1	7775	65	1000	8000
281	Response	2	4107011	8939	1
283	Picture	AT013	4124744	1002	165	8000	334	1000	8000
284	Response	2	4134947	1872	2
285	Picture	AT003	4154245	1000	171	7334	172	1000	8000
285	Response	2	4161519	8274	2
289	Picture	AT007	4220421	1000	171	8168	172	1000	8000
290	Response	1	4230241	1651	1
291	Picture	ND053	4246758	1166	1	8000	173	1000	8000
292	Response	2	4257339	2408	1
293	Picture	AT033	4275762	1000	171	8167	173	1000	8000
294	Response	1	4284251	320	2
295	Picture	AD063	4301265	1165	2	6710	131	1000	8000
296	Response	2	4316573	8598	1
297	Picture	NT007	4328936	1166	1	8000	173	1000	8000
298	Response	1	4339298	2028	1
299	Picture	B1T007	4357606	1000	171	8168	172	1000	8000
300	Response	1	4374795	9020	2
301	Picture	B2T007	4383610	1166	1	8000	173	1000	8000
302	Response	1	4392213	430	2
303	Picture	NT033	4411947	1000	171	5334	173	1000	8000
303	Response	1	4417204	6257	2
305	Picture	B2D023	4435784	1000	171	8168	172	1000	8000
306	Response	2	4444292	339	1
307	Picture	B1T013	4461621	1166	1	7727	112	1000	8000
307	Response	1	4469347	8892	1
309	Picture	NT017	4490125	1166	1	7599	74	1000	8000
309	Response	2	4497722	8763	2
311	Picture	AT023	4517962	1166	1	8000	173	1000	8000
312	Response	1	4528491	2356	1
315	Picture	AD073	4584143	1000	166	8163	167	1000	8000
316	Response	1	4604860	12553	1
317	Picture	NT027	4612809	1166	1	8000	173	1000	8000
318	Response	1	4627399	6256	1
319	Picture	B2T017	4641646	1000	171	6167	173	1000	8000
319	Response	1	4647625	6979	1
321	Picture	AT017	4668483	1000	171	5667	173	1000	8000
321	Response	1	4674024	6541	1
323	Picture	ND063	4692153	1000	171	8168	341	1000	8000
323	Response	2	4700152	8999	169
325	Picture	B1D033	4720157	1166	1	8000	173	1000	8000
326	Response	2	4730945	2454	1
327	Picture	B2D033	4746494	1000	171	7001	172	1000	8000
327	Response	2	4753434	7940	1
329	Picture	ND047	4770997	1000	171	8168	172	1000	8000
330	Response	1	4780159	993	2
331	Picture	AT027	4800335	1166	1	7805	201	1000	8000
331	Response	1	4808139	8970	1
333	Picture	B1T017	4827672	1166	1	6781	58	1000	8000
333	Response	1	4834448	7942	5
335	Picture	ND073	4855509	1166	1	8000	173	1000	8000
336	Response	2	4864302	458	1
337	Picture	AD047	4882679	1000	171	8168	172	1000	8000
338	Response	1	4895040	4192	1
341	Picture	AD057	4948522	1166	1	8000	173	1000	8000
342	Response	1	4961522	4827	1
343	Picture	B1D027	4977026	1000	170	3667	171	1000	8000
343	Response	1	4980600	4574	1
345	Picture	B2T004	4999029	1000	171	4167	172	1000	8000
345	Response	1	5003138	5109	2
347	Picture	ND067	5022371	1000	166	8162	167	1000	8000
348	Response	2	5033880	3346	2
349	Picture	NT004	5048202	1165	2	5550	124	1000	8000
349	Response	1	5053750	6713	2
351	Picture	B1D037	5073873	1166	1	3905	100	1000	8000
351	Response	1	5077777	5070	1
353	Picture	ND057	5097709	1165	2	4229	111	1000	8000
353	Response	1	5101936	5392	2
355	Picture	NT037	5120546	1166	1	4582	90	1000	8000
355	Response	1	5125127	5747	2
357	Picture	AT037	5143382	1165	2	4326	181	1000	8000
357	Response	1	5147706	5489	1
359	Picture	B2D027	5168886	1166	1	7816	190	1000	8000
359	Response	2	5176701	8981	1
361	Picture	AD067	5195223	1166	1	8000	172	1000	8000
362	Response	2	5205759	2202	1
363	Picture	AD077	5221226	1000	171	8002	172	1000	8000
363	Response	2	5229179	8953	2
367	Picture	B2D037	5287236	1000	170	8167	172	1000	8000
368	Response	2	5299635	4230	1
369	Picture	AT004	5316240	1166	1	6447	59	1000	8000
370	Response	1	5325971	3284	1
371	Picture	AT024	5340576	1165	2	8000	174	1000	8000
372	Response	1	5359764	10853	1
373	Picture	B2T014	5366252	1000	165	6996	166	1000	8000
374	Response	1	5374962	1714	1
375	Picture	AT014	5391922	1000	171	6496	172	1000	8000
375	Response	1	5398239	7317	2
377	Picture	ND044	5418087	1000	171	8168	172	1000	8000
378	Response	2	5426905	649	1
379	Picture	B1T004	5444424	1165	1	8000	172	1000	8000
380	Response	1	5454772	2013	1
381	Picture	AD044	5470761	1000	170	8168	171	1000	8000
382	Response	2	5479178	248	1
383	Picture	NT014	5496265	1166	1	8000	172	1000	8000
384	Response	2	5508059	3460	1
385	Picture	NT024	5522602	1000	171	8168	172	1000	8000
386	Response	2	5533533	2762	1
387	Picture	B1D024	5549439	1166	1	8000	173	1000	8000
388	Response	2	5566743	8970	2
389	Picture	ND077	5578943	1000	171	8168	172	1000	8000
390	Response	1	5597851	10739	2
393	Picture	ND054	5646619	1166	1	8000	173	1000	8000
394	Response	2	5663192	8239	1
395	Picture	NT034	5675790	1000	171	8168	172	1000	8000
396	Response	1	5687066	3107	1
397	Picture	ND064	5702460	1166	1	8000	173	1000	8000
398	Response	2	5711867	1234	1
399	Picture	NT006	5729130	1000	171	6835	172	1000	8000
400	Response	1	5737604	1639	1
401	Picture	B1D034	5756967	1000	171	8168	173	1000	8000
402	Response	2	5765993	856	1
403	Picture	B1T014	5784305	1166	1	7396	110	1000	8000
404	Response	1	5793457	1756	1
405	Picture	AD074	5809308	1165	2	7801	206	1000	8000
405	Response	2	5817107	8964	1
407	Picture	AT034	5838146	1166	1	6223	116	1000	8000
408	Response	1	5845859	1490	2
409	Picture	AD054	5863983	1166	1	8000	172	1000	8000
410	Response	2	5873130	813	1
411	Picture	B2T006	5890819	1000	171	8168	173	1000	8000
412	Response	1	5904211	5223	1
413	Picture	B2D024	5919657	1166	1	6489	184	1000	8000
413	Response	2	5926144	7653	2
415	Picture	AD064	5944660	1165	2	5891	116	1000	8000
416	Response	2	5962364	11813	1
419	Picture	AT016	6010336	1165	1	8000	173	1000	8000
420	Response	1	6021032	2361	2
421	Picture	NT016	6038673	1000	171	7001	173	1000	8000
421	Response	1	6045607	7934	2
423	Picture	B2T016	6064016	1000	165	4662	166	1000	8000
423	Response	1	6068619	5603	1
425	Picture	ND046	6086180	1000	171	8168	172	1000	8000
426	Response	2	6096772	2423	1
427	Picture	AD056	6113851	1166	1	7285	53	1000	8000
427	Response	2	6121134	8449	1
429	Picture	B2D034	6140688	1166	1	7858	148	1000	8000
429	Response	2	6148545	9023	1
431	Picture	AT006	6168858	1165	2	8000	174	1000	8000
432	Response	1	6182431	5238	4
433	Picture	B1D026	6194862	1000	171	8168	172	1000	8000
434	Response	2	6204039	1008	1
435	Picture	NT026	6221199	1166	1	8000	173	1000	8000
436	Response	2	6233918	4385	2
437	Picture	AD046	6247036	1000	171	8168	172	1000	8000
438	Response	1	6258281	3076	1
439	Picture	B1T006	6274540	1166	1	8000	172	1000	8000
440	Response	1	6284623	1749	2
441	Picture	ND074	6301043	1000	171	8168	172	1000	8000
442	Response	2	6312553	3341	1
445	Picture	B2D026	6366889	1002	165	8000	333	1000	8000
446	Response	1	6388426	13206	1
447	Picture	ND056	6394056	1000	171	8168	172	1000	8000
448	Response	2	6402629	404	2
449	Picture	B1D036	6421393	1165	2	6595	79	1000	8000
449	Response	2	6427986	7758	2
451	Picture	AT026	6448064	1166	1	7381	125	1000	8000
452	Response	1	6457467	2022	2
453	Picture	AD066	6474401	1166	1	8000	173	1000	8000
454	Response	2	6482574	-161	160
454	Response	1	6484918	2183	1
455	Picture	B1T016	6503071	1000	171	8168	172	1000	8000
456	Response	1	6515273	4033	2
457	Picture	NT005	6530909	1166	1	5690	149	1000	8000
457	Response	1	6536598	6855	1
459	Picture	AT036	6556746	1166	1	4914	91	1000	8000
459	Response	1	6561659	6079	1
461	Picture	NT036	6582249	1166	1	4985	187	1000	8000
461	Response	1	6587232	6149	2
463	Picture	AT005	6606919	1165	1	4944	62	1000	8000
463	Response	1	6611861	6107	2
464	Response	2	6618806	6943	2
465	Picture	B2T005	6630922	1165	2	5187	153	1000	8000
465	Response	1	6636107	6350	2
467	Picture	ND066	6655593	1166	1	8000	172	1000	8000
468	Response	2	6667624	3697	2
471	Picture	AD076	6722102	1000	171	7167	173	1000	8000
471	Response	1	6729205	8103	2
473	Picture	AD045	6747272	1000	171	8168	172	1000	8000
474	Response	2	6759407	3966	2
475	Picture	B2T015	6774109	1166	1	8000	173	1000	8000
476	Response	1	6785121	2677	1
477	Picture	ND055	6803280	1000	171	8168	172	1000	8000
478	Response	2	6814601	3152	2
479	Picture	AT025	6830117	1166	1	8000	173	1000	8000
480	Response	1	6838289	-162	162
481	Picture	AT015	6858121	1000	171	8168	172	1000	8000
482	Response	1	6866841	551	1
483	Picture	B1T005	6885291	1165	1	5770	69	1000	8000
483	Response	1	6891060	6934	1
485	Picture	NT015	6910961	1165	2	8000	174	1000	8000
486	Response	1	6922281	2985	1
487	Picture	ND045	6936798	1000	171	8168	172	1000	8000
488	Response	1	6947286	2319	1
489	Picture	B2D036	6964302	1165	1	8000	173	1000	8000
490	Response	1	6976217	3580	1
491	Picture	ND076	6990472	1000	171	6335	172	1000	8000
491	Response	2	6996699	7227	2
493	Picture	B1D025	7016476	1000	171	8168	172	1000	8000
494	Response	2	7026649	2004	1
497	Picture	B1T015	7083819	1166	1	7221	118	1000	8000
497	Response	1	7091038	8385	1
499	Picture	AD065	7110989	1165	1	7930	76	1000	8000
499	Response	2	7118918	9094	1
501	Picture	ND065	7138326	1165	2	8000	174	1000	8000
502	Response	1	7147839	1178	2
503	Picture	NT035	7164497	1000	170	8167	172	1000	8000
504	Response	2	7175313	2648	2
505	Picture	B2D025	7193167	1165	2	8000	174	1000	8000
506	Response	2	7205296	3794	2
507	Picture	ND075	7222505	1000	170	8168	171	1000	8000
508	Response	2	7238052	7378	1
509	Picture	AD055	7250009	1166	1	8000	172	1000	8000
510	Response	2	7258180	-163	163
511	Picture	B2D035	7276512	1000	171	8168	172	1000	8000
512	Response	1	7285855	1174	1
513	Picture	AT035	7305350	1166	1	8000	172	1000	8000
514	Response	1	7317455	3771	2
515	Picture	B1D035	7333187	1000	170	7668	171	1000	8000
515	Response	2	7340659	8472	2
517	Picture	NT025	7360190	1000	171	6001	173	1000	8000
518	Response	1	7368480	2289	1
519	Picture	AD075	7387194	1000	171	7335	172	1000	8000
519	Response	2	7394316	8122	1
