Scenario - for study
Logfile written - 2016/1/17 19:03:52

Trial	Event Type	Code	Time	TTime	Uncertainty	Duration	Uncertainty	ReqTime	ReqDur

1	Response	4	300196	300196	2
2	Response	4	302939	2563	1
3	Picture	AD050	306710	1000	171	8168	172	1000	8000
4	Response	2	332682	17803	1
5	Response	1	333961	580	1
7	Picture	AT020	354383	1000	171	2501	172	1000	8000
7	Response	2	356835	3452	1
8	Response	1	358273	1389	1
8	Response	1	374562	17678	1
9	Picture	B2D040	376386	1000	171	334	172	1000	8000
11	Picture	ND060	396389	1000	171	3269	274	1000	8000
11	Response	2	399657	4268	1
12	Response	1	400828	1170	2
13	Picture	B1T010	418225	1000	171	2334	172	1000	8000
13	Response	2	420382	3157	1
14	Response	1	421554	995	1
15	Picture	AD060	440233	1000	166	2496	167	1000	8000
15	Response	2	442585	3352	1
17	Picture	AT010	460898	1000	171	2766	267	1000	8000
17	Response	2	463663	3765	1
19	Picture	ND070	482234	1000	171	1501	172	1000	8000
19	Response	2	483606	2372	1
20	Response	1	484299	564	1
21	Picture	ND050	502570	1000	172	1501	173	1000	8000
21	Response	2	503872	2302	1
22	Response	2	519472	15401	2
23	Response	1	521816	76	1
25	Picture	B1D030	541909	1165	2	2190	150	1000	8000
25	Response	2	544098	3354	1
26	Response	1	545322	1223	4
29	Picture	AT040	602084	1165	2	4164	176	1000	8000
29	Response	2	606247	5328	1
30	Response	1	607579	1331	1
31	Picture	B1D040	623921	1166	1	6510	162	1000	8000
33	Picture	NT020	648424	1166	1	3012	160	1000	8000
33	Response	2	651435	4177	1
34	Response	1	653033	1597	1
35	Picture	NT030	671427	1165	2	1756	105	1000	8000
35	Response	2	673182	2920	1
36	Response	1	674140	957	2
37	Picture	AT030	692764	1166	1	2122	221	1000	8000
37	Response	2	694885	3287	1
38	Response	1	696323	1437	2
39	Picture	B2T010	712766	1165	2	2489	184	1000	8000
40	Response	1	719474	4219	1
41	Picture	ND080	735936	1165	1	2491	180	1000	8000
41	Response	1	738425	3654	2
43	Picture	NT040	759606	1165	1	2581	102	1000	8000
43	Response	2	762186	3745	1
44	Response	1	763145	958	1
45	Picture	AD080	780443	1166	1	2210	128	1000	8000
45	Response	2	782652	3375	1
46	Response	1	783877	1224	1
47	Picture	AD070	800945	1165	2	2646	194	1000	8000
47	Response	2	803590	3810	1
48	Response	1	804868	1277	1
49	Picture	B1T020	821948	1165	1	2125	214	1000	8000
49	Response	2	824072	3289	1
50	Response	1	826535	2462	1
51	Picture	B2T020	841951	1166	1	3553	119	1000	8000
51	Response	1	845503	4718	1
55	Picture	AT001	904793	1166	1	5020	152	1000	8000
55	Response	1	909812	6185	1
56	Response	2	911303	1490	2
57	Picture	B1D021	927463	1166	1	5278	107	1000	8000
57	Response	1	932740	6443	1
58	Response	2	934338	1597	1
59	Picture	NT001	950966	1165	1	4630	209	1000	8000
59	Response	1	955595	5794	1
61	Picture	AD051	975470	1166	1	3218	120	1000	8000
61	Response	1	978687	4383	1
63	Picture	AD041	998306	1166	1	5313	193	1000	8000
63	Response	1	1003618	6478	1
65	Picture	B2T001	1021476	1166	1	4210	129	1000	8000
65	Response	1	1025684	5374	2
67	Picture	B2D021	1045813	1166	1	7147	191	1000	8000
67	Response	2	1052958	8311	2
69	Picture	AD061	1073983	1165	2	6474	200	1000	8000
69	Response	2	1080456	7638	1
71	Picture	B1T001	1100654	1166	1	5347	158	1000	8000
71	Response	1	1106000	6512	1
73	Picture	ND041	1124324	1166	1	8000	173	1000	8000
74	Response	1	1133833	1175	1
75	Picture	NT011	1150827	1000	171	8168	172	1000	8000
76	Response	1	1159478	482	1
77	Picture	ND051	1178998	1166	1	8000	173	1000	8000
78	Response	1	1187773	441	1
81	Picture	AT011	1247507	1000	171	7168	172	1000	8000
81	Response	1	1254508	8001	1
83	Picture	AD071	1272344	1000	171	7835	172	1000	8000
83	Response	1	1280025	8681	1
85	Picture	NT009	1301348	1000	171	7335	172	1000	8000
86	Response	1	1308737	54	1
87	Picture	NT031	1326018	1000	171	5168	172	1000	8000
87	Response	1	1330994	5976	1
89	Picture	B2T011	1351522	1000	171	5501	172	1000	8000
90	Response	1	1357043	20	1
91	Picture	AT031	1374704	1000	159	5822	160	1000	8000
92	Response	1	1380335	-191	191
93	Picture	B1T011	1399528	1000	171	5420	270	1000	8000
93	Response	1	1404947	6419	1
95	Picture	B1D031	1424198	1000	174	8168	176	1000	8000
96	Response	1	1438716	6349	1
97	Picture	B2T009	1450869	1166	1	6572	103	1000	8000
97	Response	1	1457439	7736	2
99	Picture	ND061	1478373	1166	1	5225	114	1000	8000
99	Response	1	1483597	6390	1
101	Picture	AT021	1504710	1166	1	6220	119	1000	8000
101	Response	1	1510929	7385	1
103	Picture	NT021	1531214	1166	1	8000	172	1000	8000
104	Response	1	1541098	1550	1
107	Picture	B2D031	1598056	1000	171	5334	172	1000	8000
107	Response	1	1603268	6212	1
109	Picture	AT019	1621893	1000	171	5167	172	1000	8000
109	Response	1	1626934	6041	1
111	Picture	NT019	1645396	1000	171	5834	172	1000	8000
111	Response	1	1651121	6725	1
113	Picture	NT029	1669399	1000	171	5168	172	1000	8000
113	Response	1	1674404	6005	1
115	Picture	ND071	1695570	1000	171	8168	172	1000	8000
116	Response	1	1704969	1230	2
117	Picture	AD049	1722573	1165	2	6940	106	1000	8000
117	Response	2	1729512	8104	1
119	Picture	ND049	1746910	1166	1	8000	173	1000	8000
120	Response	2	1755488	243	1
121	Picture	AT029	1775414	1000	171	5916	274	1000	8000
121	Response	1	1781329	6915	1
123	Picture	B1T009	1799251	1000	171	6667	173	1000	8000
124	Response	1	1805974	56	1
125	Picture	B1D029	1826754	1000	171	6001	173	1000	8000
127	Picture	AT009	1851258	1000	171	8168	342	1000	8000
127	Response	1	1859257	8999	169
129	Picture	B2T019	1878762	1166	1	5758	106	1000	8000
129	Response	1	1884519	6923	1
133	Picture	B1D039	1944104	1165	1	6262	107	1000	8000
133	Response	1	1950365	7426	1
135	Picture	AD059	1969441	1166	1	7108	107	1000	8000
135	Response	1	1976548	8273	1
137	Picture	B1D022	1996278	1166	1	7089	105	1000	8000
137	Response	2	2003366	8254	1
139	Picture	B2T002	2022949	1166	1	5363	142	1000	8000
139	Response	1	2028311	6528	1
141	Picture	B2D029	2046452	1166	1	6792	213	1000	8000
141	Response	1	2053243	7957	1
143	Picture	NT002	2074122	1165	2	6749	107	1000	8000
143	Response	2	2080870	7913	1
145	Picture	ND059	2099292	1165	2	8000	174	1000	8000
146	Response	1	2108647	1020	1
147	Picture	ND069	2126129	1000	172	6765	267	1000	8000
147	Response	1	2132893	7764	1
149	Picture	AD079	2150638	1000	166	3247	262	1000	8000
149	Response	2	2153884	4246	1
151	Picture	NT039	2172969	1000	171	2501	172	1000	8000
151	Response	1	2175328	3359	1
152	Response	1	2183595	8125	1
153	Picture	AD069	2194478	1000	165	7607	261	1000	8000
153	Response	1	2202084	8606	1
155	Picture	AT039	2223142	1000	172	3502	173	1000	8000
156	Response	1	2226467	-177	176
159	Picture	AD052	2288319	1000	171	4834	172	1000	8000
159	Response	1	2292942	5623	1
161	Picture	B1T019	2312989	1000	170	8168	171	1000	8000
162	Response	3	2325626	4468	1
163	Picture	AT012	2339492	1165	2	5970	204	1000	8000
163	Response	1	2345461	7134	1
165	Picture	ND042	2366330	1166	1	6059	113	1000	8000
165	Response	1	2372388	7224	1
167	Picture	B2D039	2390500	1166	1	5876	129	1000	8000
169	Picture	B2D022	2413669	1165	2	7083	103	1000	8000
169	Response	1	2420750	8246	2
171	Picture	NT012	2440673	1165	1	3656	183	1000	8000
171	Response	1	2444328	4820	1
172	Response	1	2452131	7802	1
173	Picture	AT002	2463676	1165	2	6094	102	1000	8000
174	Response	1	2469770	0	100
175	Picture	AD042	2488180	1166	1	6122	49	1000	8000
175	Response	1	2494301	7287	1
177	Picture	NT022	2513017	1166	1	3901	104	1000	8000
178	Response	1	2517076	158	1
179	Picture	ND079	2537520	1166	1	8000	172	1000	8000
180	Response	1	2546982	1290	1
181	Picture	B1T002	2565690	1000	172	6168	173	1000	8000
181	Response	1	2571755	7065	1
185	Picture	B1T012	2631200	1000	171	5667	172	1000	8000
185	Response	1	2636752	6552	2
187	Picture	ND052	2655036	1000	171	7614	267	1000	8000
187	Response	1	2662649	8613	1
189	Picture	B1D032	2683540	1000	171	7335	172	1000	8000
189	Response	1	2690685	8145	1
191	Picture	NT008	2709877	1000	171	4587	274	1000	8000
191	Response	1	2714463	5586	1
193	Picture	AT022	2732880	1000	171	8002	172	1000	8000
193	Response	2	2740752	8872	1
195	Picture	AD062	2758556	1000	166	7414	269	1000	8000
195	Response	2	2765969	8413	1
197	Picture	AT032	2785221	1000	171	3667	172	1000	8000
197	Response	2	2788758	4537	1
199	Picture	ND062	2808063	1000	166	8162	168	1000	8000
200	Response	1	2816226	0	170
201	Picture	B2T012	2836228	1165	1	7543	130	1000	8000
201	Response	1	2843770	8707	1
203	Picture	AT008	2863899	1166	1	4975	197	1000	8000
203	Response	2	2868873	6140	1
205	Picture	B2T008	2887069	1166	1	4568	106	1000	8000
205	Response	1	2891636	5733	1
207	Picture	NT032	2909072	1166	1	4781	103	1000	8000
207	Response	2	2913852	5946	1
211	Picture	B2T018	2972247	1166	1	5339	166	1000	8000
212	Response	1	2977586	0	166
213	Picture	AT028	2996751	1166	1	5580	104	1000	8000
214	Response	1	3002436	105	2
215	Picture	AT018	3021254	1166	1	5497	175	1000	8000
215	Response	1	3026750	6662	1
217	Picture	B2D032	3046257	1165	2	7950	102	1000	8000
217	Response	2	3054206	9114	1
219	Picture	B1D028	3073261	1166	1	5052	120	1000	8000
219	Response	1	3078312	6217	1
221	Picture	B1T008	3096598	1166	1	6940	104	1000	8000
221	Response	1	3103537	8105	1
223	Picture	NT028	3123101	1165	2	8000	174	1000	8000
224	Response	1	3131637	201	2
225	Picture	ND072	3151939	1000	171	7667	173	1000	8000
225	Response	1	3159476	8537	1
227	Picture	AD048	3178442	1000	171	5617	270	1000	8000
227	Response	1	3184058	6616	1
229	Picture	NT018	3204779	1000	171	7001	172	1000	8000
229	Response	1	3211609	7830	1
231	Picture	NT038	3232783	1000	171	4334	172	1000	8000
231	Response	1	3236987	5204	1
233	Picture	AD072	3257620	1000	171	8001	172	1000	8000
233	Response	1	3265432	8812	1
237	Picture	AT038	3327130	1000	171	7667	173	1000	8000
237	Response	1	3334670	8540	1
239	Picture	ND058	3355634	1000	171	6001	172	1000	8000
239	Response	1	3361422	6788	1
241	Picture	B1D038	3380637	1000	171	8168	172	1000	8000
242	Response	1	3394626	5820	1
243	Picture	B1T018	3406974	1166	1	6625	214	1000	8000
244	Response	1	3413599	0	213
245	Picture	AD068	3432311	1166	1	7463	209	1000	8000
245	Response	1	3439773	8628	1
247	Picture	AD078	3458648	1166	1	8000	173	1000	8000
248	Response	1	3468289	1307	1
249	Picture	ND048	3487485	1000	170	3834	171	1000	8000
249	Response	2	3491114	4629	1
250	Response	2	3498741	7422	2
250	Response	1	3503527	12208	1
250	Response	2	3505337	14018	1
250	Response	1	3506829	15510	1
251	Response	2	3508798	643	1
252	Response	1	3510342	1543	1
252	Response	2	3511939	3140	1
252	Response	1	3513271	4472	1
252	Response	2	3515081	6282	1
252	Response	1	3516678	7879	1
252	Response	2	3518435	9636	1
252	Response	1	3519766	10967	2
252	Response	2	3522192	13393	1
252	Response	1	3523098	14299	1
252	Response	1	3526636	17837	1
252	Response	2	3526688	17889	1
253	Picture	NT003	3529158	1166	1	912	102	1000	8000
254	Response	1	3530283	213	1
254	Response	2	3530336	266	1
254	Response	2	3533926	3856	1
254	Response	1	3533980	3910	1
254	Response	1	3537837	7767	1
254	Response	2	3537889	7819	1
254	Response	1	3541577	11507	2
254	Response	2	3541629	11559	1
254	Response	1	3545745	15675	1
254	Response	3	3545796	15726	1
254	Response	2	3545849	15779	1
255	Response	1	3549734	739	1
256	Response	2	3549840	104	1
257	Picture	B2D028	3567830	1000	171	7334	172	1000	8000
257	Response	1	3574957	8127	1
259	Picture	AD058	3595506	1000	165	7329	166	1000	8000
259	Response	1	3602657	8151	1
263	Picture	B1T003	3662009	1000	171	7168	172	1000	8000
263	Response	1	3669079	8070	1
265	Picture	ND078	3689680	1000	171	7668	172	1000	8000
265	Response	1	3697225	8545	1
267	Picture	B2D038	3715189	1000	166	5829	167	1000	8000
267	Response	1	3720839	6650	1
269	Picture	AT003	3739192	1000	166	7073	270	1000	8000
269	Response	1	3746264	8072	1
271	Picture	ND043	3765195	1000	166	8163	337	1000	8000
271	Response	1	3773194	8999	164
273	Picture	AT013	3793528	1166	1	7082	102	1000	8000
273	Response	1	3800609	8247	1
274	Response	1	3804090	3480	1
275	Picture	AD043	3821032	1166	1	6513	159	1000	8000
275	Response	1	3827544	7678	1
277	Picture	NT013	3846035	1166	1	2822	183	1000	8000
277	Response	1	3848856	3987	1
279	Picture	NT023	3867705	1166	1	4465	207	1000	8000
279	Response	1	3872169	5630	1
281	Picture	B2T013	3892875	1166	1	3915	108	1000	8000
281	Response	1	3896789	5080	1
283	Picture	B1D023	3916712	1166	1	8000	172	1000	8000
284	Response	1	3926728	1682	1
285	Picture	AD053	3945215	1000	171	6086	275	1000	8000
285	Response	1	3951300	7085	1
289	Picture	NT033	4011563	1000	166	7163	167	1000	8000
289	Response	1	4018525	7962	1
291	Picture	B2T007	4036061	1000	171	5501	172	1000	8000
291	Response	1	4041456	6395	1
293	Picture	B1T013	4059898	1000	171	4667	173	1000	8000
293	Response	1	4064418	5520	1
295	Picture	B2D023	4083235	1000	171	5500	173	1000	8000
295	Response	1	4088576	6341	2
297	Picture	AT007	4108405	1000	171	6834	172	1000	8000
297	Response	1	4115052	7647	1
299	Picture	ND053	4133414	1000	165	4995	166	1000	8000
299	Response	1	4138200	5786	1
301	Picture	AT033	4158245	1000	171	4834	172	1000	8000
301	Response	1	4162935	5690	1
303	Picture	AD063	4182415	1000	171	5483	778	1000	8000
303	Response	1	4187897	6482	1
305	Picture	B1T007	4207085	1000	171	5668	172	1000	8000
305	Response	1	4212563	6478	1
307	Picture	NT007	4231922	1000	171	6168	172	1000	8000
307	Response	1	4237953	7031	2
309	Picture	AT023	4256925	1000	171	5835	172	1000	8000
309	Response	1	4262619	6694	1
311	Picture	NT017	4281929	1000	171	5667	173	1000	8000
311	Response	1	4287391	6462	1
315	Picture	B2D033	4349438	1000	171	8168	172	1000	8000
316	Response	2	4358857	1250	1
317	Picture	ND063	4377442	1165	1	3286	52	1000	8000
317	Response	2	4380727	4450	1
319	Picture	AD047	4398612	1166	1	6009	163	1000	8000
319	Response	2	4404620	7174	1
321	Picture	B2T017	4424282	1166	1	1630	208	1000	8000
321	Response	2	4425911	2795	1
323	Picture	AT017	4444118	1166	1	5342	163	1000	8000
323	Response	2	4449459	6507	1
325	Picture	AD073	4468122	1166	1	6484	188	1000	8000
325	Response	2	4474604	7648	2
327	Picture	B1D033	4494959	1166	1	6440	104	1000	8000
327	Response	2	4501398	7605	1
329	Picture	AT027	4519295	1165	1	8000	173	1000	8000
330	Response	2	4528743	1113	1
331	Picture	ND073	4547966	1000	171	8168	341	1000	8000
331	Response	2	4555965	8999	169
333	Picture	ND047	4576470	1166	1	3236	107	1000	8000
334	Response	2	4579706	0	106
335	Picture	B1T017	4598808	1001	166	6591	273	1000	8000
336	Response	2	4605399	0	107
337	Picture	NT027	4623976	1165	2	5998	179	1000	8000
337	Response	2	4629973	7162	1
341	Picture	AD077	4690319	1166	1	6213	126	1000	8000
342	Response	2	4697011	479	1
343	Picture	B2D027	4713989	1166	1	4121	101	1000	8000
344	Response	2	4718110	0	100
345	Picture	AD057	4737159	1166	1	6544	128	1000	8000
345	Response	2	4743702	7709	1
347	Picture	B1D037	4763162	1165	2	5686	154	1000	8000
347	Response	2	4768847	6850	1
349	Picture	B2T004	4789000	1000	413	5453	512	1000	8000
350	Response	2	4794453	0	99
351	Picture	AT037	4814169	1165	2	5162	178	1000	8000
351	Response	2	4819330	6326	1
353	Picture	AD067	4837839	1165	2	6752	110	1000	8000
353	Response	2	4844590	7916	1
355	Picture	B1D027	4863343	1166	1	3967	205	1000	8000
355	Response	2	4867308	5131	2
357	Picture	ND057	4888346	1165	2	3320	187	1000	8000
357	Response	2	4891664	4483	2
359	Picture	NT004	4909183	1166	1	3764	241	1000	8000
360	Response	2	4912947	0	240
361	Picture	NT037	4933353	1166	1	3794	211	1000	8000
362	Response	2	4937147	0	210
363	Picture	ND067	4955189	1166	1	7245	100	1000	8000
363	Response	2	4962432	8409	2
367	Picture	AT024	5021365	1166	1	3625	214	1000	8000
368	Response	2	5024990	0	213
369	Picture	AT004	5043701	1165	2	3848	159	1000	8000
370	Response	2	5047549	0	157
371	Picture	ND044	5066038	1166	1	1842	163	1000	8000
371	Response	2	5067879	3007	1
373	Picture	NT024	5085374	1166	1	4441	109	1000	8000
374	Response	2	5089815	0	108
375	Picture	ND077	5110044	1166	1	4499	173	1000	8000
376	Response	2	5114543	0	172
377	Picture	AT014	5134047	1165	1	3883	122	1000	8000
377	Response	2	5137929	5047	1
379	Picture	B2T014	5158217	1165	1	4698	141	1000	8000
380	Response	2	5162915	0	140
381	Picture	B1T004	5181554	1166	1	4466	206	1000	8000
382	Response	2	5186020	0	205
383	Picture	AD044	5206057	1165	1	2392	113	1000	8000
384	Response	2	5208449	0	112
385	Picture	NT014	5228894	1166	1	3348	157	1000	8000
385	Response	2	5232241	4513	1
387	Picture	B2D037	5253064	1166	1	6139	200	1000	8000
387	Response	2	5259202	7304	1
389	Picture	B1D024	5278401	1166	1	3893	112	1000	8000
389	Response	2	5282293	5058	2
393	Picture	B2T006	5342576	1165	1	4771	108	1000	8000
394	Response	2	5347346	-1	109
395	Picture	NT034	5367580	1166	1	5444	100	1000	8000
396	Response	2	5373024	0	99
397	Picture	B1D034	5394083	1165	2	6816	191	1000	8000
397	Response	2	5400898	7980	1
399	Picture	B2D024	5421921	1166	1	5517	155	1000	8000
399	Response	2	5427437	6682	1
401	Picture	B1T014	5446091	1166	1	6922	102	1000	8000
402	Response	2	5453013	0	101
403	Picture	AD054	5471261	1166	1	7002	170	1000	8000
403	Response	2	5478262	8167	1
405	Picture	ND064	5499431	1165	2	5953	102	1000	8000
405	Response	2	5505383	7117	1
407	Picture	AD074	5523435	1166	1	3886	119	1000	8000
407	Response	2	5527320	5051	1
409	Picture	ND054	5546771	1165	1	3415	105	1000	8000
409	Response	2	5550185	4579	1
411	Picture	AD064	5569108	1166	1	3001	170	1000	8000
411	Response	2	5572108	4166	1
413	Picture	AT034	5591111	1115	1	3707	131	1000	8000
414	Response	2	5594818	0	130
415	Picture	NT006	5614114	1166	1	2089	107	1000	8000
415	Response	2	5616200	3252	3
419	Picture	ND046	5677623	1166	1	5860	145	1000	8000
420	Response	2	5683641	158	2
421	Picture	ND074	5704460	1166	1	4273	101	1000	8000
421	Response	2	5708732	5438	1
423	Picture	B2D034	5728796	1165	2	5262	110	1000	8000
423	Response	2	5734057	6426	1
425	Picture	B1T006	5752633	1166	1	1951	103	1000	8000
426	Response	2	5754584	0	102
427	Picture	NT026	5773136	1166	1	4569	105	1000	8000
428	Response	2	5777864	159	1
429	Picture	B2T016	5796973	1166	1	3664	174	1000	8000
430	Response	2	5800637	0	173
431	Picture	B1D026	5820476	1164	1	4949	105	1000	8000
431	Response	2	5825424	6112	1
433	Picture	NT016	5846146	1166	1	2145	194	1000	8000
434	Response	2	5848291	0	193
435	Picture	AT016	5868983	1166	1	4998	174	1000	8000
436	Response	2	5873981	0	173
437	Picture	AT006	5891652	1165	2	3220	120	1000	8000
438	Response	2	5895244	372	1
439	Picture	AD046	5912655	1165	2	5231	109	1000	8000
439	Response	2	5917885	6395	2
441	Picture	AD056	5938492	1165	2	3953	103	1000	8000
442	Response	2	5942711	266	1
445	Picture	B2D026	6003335	1166	1	4349	156	1000	8000
446	Response	2	6007842	158	1
447	Picture	NT005	6027338	1166	1	1207	131	1000	8000
448	Response	2	6028545	0	130
449	Picture	ND056	6048674	1165	1	4825	181	1000	8000
449	Response	2	6053498	5989	1
451	Picture	NT036	6071844	1166	1	5469	203	1000	8000
452	Response	2	6077313	0	202
453	Picture	AT026	6096848	1166	1	7401	104	1000	8000
454	Response	2	6104249	0	103
455	Picture	B1T016	6122184	1165	2	5691	149	1000	8000
456	Response	2	6128087	212	1
457	Picture	AD066	6147521	1165	1	6387	119	1000	8000
457	Response	2	6153907	7551	1
459	Picture	B2T005	6172691	1165	2	4322	185	1000	8000
460	Response	2	6177013	0	183
461	Picture	AT005	6195361	1165	1	4997	175	1000	8000
462	Response	2	6200358	0	175
463	Picture	B1D036	6221532	1166	1	6289	216	1000	8000
463	Response	2	6227820	7454	1
465	Picture	AT036	6247035	1166	1	4926	108	1000	8000
466	Response	2	6251961	0	107
467	Picture	ND066	6272705	1165	2	7175	165	1000	8000
467	Response	2	6279879	8339	1
471	Picture	B2T015	6340215	1166	1	5419	106	1000	8000
471	Response	1	6345633	6584	2
473	Picture	ND076	6363885	1166	1	7246	107	1000	8000
473	Response	1	6371130	8411	1
475	Picture	AT025	6391555	1130	1	4029	143	1000	8000
475	Response	1	6395583	5158	1
477	Picture	ND045	6414725	1166	1	6568	106	1000	8000
477	Response	1	6421292	7733	1
479	Picture	NT015	6441395	1165	2	7253	103	1000	8000
479	Response	1	6448646	8416	2
481	Picture	AD045	6467566	1166	1	8000	173	1000	8000
482	Response	1	6477482	1582	1
483	Picture	ND055	6496236	1000	171	7168	172	1000	8000
483	Response	1	6503278	8042	1
485	Picture	B1D025	6521406	1000	171	6668	172	1000	8000
485	Response	1	6527927	7521	1
487	Picture	AT015	6548577	1000	171	4000	173	1000	8000
487	Response	1	6552453	4876	1
489	Picture	AD076	6573414	1000	171	4834	172	1000	8000
489	Response	1	6578093	5679	1
491	Picture	B1T005	6595750	1000	171	2167	172	1000	8000
491	Response	1	6597754	3004	1
493	Picture	B2D036	6616425	1000	166	6401	268	1000	8000
493	Response	1	6622825	7400	1
497	Picture	AD075	6683262	1000	171	6668	172	1000	8000
497	Response	1	6689882	7620	2
499	Picture	NT035	6709933	1000	171	5000	173	1000	8000
500	Response	1	6715091	158	1
501	Picture	B1T015	6736103	1000	170	5667	172	1000	8000
501	Response	1	6741584	6481	1
503	Picture	B1D035	6762773	1000	171	3001	172	1000	8000
503	Response	1	6765646	3873	1
505	Picture	AD055	6786943	1000	171	5334	173	1000	8000
505	Response	1	6792121	6178	1
507	Picture	NT025	6811280	1000	171	4334	172	1000	8000
508	Response	1	6815404	-210	210
509	Picture	B2D035	6834783	1000	171	3668	172	1000	8000
509	Response	1	6838310	4527	2
511	Picture	ND065	6856953	1000	171	6570	271	1000	8000
511	Response	1	6863522	7569	1
513	Picture	AD065	6881456	1000	171	5001	172	1000	8000
513	Response	1	6886290	5834	1
515	Picture	ND075	6906626	1000	171	4168	172	1000	8000
515	Response	1	6910603	4977	1
517	Picture	B2D025	6930797	1000	171	4246	266	1000	8000
517	Response	1	6935042	5245	1
519	Picture	AT035	6955800	1000	171	5834	172	1000	8000
520	Response	1	6961641	7	1
