Scenario - for study
Logfile written - 2016/1/17 19:30:03

Trial	Event Type	Code	Time	TTime	Uncertainty	Duration	Uncertainty	ReqTime	ReqDur

1	Response	4	323854	323854	1
3	Picture	AT020	330380	1000	171	8168	172	1000	8000
4	Response	1	345504	6955	1
5	Picture	ND050	356550	1166	1	8000	173	1000	8000
6	Response	2	368685	3800	2
7	Picture	B2D040	383226	1000	165	8162	167	1000	8000
9	Picture	AD050	408724	1166	1	2009	201	1000	8000
9	Response	2	410731	3173	2
11	Picture	ND060	428227	1166	1	4742	97	1000	8000
11	Response	2	432968	5907	1
13	Picture	AT010	452230	1166	1	3537	136	1000	8000
13	Response	1	455766	4702	1
15	Picture	B1T010	475400	1166	1	7868	138	1000	8000
15	Response	2	483267	9033	1
17	Picture	AD060	504071	1166	1	8000	174	1000	8000
18	Response	2	516937	4532	1
19	Picture	B2D030	531080	1000	166	8162	167	1000	8000
21	Picture	B1D030	557745	1166	1	6184	155	1000	8000
21	Response	2	563928	7349	1
23	Picture	ND070	582085	1002	164	4909	256	1000	8000
23	Response	2	586993	5910	1
25	Picture	NT010	604918	1166	1	3281	58	1000	8000
25	Response	2	608196	4444	3
26	Response	1	609525	1326	1
29	Picture	NT020	667260	1166	1	6738	101	1000	8000
30	Response	1	676726	2728	1
31	Picture	AD070	691763	1165	2	8000	174	1000	8000
32	Response	2	700689	753	1
33	Picture	B2T020	717767	1000	171	8168	172	1000	8000
34	Response	1	730735	4799	1
35	Picture	NT040	744271	1166	1	6388	118	1000	8000
36	Response	2	755909	5250	2
37	Picture	AT040	770108	1166	1	8000	173	1000	8000
38	Response	1	782794	4513	2
39	Picture	ND080	796124	1000	163	8155	164	1000	8000
40	Response	1	805007	727	2
41	Picture	B2T010	824949	1166	1	7393	113	1000	8000
41	Response	1	832341	8558	1
43	Picture	AT030	850619	1166	1	6618	54	1000	8000
44	Response	1	860494	3257	1
45	Picture	NT030	876456	1166	1	8000	173	1000	8000
46	Response	1	885403	613	1
47	Picture	AD080	904460	1000	172	8167	174	1000	8000
48	Response	2	920933	8305	1
49	Picture	B1D040	932797	1166	1	8000	173	1000	8000
50	Response	2	955445	14314	1
51	Picture	B1T020	961301	1000	171	8168	172	1000	8000
53	Response	1	988143	1671	2
55	Picture	ND051	1027977	1166	1	8000	173	1000	8000
56	Response	2	1040945	4634	1
57	Picture	B2D021	1056486	1000	166	5996	167	1000	8000
57	Response	2	1062369	6883	1
59	Picture	NT001	1083151	1000	171	8168	172	1000	8000
61	Picture	B1T001	1110322	1166	1	8000	172	1000	8000
63	Picture	AD061	1137659	1000	170	8168	171	1000	8000
64	Response	1	1151047	5219	1
65	Picture	B1D021	1165829	1165	1	8000	173	1000	8000
66	Response	2	1186664	12500	1
67	Picture	NT011	1191499	1000	171	8168	172	1000	8000
68	Response	1	1209076	9408	1
69	Picture	AD041	1219170	1166	1	8000	173	1000	8000
70	Response	2	1233399	5894	1
71	Picture	B2T001	1245340	1000	171	8168	172	1000	8000
72	Response	1	1261645	8136	1
73	Picture	AT001	1270844	1166	1	8000	173	1000	8000
74	Response	2	1294117	14939	1
75	Picture	AD051	1297681	1000	171	8168	172	1000	8000
76	Response	2	1311521	5671	2
77	Picture	ND041	1323851	1165	1	643	196	1000	8000
77	Response	1	1324493	1807	1
81	Picture	AT011	1382859	1165	2	8000	174	1000	8000
83	Picture	NT031	1410196	1000	171	8168	173	1000	8000
84	Response	1	1426109	7744	1
85	Picture	B2T009	1435867	1165	1	8000	173	1000	8000
86	Response	1	1448362	4161	1
87	Picture	B1D031	1464537	1000	171	8168	172	1000	8000
88	Response	2	1476165	3459	1
89	Picture	NT021	1490374	1165	2	6704	137	1000	8000
90	Response	1	1500741	3663	1
91	Picture	ND061	1516045	1166	1	8000	173	1000	8000
92	Response	2	1541136	16757	2
93	Picture	NT009	1543548	1000	176	8001	344	1000	8000
94	Response	2	1561622	9904	1
95	Picture	B1T011	1570052	1166	1	8000	173	1000	8000
96	Response	2	1580707	2320	1
97	Picture	AD071	1596056	1000	171	8167	173	1000	8000
98	Response	1	1611108	6883	808
99	Picture	B2T011	1623393	1166	1	8000	173	1000	8000
100	Response	2	1643548	11821	1
101	Picture	AT031	1649563	1000	171	8168	172	1000	8000
102	Response	1	1663737	6005	1
103	Picture	AT021	1676734	1166	1	8000	172	1000	8000
104	Response	1	1693371	8303	1
107	Picture	B2D031	1746748	1000	166	8163	167	1000	8000
108	Response	2	1760828	5916	1
109	Picture	AD049	1772914	1166	1	8000	172	1000	8000
110	Response	1	1786768	5520	1
111	Picture	NT029	1799084	1000	171	8168	172	1000	8000
112	Response	2	1822148	14895	2
113	Picture	ND049	1825421	1166	1	8000	173	1000	8000
115	Picture	B2T019	1853425	1000	171	8168	172	1000	8000
116	Response	1	1874680	13086	1
117	Picture	B1D029	1879595	1166	1	7512	161	1000	8000
117	Response	2	1887106	8677	1
119	Picture	NT019	1904932	1166	1	7905	101	1000	8000
119	Response	1	1912836	9070	1
121	Picture	AT029	1930769	1166	1	8000	173	1000	8000
122	Response	1	1940793	1851	1
123	Picture	AT019	1958106	1000	171	8168	172	1000	8000
124	Response	1	1972243	5968	2
125	Picture	AT009	1986110	1166	1	5785	53	1000	8000
125	Response	1	1991894	6950	1
126	Response	1	1994839	2944	1
127	Picture	ND071	2012447	1499	1	7065	108	1000	8000
127	Response	2	2019511	8563	1
129	Picture	B1T009	2037117	1166	1	5330	176	1000	8000
129	Response	1	2042445	6494	2
133	Picture	AD079	2102126	1166	1	8000	173	1000	8000
134	Response	1	2119094	8633	1
135	Picture	B2D029	2128129	1000	172	7668	173	1000	8000
135	Response	1	2135609	8480	2
137	Picture	B2T002	2153633	1000	171	7501	172	1000	8000
137	Response	1	2160967	8334	1
139	Picture	ND069	2182304	1000	171	8168	172	1000	8000
140	Response	2	2193117	2644	1
141	Picture	NT039	2210975	1166	1	6129	210	1000	8000
141	Response	1	2217103	7294	1
143	Picture	ND059	2235645	1165	1	8000	173	1000	8000
144	Response	2	2245472	1493	1
145	Picture	AD059	2263815	1000	171	7501	172	1000	8000
145	Response	2	2271119	8304	1
147	Picture	B1D022	2290152	1000	171	8168	172	1000	8000
148	Response	1	2302383	4062	1
149	Picture	AT039	2316989	1165	1	7698	142	1000	8000
149	Response	1	2324686	8862	1
151	Picture	AD069	2343160	1166	1	8000	172	1000	8000
152	Response	2	2353368	2036	1
153	Picture	NT002	2370168	1000	167	6830	168	1000	8000
153	Response	2	2376935	7767	1
155	Picture	B1D039	2394505	1000	166	7996	167	1000	8000
155	Response	2	2402336	8831	1
159	Picture	NT022	2462848	1000	166	7829	167	1000	8000
159	Response	2	2470608	8760	1
161	Picture	AT012	2489013	1000	171	5167	173	1000	8000
161	Response	1	2494102	6089	1
163	Picture	AD052	2511851	1001	169	8166	171	1000	8000
164	Response	1	2520724	706	2
165	Picture	NT012	2540687	1166	1	6776	63	1000	8000
165	Response	2	2547462	7941	2
167	Picture	AT002	2565357	1166	1	4432	74	1000	8000
167	Response	1	2569788	5597	1
169	Picture	ND042	2587360	1166	1	5897	109	1000	8000
169	Response	2	2593256	7062	1
171	Picture	B2D039	2610863	1165	2	8000	174	1000	8000
172	Response	1	2619928	892	1
173	Picture	B1T019	2637534	1000	171	8168	172	1000	8000
174	Response	2	2646952	1249	1
175	Picture	B1T002	2666371	1166	1	8000	173	1000	8000
176	Response	2	2689973	15268	2
177	Picture	ND079	2693041	1000	171	8168	172	1000	8000
178	Response	1	2708995	7785	1
179	Picture	AD042	2720379	1166	1	8000	172	1000	8000
180	Response	2	2742319	13767	1
181	Picture	B2D022	2748549	1000	171	6834	173	1000	8000
181	Response	2	2755297	7748	1
185	Picture	ND062	2813891	1000	172	8168	174	1000	8000
186	Response	1	2826607	4547	2
187	Picture	ND052	2840062	1166	1	6789	217	1000	8000
187	Response	2	2846850	7954	2
189	Picture	B2T008	2866232	1165	1	8000	173	1000	8000
190	Response	1	2876760	2193	1
191	Picture	B1D032	2893736	1000	171	5167	173	1000	8000
191	Response	2	2898797	6061	1
193	Picture	NT032	2917578	1000	166	4995	167	1000	8000
194	Response	2	2927259	4686	1
195	Picture	B2T012	2940242	1000	171	8168	172	1000	8000
196	Response	1	2948411	0	176
197	Picture	AD062	2969580	1166	1	6678	161	1000	8000
197	Response	2	2976257	7843	1
199	Picture	B1T012	2994917	1166	1	7557	115	1000	8000
199	Response	1	3002473	8722	1
201	Picture	AT032	3020754	1166	1	6039	133	1000	8000
202	Response	2	3038685	11892	2
203	Picture	AT008	3046757	1165	1	6432	74	1000	8000
204	Response	2	3057165	3976	1
205	Picture	AT022	3073094	1165	2	8000	174	1000	8000
206	Response	1	3084725	3458	1
207	Picture	NT008	3101770	1000	167	8163	168	1000	8000
208	Response	2	3110665	731	1
211	Picture	NT028	3167607	1165	2	8000	174	1000	8000
212	Response	1	3178697	2917	1
213	Picture	B1D028	3195778	1000	171	8168	172	1000	8000
214	Response	2	3219356	15409	1
215	Picture	B1T008	3224449	1166	1	6215	124	1000	8000
215	Response	1	3230663	7380	2
217	Picture	AT018	3250286	1166	1	4052	120	1000	8000
218	Response	2	3259938	5600	1
219	Picture	AT028	3274789	1166	1	8000	173	1000	8000
219	Response	2	3282788	9165	173
221	Picture	B2T018	3302959	1000	171	5001	172	1000	8000
222	Response	1	3310177	2217	1
223	Picture	B2D032	3327296	1000	171	8168	172	1000	8000
224	Response	2	3350875	15410	1
225	Picture	AD072	3352800	1166	1	8000	173	1000	8000
226	Response	2	3368599	7626	1
227	Picture	NT038	3380804	1000	171	7667	173	1000	8000
227	Response	1	3388326	8522	1
229	Picture	AD048	3407474	1000	171	8168	172	1000	8000
230	Response	1	3416522	879	1
231	Picture	ND072	3434478	1166	1	8000	173	1000	8000
232	Response	2	3443686	874	2
233	Picture	NT018	3461481	1000	171	7335	172	1000	8000
234	Response	1	3471303	2487	1
237	Picture	ND058	3528824	1000	171	8168	172	1000	8000
238	Response	2	3539829	2836	1
239	Picture	B2D028	3554995	1166	1	6445	60	1000	8000
239	Response	2	3561439	7610	1
241	Picture	B1D038	3582498	1165	2	8000	174	1000	8000
242	Response	1	3592986	2153	1
243	Picture	ND048	3611669	1000	171	8168	172	1000	8000
244	Response	2	3622497	2659	1
245	Picture	AD078	3637339	1165	2	4337	170	1000	8000
245	Response	2	3641674	5500	2
247	Picture	AD068	3660176	1166	1	4171	168	1000	8000
247	Response	2	3664346	5336	2
249	Picture	AD058	3682512	1165	1	8000	173	1000	8000
250	Response	1	3690925	78	1
251	Picture	B1T018	3709855	1000	166	6662	167	1000	8000
251	Response	1	3716459	7604	1
253	Picture	NT003	3734686	1000	171	6001	172	1000	8000
254	Response	2	3743613	2926	2
255	Picture	B2T003	3760356	1000	171	8168	172	1000	8000
256	Response	1	3768525	0	170
257	Picture	AT038	3789527	1166	1	6300	206	1000	8000
257	Response	1	3795826	7465	1
259	Picture	ND068	3815864	1166	1	8000	173	1000	8000
260	Response	1	3826062	1863	1
263	Picture	ND043	3882712	1000	167	6329	168	1000	8000
263	Response	2	3888860	7148	1
265	Picture	AT003	3907877	1000	171	7168	172	1000	8000
266	Response	2	3920264	5219	1
267	Picture	ND078	3935047	1000	171	8168	172	1000	8000
268	Response	2	3951395	8179	1
269	Picture	NT023	3960718	1166	1	6898	108	1000	8000
269	Response	1	3967615	8063	1
271	Picture	B2T013	3987221	1165	1	8000	173	1000	8000
272	Response	1	3995393	-1	164
273	Picture	AD053	4015058	1000	171	6501	172	1000	8000
273	Response	2	4021494	7436	1
275	Picture	B1D023	4040728	1000	172	7335	173	1000	8000
275	Response	2	4047997	8269	1
277	Picture	AD043	4066732	1000	171	5834	173	1000	8000
277	Response	2	4072426	6694	1
279	Picture	B1T003	4091569	1000	171	8168	172	1000	8000
280	Response	2	4107580	7842	1
281	Picture	AT013	4119906	1165	1	8000	173	1000	8000
282	Response	1	4129546	1466	2
283	Picture	B2D038	4148410	1000	171	6168	172	1000	8000
283	Response	2	4154485	7075	1
285	Picture	NT013	4174247	1000	171	5001	172	1000	8000
285	Response	1	4179097	5850	1
289	Picture	ND053	4240262	1000	166	5805	358	1000	8000
289	Response	2	4246064	6802	2
291	Picture	NT007	4263593	1000	171	8168	347	1000	8000
291	Response	1	4271592	8999	169
293	Picture	AT033	4289930	1166	1	6261	78	1000	8000
293	Response	1	4296190	7426	1
295	Picture	NT017	4316100	1165	1	6437	69	1000	8000
295	Response	2	4322536	7601	1
297	Picture	AD063	4339937	1166	1	8000	173	1000	8000
298	Response	1	4355082	6972	1
299	Picture	AT023	4365607	1000	171	6668	172	1000	8000
299	Response	1	4372196	7589	1
301	Picture	B2D023	4390110	1000	172	8168	173	1000	8000
302	Response	2	4409314	11035	1
303	Picture	AT007	4416448	1166	1	6314	191	1000	8000
303	Response	1	4422761	7479	2
305	Picture	B1T013	4443951	1165	2	8000	174	1000	8000
306	Response	1	4455367	3081	1
307	Picture	B1T007	4470121	1000	172	8168	174	1000	8000
308	Response	2	4478290	0	172
309	Picture	B2T007	4498459	1166	1	5920	86	1000	8000
310	Response	2	4512192	7813	1
311	Picture	NT033	4524796	1166	1	8000	172	1000	8000
312	Response	2	4545466	12498	1
315	Picture	AD047	4592305	1000	171	5501	172	1000	8000
315	Response	2	4597705	6400	1
317	Picture	ND063	4618975	1000	171	8168	173	1000	8000
318	Response	2	4628843	1699	1
319	Picture	ND047	4646146	1166	1	8000	173	1000	8000
320	Response	2	4656137	1656	1
321	Picture	B1D033	4673483	1000	171	7835	172	1000	8000
321	Response	2	4681235	8752	1
323	Picture	B2D033	4698653	1000	171	4168	172	1000	8000
323	Response	2	4702616	4963	1
325	Picture	B2T017	4722503	1013	158	8155	159	1000	8000
326	Response	2	4735224	4565	1
327	Picture	NT027	4751161	1166	1	7362	144	1000	8000
328	Response	1	4764485	5962	1
329	Picture	B1T017	4776331	1166	1	8000	173	1000	8000
330	Response	1	4785028	363	1
331	Picture	AT017	4804340	1000	166	6996	167	1000	8000
331	Response	1	4811223	7883	2
333	Picture	ND073	4828838	1000	170	8168	171	1000	8000
334	Response	2	4848917	11910	1
335	Picture	AT027	4856675	1165	2	8000	174	1000	8000
336	Response	1	4867529	2681	1
337	Picture	AD073	4884346	1000	171	8168	172	1000	8000
338	Response	2	4902248	9733	1
341	Picture	B1D027	4951855	1165	1	7545	128	1000	8000
341	Response	2	4959398	8708	2
343	Picture	B1D037	4978025	1165	2	4626	215	1000	8000
343	Response	2	4982649	5789	2
345	Picture	NT037	5000195	1165	1	8000	173	1000	8000
346	Response	1	5009415	885	1
347	Picture	AT037	5026365	1000	171	6001	173	1000	8000
348	Response	1	5038948	6582	1
349	Picture	B2T004	5052036	1000	171	7501	172	1000	8000
349	Response	2	5059364	8328	1
351	Picture	AD077	5079045	1000	166	5495	167	1000	8000
351	Response	2	5084452	6407	1
353	Picture	AD067	5102543	1000	171	6334	172	1000	8000
353	Response	1	5108701	7158	2
355	Picture	ND067	5127546	1000	171	5834	173	1000	8000
355	Response	2	5133310	6764	1
357	Picture	AD057	5154383	1000	171	7835	172	1000	8000
357	Response	1	5162142	8759	1
359	Picture	B2D027	5180387	1000	171	6834	172	1000	8000
359	Response	2	5187127	7740	1
361	Picture	NT004	5207729	1000	166	8163	167	1000	8000
362	Response	2	5219193	3300	1
363	Picture	ND057	5233728	1166	1	5639	200	1000	8000
363	Response	2	5239366	6804	1
367	Picture	NT024	5298403	1165	2	8000	174	1000	8000
367	Response	2	5306403	9165	172
369	Picture	B1D024	5327074	1000	171	8168	172	1000	8000
370	Response	2	5335243	0	170
371	Picture	AT014	5355078	1166	1	8000	173	1000	8000
372	Response	1	5366705	3293	2
373	Picture	ND044	5382415	1000	171	8168	172	1000	8000
374	Response	2	5392209	1625	2
375	Picture	B2T014	5410255	1002	165	8000	334	1000	8000
377	Picture	AT004	5438256	1000	171	8168	172	1000	8000
378	Response	1	5447586	1161	2
379	Picture	NT014	5466760	1166	1	8000	173	1000	8000
380	Response	2	5484688	9755	1
381	Picture	AT024	5495931	1000	170	8167	346	1000	8000
381	Response	1	5503930	8999	168
383	Picture	AD044	5525103	1000	167	8000	343	1000	8000
384	Response	2	5534817	1536	1
385	Picture	ND077	5550605	1000	171	8168	172	1000	8000
386	Response	2	5571778	13004	2
387	Picture	B2D037	5576442	1166	1	8000	173	1000	8000
388	Response	1	5589655	4879	1
389	Picture	B1T004	5605946	1000	171	8168	172	1000	8000
390	Response	2	5616730	2615	1
393	Picture	AD054	5675289	1166	1	8000	173	1000	8000
394	Response	1	5684879	1417	1
395	Picture	AD074	5702126	1000	171	7501	172	1000	8000
395	Response	1	5709487	8361	2
397	Picture	NT034	5729796	1000	171	8168	172	1000	8000
398	Response	1	5739081	1116	1
399	Picture	NT006	5755467	1166	1	5725	114	1000	8000
400	Response	1	5763730	2538	1
401	Picture	AD064	5781470	1165	2	8000	174	1000	8000
402	Response	2	5797623	7818	1
403	Picture	B2D024	5807146	1000	166	8329	342	1000	8000
403	Response	1	5814485	8339	990
405	Picture	B1T014	5834478	1166	1	6676	163	1000	8000
405	Response	1	5841153	7841	1
407	Picture	B2T006	5858814	1165	2	4300	206	1000	8000
407	Response	1	5863113	5464	1
409	Picture	B1D034	5881984	1165	2	8000	174	1000	8000
410	Response	2	5893842	3685	1
411	Picture	ND064	5910660	1000	166	8163	167	1000	8000
412	Response	2	5919758	934	1
413	Picture	ND054	5937492	1166	1	8000	173	1000	8000
414	Response	2	5947608	1781	1
415	Picture	AT034	5963167	1000	166	6163	167	1000	8000
415	Response	1	5969235	7068	1
419	Picture	AT006	6027676	1000	167	6496	168	1000	8000
419	Response	1	6034080	7404	1
421	Picture	B2T016	6053675	1000	171	5834	172	1000	8000
421	Response	1	6059454	6779	1
423	Picture	B2D034	6077178	1000	171	6501	172	1000	8000
423	Response	2	6083577	7399	1
425	Picture	ND074	6103520	1000	166	5996	167	1000	8000
425	Response	1	6109437	6917	1
427	Picture	ND046	6129518	1000	171	6335	172	1000	8000
427	Response	2	6135696	7178	1
429	Picture	NT026	6156022	1000	171	8168	172	1000	8000
430	Response	1	6164191	0	170
431	Picture	NT016	6183363	1002	164	8000	332	1000	8000
432	Response	2	6200345	8651	1
433	Picture	B1D026	6210863	1000	172	8168	173	1000	8000
434	Response	2	6226131	7099	1
435	Picture	B1T006	6238034	1166	1	8000	173	1000	8000
436	Response	2	6257186	10818	1
437	Picture	AD056	6266204	1000	171	8168	172	1000	8000
438	Response	1	6276663	2290	1
439	Picture	AD046	6293875	1166	1	8000	173	1000	8000
440	Response	2	6303868	1820	1
441	Picture	AT016	6321045	1000	171	7168	172	1000	8000
442	Response	1	6335049	6836	1
445	Picture	B2D026	6387888	1000	171	8168	172	1000	8000
446	Response	1	6403540	7483	2
447	Picture	AT036	6413391	1165	2	8000	174	1000	8000
448	Response	1	6423367	1803	1
449	Picture	ND056	6441062	1000	171	8167	343	1000	8000
449	Response	2	6449061	8999	169
451	Picture	NT036	6468232	1165	2	8000	174	1000	8000
452	Response	2	6488348	11943	2
453	Picture	AD066	6496403	1000	171	8168	172	1000	8000
454	Response	1	6504827	255	1
455	Picture	NT005	6522740	1166	1	6597	75	1000	8000
455	Response	1	6529336	7762	1
457	Picture	B1D036	6548744	1166	1	8000	172	1000	8000
458	Response	2	6559180	2102	1
459	Picture	B1T016	6574580	1000	171	6501	172	1000	8000
460	Response	1	6582933	1852	1
461	Picture	B2T005	6601584	1000	171	8168	172	1000	8000
462	Response	2	6615225	5472	813
463	Picture	ND066	6628088	1166	1	8000	173	1000	8000
464	Response	2	6641079	4657	1
465	Picture	AT005	6656425	1000	171	7668	172	1000	8000
466	Response	1	6666200	2107	1
467	Picture	AT026	6683429	1000	171	6668	172	1000	8000
467	Response	1	6690017	7588	1
471	Picture	AD045	6751105	1000	171	7168	172	1000	8000
471	Response	1	6758119	8014	2
473	Picture	B1D025	6778942	1000	171	7168	172	1000	8000
473	Response	2	6785903	7961	1
475	Picture	NT015	6806779	1000	172	8168	173	1000	8000
476	Response	2	6823340	8392	1
477	Picture	ND076	6835117	1166	1	8000	173	1000	8000
478	Response	2	6844525	1075	1
479	Picture	B2T015	6862287	1000	171	7834	173	1000	8000
479	Response	2	6869932	8645	1
481	Picture	ND055	6888957	1000	171	8168	172	1000	8000
481	Response	2	6896920	8963	1
483	Picture	AT025	6916461	1000	171	8168	172	1000	8000
484	Response	2	6927485	2855	2
485	Picture	ND045	6945299	1166	1	8000	172	1000	8000
486	Response	2	6963365	9732	1
487	Picture	AD076	6970806	1000	168	8164	169	1000	8000
488	Response	2	6979458	487	1
489	Picture	B2D036	6996972	1165	2	6966	208	1000	8000
489	Response	2	7003937	8130	1
491	Picture	AT015	7022309	1165	2	8000	174	1000	8000
492	Response	1	7034566	3922	1
493	Picture	B1T005	7050313	1000	171	8168	172	1000	8000
494	Response	2	7070369	11887	1
497	Picture	NT035	7119489	1160	2	8000	174	1000	8000
498	Response	2	7133760	5936	1
499	Picture	AD065	7148993	1000	172	6668	173	1000	8000
499	Response	2	7155580	7587	1
501	Picture	B1D035	7175164	1000	171	8168	172	1000	8000
502	Response	2	7187097	3764	1
503	Picture	NT025	7200667	1165	2	8000	174	1000	8000
504	Response	2	7215663	6661	813
505	Picture	AT035	7226337	1000	171	7502	172	1000	8000
505	Response	1	7233702	8365	1
507	Picture	AD055	7254675	1000	171	8168	172	1000	8000
508	Response	1	7272853	10009	1
509	Picture	B1T015	7283512	1165	1	8000	173	1000	8000
510	Response	2	7296513	4666	2
511	Picture	ND065	7312016	1000	171	8168	172	1000	8000
512	Response	2	7326719	6534	2
513	Picture	B2D035	7340854	1166	1	8000	172	1000	8000
514	Response	2	7354150	4962	1
515	Picture	AD075	7367690	1000	171	7168	172	1000	8000
515	Response	2	7374716	8026	1
517	Picture	B2D025	7394694	1000	171	5501	172	1000	8000
517	Response	2	7400106	6412	2
519	Picture	ND075	7418864	1000	171	8168	172	1000	8000
520	Response	2	7437437	10404	1
