Scenario - for study
Logfile written - 2016/1/12 20:29:57

Trial	Event Type	Code	Time	TTime	Uncertainty	Duration	Uncertainty	ReqTime	ReqDur

1	Response	4	802872	802872	1
3	Picture	ND050	809114	1000	166	8163	167	1000	8000
5	Picture	ND070	836280	1166	1	795	210	1000	8000
5	Response	2	837074	1960	1
6	Response	2	854069	16994	1
7	Picture	B1T010	857783	1166	1	8000	172	1000	8000
8	Response	1	872162	6045	1
9	Picture	B2D030	884791	1000	167	8163	168	1000	8000
10	Response	1	895945	2990	1
11	Picture	AD050	913957	1166	1	8000	173	1000	8000
12	Response	1	924580	2450	1
13	Picture	ND060	942461	1000	170	8167	172	1000	8000
14	Response	2	956750	6121	1
15	Picture	NT010	971131	1165	1	8000	173	1000	8000
16	Response	2	990742	11438	2
17	Picture	B2D040	998968	1000	171	6834	173	1000	8000
17	Response	1	1005701	7733	1
19	Picture	AT020	1024638	1000	171	7835	172	1000	8000
19	Response	1	1032389	8751	1
21	Picture	AT010	1052809	1000	171	6501	172	1000	8000
21	Response	1	1059157	7348	1
23	Picture	AD060	1079817	1000	166	7997	167	1000	8000
24	Response	1	1087704	-110	109
25	Picture	B1D030	1106483	1000	171	7667	173	1000	8000
26	Response	1	1114228	78	2
29	Picture	AT030	1175497	1000	166	8163	167	1000	8000
30	Response	2	1186809	3148	2
30	Response	1	1199831	16170	1
31	Picture	NT030	1201662	1165	1	8000	173	1000	8000
32	Response	2	1216889	7054	1
33	Picture	B1D040	1230999	1000	171	8168	172	1000	8000
34	Response	1	1243365	4197	1
35	Picture	NT040	1260003	1165	2	8000	179	1000	8000
37	Response	2	1287014	507	2
39	Picture	ND080	1307343	1166	1	8000	173	1000	8000
41	Picture	AD070	1334185	1000	166	8163	167	1000	8000
43	Picture	B2T010	1362350	1165	2	8000	174	1000	8000
45	Picture	AT040	1390021	1000	171	8168	172	1000	8000
46	Response	1	1401375	3185	1
47	Picture	AD080	1417691	1165	1	8000	173	1000	8000
48	Response	1	1430270	4406	1
49	Picture	NT020	1443695	1000	170	8167	172	1000	8000
50	Response	2	1457128	5265	1
51	Picture	B1T020	1473032	1166	1	8000	173	1000	8000
55	Picture	NT001	1542541	1000	171	8168	172	1000	8000
56	Response	2	1555277	4567	1
57	Picture	B2T001	1568878	1165	1	8000	173	1000	8000
59	Picture	B2D021	1596382	1000	171	8168	172	1000	8000
60	Response	1	1618812	14261	2
61	Picture	AD041	1622885	1165	2	8000	174	1000	8000
63	Response	1	1648060	2	162
65	Picture	ND051	1666058	1166	1	1484	188	1000	8000
66	Response	1	1667808	266	1
67	Picture	NT011	1686894	1166	1	8000	173	1000	8000
68	Response	2	1704276	9047	1
69	Picture	B1T001	1716065	1000	170	8167	172	1000	8000
71	Picture	AD051	1744068	1165	2	1327	179	1000	8000
71	Response	2	1745393	2490	2
73	Picture	B1D021	1763904	1165	2	8000	174	1000	8000
74	Response	1	1776152	4075	1
75	Picture	AD061	1789741	1000	171	8168	172	1000	8000
76	Response	1	1807629	9719	1
77	Picture	ND041	1816578	1165	1	8000	173	1000	8000
78	Response	2	1833302	8389	1
81	Picture	NT021	1883087	1000	171	8168	172	1000	8000
83	Picture	AT021	1910424	1166	1	292	213	1000	8000
83	Response	1	1910715	1457	2
84	Response	1	1924046	13330	2
85	Picture	NT031	1928260	1166	1	8000	171	1000	8000
86	Response	1	1941374	4942	1
87	Picture	AD071	1956097	1000	171	8168	172	1000	8000
88	Response	1	1975353	11087	2
89	Picture	ND061	1984101	1166	1	8000	172	1000	8000
90	Response	2	1995596	3323	1
91	Picture	B2T009	2009937	1000	171	8168	172	1000	8000
92	Response	2	2028740	10634	1
93	Picture	AT031	2038275	1166	1	8000	172	1000	8000
94	Response	1	2059698	13089	1
95	Picture	B2T011	2067612	1000	170	8168	171	1000	8000
97	Picture	B1T011	2096449	1166	1	8000	173	1000	8000
99	Picture	NT009	2124619	1000	171	8168	172	1000	8000
100	Response	1	2137125	4337	2
101	Picture	B1D031	2150123	1166	1	8000	173	1000	8000
102	Response	2	2162788	4331	1
103	Picture	AT011	2178627	1000	170	8168	171	1000	8000
104	Response	1	2195650	8854	1
107	Picture	AT009	2247136	1166	1	8000	173	1000	8000
108	Response	1	2268194	12885	1
109	Picture	ND049	2273145	1000	165	8162	166	1000	8000
110	Response	1	2289029	7721	1
111	Picture	AT029	2299810	1166	1	8000	172	1000	8000
112	Response	1	2313502	5358	1
113	Picture	AD049	2326818	1000	166	8163	167	1000	8000
114	Response	1	2343544	8562	1
115	Picture	NT019	2354817	1166	1	8000	173	1000	8000
116	Response	2	2376103	12951	1
117	Picture	ND071	2383988	1000	170	8168	171	1000	8000
118	Response	2	2399863	7706	1
119	Picture	B1D029	2410825	1166	1	8000	172	1000	8000
120	Response	2	2423567	4408	1
121	Picture	NT029	2439828	1000	171	8168	172	1000	8000
122	Response	1	2455420	7423	1
123	Picture	B2D031	2466999	1166	1	8000	172	1000	8000
124	Response	2	2481679	6346	1
125	Picture	AT019	2495003	1000	170	8167	172	1000	8000
126	Response	1	2512870	9699	1
127	Picture	B2T019	2522006	1165	2	8000	174	1000	8000
128	Response	1	2532876	2697	1
129	Picture	B1T009	2547510	1000	170	7501	171	1000	8000
130	Response	1	2555462	451	1
133	Picture	AD069	2614524	1000	166	8162	168	1000	8000
134	Response	1	2629231	6544	1
135	Picture	B2D029	2640522	1165	1	8000	173	1000	8000
136	Response	2	2661556	12699	1
137	Picture	NT039	2667030	1000	166	8164	167	1000	8000
138	Response	2	2682155	6961	1
139	Picture	B2T002	2696363	1166	1	8000	173	1000	8000
140	Response	2	2707749	3051	1
141	Picture	NT002	2723033	1000	171	8168	172	1000	8000
143	Response	2	2748627	256	1
145	Picture	AD079	2769873	1000	171	3000	173	1000	8000
145	Response	1	2772702	3829	2
147	Picture	ND069	2791376	1000	170	8168	171	1000	8000
148	Response	2	2809677	10132	1
149	Picture	B1D039	2820046	1165	2	8000	174	1000	8000
150	Response	2	2833148	4767	1
151	Picture	AD059	2848883	1000	171	8168	172	1000	8000
152	Response	1	2865676	8624	1
153	Picture	AT039	2875887	1166	1	8000	173	1000	8000
154	Response	1	2891250	7028	2
155	Picture	ND059	2901891	1000	170	8167	172	1000	8000
157	Response	1	2926937	542	1
159	Picture	B2D039	2967900	1166	1	8000	172	1000	8000
160	Response	1	2985894	9660	1
161	Picture	B1T002	2996237	1000	170	8167	172	1000	8000
162	Response	1	3008723	4318	1
163	Picture	B2D022	3023240	1165	1	8000	173	1000	8000
164	Response	1	3040442	9029	2
165	Picture	ND042	3051577	1000	171	8168	172	1000	8000
166	Response	1	3066236	6490	1
167	Picture	NT022	3079581	1165	1	8000	173	1000	8000
168	Response	2	3099487	11571	1
169	Picture	AT002	3105590	1000	166	8162	168	1000	8000
170	Response	1	3125147	11394	1
171	Picture	ND079	3134589	1166	1	8000	171	1000	8000
172	Response	1	3150504	7581	1
173	Picture	NT012	3161259	1000	170	8168	171	1000	8000
174	Response	2	3179981	10553	1
175	Picture	B1T019	3188096	1166	1	8000	172	1000	8000
176	Response	2	3209092	12662	1
177	Picture	AD042	3217600	1000	171	8167	173	1000	8000
178	Response	1	3234107	8339	1
179	Picture	AD052	3244603	1165	2	7711	130	1000	8000
179	Response	1	3252313	8875	1
181	Picture	AT012	3272107	1166	1	8000	173	1000	8000
182	Response	1	3285727	5286	1
185	Picture	ND052	3342116	1000	171	8168	172	1000	8000
186	Response	1	3358168	7883	1
187	Picture	B2T012	3368453	1165	2	8000	174	1000	8000
188	Response	1	3378398	1610	1
189	Picture	AT022	3395957	1000	171	8168	172	1000	8000
190	Response	1	3407941	3815	1
191	Picture	NT008	3425294	1165	2	8000	174	1000	8000
192	Response	1	3433898	431	2
193	Picture	B1D032	3453303	1000	167	8163	168	1000	8000
194	Response	1	3465761	4294	1
195	Picture	NT032	3480635	1166	1	8000	173	1000	8000
197	Picture	AD062	3506638	1000	171	1167	173	1000	8000
197	Response	2	3507733	2095	2
199	Picture	B2T008	3527979	1000	166	8164	167	1000	8000
200	Response	1	3551756	15613	1
201	Picture	B1T012	3555645	1166	1	7287	51	1000	8000
201	Response	1	3562931	8452	1
203	Picture	AT008	3583149	1166	1	8000	173	1000	8000
204	Response	1	3592904	1582	1
205	Picture	AT032	3611152	1000	171	7834	173	1000	8000
206	Response	1	3618986	0	2
207	Picture	ND062	3637989	1000	171	8168	172	1000	8000
208	Response	1	3649931	3773	1
211	Picture	ND072	3705499	1166	1	8000	172	1000	8000
212	Response	2	3719234	5401	2
213	Picture	NT038	3733169	1000	171	8168	172	1000	8000
214	Response	1	3742223	885	1
215	Picture	AT018	3760006	1166	1	8000	173	1000	8000
216	Response	1	3769071	892	1
217	Picture	AD048	3786676	1000	171	8168	172	1000	8000
218	Response	1	3810887	16042	1
219	Picture	B2T018	3815513	1165	2	8000	174	1000	8000
220	Response	2	3830354	6506	1
221	Picture	B1D028	3841517	1000	171	8168	172	1000	8000
222	Response	2	3858916	9230	1
223	Picture	AD072	3869021	1166	1	8000	172	1000	8000
224	Response	1	3883747	6392	2
225	Picture	AT028	3896191	1000	171	8168	172	1000	8000
226	Response	1	3907491	3131	1
226	Response	1	3911195	6835	3
227	Picture	B2D032	3925028	1166	1	8000	172	1000	8000
228	Response	1	3939481	6281	1
229	Picture	B1T008	3950865	1000	171	8168	172	1000	8000
230	Response	2	3970728	11694	2
231	Picture	NT028	3979535	1165	2	8000	174	1000	8000
232	Response	2	3995746	7876	2
233	Picture	NT018	4008039	1000	171	8168	172	1000	8000
234	Response	1	4022308	6100	1
237	Picture	AD078	4076382	1166	1	8000	172	1000	8000
238	Response	1	4096144	11428	1
239	Picture	B2T003	4102552	1000	170	8168	171	1000	8000
240	Response	1	4111765	1044	1
241	Picture	ND068	4129055	1165	2	8000	174	1000	8000
242	Response	1	4139904	2514	1
243	Picture	AD068	4155892	1000	171	8168	172	1000	8000
244	Response	1	4166043	1982	1
245	Picture	B1D038	4183729	1165	2	8000	174	1000	8000
246	Response	2	4202451	10549	2
247	Picture	AD058	4209900	1000	170	8167	172	1000	8000
248	Response	1	4224718	6650	1
249	Picture	ND058	4235570	1166	1	8000	172	1000	8000
250	Response	1	4247919	4015	1
251	Picture	B1T018	4261573	1000	171	8168	172	1000	8000
252	Response	1	4272188	2446	1
253	Picture	B2D028	4290410	1165	2	8000	174	1000	8000
254	Response	2	4309745	11161	1
255	Picture	AT038	4318252	1000	166	8163	167	1000	8000
256	Response	1	4330021	3605	1
257	Picture	NT003	4345585	1166	1	8000	172	1000	8000
258	Response	2	4361189	7433	1
259	Picture	ND048	4371421	1000	171	8168	172	1000	8000
260	Response	2	4389331	9741	1
263	Picture	ND043	4439430	1165	2	8000	174	1000	8000
264	Response	2	4456961	9196	1
265	Picture	B2D038	4468434	1000	171	8168	172	1000	8000
266	Response	2	4482304	5701	2
267	Picture	ND078	4497772	1166	1	8000	172	1000	8000
268	Response	2	4511070	5126	1
269	Picture	AT013	4525942	1000	170	8168	171	1000	8000
270	Response	1	4535545	1434	1
271	Picture	B1T003	4552779	1166	1	8000	173	1000	8000
272	Response	1	4561858	745	1
273	Picture	NT013	4580783	1000	170	8168	171	1000	8000
274	Response	2	4596779	7827	1
275	Picture	AD053	4609953	1165	2	8000	174	1000	8000
276	Response	1	4619887	1599	1
277	Picture	B1D023	4639291	1000	170	8167	172	1000	8000
278	Response	2	4652708	5249	1
278	Response	2	4653956	6497	1
279	Picture	NT023	4668128	1166	1	8000	173	1000	8000
280	Response	2	4684602	8301	1
281	Picture	AD043	4695131	1000	171	8168	172	1000	8000
282	Response	1	4713363	10063	1
283	Picture	AT003	4722135	1166	1	8000	173	1000	8000
284	Response	1	4735023	4553	1
285	Picture	B2T013	4749305	1000	171	8168	172	1000	8000
286	Response	2	4761775	4301	1
289	Picture	B2D023	4817481	1165	1	8000	173	1000	8000
290	Response	2	4832569	6753	1
291	Picture	B2T007	4845818	1000	171	8168	172	1000	8000
292	Response	2	4857018	3031	1
293	Picture	AT007	4873989	1166	1	8000	172	1000	8000
294	Response	1	4885417	3256	1
295	Picture	AT023	4902326	1000	170	6834	171	1000	8000
296	Response	1	4909237	77	1
297	Picture	NT007	4928496	1000	172	6168	173	1000	8000
298	Response	1	4935177	513	1
299	Picture	B1T013	4953833	1000	170	8168	171	1000	8000
300	Response	1	4962980	978	1
301	Picture	AT033	4981170	1166	1	6530	142	1000	8000
301	Response	1	4987699	7695	1
303	Picture	ND053	5008840	1165	1	8000	173	1000	8000
304	Response	1	5023355	6180	1
305	Picture	NT033	5038011	1000	171	8168	172	1000	8000
306	Response	2	5053854	7674	1
307	Picture	AD063	5065681	1165	1	8000	174	1000	8000
308	Response	2	5082492	8637	1
309	Picture	NT017	5094518	1000	171	8168	172	1000	8000
310	Response	1	5103773	1086	1
311	Picture	B1T007	5122856	1166	1	7155	184	1000	8000
312	Response	1	5130010	-1	184
315	Picture	AD047	5191031	1165	2	8000	174	1000	8000
316	Response	1	5209003	9799	1
317	Picture	B2T017	5219202	1000	170	8168	171	1000	8000
319	Picture	B1D033	5246205	1165	2	8000	174	1000	8000
320	Response	2	5262756	8378	1
321	Picture	AD073	5274876	1000	171	8168	172	1000	8000
322	Response	2	5289254	6209	1
323	Picture	AT017	5301046	1166	1	8000	173	1000	8000
324	Response	1	5309453	72	2
325	Picture	ND047	5330550	1000	171	8168	172	1000	8000
326	Response	1	5343040	4321	2
327	Picture	NT027	5356554	1166	1	7149	190	1000	8000
328	Response	1	5364075	372	2
329	Picture	ND063	5381390	1165	1	8000	173	1000	8000
330	Response	2	5398417	8692	2
331	Picture	B2D033	5406899	1000	164	8162	166	1000	8000
332	Response	2	5418484	3422	1
333	Picture	B1T017	5433731	1166	1	7239	99	1000	8000
334	Response	1	5441608	638	2
335	Picture	ND073	5461234	1165	1	8000	173	1000	8000
336	Response	2	5473757	4188	2
337	Picture	AT027	5488238	1000	170	7001	171	1000	8000
338	Response	1	5495551	312	1
341	Picture	B2T004	5553746	1000	171	8168	173	1000	8000
342	Response	1	5565976	4061	1
343	Picture	AD077	5579917	1166	1	8000	172	1000	8000
344	Response	2	5592860	4770	2
345	Picture	ND057	5605587	1000	171	8168	172	1000	8000
346	Response	2	5624644	10888	1
347	Picture	B1D037	5631924	1166	1	8000	172	1000	8000
348	Response	2	5640604	346	1
349	Picture	NT004	5659094	1000	171	8168	172	1000	8000
350	Response	1	5674058	6795	1
351	Picture	NT037	5688431	1165	2	8000	174	1000	8000
352	Response	2	5702074	5470	1
353	Picture	AT037	5717602	1000	171	8168	172	1000	8000
354	Response	1	5731651	5880	1
355	Picture	AD057	5743772	1166	1	8000	173	1000	8000
356	Response	1	5753970	1863	1
357	Picture	B1D027	5769776	1000	170	8167	172	1000	8000
358	Response	2	5785696	7752	1
359	Picture	ND067	5795779	1166	1	8000	173	1000	8000
360	Response	2	5808714	4762	1
361	Picture	AD067	5823283	1000	170	8168	171	1000	8000
362	Response	1	5838810	7358	1
363	Picture	B2D027	5852620	1166	1	8000	173	1000	8000
364	Response	2	5866826	6033	2
367	Picture	B1T004	5918629	1000	171	8168	172	1000	8000
368	Response	2	5935165	8367	1
368	Response	2	5939604	12806	1
369	Picture	NT014	5944132	1165	2	8000	174	1000	8000
370	Response	1	5960053	7586	1
371	Picture	AT004	5971636	1000	171	8168	172	1000	8000
372	Response	1	5981377	1572	2
373	Picture	AT014	5999806	1165	2	7968	206	1000	8000
373	Response	1	6007773	9132	1
375	Picture	ND077	6027977	1166	1	8000	173	1000	8000
376	Response	2	6043992	7681	1
377	Picture	ND044	6053985	1000	166	8163	167	1000	8000
378	Response	2	6064181	2032	1
379	Picture	AD044	6082818	1166	1	8000	172	1000	8000
380	Response	1	6099545	8393	1
381	Picture	B2T014	6111488	1000	171	8168	172	1000	8000
382	Response	1	6122294	2637	1
383	Picture	B2D037	6137325	1166	1	8000	172	1000	8000
384	Response	2	6151831	6172	1
385	Picture	AT024	6166162	1000	171	8168	172	1000	8000
386	Response	1	6176107	1776	1
387	Picture	NT024	6194833	1166	1	8000	172	1000	8000
388	Response	2	6210363	7358	1
389	Picture	B1D024	6220503	1000	170	8168	171	1000	8000
390	Response	1	6237473	8801	1
393	Picture	NT006	6288012	1166	1	8000	172	1000	8000
394	Response	2	6304797	8451	1
395	Picture	AT034	6316849	1000	171	8168	172	1000	8000
396	Response	1	6329209	4191	1
397	Picture	B2T006	6342519	1166	1	8000	173	1000	8000
398	Response	2	6356174	5320	1
399	Picture	ND054	6372023	1000	171	8168	172	1000	8000
400	Response	2	6386283	6091	1
401	Picture	AD054	6400027	1166	1	8000	173	1000	8000
402	Response	1	6414588	6227	2
403	Picture	NT034	6429031	1000	170	8168	171	1000	8000
404	Response	2	6440499	3300	1
405	Picture	AD064	6454701	1166	1	8000	172	1000	8000
406	Response	2	6469936	6901	1
407	Picture	B1D034	6480704	1000	171	8168	172	1000	8000
408	Response	1	6500647	11774	1
409	Picture	ND064	6509041	1165	2	8000	174	1000	8000
410	Response	1	6522654	5278	1
411	Picture	B1T014	6535712	1000	170	8168	171	1000	8000
412	Response	2	6549126	5246	1
413	Picture	AD074	6563882	1166	1	8000	173	1000	8000
414	Response	2	6577085	4868	2
415	Picture	B2D024	6591552	1000	171	8168	172	1000	8000
416	Response	1	6600855	1134	1
419	Picture	AT016	6659895	1166	1	8000	173	1000	8000
420	Response	1	6673940	5872	1
421	Picture	AD046	6687065	1000	171	8168	172	1000	8000
422	Response	2	6700498	5264	1
423	Picture	ND074	6713068	1165	2	8000	174	1000	8000
424	Response	2	6725546	4143	1
425	Picture	ND046	6742406	1000	171	8168	172	1000	8000
426	Response	2	6751978	1403	1
427	Picture	NT016	6771077	1166	1	8000	172	1000	8000
428	Response	2	6784664	5415	1
429	Picture	B1T006	6798413	1000	171	8168	173	1000	8000
430	Response	1	6812527	5945	1
431	Picture	AT006	6826917	1165	2	8000	174	1000	8000
432	Response	1	6835325	235	1
433	Picture	NT026	6852587	1000	171	8168	172	1000	8000
434	Response	2	6865984	5228	1
435	Picture	AD056	6878591	1166	1	8000	173	1000	8000
436	Response	1	6896086	9322	1
437	Picture	B1D026	6906595	1000	170	8168	171	1000	8000
438	Response	2	6920338	5574	1
439	Picture	B2T016	6933598	1165	2	8000	174	1000	8000
440	Response	2	6951573	9640	2
441	Picture	B2D034	6961435	1000	171	8168	172	1000	8000
442	Response	2	6974171	4567	1
445	Picture	B1T016	7031112	1166	1	8000	172	1000	8000
446	Response	1	7042553	3107	1
447	Picture	NT036	7058120	1000	166	8163	167	1000	8000
448	Response	1	7068951	2667	1
449	Picture	AT026	7084285	1165	1	8000	173	1000	8000
450	Response	1	7094428	1808	2
451	Picture	B2D026	7112789	1000	171	8168	172	1000	8000
452	Response	1	7122854	1896	1
453	Picture	AT036	7139793	1166	1	8000	172	1000	8000
454	Response	1	7148182	55	2
454	Response	1	7152931	4804	1
455	Picture	ND066	7166635	1000	165	8162	167	1000	8000
456	Response	2	7181792	6994	1
457	Picture	ND056	7195467	1166	1	8000	172	1000	8000
458	Response	2	7207063	3262	1
459	Picture	AD066	7224971	1000	170	8168	171	1000	8000
460	Response	1	7234920	1780	1
461	Picture	B2T005	7250474	1165	1	8000	173	1000	8000
462	Response	1	7272762	14115	1
463	Picture	B1D036	7279478	1000	171	8168	172	1000	8000
464	Response	1	7293511	5864	1
465	Picture	AT005	7305815	1166	1	8000	172	1000	8000
466	Response	1	7316332	2183	1
467	Picture	NT005	7334485	1000	171	8168	172	1000	8000
468	Response	1	7356918	14264	1
471	Picture	ND045	7401995	1166	1	8000	172	1000	8000
472	Response	2	7418660	8493	1
473	Picture	B2T015	7429831	1000	171	8168	173	1000	8000
474	Response	1	7440960	2960	1
475	Picture	AT015	7456669	1166	1	8000	177	1000	8000
476	Response	1	7466273	1425	1
477	Picture	AD076	7485839	1000	171	8168	172	1000	8000
478	Response	1	7497751	3743	1
479	Picture	AT025	7511843	1166	1	8000	172	1000	8000
480	Response	1	7520612	435	2
481	Picture	B2D036	7537846	1000	171	8168	172	1000	8000
482	Response	1	7548522	2507	1
483	Picture	ND076	7564183	1166	1	8000	173	1000	8000
484	Response	2	7580825	8308	1
485	Picture	B1T005	7590520	1000	170	8168	171	1000	8000
486	Response	1	7604385	5696	1
487	Picture	NT015	7617023	1165	2	8000	173	1000	8000
488	Response	1	7629615	4420	1
489	Picture	AD045	7646032	1000	167	8163	168	1000	8000
490	Response	1	7657898	3702	1
491	Picture	B1D025	7672698	1166	1	8000	172	1000	8000
492	Response	2	7688097	7065	1
493	Picture	ND055	7701201	1000	171	8168	172	1000	8000
494	Response	2	7709754	384	1
497	Picture	B2D035	7767377	1166	1	8000	173	1000	8000
498	Response	1	7784072	8361	2
499	Picture	B2D025	7795881	1000	171	7834	172	1000	8000
499	Response	1	7803633	8752	1
501	Picture	B1T015	7822051	1000	170	8168	171	1000	8000
502	Response	1	7830958	738	1
503	Picture	ND075	7851388	1166	1	8000	173	1000	8000
504	Response	1	7859560	-1	164
505	Picture	B1D035	7876729	1000	166	8164	167	1000	8000
506	Response	1	7885954	1060	2
507	Picture	NT035	7904062	1166	1	8000	172	1000	8000
508	Response	1	7914360	1964	2
509	Picture	AD055	7932065	1000	171	6835	172	1000	8000
509	Response	1	7938832	7767	1
511	Picture	AD075	7959069	1000	171	8168	172	1000	8000
512	Response	1	7967238	0	170
513	Picture	NT025	7985406	1166	1	8000	173	1000	8000
514	Response	1	7993847	106	1
515	Picture	AD065	8012914	1000	166	8164	167	1000	8000
516	Response	1	8025939	4860	1
517	Picture	ND065	8039413	1165	2	8000	174	1000	8000
518	Response	2	8061559	13811	1
519	Picture	AT035	8068250	1000	171	8168	173	1000	8000
520	Response	1	8077343	924	1
