Scenario - for study
Logfile written - 2016/1/17 ÐÇÆÚÈÕ ÏÂÎç 8:00:42

Trial	Event Type	Code	Time	TTime	Uncertainty	Duration	Uncertainty	ReqTime	ReqDur

1	Response	4	407665	407665	1
3	Picture	AD060	414159	1000	177	7834	178	1000	8000
3	Response	1	421855	8696	2
5	Picture	AT010	442992	1000	176	7333	178	1000	8000
5	Response	2	450124	8132	1
7	Picture	B1T010	470492	1000	176	5833	178	1000	8000
7	Response	1	476207	6715	1
9	Picture	ND070	494325	1000	176	8166	178	1000	8000
11	Picture	NT010	521991	1165	2	4237	110	1000	8000
11	Response	1	526226	5400	1
13	Picture	AT020	546657	1164	2	3209	137	1000	8000
14	Response	2	553712	3846	1
15	Picture	B2D040	568490	1164	2	3424	104	1000	8000
16	Response	2	576841	4927	1
17	Picture	B2D030	589990	1164	2	8000	178	1000	8000
18	Response	2	599229	905	1
19	Picture	AD050	617656	1000	177	7667	179	1000	8000
20	Response	1	628608	3285	2
21	Picture	B1D030	643489	1000	179	8167	181	1000	8000
23	Picture	ND050	668989	1164	2	4690	156	1000	8000
23	Response	1	673677	5852	1
25	Picture	ND060	692655	1164	2	6974	204	1000	8000
25	Response	2	699627	8136	1
29	Picture	AT040	760154	1164	2	6399	112	1000	8000
30	Response	1	772060	5507	1
31	Picture	AT030	786654	1164	2	4518	160	1000	8000
32	Response	2	797215	6043	1
33	Picture	AD080	809987	1164	2	8000	178	1000	8000
34	Response	1	819502	1182	1
35	Picture	ND080	837987	1000	179	7166	181	1000	8000
35	Response	2	844993	8006	1
37	Picture	B2T010	863653	1000	178	7167	179	1000	8000
37	Response	1	870629	7976	2
39	Picture	AD070	888986	1000	176	8167	178	1000	8000
40	Response	1	899351	2196	2
41	Picture	B1D040	917319	1165	2	5488	191	1000	8000
41	Response	2	922805	6651	1
43	Picture	NT040	943819	1165	2	4923	102	1000	8000
44	Response	1	951945	3203	2
45	Picture	NT030	968985	1159	2	3514	164	1000	8000
46	Response	1	976777	4278	1
47	Picture	NT020	991485	1165	2	6884	127	1000	8000
48	Response	2	1000926	2557	1
49	Picture	B2T020	1016484	1164	2	7133	212	1000	8000
50	Response	2	1027789	4172	1
51	Picture	B1T020	1042984	1165	2	5209	136	1000	8000
52	Response	1	1050981	2788	2
55	Picture	B2T001	1108316	1164	2	3418	105	1000	8000
56	Response	2	1115228	3494	2
57	Picture	B1T001	1132316	1165	2	4635	211	1000	8000
58	Response	2	1141011	4060	1
59	Picture	ND041	1154816	1165	2	6410	110	1000	8000
59	Response	2	1161224	7573	1
61	Picture	AT001	1178982	1164	2	3946	232	1000	8000
62	Response	1	1187014	4086	2
63	Picture	ND051	1201149	1165	2	6320	192	1000	8000
63	Response	2	1207468	7484	1
65	Picture	AD061	1228148	1164	2	8000	178	1000	8000
66	Response	2	1237328	847	1
67	Picture	AD051	1255648	1000	177	6166	179	1000	8000
67	Response	1	1261658	7010	1
69	Picture	NT001	1282814	1000	176	5500	178	1000	8000
70	Response	2	1292067	3753	1
71	Picture	B2D021	1307647	1000	178	8167	180	1000	8000
72	Response	2	1316837	1021	1
73	Picture	AD041	1334480	1165	2	7344	167	1000	8000
73	Response	1	1341822	8507	1
75	Picture	B1D021	1362649	1000	167	5605	402	1000	8000
75	Response	2	1368252	6603	1
77	Picture	NT011	1386312	1164	2	2716	129	1000	8000
78	Response	2	1392571	3543	1
81	Picture	ND061	1448478	1164	2	6151	194	1000	8000
81	Response	2	1454627	7313	1
83	Picture	NT031	1473811	1164	2	6699	146	1000	8000
84	Response	2	1484720	4210	1
85	Picture	B2T009	1499978	1165	2	7560	117	1000	8000
85	Response	1	1507536	8723	1
87	Picture	AD071	1526144	1164	2	5616	229	1000	8000
87	Response	2	1531758	6778	1
89	Picture	NT009	1550477	1165	2	6541	137	1000	8000
90	Response	1	1559323	2305	1
91	Picture	B1D031	1574977	1165	2	8000	178	1000	8000
93	Picture	AT011	1604310	1000	177	6833	179	1000	8000
94	Response	2	1614352	3209	1
95	Picture	AT031	1632143	1000	177	8166	179	1000	8000
96	Response	1	1643454	3143	1
97	Picture	B2T011	1657642	1164	2	7988	192	1000	8000
98	Response	1	1669144	3514	2
99	Picture	AT021	1683142	1165	2	6567	111	1000	8000
100	Response	1	1692436	2727	2
101	Picture	NT021	1709308	1164	2	5773	238	1000	8000
102	Response	1	1720837	5756	1
103	Picture	B1T011	1736141	1164	2	4985	195	1000	8000
104	Response	2	1745231	4105	2
107	Picture	NT029	1801140	1164	2	3305	207	1000	8000
108	Response	2	1807476	3031	2
109	Picture	B2D031	1825140	1165	2	7948	230	1000	8000
109	Response	2	1833086	9111	1
111	Picture	B1D029	1853473	1165	2	5901	110	1000	8000
111	Response	2	1859372	7064	1
113	Picture	AT029	1879306	1165	2	6402	109	1000	8000
113	Response	2	1885706	7565	1
115	Picture	AT019	1905139	1165	2	6018	160	1000	8000
116	Response	1	1913118	1961	2
117	Picture	B1T009	1930472	1165	2	3801	213	1000	8000
118	Response	1	1939121	4848	1
119	Picture	ND071	1954972	1165	1	8000	178	1000	8000
120	Response	2	1963683	378	1
121	Picture	AT009	1982138	1000	176	6500	177	1000	8000
122	Response	1	1990552	1914	1
123	Picture	AD049	2007138	1000	176	7999	178	1000	8000
123	Response	1	2014986	8848	2
125	Picture	ND049	2036137	1000	176	8167	178	1000	8000
126	Response	2	2049617	5311	1
127	Picture	NT019	2064137	1164	2	8000	178	1000	8000
128	Response	2	2075389	2919	1
129	Picture	B2T019	2093803	1000	177	7000	179	1000	8000
130	Response	2	2103461	2658	1
133	Picture	B1D022	2161802	1000	176	8167	178	1000	8000
135	Picture	AD069	2190635	1165	2	8000	178	1000	8000
137	Picture	B1D039	2217301	1000	177	8167	179	1000	8000
138	Response	1	2225471	0	174
139	Picture	NT002	2244634	1164	2	7855	157	1000	8000
139	Response	2	2252487	9017	2
141	Picture	B2T002	2271800	1164	2	5952	227	1000	8000
142	Response	1	2280352	2600	2
143	Picture	NT039	2298134	1165	2	8000	179	1000	8000
144	Response	2	2310081	3614	2
145	Picture	AD059	2326466	1000	178	8167	180	1000	8000
146	Response	2	2335528	893	1
147	Picture	AD079	2354133	1163	2	5516	162	1000	8000
147	Response	2	2359647	6677	2
149	Picture	ND069	2378799	1165	2	8000	178	1000	8000
151	Picture	AT039	2404465	1000	177	8167	179	1000	8000
152	Response	2	2420344	7710	1
153	Picture	B2D029	2432465	1164	2	8000	178	1000	8000
154	Response	2	2443755	2957	2
155	Picture	ND059	2458465	1000	176	8166	178	1000	8000
156	Response	2	2468805	2172	2
159	Picture	AT012	2525130	1164	2	4294	218	1000	8000
160	Response	1	2532141	2717	2
161	Picture	ND042	2549130	1164	2	5268	244	1000	8000
161	Response	2	2554396	6430	1
163	Picture	NT022	2574963	1164	2	3415	104	1000	8000
164	Response	2	2582492	4114	2
165	Picture	B2D022	2599629	1164	2	7257	105	1000	8000
165	Response	2	2606884	8419	1
167	Picture	B2D039	2624629	1165	2	5044	134	1000	8000
167	Response	2	2629671	6207	2
169	Picture	ND079	2649629	1165	2	3491	215	1000	8000
169	Response	2	2653103	4639	16
171	Picture	AD052	2672129	1165	2	5294	217	1000	8000
171	Response	2	2677421	6457	1
173	Picture	NT012	2697128	1164	2	7408	104	1000	8000
173	Response	1	2704534	8570	1
175	Picture	AD042	2723295	1165	2	7553	124	1000	8000
175	Response	2	2730846	8716	1
177	Picture	B1T002	2750461	1165	2	8000	178	1000	8000
178	Response	2	2762296	3502	1
179	Picture	B1T019	2777960	1000	176	7667	178	1000	8000
180	Response	1	2787508	1881	2
181	Picture	AT002	2805793	1000	178	6000	180	1000	8000
182	Response	2	2813782	1989	1
185	Picture	ND062	2870792	1000	177	5834	179	1000	8000
185	Response	2	2876403	6611	2
187	Picture	NT008	2893959	1000	176	5833	178	1000	8000
187	Response	2	2899554	6595	2
189	Picture	B2T008	2919458	1000	177	6334	179	1000	8000
189	Response	1	2925687	7229	2
191	Picture	AT022	2944958	1000	178	2667	180	1000	8000
192	Response	1	2952884	5259	1
193	Picture	NT032	2965958	1000	178	4833	180	1000	8000
194	Response	1	2972547	1756	1
195	Picture	ND052	2988958	1000	177	6666	179	1000	8000
195	Response	2	2995412	7454	2
197	Picture	AD062	3013457	1000	177	6500	179	1000	8000
197	Response	1	3019738	7281	1
199	Picture	B1T012	3040790	1000	176	4334	177	1000	8000
200	Response	1	3048470	3346	1
201	Picture	AT032	3065290	1000	176	6500	177	1000	8000
202	Response	2	3076404	4614	1
203	Picture	B2T012	3091290	1000	177	6833	179	1000	8000
204	Response	2	3099915	1792	1
205	Picture	AT008	3117122	1000	177	6500	179	1000	8000
206	Response	1	3127352	3730	1
207	Picture	B1D032	3141789	1000	176	6000	177	1000	8000
207	Response	2	3147552	6763	1
211	Picture	NT028	3206121	1000	178	6167	180	1000	8000
211	Response	2	3212069	6948	1
213	Picture	AT018	3231121	1000	176	6666	178	1000	8000
214	Response	1	3240044	2257	2
215	Picture	B1D028	3255954	1000	177	7166	179	1000	8000
215	Response	2	3263045	8091	1
217	Picture	B2D032	3283620	1000	176	7500	178	1000	8000
217	Response	1	3290943	8323	1
219	Picture	AD048	3311787	1000	175	6833	176	1000	8000
219	Response	1	3318450	7663	1
221	Picture	B2T018	3338453	1000	176	7666	178	1000	8000
222	Response	1	3347898	1779	1
223	Picture	B1T008	3364952	1000	178	5500	180	1000	8000
224	Response	2	3371930	1478	1
225	Picture	ND072	3390785	1000	177	6500	179	1000	8000
225	Response	2	3397062	7277	1
227	Picture	AT028	3416452	1000	182	6213	318	1000	8000
227	Response	1	3422663	7211	1
229	Picture	NT038	3441284	1000	179	6667	181	1000	8000
229	Response	1	3447788	7504	1
231	Picture	NT018	3466618	1000	177	6166	179	1000	8000
232	Response	2	3474474	1690	2
233	Picture	AD072	3493284	1000	177	7000	179	1000	8000
233	Response	2	3500171	7887	1
237	Picture	AD078	3560450	1000	176	5998	181	1000	8000
237	Response	2	3566370	6920	1
239	Picture	ND048	3587116	1000	176	5000	178	1000	8000
239	Response	2	3591903	5787	1
241	Picture	ND068	3613116	1000	176	4000	177	1000	8000
241	Response	2	3616946	4830	1
243	Picture	B2T003	3636782	1000	176	5333	178	1000	8000
244	Response	2	3645636	3521	2
245	Picture	AD068	3661782	1000	176	5666	178	1000	8000
245	Response	2	3667348	6566	2
247	Picture	B2D028	3687615	1000	178	8166	180	1000	8000
249	Picture	NT003	3716781	1165	2	5950	229	1000	8000
250	Response	2	3727904	5173	1
251	Picture	AD058	3740947	1164	2	8000	178	1000	8000
252	Response	1	3749976	696	1
253	Picture	B1D038	3769114	1000	177	6166	179	1000	8000
253	Response	2	3775125	7011	2
255	Picture	ND058	3793447	1000	178	7666	180	1000	8000
255	Response	1	3800987	8540	1
257	Picture	AT038	3820946	1000	177	7833	179	1000	8000
258	Response	2	3831916	3137	1
259	Picture	B1T018	3847779	1000	179	6333	181	1000	8000
260	Response	1	3855198	1086	1
263	Picture	ND078	3913278	1000	177	8167	179	1000	8000
264	Response	2	3921447	0	175
265	Picture	AT013	3940778	1164	2	5825	187	1000	8000
265	Response	1	3946601	6987	2
267	Picture	AD053	3966944	1164	2	6200	146	1000	8000
267	Response	2	3973142	7362	1
269	Picture	B2D038	3990777	1164	2	7471	207	1000	8000
269	Response	1	3998246	8633	1
271	Picture	ND043	4018444	1165	2	8000	179	1000	8000
272	Response	2	4029272	2495	1
273	Picture	B2T013	4047110	1000	176	8166	178	1000	8000
274	Response	2	4059132	3854	1
275	Picture	NT013	4076609	1164	2	5002	176	1000	8000
276	Response	2	4084015	2404	2
277	Picture	AT003	4099276	1165	2	5315	197	1000	8000
278	Response	1	4109467	4876	1
279	Picture	NT023	4122775	1164	2	5948	230	1000	8000
280	Response	1	4132018	3295	1
281	Picture	B1D023	4147109	1165	2	5904	111	1000	8000
281	Response	2	4153010	7066	2
283	Picture	AD043	4171775	1165	2	4206	138	1000	8000
283	Response	2	4175979	5369	1
285	Picture	B1T003	4194441	1164	2	8000	179	1000	8000
286	Response	1	4202618	-154	155
289	Picture	B1T013	4264773	1000	178	7167	180	1000	8000
290	Response	2	4275109	3169	2
291	Picture	AT007	4292773	1000	178	4000	180	1000	8000
292	Response	1	4300260	3487	1
293	Picture	NT017	4315773	1000	177	4500	179	1000	8000
294	Response	1	4322663	2390	1
295	Picture	AD063	4340606	1000	176	5166	178	1000	8000
295	Response	2	4345636	6030	2
297	Picture	B2T007	4365606	1000	175	6166	177	1000	8000
298	Response	2	4373653	1881	2
299	Picture	NT007	4389272	1000	176	4667	177	1000	8000
300	Response	2	4396051	2112	1
301	Picture	B2D023	4411272	1000	176	6999	178	1000	8000
301	Response	2	4418123	7851	2
303	Picture	ND053	4436938	1000	176	5500	178	1000	8000
303	Response	2	4442314	6376	1
305	Picture	NT033	4460604	1000	176	3667	178	1000	8000
306	Response	1	4466052	1781	2
307	Picture	AT023	4483771	1000	177	3166	179	1000	8000
308	Response	1	4490480	3543	2
309	Picture	AT033	4504770	1000	177	4500	179	1000	8000
310	Response	1	4510411	1141	1
311	Picture	B1T007	4529603	1000	178	3167	180	1000	8000
312	Response	2	4536839	4069	1
315	Picture	B1D033	4593602	1000	179	7167	181	1000	8000
315	Response	2	4600638	8036	2
317	Picture	ND063	4620769	1000	177	5000	179	1000	8000
317	Response	2	4625543	5774	1
319	Picture	B2D033	4643602	1000	176	5500	177	1000	8000
319	Response	2	4648976	6374	1
321	Picture	AD073	4669268	1000	177	7166	179	1000	8000
321	Response	1	4676227	7959	1
323	Picture	AT027	4695434	1000	179	5000	181	1000	8000
324	Response	1	4702805	2371	1
325	Picture	B1T017	4719267	1000	178	3667	180	1000	8000
326	Response	1	4725375	2441	1
327	Picture	AD047	4742601	1000	177	5332	179	1000	8000
327	Response	2	4747825	6224	2
329	Picture	B2T017	4768266	1000	177	7334	179	1000	8000
329	Response	1	4775507	8241	1
331	Picture	NT027	4795766	1000	178	5333	180	1000	8000
332	Response	1	4802546	1447	1
333	Picture	ND073	4819932	1000	178	7334	180	1000	8000
333	Response	2	4827101	8169	2
335	Picture	ND047	4846266	1000	175	4833	177	1000	8000
335	Response	2	4850998	5732	2
337	Picture	AT017	4871265	1000	177	3167	179	1000	8000
338	Response	1	4876856	2424	1
341	Picture	AD077	4933931	1000	178	8167	179	1000	8000
343	Picture	AT037	4959764	1165	2	8000	178	1000	8000
345	Picture	B2D027	4988597	1000	177	8167	178	1000	8000
347	Picture	NT004	5017097	1165	2	6899	114	1000	8000
347	Response	1	5023994	8062	2
349	Picture	NT037	5041929	1164	2	2893	119	1000	8000
350	Response	1	5047286	2464	1
351	Picture	ND057	5064096	1165	2	3203	141	1000	8000
353	Picture	AD067	5087762	1164	2	5430	250	1000	8000
353	Response	2	5093190	6592	1
355	Picture	AD057	5110762	1164	2	5007	171	1000	8000
355	Response	2	5115767	6169	2
357	Picture	ND067	5134928	1164	2	5142	203	1000	8000
357	Response	1	5140068	6304	1
359	Picture	B1D027	5158594	1164	2	7116	230	1000	8000
359	Response	1	5165708	8278	1
361	Picture	B2T004	5186928	1165	2	2801	210	1000	8000
362	Response	1	5193413	3684	1
363	Picture	B1D037	5209427	1164	2	3838	174	1000	8000
363	Response	2	5213262	4999	2
367	Picture	ND077	5271260	1165	2	6663	183	1000	8000
367	Response	2	5277921	7826	1
369	Picture	NT024	5297449	1021	146	3282	350	1000	8000
370	Response	2	5305974	5243	1
371	Picture	B1D024	5318759	1164	2	4145	200	1000	8000
371	Response	2	5322902	5307	1
373	Picture	AD044	5340425	1164	2	6853	160	1000	8000
373	Response	1	5347276	8015	1
375	Picture	AT024	5364925	1165	2	4989	190	1000	8000
376	Response	1	5371302	1388	2
377	Picture	AT004	5389758	1164	2	4206	138	1000	8000
378	Response	2	5397396	3432	1
379	Picture	NT014	5412758	1165	2	3925	107	1000	8000
380	Response	2	5419159	2476	1
381	Picture	B2T014	5437924	1165	2	4079	105	1000	8000
382	Response	1	5444857	2854	2
383	Picture	B1T004	5460757	1164	2	3258	105	1000	8000
384	Response	1	5466009	1994	1
385	Picture	B2D037	5482257	1165	2	6443	235	1000	8000
385	Response	2	5488698	7606	1
387	Picture	ND044	5509302	1043	123	3654	266	1000	8000
387	Response	1	5512954	4695	2
389	Picture	AT014	5533756	1164	2	3212	134	1000	8000
390	Response	2	5539127	2159	1
393	Picture	NT006	5597755	1164	2	6147	198	1000	8000
394	Response	2	5605358	1456	2
395	Picture	B1T014	5622588	1164	2	3599	247	1000	8000
396	Response	1	5630130	3943	2
397	Picture	NT034	5644921	1164	2	3239	105	1000	8000
398	Response	2	5651632	3472	2
399	Picture	ND054	5667087	1164	2	6311	202	1000	8000
399	Response	2	5673396	7473	1
401	Picture	B2T006	5694088	1165	1	4458	218	1000	8000
401	Response	1	5698544	5621	1
403	Picture	AD064	5718087	1165	2	4829	182	1000	8000
404	Response	2	5725521	2605	1
405	Picture	AD054	5740920	1164	2	3883	128	1000	8000
405	Response	2	5744801	5045	1
407	Picture	B2D024	5763086	1164	2	4342	170	1000	8000
407	Response	2	5767426	5504	1
409	Picture	ND064	5785586	1165	2	4684	165	1000	8000
409	Response	2	5790268	5847	1
411	Picture	AD074	5809253	1165	2	5448	232	1000	8000
411	Response	1	5814700	6612	1
413	Picture	AT034	5832752	1165	2	2865	148	1000	8000
414	Response	1	5837590	1973	3
415	Picture	B1D034	5856752	1165	2	2907	105	1000	8000
415	Response	2	5859657	4070	1
419	Picture	AT016	5921251	1165	2	5490	190	1000	8000
420	Response	1	5928166	1425	1
421	Picture	NT026	5947417	1164	2	2876	135	1000	8000
422	Response	2	5955097	4804	1
423	Picture	AT006	5968250	1164	2	3960	218	1000	8000
424	Response	1	5975691	3481	1
425	Picture	ND074	5992083	1164	2	3519	159	1000	8000
425	Response	2	5995600	4681	1
427	Picture	B2T016	6015250	1165	2	4532	147	1000	8000
427	Response	1	6019780	5695	1
429	Picture	NT016	6040583	1165	2	4869	141	1000	8000
430	Response	1	6047898	2446	2
431	Picture	B1T006	6066416	1165	2	3714	130	1000	8000
432	Response	2	6072521	2391	2
433	Picture	AD056	6089249	1165	2	5302	209	1000	8000
433	Response	2	6094549	6465	1
435	Picture	ND046	6113415	1165	2	6893	118	1000	8000
435	Response	2	6120306	8056	2
437	Picture	B2D034	6140581	1164	2	4061	118	1000	8000
437	Response	2	6144640	5223	2
439	Picture	AD046	6162581	1165	2	3796	215	1000	8000
439	Response	2	6166374	4958	2
441	Picture	B1D026	6184247	1164	2	6002	176	1000	8000
441	Response	1	6190247	7164	1
445	Picture	B2D026	6250913	1165	2	5211	133	1000	8000
445	Response	2	6256122	6374	1
447	Picture	NT036	6276746	1165	2	6204	140	1000	8000
447	Response	1	6282948	7367	1
449	Picture	AT026	6303412	1164	2	4254	105	1000	8000
450	Response	1	6309351	1685	1
451	Picture	AD066	6328912	1165	2	4062	116	1000	8000
451	Response	2	6332972	5225	1
453	Picture	ND056	6350412	1165	2	6347	164	1000	8000
453	Response	2	6356757	7510	1
455	Picture	B1D036	6375245	1165	2	5222	122	1000	8000
455	Response	1	6380465	6385	2
457	Picture	AT036	6399578	1165	2	3044	134	1000	8000
458	Response	1	6404520	1898	1
459	Picture	ND066	6420244	1165	2	4772	242	1000	8000
459	Response	2	6425014	5935	2
461	Picture	NT005	6443577	1164	2	6454	224	1000	8000
461	Response	2	6450028	7615	2
463	Picture	B2T005	6469744	1165	2	4762	250	1000	8000
464	Response	1	6475677	1171	1
465	Picture	B1T016	6493076	1164	2	3086	107	1000	8000
466	Response	1	6501142	4980	2
467	Picture	AT005	6517076	1164	2	3582	107	1000	8000
468	Response	1	6522323	1665	1
471	Picture	AD076	6582242	1165	2	4675	169	1000	8000
471	Response	2	6586915	5838	1
473	Picture	B1D025	6604575	1165	2	5157	187	1000	8000
473	Response	2	6609730	6320	1
475	Picture	AT025	6627908	1164	2	5496	182	1000	8000
475	Response	2	6633402	6658	1
476	Response	1	6635136	1732	1
477	Picture	ND045	6652908	1165	2	6336	174	1000	8000
477	Response	2	6659242	7499	2
479	Picture	B2T015	6676907	1164	2	2983	196	1000	8000
479	Response	1	6679888	4145	2
481	Picture	ND055	6697240	1164	2	5587	107	1000	8000
481	Response	2	6702798	6722	29
483	Picture	ND076	6723573	1164	2	5737	108	1000	8000
483	Response	2	6729308	6899	2
485	Picture	B1T005	6748240	1165	2	5238	108	1000	8000
485	Response	1	6753476	6401	2
487	Picture	NT015	6771073	1165	2	4804	207	1000	8000
487	Response	1	6775875	5967	2
489	Picture	AD045	6793239	1165	2	4509	169	1000	8000
489	Response	2	6797746	5672	1
491	Picture	AT015	6817905	1164	2	5423	105	1000	8000
491	Response	1	6823326	6585	1
493	Picture	B2D036	6842738	1164	2	4267	245	1000	8000
493	Response	2	6847003	5429	1
497	Picture	B1D035	6905237	1164	2	6477	202	1000	8000
497	Response	1	6911712	7639	1
499	Picture	AT035	6930237	1164	2	6186	160	1000	8000
499	Response	1	6936421	7348	1
501	Picture	B2D035	6956237	1165	2	7256	107	1000	8000
501	Response	1	6963491	8419	1
503	Picture	ND075	6982736	1164	2	5089	105	1000	8000
503	Response	1	6987823	6251	1
505	Picture	B1T015	7007736	1164	2	4157	189	1000	8000
505	Response	1	7011891	5319	1
507	Picture	NT035	7031236	1165	2	7546	132	1000	8000
507	Response	2	7038780	8709	1
509	Picture	AD075	7057902	1164	2	6512	166	1000	8000
509	Response	1	7064412	7674	1
511	Picture	ND065	7081735	1164	2	7460	219	1000	8000
511	Response	1	7089193	8622	2
513	Picture	B2D025	7107068	1165	2	5933	246	1000	8000
513	Response	2	7112999	7096	1
515	Picture	AD065	7133068	1165	2	4479	200	1000	8000
515	Response	2	7137546	5643	1
517	Picture	AD055	7156067	1164	2	6253	107	1000	8000
517	Response	1	7162319	7416	1
519	Picture	NT025	7179734	1165	2	3183	162	1000	8000
520	Response	1	7185254	2337	1
