Scenario - for study
Logfile written - 2016/1/12 20:57:45

Trial	Event Type	Code	Time	TTime	Uncertainty	Duration	Uncertainty	ReqTime	ReqDur

1	Response	4	119483	119483	2
3	Picture	NT010	125851	1000	171	6106	274	1000	8000
4	Response	1	133886	1929	1
5	Picture	B1D030	149521	1000	171	7434	272	1000	8000
5	Response	2	156954	8433	1
7	Picture	ND060	176024	1000	171	5168	172	1000	8000
7	Response	2	181063	6039	2
9	Picture	B2D040	199361	1000	170	4834	171	1000	8000
9	Response	2	204144	5783	2
11	Picture	AT020	224697	1000	171	4168	172	1000	8000
12	Response	2	233845	4980	1
13	Picture	B2D030	247200	1000	171	8168	172	1000	8000
14	Response	2	259548	4179	1
15	Picture	AD050	276038	1166	1	8000	172	1000	8000
16	Response	1	288702	4330	1
17	Picture	ND050	302374	1000	171	8168	172	1000	8000
18	Response	2	314599	4056	1
19	Picture	ND070	328211	1165	2	6265	111	1000	8000
19	Response	2	334475	7429	2
21	Picture	B1T010	353048	1166	1	4989	183	1000	8000
22	Response	1	360339	2302	1
23	Picture	AT010	379052	1166	1	5620	101	1000	8000
24	Response	1	386321	1649	1
25	Picture	AD060	403555	1166	1	8000	173	1000	8000
26	Response	2	418178	6289	1
26	Response	1	429492	17603	1
29	Picture	ND080	473568	1000	167	8164	168	1000	8000
30	Response	2	481918	185	1
31	Picture	NT020	501235	1166	1	3645	193	1000	8000
32	Response	2	508216	3336	2
33	Picture	AD080	524905	1166	1	7104	106	1000	8000
33	Response	1	532006	8267	3
35	Picture	B1D040	550408	1166	1	8000	172	1000	8000
36	Response	1	560245	1503	2
37	Picture	B1T020	579912	1000	171	7501	172	1000	8000
38	Response	1	589623	2210	1
39	Picture	AT040	606082	1000	171	5668	172	1000	8000
40	Response	2	615433	3683	1
41	Picture	AD070	629252	1000	171	8168	172	1000	8000
42	Response	1	639749	2328	1
43	Picture	NT040	656255	1165	2	5731	109	1000	8000
44	Response	1	664567	2581	1
45	Picture	AT030	680759	1166	1	4288	651	1000	8000
46	Response	1	686896	1849	1
47	Picture	B2T010	702928	1165	2	3797	209	1000	8000
48	Response	1	708373	1648	1
49	Picture	B2T020	726765	1165	1	4664	174	1000	8000
50	Response	1	733238	1809	1
51	Picture	NT030	751935	1166	1	3853	152	1000	8000
52	Response	2	759794	4006	1
55	Picture	ND041	815110	1165	1	8000	173	1000	8000
56	Response	1	826448	3003	1
57	Picture	AD051	841614	1000	170	5000	172	1000	8000
57	Response	1	846411	5797	1
59	Picture	AD041	867784	1000	171	4834	172	1000	8000
59	Response	1	872411	5627	1
61	Picture	ND051	891954	1000	171	8168	172	1000	8000
62	Response	2	901123	1000	1
63	Picture	B2T001	918957	1165	2	5660	180	1000	8000
63	Response	1	924616	6824	2
65	Picture	AD061	943127	1165	2	7131	209	1000	8000
65	Response	1	950256	8294	2
67	Picture	AT001	970631	1166	1	5889	116	1000	8000
67	Response	1	976519	7054	1
69	Picture	B2D021	997801	1165	2	6266	102	1000	8000
69	Response	1	1004066	7430	1
71	Picture	NT001	1025305	1166	1	8000	173	1000	8000
72	Response	2	1042006	8366	1
73	Picture	B1D021	1054476	1000	171	7834	172	1000	8000
73	Response	2	1062119	8643	1
75	Picture	B1T001	1081984	1000	166	5996	167	1000	8000
76	Response	1	1089489	1509	1
77	Picture	NT011	1106316	1000	171	2667	172	1000	8000
78	Response	2	1114517	5534	1
81	Picture	AT021	1170324	1000	171	5001	172	1000	8000
82	Response	1	1177515	2190	1
83	Picture	NT031	1192661	1000	171	4000	173	1000	8000
84	Response	2	1200306	3645	1
85	Picture	B2T009	1215164	1000	170	4750	269	1000	8000
86	Response	2	1223174	3260	2
87	Picture	B2T011	1241001	1000	171	8168	172	1000	8000
88	Response	2	1252515	3345	1
89	Picture	AD071	1267004	1165	1	5146	193	1000	8000
90	Response	1	1281440	9290	1
91	Picture	AT011	1293341	1166	1	7228	111	1000	8000
92	Response	1	1301792	1223	1
93	Picture	AT031	1321178	1165	1	3756	108	1000	8000
94	Response	1	1326371	1437	1
95	Picture	NT009	1342348	1166	1	4143	195	1000	8000
96	Response	1	1349485	2994	2
97	Picture	ND061	1366518	1166	1	8000	172	1000	8000
98	Response	2	1375405	553	1
99	Picture	B1T011	1392688	1000	171	5167	172	1000	8000
100	Response	2	1400313	2458	2
101	Picture	B1D031	1417191	1000	171	6168	172	1000	8000
101	Response	2	1423241	7050	2
103	Picture	NT021	1442361	1000	171	5071	269	1000	8000
104	Response	2	1451617	4185	1
107	Picture	ND071	1508537	1000	170	8167	346	1000	8000
107	Response	2	1516536	8999	168
109	Picture	NT019	1537041	1166	1	6733	105	1000	8000
109	Response	2	1543771	7896	3
111	Picture	AT019	1561544	1166	1	7069	105	1000	8000
112	Response	1	1570554	1941	1
113	Picture	AT029	1586214	1166	1	3865	140	1000	8000
114	Response	1	1592387	2308	1
115	Picture	AT009	1610550	1165	2	4610	101	1000	8000
116	Response	1	1616809	1649	1
117	Picture	NT029	1635720	1165	2	8000	174	1000	8000
118	Response	2	1647837	3782	1
119	Picture	B1T009	1662057	1000	176	7911	275	1000	8000
120	Response	1	1672868	2900	1
121	Picture	AD049	1689561	1000	171	8168	172	1000	8000
122	Response	1	1704039	6309	1
123	Picture	B1D029	1717231	1165	2	8000	174	1000	8000
125	Picture	B2T019	1745068	1000	171	5335	172	1000	8000
126	Response	2	1753669	3266	1
127	Picture	B2D031	1767738	1000	171	7835	172	1000	8000
127	Response	2	1775376	8638	1
129	Picture	ND049	1793074	1000	170	7747	273	1000	8000
129	Response	2	1800820	8746	1
133	Picture	B2D029	1861251	1000	171	6167	172	1000	8000
133	Response	2	1867258	7007	1
135	Picture	NT002	1888254	1000	176	5501	177	1000	8000
135	Response	2	1893604	6350	1
137	Picture	B1D022	1912758	1000	171	8167	173	1000	8000
138	Response	1	1927231	6305	1
139	Picture	AD059	1938261	1166	1	7393	112	1000	8000
139	Response	2	1945653	8558	1
141	Picture	AT039	1965932	1166	1	4940	106	1000	8000
141	Response	2	1970871	6105	1
143	Picture	AD079	1992102	1166	1	3891	114	1000	8000
144	Response	1	2000594	4601	1
145	Picture	NT039	2014605	1166	1	7694	144	1000	8000
146	Response	1	2023789	1490	1
147	Picture	AD069	2043442	1166	1	8000	173	1000	8000
148	Response	1	2052477	862	1
149	Picture	B1D039	2069612	1000	171	8168	172	1000	8000
150	Response	2	2078011	230	1
151	Picture	ND059	2098616	1166	1	4780	104	1000	8000
151	Response	2	2103395	5945	1
153	Picture	B2T002	2123286	1166	1	4891	114	1000	8000
154	Response	1	2131923	3746	1
155	Picture	ND069	2146622	1165	2	6377	130	1000	8000
155	Response	2	2152998	7541	1
159	Picture	NT012	2213798	1166	1	6541	131	1000	8000
159	Response	2	2220338	7706	1
161	Picture	AD042	2239802	1166	1	4311	194	1000	8000
161	Response	2	2244111	5475	2
163	Picture	B1T002	2263638	1166	1	5459	213	1000	8000
164	Response	2	2273825	4728	1
165	Picture	B2D039	2288642	1166	1	8000	172	1000	8000
167	Picture	B1T019	2317812	1000	171	5001	172	1000	8000
168	Response	1	2324729	1916	1
169	Picture	AT012	2341982	1000	171	8168	172	1000	8000
170	Response	1	2354353	4202	1
171	Picture	AT002	2370319	1165	1	8000	173	1000	8000
172	Response	2	2388612	9958	1
173	Picture	ND079	2399156	1000	176	7335	177	1000	8000
173	Response	2	2406355	8199	2
175	Picture	AD052	2426660	1000	171	8168	172	1000	8000
176	Response	1	2435071	242	1
177	Picture	B2D022	2454330	1165	2	8000	174	1000	8000
178	Response	2	2464328	1826	1
179	Picture	NT022	2482501	1000	170	6410	271	1000	8000
180	Response	1	2490242	1331	1
181	Picture	ND042	2508171	1000	171	8168	172	1000	8000
182	Response	2	2516806	466	2
185	Picture	B2T012	2574347	1166	1	7445	227	1000	8000
185	Response	2	2581790	8609	2
187	Picture	NT008	2602350	1165	2	7368	139	1000	8000
187	Response	3	2609716	8531	2
188	Response	2	2616263	6545	1
189	Picture	AD062	2627354	1166	1	7488	183	1000	8000
190	Response	1	2649626	14784	2
191	Picture	AT022	2655691	1166	1	6781	103	1000	8000
192	Response	1	2663749	1277	2
193	Picture	ND052	2680861	1166	1	4483	189	1000	8000
193	Response	2	2685343	5648	1
195	Picture	ND062	2704197	1165	2	6431	107	1000	8000
195	Response	2	2710627	7595	1
197	Picture	B1D032	2728867	1165	2	6656	184	1000	8000
197	Response	1	2735522	7820	1
199	Picture	AT008	2754037	1165	2	6900	106	1000	8000
200	Response	1	2762959	2022	1
201	Picture	AT032	2781708	1166	1	6427	99	1000	8000
202	Response	1	2790683	2548	1
203	Picture	B2T008	2807211	1165	1	6983	189	1000	8000
203	Response	1	2814193	8147	1
205	Picture	B1T012	2834882	1166	1	5941	103	1000	8000
206	Response	1	2842812	1989	1
207	Picture	NT032	2860385	1166	1	7808	197	1000	8000
207	Response	1	2868192	8973	1
211	Picture	NT018	2927727	1165	2	5274	106	1000	8000
212	Response	2	2937406	4405	1
213	Picture	NT038	2954064	1165	1	8000	173	1000	8000
214	Response	2	2969196	6797	1
215	Picture	B1T008	2981568	1000	171	7668	172	1000	8000
216	Response	2	2992899	3663	2
217	Picture	NT028	3006738	1000	171	6001	172	1000	8000
218	Response	2	3016357	3618	1
219	Picture	AT018	3033075	1000	170	5565	274	1000	8000
220	Response	1	3043211	4571	2
221	Picture	B2T018	3059424	1000	158	4322	159	1000	8000
222	Response	1	3067637	3891	1
223	Picture	AT028	3081248	1000	171	6926	274	1000	8000
223	Response	2	3088173	7925	1
225	Picture	B2D032	3108418	1000	171	8168	172	1000	8000
226	Response	2	3117067	480	2
227	Picture	AD072	3135755	1165	2	8000	174	1000	8000
228	Response	2	3145463	1535	1
229	Picture	AD048	3161925	1000	171	8002	172	1000	8000
229	Response	1	3169765	8840	2
231	Picture	ND072	3190096	1000	171	5167	172	1000	8000
231	Response	2	3195070	5974	1
233	Picture	B1D028	3214599	1000	171	5334	172	1000	8000
233	Response	2	3219805	6206	1
237	Picture	B2T003	3278613	1000	166	6329	167	1000	8000
237	Response	2	3284829	7216	1
239	Picture	ND068	3303778	1000	170	4918	271	1000	8000
239	Response	2	3308695	5917	1
241	Picture	B1D038	3328948	1000	171	6167	173	1000	8000
241	Response	2	3334941	6993	1
243	Picture	B1T018	3354451	1000	171	4001	172	1000	8000
243	Response	2	3358249	4798	1
245	Picture	AD078	3375954	1000	171	4668	172	1000	8000
245	Response	2	3380465	5511	1
247	Picture	NT003	3401624	1000	171	8168	172	1000	8000
248	Response	2	3415393	5600	1
249	Picture	AD068	3428961	1165	2	7371	136	1000	8000
251	Picture	B2D028	3456798	1165	2	5863	144	1000	8000
251	Response	2	3462660	7027	1
253	Picture	AD058	3481468	1165	2	8000	174	1000	8000
254	Response	1	3490230	427	1
255	Picture	ND058	3508639	1000	170	6501	171	1000	8000
255	Response	2	3514972	7333	1
257	Picture	ND048	3532642	1000	171	4760	269	1000	8000
257	Response	2	3537401	5759	1
259	Picture	AT038	3557645	1000	171	4334	172	1000	8000
260	Response	1	3565031	3052	1
263	Picture	NT013	3623321	1000	171	7001	172	1000	8000
264	Response	2	3634907	4585	1
265	Picture	B1D023	3651324	1000	171	8168	173	1000	8000
266	Response	2	3671266	11773	1
267	Picture	NT023	3678995	1166	1	7939	107	1000	8000
268	Response	2	3689721	2787	2
269	Picture	B2T013	3705332	1166	1	4111	103	1000	8000
270	Response	2	3715209	5766	1
271	Picture	ND078	3727668	1165	1	8000	173	1000	8000
272	Response	2	3742296	6293	2
273	Picture	AT013	3755839	1000	169	7167	170	1000	8000
274	Response	1	3766249	3243	1
275	Picture	AD043	3783009	1000	170	8168	171	1000	8000
276	Response	2	3791401	223	1
277	Picture	ND043	3811513	1166	1	8000	172	1000	8000
277	Response	2	3819512	9165	173
279	Picture	B2D038	3839016	1000	171	5168	172	1000	8000
279	Response	2	3844069	6053	1
281	Picture	B1T003	3863520	1000	170	4334	171	1000	8000
281	Response	2	3867722	5202	2
282	Response	3	3877023	9169	1
283	Picture	AD053	3888690	1000	283	8168	284	1000	8000
284	Response	1	3896859	0	179
285	Picture	AT003	3915193	1165	2	7099	107	1000	8000
286	Response	1	3924740	2448	1
289	Picture	AT007	3981369	1166	1	5547	125	1000	8000
290	Response	1	3990888	3972	2
291	Picture	NT017	4007206	1166	1	6435	109	1000	8000
292	Response	2	4018512	4871	1
293	Picture	B2T007	4031209	1166	1	5164	174	1000	8000
294	Response	2	4041444	5071	1
295	Picture	B1T013	4057213	1166	1	3313	196	1000	8000
296	Response	2	4064711	4185	1
297	Picture	AT033	4078382	1166	1	4899	108	1000	8000
298	Response	1	4086541	3260	1
299	Picture	B1T007	4101052	1166	1	5117	104	1000	8000
300	Response	2	4112814	6645	1
301	Picture	B2D023	4123888	1166	1	8000	173	1000	8000
302	Response	2	4132687	464	1
303	Picture	AT023	4150225	1000	176	5940	275	1000	8000
304	Response	1	4159798	3633	1
305	Picture	AD063	4174228	1000	171	5770	270	1000	8000
305	Response	2	4179997	6769	2
307	Picture	NT007	4201065	1000	170	4334	171	1000	8000
308	Response	1	4212825	7426	2
309	Picture	NT033	4224574	1000	165	6162	166	1000	8000
310	Response	2	4235135	4399	1
311	Picture	ND053	4249238	1000	171	8168	172	1000	8000
312	Response	2	4258097	690	1
315	Picture	ND073	4316747	1165	2	7792	215	1000	8000
315	Response	2	4324537	8955	2
317	Picture	AD073	4345585	1166	1	4617	102	1000	8000
317	Response	2	4350201	5782	1
319	Picture	ND047	4369421	1166	1	6259	106	1000	8000
319	Response	2	4375679	7424	1
321	Picture	B1D033	4396758	1166	1	7115	100	1000	8000
321	Response	2	4403871	8279	1
323	Picture	AT027	4423928	1165	2	4569	104	1000	8000
323	Response	2	4428496	5733	1
325	Picture	AD047	4448098	1165	2	8000	174	1000	8000
326	Response	1	4456762	329	1
327	Picture	NT027	4476435	1000	171	5772	269	1000	8000
328	Response	1	4485414	3207	1
329	Picture	B2T017	4499772	1000	171	6668	172	1000	8000
330	Response	2	4510003	3563	1
331	Picture	B1T017	4525275	1000	171	4256	270	1000	8000
332	Response	1	4533912	4381	1
333	Picture	ND063	4549278	1000	172	8168	174	1000	8000
334	Response	2	4559217	1770	1
335	Picture	B2D033	4576116	1166	1	6675	163	1000	8000
335	Response	2	4582790	7840	1
337	Picture	AT017	4601786	1166	1	5724	114	1000	8000
338	Response	2	4613086	5576	1
341	Picture	B2D027	4665628	1166	1	5375	130	1000	8000
342	Response	2	4674227	3224	1
343	Picture	AD077	4691798	1166	1	8000	173	1000	8000
344	Response	1	4700556	424	1
345	Picture	AD067	4718801	1000	171	7668	172	1000	8000
345	Response	1	4726415	8614	2
347	Picture	B1D027	4745138	1000	171	4942	268	1000	8000
347	Response	2	4750079	5941	1
349	Picture	NT037	4768308	1000	171	7501	172	1000	8000
350	Response	2	4778981	3172	1
351	Picture	B2T004	4795812	1000	169	8168	170	1000	8000
352	Response	2	4808834	4853	2
353	Picture	AD057	4823149	1166	1	6527	145	1000	8000
353	Response	2	4829675	7692	2
355	Picture	B1D037	4847319	1166	1	6917	107	1000	8000
355	Response	2	4854234	8081	2
357	Picture	NT004	4874822	1165	2	4717	123	1000	8000
358	Response	2	4886483	6944	1
359	Picture	ND067	4899826	1166	1	7314	191	1000	8000
359	Response	2	4907138	8478	2
361	Picture	AT037	4925996	1166	1	7672	167	1000	8000
362	Response	2	4937261	3593	1
363	Picture	ND057	4951333	1166	1	8000	172	1000	8000
363	Response	2	4959332	9165	173
367	Picture	AD044	5019342	1000	171	8168	172	1000	8000
368	Response	1	5028621	1110	1
369	Picture	ND044	5045845	1165	2	5006	167	1000	8000
370	Response	2	5053905	3054	1
371	Picture	AT004	5070682	1166	1	8000	173	1000	8000
372	Response	1	5079296	280	1
373	Picture	NT024	5099352	1000	171	5781	270	1000	8000
374	Response	2	5107755	2622	1
375	Picture	AT024	5125189	1000	172	4114	273	1000	8000
376	Response	1	5133295	3992	1
377	Picture	AT014	5149192	1000	171	5168	172	1000	8000
378	Response	1	5158855	4495	1
379	Picture	B1D024	5173362	1000	171	6592	269	1000	8000
380	Response	2	5183907	3953	1
381	Picture	B2D037	5200699	1000	171	8168	172	1000	8000
382	Response	2	5209657	789	1
383	Picture	ND077	5227703	1166	1	5452	101	1000	8000
383	Response	2	5233154	6617	1
385	Picture	B2T014	5253373	1165	1	6611	104	1000	8000
386	Response	2	5263782	3798	2
387	Picture	B1T004	5280710	1165	2	4235	103	1000	8000
388	Response	2	5288842	3897	810
389	Picture	NT014	5304547	1166	1	4317	188	1000	8000
390	Response	2	5311895	3031	1
393	Picture	B1T014	5368222	1166	1	5526	146	1000	8000
394	Response	2	5376916	3168	1
395	Picture	AD054	5392059	1166	1	7410	106	1000	8000
396	Response	2	5403135	3666	1
397	Picture	NT006	5418062	1166	1	8000	173	1000	8000
398	Response	2	5434033	7636	1
399	Picture	ND054	5445732	1000	171	7001	173	1000	8000
399	Response	2	5452598	7866	2
401	Picture	ND064	5473069	1000	170	6615	271	1000	8000
401	Response	2	5479683	7614	1
403	Picture	NT034	5498911	1000	166	8163	167	1000	8000
404	Response	2	5507347	272	1
405	Picture	AT034	5525076	1165	2	8000	174	1000	8000
406	Response	3	5533248	-163	163
406	Response	1	5539189	5778	1
407	Picture	AD064	5552913	1000	171	7168	172	1000	8000
407	Response	2	5559914	8001	2
409	Picture	B2T006	5579589	1000	165	5996	166	1000	8000
410	Response	2	5588493	2908	1
411	Picture	B1D034	5604420	1000	171	8168	172	1000	8000
412	Response	2	5613994	1405	1
413	Picture	B2D024	5631757	1165	2	8000	174	1000	8000
414	Response	1	5640379	287	1
415	Picture	AD074	5659594	1000	171	8168	172	1000	8000
416	Response	1	5668046	283	1
419	Picture	AT006	5727437	1166	1	5395	110	1000	8000
419	Response	1	5732831	6560	1
421	Picture	NT026	5753440	1165	2	4157	183	1000	8000
422	Response	2	5762082	4485	1
423	Picture	AD046	5776110	1165	1	7197	142	1000	8000
423	Response	1	5783306	8361	1
425	Picture	ND074	5803114	1166	1	7394	111	1000	8000
425	Response	2	5810507	8559	1
427	Picture	ND046	5830117	1165	2	5748	108	1000	8000
427	Response	2	5835864	6912	1
429	Picture	B1T006	5856954	1165	2	5387	119	1000	8000
430	Response	2	5864642	2301	2
431	Picture	B2D034	5880958	1166	1	7615	106	1000	8000
431	Response	2	5888572	8780	1
433	Picture	AT016	5907795	1166	1	5563	108	1000	8000
434	Response	1	5915328	1970	1
435	Picture	NT016	5930964	1165	2	8000	174	1000	8000
436	Response	3	5939783	484	1
436	Response	2	5941926	2627	1
437	Picture	B2T016	5956640	1000	165	6662	166	1000	8000
438	Response	2	5968428	5126	1
439	Picture	B1D026	5983805	1000	170	6001	171	1000	8000
439	Response	2	5989709	6904	1
441	Picture	AD056	6009808	1000	171	6594	267	1000	8000
441	Response	2	6016401	7593	1
445	Picture	NT036	6076484	1000	176	6253	280	1000	8000
446	Response	2	6085481	2744	2
447	Picture	ND056	6101820	1000	171	5576	271	1000	8000
447	Response	2	6107394	6574	2
449	Picture	NT005	6125990	1000	171	5595	272	1000	8000
450	Response	2	6134858	3273	1
451	Picture	B1T016	6152327	1000	171	7001	172	1000	8000
452	Response	2	6162954	3626	2
453	Picture	ND066	6179664	1000	171	7335	172	1000	8000
453	Response	2	6186791	8127	1
455	Picture	B1D036	6205334	1000	171	8168	172	1000	8000
456	Response	2	6214717	1214	1
457	Picture	B2D026	6232838	1165	1	8000	173	1000	8000
458	Response	2	6242328	1155	1
459	Picture	AD066	6260008	1000	171	6773	270	1000	8000
459	Response	2	6266780	7772	1
461	Picture	AT005	6285678	1000	171	5588	273	1000	8000
462	Response	1	6294074	2808	1
463	Picture	AT036	6310848	1000	171	4168	172	1000	8000
464	Response	2	6320380	5364	1
465	Picture	B2T005	6335018	1000	171	4835	172	1000	8000
466	Response	2	6343461	3608	1
467	Picture	AT026	6357355	1000	170	3500	172	1000	8000
468	Response	1	6364552	3697	1
471	Picture	NT015	6422697	1000	171	5834	172	1000	8000
472	Response	2	6432372	3841	1
473	Picture	ND076	6449034	1000	170	7001	171	1000	8000
473	Response	2	6455835	7801	2
475	Picture	AT015	6473370	1000	171	6168	172	1000	8000
475	Response	1	6479409	7039	1
477	Picture	B1T005	6497374	1000	170	5334	171	1000	8000
478	Response	2	6505089	2381	2
479	Picture	ND045	6520043	1000	171	7501	173	1000	8000
479	Response	2	6527438	8395	2
481	Picture	ND055	6546214	1000	170	5167	171	1000	8000
481	Response	2	6551232	6018	1
483	Picture	AT025	6569883	1000	172	6668	173	1000	8000
484	Response	1	6579298	2747	1
485	Picture	B2D036	6594720	1000	171	5501	172	1000	8000
485	Response	2	6600096	6376	2
487	Picture	AD076	6618223	1000	171	6084	266	1000	8000
487	Response	2	6624305	7082	2
489	Picture	B1D025	6643727	1000	170	8168	171	1000	8000
490	Response	2	6653150	1254	2
491	Picture	B2T015	6669564	1166	1	5944	105	1000	8000
492	Response	2	6679194	3686	1
493	Picture	AD045	6696569	1001	166	7790	383	1000	8000
493	Response	2	6704358	8790	1
497	Picture	AD065	6765910	1166	1	8000	173	1000	8000
498	Response	2	6774514	270	1
499	Picture	B1T015	6795414	1000	170	5772	267	1000	8000
500	Response	2	6804290	3104	1
501	Picture	B2D035	6821417	1000	171	5668	172	1000	8000
502	Response	2	6830848	3763	2
503	Picture	ND065	6845754	1000	171	6247	272	1000	8000
503	Response	2	6852000	7246	1
505	Picture	AD055	6870924	1000	171	5086	274	1000	8000
505	Response	2	6876009	6085	1
507	Picture	ND075	6895432	1000	166	6496	167	1000	8000
507	Response	2	6901749	7317	2
509	Picture	B2D025	6920264	1000	171	5334	172	1000	8000
509	Response	2	6925363	6099	1
511	Picture	NT025	6945767	1000	171	8168	342	1000	8000
512	Response	2	6956943	3008	1
513	Picture	NT035	6974938	1166	1	5840	165	1000	8000
514	Response	2	6984517	3739	1
515	Picture	AT035	7001441	1165	2	4704	136	1000	8000
516	Response	2	7012547	6402	1
517	Picture	AD075	7026445	1166	1	7284	102	1000	8000
518	Response	1	7049458	15729	1
519	Picture	B1D035	7052782	1165	1	8000	172	1000	8000
521	Quit		7182331	103712	
