Scenario - for study
Logfile written - 2016/1/12 21:35:25

Trial	Event Type	Code	Time	TTime	Uncertainty	Duration	Uncertainty	ReqTime	ReqDur

1	Response	4	29034	29034	1
3	Picture	NT010	35505	1000	175	8168	176	1000	8000
4	Response	1	45430	1756	1
5	Picture	ND050	61009	1166	1	8000	173	1000	8000
6	Response	2	69946	603	1
7	Picture	AD050	88679	1000	171	8168	172	1000	8000
8	Response	1	99975	3127	1
9	Picture	B2D030	115016	1166	1	8000	173	1000	8000
10	Response	2	123479	290	2
11	Picture	AT020	142020	1000	170	6834	171	1000	8000
11	Response	1	148753	7733	1
13	Picture	AT010	167523	1000	171	8168	172	1000	8000
14	Response	1	177957	2265	1
15	Picture	ND060	196527	1166	1	8000	173	1000	8000
16	Response	1	206239	1378	2
17	Picture	B1T010	223031	1000	171	7834	172	1000	8000
17	Response	2	230762	8731	1
19	Picture	AD060	248701	1000	170	7001	171	1000	8000
19	Response	1	255576	7875	2
21	Picture	B1D030	276371	1000	171	8168	172	1000	8000
22	Response	1	285619	1079	2
23	Picture	ND070	302208	1166	1	8000	174	1000	8000
24	Response	2	310561	19	2
25	Picture	B2D040	330378	1000	171	6450	271	1000	8000
25	Response	1	336826	7448	2
29	Picture	ND080	395220	1000	171	8168	172	1000	8000
30	Response	1	406642	3253	2
31	Picture	AT030	423891	1166	1	6756	101	1000	8000
31	Response	1	430645	7920	2
33	Picture	B1T020	449228	1166	1	5492	180	1000	8000
33	Response	1	454718	6656	2
35	Picture	NT020	472564	1166	1	7034	138	1000	8000
35	Response	2	479596	8198	2
37	Picture	AD070	498901	1166	1	7931	104	1000	8000
37	Response	1	506831	9096	1
39	Picture	B1D040	524404	1165	2	6461	213	1000	8000
39	Response	1	530863	7624	2
41	Picture	B2T020	550741	1165	1	8000	173	1000	8000
42	Response	2	559698	622	2
43	Picture	AD080	577578	1000	171	6607	274	1000	8000
43	Response	1	584184	7606	1
45	Picture	NT030	602581	1000	172	7937	278	1000	8000
45	Response	2	610516	8935	2
47	Picture	NT040	631585	1000	171	8168	172	1000	8000
48	Response	2	639754	0	175
49	Picture	B2T010	660589	1165	2	7026	148	1000	8000
49	Response	1	667614	8190	1
51	Picture	AT040	688593	1165	1	4659	180	1000	8000
51	Response	1	693250	5822	2
55	Picture	AD061	751602	1166	1	8000	173	1000	8000
56	Response	1	763619	3683	1
57	Picture	NT011	777772	1000	171	7001	172	1000	8000
57	Response	2	784610	7838	2
59	Picture	AD041	802442	1000	170	6001	171	1000	8000
59	Response	1	808314	6872	1
61	Picture	B1T001	827112	1000	171	5501	172	1000	8000
61	Response	1	832500	6388	1
63	Picture	B2D021	853448	1000	171	6501	173	1000	8000
63	Response	2	859744	7296	1
65	Picture	B2T001	880452	1000	171	8168	172	1000	8000
66	Response	2	888965	344	1
67	Picture	AT001	909289	1165	2	4798	209	1000	8000
67	Response	1	914086	5962	1
69	Picture	NT001	934293	1166	1	8000	173	1000	8000
69	Response	2	942292	9165	173
71	Picture	B1D021	963630	1000	171	8168	172	1000	8000
72	Response	2	971799	0	172
73	Picture	AD051	992801	1166	1	7375	130	1000	8000
73	Response	1	1000174	8539	2
75	Picture	ND041	1017804	1166	1	8000	178	1000	8000
75	Response	1	1025803	9165	178
77	Picture	ND051	1045474	1000	171	7501	173	1000	8000
77	Response	2	1052866	8392	1
81	Picture	B1T011	1112150	1000	171	7096	275	1000	8000
81	Response	1	1119244	8094	1
83	Picture	AT031	1137653	1000	171	5835	172	1000	8000
83	Response	1	1143277	6624	1
85	Picture	NT009	1162323	1000	171	6919	272	1000	8000
85	Response	2	1169240	7917	2
87	Picture	B1D031	1188993	1000	172	6445	276	1000	8000
87	Response	2	1195436	7443	1
89	Picture	AT011	1216497	1000	171	5423	268	1000	8000
89	Response	1	1221918	6421	2
91	Picture	ND061	1242667	1000	171	6335	172	1000	8000
91	Response	2	1248833	7166	1
93	Picture	AT021	1268504	1000	171	6001	172	1000	8000
93	Response	1	1274297	6793	1
95	Picture	B2T009	1294674	1000	171	5913	268	1000	8000
95	Response	1	1300586	6912	1
96	Response	2	1306067	5480	1
97	Picture	AD071	1318511	1000	171	6334	172	1000	8000
97	Response	1	1324636	7125	1
99	Picture	NT031	1345181	1000	171	7001	172	1000	8000
99	Response	2	1351990	7809	1
101	Picture	B2T011	1371518	1000	169	4929	265	1000	8000
101	Response	1	1376445	5927	1
103	Picture	NT021	1396521	1000	171	7002	172	1000	8000
103	Response	2	1403400	7879	1
107	Picture	B2D031	1461363	1000	171	8168	173	1000	8000
108	Response	2	1470910	1378	1
109	Picture	AD049	1486867	1166	1	7022	149	1000	8000
109	Response	1	1493888	8187	1
111	Picture	ND049	1511370	1165	2	7810	197	1000	8000
111	Response	1	1519178	8973	2
113	Picture	NT019	1539374	1166	1	6707	132	1000	8000
113	Response	2	1546080	7872	1
115	Picture	ND071	1565211	1166	1	8000	173	1000	8000
115	Response	2	1573210	9165	173
117	Picture	NT029	1592548	1000	171	7167	173	1000	8000
117	Response	2	1599580	8032	1
119	Picture	B2T019	1619718	1000	171	5834	172	1000	8000
119	Response	1	1625367	6649	1
121	Picture	B1T009	1643221	1000	171	4952	269	1000	8000
121	Response	1	1648172	5951	1
123	Picture	AT029	1666891	1000	171	5334	172	1000	8000
123	Response	1	1672041	6150	2
125	Picture	AT009	1692728	1000	171	7501	172	1000	8000
125	Response	1	1700094	8366	2
127	Picture	AT019	1720237	1000	166	5996	167	1000	8000
127	Response	1	1726034	6797	1
129	Picture	B1D029	1745568	1000	171	6580	271	1000	8000
129	Response	2	1752147	7579	1
133	Picture	ND059	1813244	1000	171	8168	172	1000	8000
134	Response	1	1823600	2187	1
135	Picture	AD069	1838748	1166	1	7302	203	1000	8000
135	Response	1	1846049	8467	1
137	Picture	B2D029	1864251	1166	1	7501	2	1000	8000
137	Response	2	1871639	8554	2
139	Picture	B2T002	1892755	1166	1	6117	105	1000	8000
139	Response	1	1898870	7281	1
141	Picture	AT039	1916925	1166	1	5387	117	1000	8000
141	Response	1	1922310	6551	2
143	Picture	AD079	1940595	1166	1	7171	168	1000	8000
143	Response	1	1947764	8335	2
145	Picture	NT039	1968432	1166	1	8000	172	1000	8000
146	Response	1	1977302	697	1
147	Picture	AD059	1997435	1000	171	8168	172	1000	8000
148	Response	1	2006932	1328	1
149	Picture	NT002	2023939	1165	1	6764	109	1000	8000
149	Response	2	2030702	7928	1
151	Picture	B1D039	2048442	1165	2	7376	131	1000	8000
151	Response	1	2055816	8539	1
153	Picture	B1D022	2076946	1165	2	5467	206	1000	8000
153	Response	1	2082411	6630	2
155	Picture	ND069	2101950	1166	1	6100	100	1000	8000
155	Response	2	2108048	7264	2
159	Picture	B2D039	2169625	1165	2	5702	138	1000	8000
159	Response	1	2175325	6865	2
161	Picture	B1T002	2192962	1166	1	5133	206	1000	8000
161	Response	1	2198094	6298	1
163	Picture	ND042	2217132	1166	1	8000	173	1000	8000
164	Response	2	2225303	-2	164
165	Picture	AT002	2244802	1000	171	5334	172	1000	8000
165	Response	1	2250006	6204	2
167	Picture	AD042	2267472	1000	171	6250	270	1000	8000
167	Response	2	2273720	7248	1
169	Picture	NT022	2291308	1000	171	6087	274	1000	8000
169	Response	1	2297393	7085	2
171	Picture	B2D022	2316478	1000	171	7501	173	1000	8000
171	Response	2	2323846	8368	1
173	Picture	B1T019	2344815	1000	171	6168	172	1000	8000
173	Response	1	2350774	6959	1
175	Picture	NT012	2371652	1000	169	6835	170	1000	8000
175	Response	2	2378327	7675	2
177	Picture	ND079	2399656	1000	171	8168	172	1000	8000
178	Response	2	2407825	0	170
179	Picture	AT012	2426493	1165	1	5902	104	1000	8000
179	Response	1	2432393	7065	1
181	Picture	AD052	2451663	1165	2	7952	104	1000	8000
181	Response	1	2459614	9116	1
185	Picture	NT032	2520839	1165	1	8000	173	1000	8000
186	Response	1	2531460	2286	1
187	Picture	ND052	2549510	1000	170	7834	171	1000	8000
187	Response	1	2557226	8716	2
189	Picture	NT008	2577513	1000	172	7001	174	1000	8000
189	Response	2	2584304	7791	2
191	Picture	AT022	2603017	1000	171	5167	172	1000	8000
191	Response	1	2608064	6047	2
193	Picture	AT008	2628354	1000	171	6667	172	1000	8000
193	Response	1	2634789	7435	2
195	Picture	B2T008	2655357	1000	171	5334	173	1000	8000
195	Response	1	2660586	6229	1
197	Picture	AT032	2681861	1000	171	8168	172	1000	8000
198	Response	2	2690207	177	1
199	Picture	AD062	2709531	1165	1	6327	179	1000	8000
199	Response	1	2715857	7491	1
201	Picture	ND062	2735201	1165	2	8000	174	1000	8000
202	Response	2	2743373	-1	164
203	Picture	B1D032	2763872	1000	171	5167	172	1000	8000
203	Response	1	2768881	6009	1
205	Picture	B1T012	2788042	1000	170	5239	270	1000	8000
205	Response	1	2793280	6238	1
207	Picture	B2T012	2814217	1000	166	6162	168	1000	8000
207	Response	1	2820238	7021	1
211	Picture	NT018	2881054	1000	171	6168	172	1000	8000
211	Response	1	2887075	7021	2
213	Picture	AT018	2906564	1000	164	6995	165	1000	8000
213	Response	2	2913398	7834	1
214	Response	1	2921321	7762	1
215	Picture	AD072	2932061	1000	172	8168	173	1000	8000
216	Response	1	2940230	0	175
217	Picture	NT028	2961232	1166	1	6995	177	1000	8000
217	Response	2	2968226	8160	1
219	Picture	ND072	2988069	1166	1	5442	102	1000	8000
219	Response	2	2993510	6607	1
221	Picture	B2T018	3013739	1165	1	7123	216	1000	8000
221	Response	2	3020860	8286	2
223	Picture	NT038	3038742	1166	1	8000	173	1000	8000
224	Response	2	3048787	1872	1
225	Picture	AT028	3065079	1000	171	6950	270	1000	8000
225	Response	1	3072028	7949	1
227	Picture	B1D028	3092583	1000	171	5612	268	1000	8000
227	Response	2	3098194	6611	1
229	Picture	B2D032	3119420	1000	171	8167	173	1000	8000
230	Response	1	3127954	366	1
231	Picture	B1T008	3147757	1166	1	6428	101	1000	8000
231	Response	2	3154183	7592	1
233	Picture	AD048	3173260	1165	1	7087	108	1000	8000
233	Response	1	3180346	8251	1
237	Picture	B2T003	3239102	1165	2	8000	174	1000	8000
238	Response	2	3248152	715	1
239	Picture	ND058	3268106	1000	171	6835	172	1000	8000
239	Response	2	3274760	7654	2
241	Picture	AT038	3294610	1000	170	7772	267	1000	8000
241	Response	1	3302380	8770	2
243	Picture	ND048	3320113	1000	171	4744	276	1000	8000
243	Response	2	3324856	5743	1
245	Picture	B2D028	3344955	1000	166	5662	168	1000	8000
245	Response	2	3350480	6525	1
247	Picture	AD078	3370287	1000	171	8167	173	1000	8000
248	Response	2	3379800	1345	2
249	Picture	ND068	3398624	1166	1	6229	110	1000	8000
249	Response	2	3404852	7394	1
251	Picture	B1T018	3425961	1166	1	4795	209	1000	8000
251	Response	1	3430755	5960	1
253	Picture	B1D038	3450297	1165	2	5783	106	1000	8000
253	Response	2	3456079	6947	1
255	Picture	NT003	3474969	1001	166	5733	272	1000	8000
255	Response	1	3480701	6733	1
257	Picture	AD058	3501304	1165	1	7022	151	1000	8000
257	Response	1	3508324	8185	1
259	Picture	AD068	3525641	1166	1	6455	217	1000	8000
259	Response	2	3532094	7619	2
263	Picture	AD053	3590816	1165	1	8000	173	1000	8000
264	Response	2	3599727	738	1
265	Picture	AT013	3617325	1000	166	6496	167	1000	8000
265	Response	1	3623634	7309	1
267	Picture	ND078	3642990	1000	171	6938	272	1000	8000
267	Response	2	3649926	7936	1
269	Picture	ND043	3668827	1000	171	5257	273	1000	8000
269	Response	2	3674082	6255	2
271	Picture	NT013	3694497	1000	171	7749	274	1000	8000
271	Response	2	3702245	8748	1
273	Picture	B2T013	3720334	1000	170	7167	171	1000	8000
273	Response	2	3727313	7979	1
275	Picture	AT003	3747004	1000	171	6668	172	1000	8000
275	Response	1	3753525	7521	1
277	Picture	B1D023	3773841	1000	171	5945	268	1000	8000
277	Response	2	3779784	6943	2
279	Picture	AD043	3801011	1000	171	8168	342	1000	8000
279	Response	1	3809010	8999	169
281	Picture	B1T003	3829850	1001	166	8000	335	1000	8000
282	Response	1	3838922	739	1
283	Picture	NT023	3857357	1000	166	8163	167	1000	8000
284	Response	2	3866382	861	2
285	Picture	B2D038	3886189	1165	2	5685	155	1000	8000
285	Response	2	3891873	6849	1
289	Picture	AT033	3952198	1165	1	5669	170	1000	8000
289	Response	1	3957865	6832	1
291	Picture	AT023	3977702	1166	1	5898	109	1000	8000
291	Response	1	3983598	7062	2
293	Picture	B2D023	4002538	1165	2	7501	173	1000	8000
293	Response	2	4010037	8664	2
295	Picture	NT007	4029875	1165	1	5751	104	1000	8000
295	Response	1	4035624	6914	2
297	Picture	NT033	4055545	1165	2	6323	184	1000	8000
297	Response	2	4061867	7487	1
299	Picture	AD063	4082382	1165	2	8000	176	1000	8000
300	Response	2	4090961	244	1
301	Picture	B1T013	4110886	1000	171	8168	172	1000	8000
302	Response	1	4119055	0	174
303	Picture	NT017	4137556	1165	2	6947	109	1000	8000
303	Response	2	4144501	8110	2
305	Picture	AT007	4163060	1166	1	6867	138	1000	8000
305	Response	1	4169925	8031	1
307	Picture	B1T007	4188063	1165	1	8000	173	1000	8000
308	Response	2	4196558	160	1
309	Picture	B2T007	4217567	1000	171	8168	172	1000	8000
310	Response	2	4225736	0	170
311	Picture	ND053	4246238	1166	1	6120	102	1000	8000
311	Response	2	4252357	7285	1
315	Picture	B2T017	4313413	1165	2	6342	165	1000	8000
315	Response	2	4319753	7505	2
317	Picture	ND047	4339083	1165	2	5084	104	1000	8000
317	Response	2	4344165	6247	2
319	Picture	AT027	4361753	1165	1	5562	110	1000	8000
319	Response	2	4367313	6725	2
321	Picture	AT017	4385423	1163	1	8000	173	1000	8000
322	Response	2	4394238	481	1
323	Picture	NT027	4411593	1000	171	6254	267	1000	8000
323	Response	1	4417845	7252	1
325	Picture	AD073	4436263	1000	171	7001	172	1000	8000
325	Response	2	4443216	7953	1
327	Picture	B1T017	4461266	1000	171	5668	172	1000	8000
327	Response	2	4466730	6464	1
329	Picture	B1D033	4487103	1000	171	6335	172	1000	8000
329	Response	2	4493298	7195	2
331	Picture	B2D033	4513607	1000	171	4834	172	1000	8000
331	Response	2	4518310	5703	1
333	Picture	ND063	4539282	1000	166	4939	267	1000	8000
333	Response	2	4544219	5937	2
335	Picture	ND073	4562447	1000	171	4500	173	1000	8000
335	Response	2	4566825	5378	1
337	Picture	AD047	4586950	1000	171	7282	269	1000	8000
337	Response	1	4594228	8278	2
341	Picture	NT004	4653298	1000	165	5495	166	1000	8000
341	Response	1	4658667	6369	1
343	Picture	AD077	4678296	1000	171	8167	173	1000	8000
343	Response	1	4686294	8998	1
345	Picture	AD057	4705466	1000	171	5834	172	1000	8000
345	Response	1	4711188	6722	2
347	Picture	AT037	4732136	1000	171	8001	172	1000	8000
347	Response	1	4739967	8831	1
349	Picture	NT037	4758973	1000	171	5834	172	1000	8000
349	Response	2	4764692	6719	1
351	Picture	AD067	4784310	1000	171	6667	173	1000	8000
351	Response	1	4790808	7498	1
353	Picture	B2D027	4810980	1000	171	6334	173	1000	8000
353	Response	2	4817151	7171	1
355	Picture	ND067	4836817	1000	171	5834	172	1000	8000
355	Response	2	4842484	6667	2
357	Picture	B1D037	4861320	1000	171	7252	271	1000	8000
357	Response	2	4868571	8251	1
359	Picture	B2T004	4887657	1000	171	8168	172	1000	8000
360	Response	2	4896005	179	2
361	Picture	ND057	4913161	1166	1	7590	104	1000	8000
361	Response	2	4920750	8755	1
363	Picture	B1D027	4940831	1166	1	6133	206	1000	8000
363	Response	2	4946962	7297	1
367	Picture	AT004	5006840	1166	1	6648	191	1000	8000
367	Response	1	5013487	7813	1
369	Picture	AD044	5031176	1165	2	5836	171	1000	8000
369	Response	1	5037011	7000	1
371	Picture	B1T004	5055846	1165	2	6470	204	1000	8000
371	Response	1	5062315	7634	1
373	Picture	ND044	5081683	1165	1	4091	104	1000	8000
373	Response	2	5085772	5254	1
375	Picture	B2T014	5104020	1166	1	7490	182	1000	8000
375	Response	2	5111509	8655	1
377	Picture	AT024	5131190	1166	1	7881	125	1000	8000
377	Response	1	5139069	9045	1
379	Picture	B1D024	5157193	1165	2	5718	122	1000	8000
379	Response	2	5162909	6881	1
381	Picture	NT024	5180530	1166	1	6730	109	1000	8000
381	Response	2	5187258	7894	1
383	Picture	B2D037	5205367	1166	1	4874	131	1000	8000
383	Response	2	5210240	6039	1
385	Picture	ND077	5230870	1166	1	8000	173	1000	8000
386	Response	2	5239710	506	2
387	Picture	NT014	5260040	1000	171	5408	273	1000	8000
387	Response	2	5265447	6407	1
389	Picture	AT014	5285710	1000	171	5748	273	1000	8000
389	Response	2	5291456	6746	2
393	Picture	ND064	5351391	1000	166	5766	263	1000	8000
393	Response	2	5357156	6765	1
395	Picture	AD064	5376723	1000	171	6667	173	1000	8000
395	Response	1	5383252	7529	1
397	Picture	B2T006	5400893	1000	171	5109	271	1000	8000
397	Response	2	5406000	6107	2
399	Picture	B1D034	5426896	1000	171	5834	173	1000	8000
399	Response	2	5432576	6680	1
401	Picture	NT006	5453233	1000	171	5834	172	1000	8000
401	Response	2	5458915	6682	1
403	Picture	AT034	5479236	1000	172	5610	274	1000	8000
403	Response	2	5484845	6609	1
405	Picture	ND054	5503073	1000	171	8168	342	1000	8000
407	Picture	NT034	5531077	1166	1	8000	173	1000	8000
408	Response	1	5541373	1962	1
409	Picture	B2D024	5559247	1000	171	8168	172	1000	8000
410	Response	2	5568600	1184	2
411	Picture	AD074	5587918	1166	1	6307	198	1000	8000
411	Response	2	5594224	7472	1
413	Picture	B1T014	5613588	1166	1	4264	103	1000	8000
413	Response	2	5617851	5429	1
415	Picture	AD054	5637425	1166	1	4873	132	1000	8000
415	Response	2	5642296	6037	2
419	Picture	B2D034	5701266	1165	2	8000	174	1000	8000
420	Response	2	5709786	185	2
421	Picture	B1D026	5728103	1000	171	4501	172	1000	8000
421	Response	2	5732412	5309	1
423	Picture	AD046	5750273	1000	171	5667	173	1000	8000
423	Response	2	5755746	6473	1
425	Picture	NT026	5773443	1000	171	7834	172	1000	8000
425	Response	2	5781110	8667	1
427	Picture	AD056	5802280	1000	171	6334	172	1000	8000
427	Response	2	5808507	7227	1
429	Picture	ND074	5827450	1000	171	4256	274	1000	8000
429	Response	2	5831705	5255	1
431	Picture	ND046	5851286	1000	172	4501	173	1000	8000
431	Response	2	5855578	5292	1
433	Picture	B1T006	5876123	1000	171	4501	172	1000	8000
433	Response	2	5880386	5263	2
435	Picture	NT016	5900293	1000	171	8168	172	1000	8000
436	Response	2	5909564	1102	1
437	Picture	AT006	5926463	1165	2	8000	174	1000	8000
438	Response	2	5935171	373	1
439	Picture	B2T016	5954134	1000	171	8168	172	1000	8000
441	Picture	AT016	5979804	1166	1	5923	103	1000	8000
441	Response	2	5985726	7088	1
445	Picture	NT036	6044979	1165	1	7899	107	1000	8000
445	Response	2	6052876	9062	2
447	Picture	B1D036	6071650	1166	1	5214	124	1000	8000
447	Response	2	6076863	6379	1
449	Picture	AT026	6097986	1165	2	6189	151	1000	8000
449	Response	2	6104173	7352	2
451	Picture	B2D026	6124823	1165	2	8000	174	1000	8000
453	Picture	AD066	6150493	1000	171	8168	172	1000	8000
455	Picture	NT005	6179331	1166	1	6809	196	1000	8000
455	Response	2	6186139	7974	1
457	Picture	AT036	6205334	1166	1	7718	121	1000	8000
457	Response	3	6213050	8882	1
459	Picture	B1T016	6233338	1166	1	7860	146	1000	8000
459	Response	2	6241196	9024	2
461	Picture	B2T005	6260842	1165	1	8000	172	1000	8000
463	Picture	AT005	6287512	1000	171	5501	172	1000	8000
463	Response	1	6292833	6321	1
465	Picture	ND056	6313849	1000	170	7075	274	1000	8000
465	Response	2	6320922	8073	2
467	Picture	ND066	6341024	1000	166	6663	167	1000	8000
471	Picture	AD045	6405694	1000	171	7668	172	1000	8000
471	Response	2	6413197	8503	1
473	Picture	ND076	6432865	1000	170	8001	171	1000	8000
473	Response	2	6440764	8899	1
475	Picture	ND045	6461035	1000	171	5001	172	1000	8000
475	Response	2	6465912	5877	1
477	Picture	ND055	6484205	1000	171	5667	173	1000	8000
477	Response	2	6489672	6467	1
479	Picture	B2D036	6507375	1000	170	4834	171	1000	8000
479	Response	2	6512054	5679	2
481	Picture	B1D025	6531545	1000	170	3167	171	1000	8000
481	Response	2	6534570	4025	1
483	Picture	AT015	6553881	1000	171	8168	172	1000	8000
484	Response	1	6564360	2310	1
485	Picture	AD076	6582051	1165	2	3551	122	1000	8000
485	Response	2	6585601	4715	1
487	Picture	B1T005	6603721	1166	1	7039	133	1000	8000
487	Response	2	6610758	8203	2
489	Picture	B2T015	6631558	1166	1	8000	173	1000	8000
491	Picture	AT025	6659062	1000	171	8168	172	1000	8000
493	Picture	NT015	6686065	1165	2	5752	102	1000	8000
493	Response	1	6691815	6915	2
495	Response	2	6715439	4869	1
497	Picture	AD075	6752074	1165	1	8000	173	1000	8000
498	Response	2	6763708	3299	1
499	Picture	AT035	6777744	1000	171	7335	172	1000	8000
499	Response	2	6784965	8221	2
501	Picture	AD065	6803748	1000	171	7668	172	1000	8000
501	Response	1	6811271	8523	1
503	Picture	ND065	6829084	1000	171	6835	172	1000	8000
503	Response	2	6835724	7640	1
505	Picture	ND075	6856755	1000	171	6834	172	1000	8000
505	Response	1	6863490	7735	1
507	Picture	AD055	6884759	1000	170	6834	171	1000	8000
507	Response	2	6891473	7714	1
509	Picture	B1D035	6911929	1000	171	6678	329	1000	8000
509	Response	1	6918604	7675	1
511	Picture	B1T015	6936932	1000	171	5594	266	1000	8000
511	Response	2	6942524	6592	1
513	Picture	B2D035	6962769	1000	171	7001	172	1000	8000
513	Response	2	6969588	7819	2
515	Picture	B2D025	6988939	1000	171	5905	276	1000	8000
515	Response	2	6994843	6904	1
517	Picture	NT035	7012442	1000	171	7766	271	1000	8000
517	Response	2	7020207	8765	1
519	Picture	NT025	7038779	1000	171	8168	172	1000	8000
