Scenario - for study
Logfile written - 2016/1/13 12:55:34

Trial	Event Type	Code	Time	TTime	Uncertainty	Duration	Uncertainty	ReqTime	ReqDur

1	Response	4	729991	729991	1
3	Picture	ND070	736436	1000	171	8168	173	1000	8000
4	Response	2	744863	257	2
5	Picture	B2D040	764274	1166	1	8000	172	1000	8000
6	Response	2	777578	4970	1
7	Picture	ND050	790282	1000	167	6163	168	1000	8000
7	Response	2	796276	6994	2
9	Picture	B1T010	817286	1000	170	8163	171	1000	8000
10	Response	2	826329	879	1
11	Picture	B1D030	843952	1166	1	8000	172	1000	8000
12	Response	1	853304	1018	1
13	Picture	AT020	871122	1000	171	8168	172	1000	8000
14	Response	2	883130	3839	2
15	Picture	NT010	900460	1166	1	8000	172	1000	8000
16	Response	2	909995	1201	2
17	Picture	AD050	928297	1000	170	8168	171	1000	8000
18	Response	2	938075	1609	1
19	Picture	AD060	954967	1165	1	8000	173	1000	8000
20	Response	2	968261	5121	1
21	Picture	AT010	982971	1000	171	8000	487	1000	8000
22	Response	1	994906	3619	1
23	Picture	B2D030	1010642	1166	1	6784	54	1000	8000
23	Response	2	1017425	7949	1
25	Picture	ND060	1037979	1166	1	5873	132	1000	8000
25	Response	2	1043851	7038	1
29	Picture	AD080	1104155	1166	1	8000	172	1000	8000
30	Response	1	1121840	9351	1
31	Picture	B1T020	1130825	1000	171	8168	172	1000	8000
32	Response	1	1145893	6899	1
33	Picture	NT020	1157162	1166	1	6825	181	1000	8000
33	Response	2	1163986	7990	1
35	Picture	AT040	1183332	1165	2	7304	207	1000	8000
35	Response	2	1190634	8467	2
37	Picture	NT030	1209003	1166	1	7146	193	1000	8000
37	Response	2	1216148	8311	1
39	Picture	NT040	1234340	1166	1	8000	172	1000	8000
40	Response	2	1245689	3015	1
41	Picture	AD070	1262510	1000	171	8168	172	1000	8000
42	Response	1	1277489	6810	1
43	Picture	AT030	1290014	1166	1	7636	203	1000	8000
43	Response	2	1297648	8800	1
45	Picture	B1D040	1318185	1166	1	8000	172	1000	8000
46	Response	2	1328114	1595	1
47	Picture	B2T010	1346855	1000	171	8001	172	1000	8000
47	Response	2	1354746	8891	1
49	Picture	B2T020	1375692	1000	173	6699	616	1000	8000
49	Response	2	1382388	7696	3
51	Picture	ND080	1400863	1000	170	6334	171	1000	8000
51	Response	2	1406991	7128	2
55	Picture	AD051	1466038	1000	182	6835	183	1000	8000
55	Response	2	1472674	7636	2
57	Picture	AT001	1491709	1000	182	8168	183	1000	8000
58	Response	1	1499878	0	180
59	Picture	B1T001	1519879	1165	2	8000	174	1000	8000
60	Response	2	1530391	2177	1
61	Picture	AD061	1547550	1000	170	8168	171	1000	8000
62	Response	1	1559864	4145	1
63	Picture	ND041	1575390	1002	165	7451	215	1000	8000
63	Response	2	1582839	8451	2
65	Picture	NT011	1603891	1166	1	7083	90	1000	8000
65	Response	2	1610972	8247	2
67	Picture	B2D021	1629561	1165	2	8000	174	1000	8000
68	Response	1	1640809	2913	1
69	Picture	AD041	1657232	1000	170	8168	171	1000	8000
70	Response	1	1667740	2339	2
71	Picture	B2T001	1684402	1165	2	6551	123	1000	8000
71	Response	2	1690951	7714	2
73	Picture	ND051	1708739	1166	1	8000	173	1000	8000
74	Response	2	1718512	1438	1
75	Picture	NT001	1735743	1000	170	7001	171	1000	8000
75	Response	2	1742635	7892	1
77	Picture	B1D021	1762913	1000	171	6335	172	1000	8000
77	Response	2	1769077	7164	1
81	Picture	B1T011	1828928	1000	166	6662	167	1000	8000
81	Response	2	1835539	7611	1
83	Picture	AT021	1853759	1000	171	8168	172	1000	8000
84	Response	1	1864959	3031	2
85	Picture	NT021	1880930	1166	1	8000	172	1000	8000
86	Response	2	1890234	1132	1
87	Picture	NT009	1909767	1000	171	6668	172	1000	8000
87	Response	2	1916300	7533	1
89	Picture	AD071	1935104	1000	171	8168	172	1000	8000
90	Response	2	1951844	8571	1
91	Picture	NT031	1962774	1165	2	8000	174	1000	8000
92	Response	2	1970946	-2	164
93	Picture	AT031	1990278	1000	171	8168	172	1000	8000
94	Response	1	2001899	3452	1
95	Picture	B2T009	2019449	1166	1	6951	55	1000	8000
95	Response	2	2026399	8116	1
97	Picture	AT011	2044786	1166	1	8000	172	1000	8000
98	Response	1	2057617	4497	2
99	Picture	ND061	2070461	1000	166	6996	167	1000	8000
99	Response	2	2077393	7932	1
101	Picture	B1D031	2097960	1000	171	8168	172	1000	8000
102	Response	2	2106129	0	174
103	Picture	B2T011	2124630	1165	2	8000	174	1000	8000
104	Response	2	2135419	2616	1
107	Picture	NT019	2192311	1000	166	6996	168	1000	8000
107	Response	2	2199139	7828	1
109	Picture	B1T009	2219644	1000	170	8167	172	1000	8000
110	Response	1	2234755	6943	2
111	Picture	ND049	2246147	1165	2	8000	174	1000	8000
112	Response	2	2254520	200	1
113	Picture	B2D031	2271989	1000	167	8163	168	1000	8000
114	Response	2	2282339	2186	1
115	Picture	NT029	2297488	1166	1	8000	172	1000	8000
116	Response	2	2308498	2838	2
117	Picture	AT029	2325492	1000	170	8168	171	1000	8000
118	Response	1	2339998	6337	1
119	Picture	B2T019	2353829	1166	1	7815	191	1000	8000
119	Response	2	2361643	8980	1
121	Picture	ND071	2379666	1166	1	7971	201	1000	8000
121	Response	2	2387636	9136	1
123	Picture	AD049	2404836	1166	1	8000	173	1000	8000
124	Response	1	2419059	5888	2
125	Picture	AT009	2431340	1000	171	8168	172	1000	8000
126	Response	1	2447609	8100	1
127	Picture	B1D029	2457844	1166	1	8000	172	1000	8000
127	Response	2	2465843	9165	172
129	Picture	AT019	2484014	1000	172	8168	173	1000	8000
130	Response	1	2495551	3368	1
133	Picture	NT039	2551023	1166	1	8000	173	1000	8000
134	Response	2	2564682	5324	1
135	Picture	ND069	2577699	1000	165	8162	167	1000	8000
136	Response	2	2587374	1512	1
137	Picture	AD079	2606364	1165	2	8000	174	1000	8000
138	Response	1	2619154	4617	1
139	Picture	AD069	2633540	1000	165	8163	166	1000	8000
140	Response	1	2643676	1972	1
141	Picture	B1D039	2661539	1166	1	7492	180	1000	8000
141	Response	2	2669030	8657	1
143	Picture	ND059	2689209	1166	1	8000	173	1000	8000
144	Response	2	2702351	4807	1
145	Picture	AT039	2717213	1000	171	8168	172	1000	8000
146	Response	1	2728035	2653	1
147	Picture	NT002	2746217	1166	1	8000	173	1000	8000
148	Response	1	2758047	3657	1
149	Picture	B1D022	2772554	1000	171	6168	172	1000	8000
149	Response	2	2778556	7002	2
151	Picture	B2T002	2797391	1000	170	8168	171	1000	8000
152	Response	2	2806543	983	1
153	Picture	AD059	2823561	1165	1	8000	173	1000	8000
154	Response	2	2834090	2194	1
155	Picture	B2D029	2852898	1000	171	8168	173	1000	8000
156	Response	2	2865913	4846	1
159	Picture	ND042	2921575	1166	1	6931	75	1000	8000
159	Response	2	2928505	8096	1
161	Picture	AT012	2949579	1166	1	8000	172	1000	8000
162	Response	2	2959632	1719	2
163	Picture	B1T019	2978916	1000	171	8168	172	1000	8000
164	Response	1	2995243	8158	1
165	Picture	NT022	3006090	1002	165	8000	333	1000	8000
166	Response	2	3017279	2858	1
167	Picture	B2D039	3032757	1000	171	8168	172	1000	8000
168	Response	2	3041319	393	1
169	Picture	B1T002	3061594	1165	2	8000	174	1000	8000
170	Response	2	3077135	7206	2
171	Picture	B2D022	3087436	1000	166	8163	167	1000	8000
172	Response	2	3097345	1745	1
173	Picture	AD042	3115602	1166	1	8000	174	1000	8000
174	Response	2	3131168	7232	2
175	Picture	AD052	3142811	1000	255	8000	457	1000	8000
176	Response	1	3152478	1464	2
177	Picture	AT002	3171610	1166	1	8000	245	1000	8000
178	Response	1	3187217	7273	1
179	Picture	ND079	3198447	1000	171	8168	172	1000	8000
180	Response	2	3209460	2844	1
181	Picture	NT012	3225451	1166	1	8000	172	1000	8000
182	Response	2	3235147	1362	1
185	Picture	AT022	3292793	1000	172	8168	173	1000	8000
186	Response	1	3303362	2400	1
187	Picture	B2T012	3320964	1166	1	8000	172	1000	8000
188	Response	1	3335105	5807	2
189	Picture	ND062	3349973	1000	164	8163	165	1000	8000
190	Response	2	3360007	1870	2
191	Picture	AT032	3376472	1166	1	8000	172	1000	8000
192	Response	2	3390921	6277	5
193	Picture	AD062	3403809	1000	170	8168	171	1000	8000
194	Response	2	3416419	4441	2
195	Picture	AT008	3431313	1166	1	8000	172	1000	8000
196	Response	1	3446844	7197	2
197	Picture	B2T008	3457983	1000	170	8168	171	1000	8000
198	Response	1	3467017	865	1
199	Picture	NT008	3484820	1166	1	6605	68	1000	8000
199	Response	2	3491423	7769	2
201	Picture	ND052	3509824	1166	1	8000	172	1000	8000
202	Response	1	3527623	9465	1
203	Picture	NT032	3535827	1000	171	8168	172	1000	8000
204	Response	2	3550235	6239	1
205	Picture	B1D032	3562331	1166	1	8000	173	1000	8000
206	Response	2	3571832	1167	1
207	Picture	B1T012	3588501	1000	172	8168	173	1000	8000
208	Response	1	3602084	5414	2
211	Picture	B1T008	3657177	1165	2	6416	91	1000	8000
211	Response	2	3663591	7579	1
213	Picture	B2D032	3681350	1002	166	8000	335	1000	8000
214	Response	2	3689519	-1	164
215	Picture	NT018	3709851	1000	170	8168	171	1000	8000
216	Response	2	3719843	1823	2
217	Picture	ND072	3735855	1166	1	7547	126	1000	8000
217	Response	2	3743400	8711	2
219	Picture	B2T018	3760859	1166	1	8000	171	1000	8000
220	Response	1	3772855	3662	1
221	Picture	NT028	3789362	1000	171	6501	173	1000	8000
221	Response	2	3795816	7454	1
223	Picture	AD048	3815033	1000	176	8001	177	1000	8000
223	Response	2	3822890	8857	2
225	Picture	B1D028	3844037	1000	170	8168	171	1000	8000
226	Response	1	3860664	8458	1
227	Picture	NT038	3870541	1166	1	8000	172	1000	8000
228	Response	2	3881119	2405	2
229	Picture	AD072	3897711	1000	171	7012	328	1000	8000
229	Response	2	3904720	8009	1
231	Picture	AT028	3925394	1000	158	8155	159	1000	8000
232	Response	1	3939079	5529	1
233	Picture	AT018	3954386	1166	1	8000	172	1000	8000
234	Response	1	3970367	7647	1
237	Picture	AT038	4020733	1000	166	8163	167	1000	8000
238	Response	1	4036362	7465	1
239	Picture	AD068	4048065	1165	2	8000	174	1000	8000
240	Response	1	4068129	11729	1
241	Picture	B1D038	4075236	1000	171	6001	172	1000	8000
241	Response	2	4081044	6808	1
243	Picture	ND068	4098906	1000	172	6501	173	1000	8000
243	Response	2	4105237	7331	1
245	Picture	AD058	4122742	1000	171	8168	172	1000	8000
246	Response	1	4139090	8179	1
247	Picture	B2D028	4149913	1166	1	6815	191	1000	8000
247	Response	2	4156727	7980	1
249	Picture	ND058	4174250	1166	1	6086	86	1000	8000
249	Response	2	4180334	7250	1
251	Picture	B1T018	4200920	1166	1	8000	178	1000	8000
252	Response	1	4218057	8958	1
253	Picture	B2T003	4227590	1000	171	6835	172	1000	8000
253	Response	2	4234254	7664	1
255	Picture	ND048	4255094	1000	171	7501	172	1000	8000
255	Response	2	4262483	8389	1
257	Picture	NT003	4281431	1000	172	5501	173	1000	8000
257	Response	2	4286789	6358	1
259	Picture	AD078	4304440	1000	164	8162	165	1000	8000
260	Response	2	4313361	758	1
261	Response	1	4348748	17809	1
263	Picture	B2T013	4372444	1166	1	7197	142	1000	8000
263	Response	2	4379640	8362	1
265	Picture	AT003	4398114	1166	1	8000	173	1000	8000
266	Response	1	4407274	825	1
267	Picture	NT013	4425784	1000	171	5668	172	1000	8000
267	Response	2	4431403	6619	1
269	Picture	AD053	4452455	1000	171	6168	172	1000	8000
269	Response	2	4458434	6979	1
271	Picture	B1T003	4477458	1000	171	8168	172	1000	8000
272	Response	2	4493881	8254	2
273	Picture	NT023	4503295	1165	2	8000	174	1000	8000
274	Response	2	4512314	846	1
275	Picture	ND078	4531971	1000	165	6496	166	1000	8000
275	Response	2	4538413	7442	1
277	Picture	B1D023	4558803	1000	171	8168	172	1000	8000
278	Response	2	4567395	423	2
279	Picture	AT013	4587474	1166	1	8000	172	1000	8000
280	Response	1	4598645	2998	2
281	Picture	AD043	4612977	1000	171	8168	172	1000	8000
282	Response	2	4622855	1709	1
283	Picture	B2D038	4639481	1166	1	8000	173	1000	8000
284	Response	2	4651264	3610	1
285	Picture	ND043	4666323	1000	166	8163	167	1000	8000
286	Response	2	4677367	2880	1
289	Picture	NT017	4735995	1166	1	8000	172	1000	8000
289	Response	2	4743995	9166	171
291	Picture	AT023	4763332	1000	170	8167	172	1000	8000
292	Response	1	4775332	3832	1
293	Picture	AD063	4790335	1165	2	8000	174	1000	8000
294	Response	1	4803249	4741	1
295	Picture	B1T013	4817006	1000	170	6834	171	1000	8000
295	Response	2	4823705	7699	1
297	Picture	ND053	4841176	1000	171	8001	172	1000	8000
297	Response	2	4849118	8942	2
299	Picture	AT007	4867351	1000	166	7163	167	1000	8000
299	Response	2	4874313	7962	1
301	Picture	B2D023	4892516	1000	171	7335	172	1000	8000
301	Response	2	4899710	8194	1
303	Picture	B2T007	4919687	1000	170	6334	171	1000	8000
303	Response	2	4925826	7139	2
305	Picture	AT033	4943357	1000	170	8168	171	1000	8000
306	Response	1	4953440	1914	2
307	Picture	B1T007	4968860	1165	2	6079	95	1000	8000
307	Response	2	4974937	7242	2
309	Picture	NT007	4992530	1165	2	7616	56	1000	8000
309	Response	2	5000145	8780	1
311	Picture	NT033	5019201	1166	1	5747	92	1000	8000
311	Response	2	5024947	6912	1
315	Picture	ND073	5084043	1166	1	5813	193	1000	8000
315	Response	2	5089855	6978	1
317	Picture	B1D033	5111047	1166	1	8000	172	1000	8000
318	Response	2	5123901	4681	1
319	Picture	B1T017	5137717	1000	171	8168	172	1000	8000
320	Response	2	5148902	3016	1
321	Picture	B2D033	5165554	1165	2	8000	174	1000	8000
322	Response	2	5175111	1222	2
323	Picture	B2T017	5193391	1000	205	8021	367	1000	8000
324	Response	2	5201943	368	1
325	Picture	NT027	5222396	1166	1	8000	172	1000	8000
325	Response	2	5230395	9165	173
327	Picture	AD073	5250733	1000	171	8168	172	1000	8000
328	Response	1	5264428	5526	2
329	Picture	AD047	5278570	1166	1	8000	173	1000	8000
330	Response	1	5289995	3090	2
331	Picture	AT017	5305740	1000	171	8002	172	1000	8000
331	Response	2	5313579	8839	1
333	Picture	ND063	5333078	1000	170	8167	341	1000	8000
333	Response	2	5341077	8999	168
335	Picture	ND047	5360415	1166	1	7195	144	1000	8000
335	Response	2	5367608	8359	2
337	Picture	AT027	5387085	1165	1	8000	173	1000	8000
338	Response	2	5398720	3300	1
341	Picture	NT037	5456928	1000	176	5334	178	1000	8000
341	Response	2	5462176	6248	2
343	Picture	AD057	5481265	1000	171	8168	172	1000	8000
344	Response	1	5493494	4060	1
345	Picture	B1D037	5508435	1165	2	5842	165	1000	8000
345	Response	2	5514276	7006	1
347	Picture	B2T004	5533439	1166	1	7134	205	1000	8000
347	Response	2	5540572	8299	1
349	Picture	ND067	5560943	1166	1	8000	173	1000	8000
350	Response	2	5570561	1284	2
351	Picture	ND057	5590447	1000	171	8168	172	1000	8000
352	Response	2	5602357	3741	2
353	Picture	B2D027	5617451	1166	1	8000	172	1000	8000
354	Response	2	5626278	493	1
355	Picture	AD067	5646455	1000	170	8168	171	1000	8000
356	Response	2	5659569	4945	1
357	Picture	AT037	5675292	1166	1	8000	173	1000	8000
358	Response	1	5692680	9215	1
359	Picture	AD077	5701629	1000	171	7668	172	1000	8000
359	Response	2	5709129	8500	1
361	Picture	NT004	5728633	1000	171	8168	172	1000	8000
362	Response	2	5742263	5461	1
363	Picture	B1D027	5756803	1165	2	8000	174	1000	8000
364	Response	1	5767830	2693	1
367	Picture	ND077	5825485	1000	165	8163	166	1000	8000
368	Response	2	5834315	666	2
369	Picture	B1T004	5851150	1166	1	8000	173	1000	8000
370	Response	1	5866591	7107	2
371	Picture	B2D037	5876987	1000	171	8168	172	1000	8000
371	Response	2	5884944	8957	2
373	Picture	NT014	5906157	1000	171	7168	172	1000	8000
373	Response	2	5913256	8099	2
375	Picture	AT024	5931328	1000	171	8168	172	1000	8000
376	Response	1	5943329	3832	2
377	Picture	AT014	5958665	1166	1	8000	173	1000	8000
378	Response	1	5969941	2942	1
379	Picture	ND044	5987669	1000	171	6834	172	1000	8000
379	Response	2	5994337	7668	1
381	Picture	AT004	6014006	1000	252	8168	253	1000	8000
382	Response	1	6023454	1279	2
383	Picture	B1D024	6040010	1166	1	7659	180	1000	8000
383	Response	2	6047667	8823	2
385	Picture	AD044	6065180	1166	1	8000	173	1000	8000
386	Response	1	6080106	6592	2
387	Picture	NT024	6091017	1000	170	8168	171	1000	8000
388	Response	2	6100099	913	2
389	Picture	B2T014	6119187	1165	2	7822	185	1000	8000
389	Response	2	6127008	8986	1
393	Picture	B1T014	6186197	1166	1	8000	172	1000	8000
394	Response	2	6198950	4581	2
395	Picture	AD054	6214034	1000	170	8168	171	1000	8000
396	Response	2	6236674	14471	1
397	Picture	ND054	6240704	1165	1	8000	173	1000	8000
398	Response	2	6255618	6579	2
399	Picture	B2D024	6268875	1000	170	8168	171	1000	8000
400	Response	1	6283608	6564	1
401	Picture	NT006	6295045	1166	1	8000	173	1000	8000
402	Response	2	6303479	261	1
403	Picture	ND064	6320549	1000	170	8168	171	1000	8000
404	Response	2	6331937	3219	1
405	Picture	AD074	6346052	1165	1	8000	173	1000	8000
406	Response	1	6362460	8235	1
407	Picture	AD064	6373556	1000	171	8168	172	1000	8000
408	Response	2	6386642	4917	1
409	Picture	AT034	6401060	1166	1	8000	172	1000	8000
410	Response	1	6412918	3524	2
411	Picture	B1D034	6430397	1000	171	6168	172	1000	8000
411	Response	2	6436462	7065	1
413	Picture	NT034	6455573	1000	165	7662	166	1000	8000
413	Response	2	6463054	8481	1
415	Picture	B2T006	6483738	1000	171	7668	172	1000	8000
415	Response	2	6491336	8598	2
419	Picture	B1D026	6550252	1000	167	7163	168	1000	8000
419	Response	2	6557349	8097	1
421	Picture	AD056	6578418	1000	171	8168	172	1000	8000
422	Response	1	6591824	5237	2
423	Picture	ND074	6606089	1166	1	7264	75	1000	8000
423	Response	2	6613352	8429	1
425	Picture	NT016	6630759	1166	1	7472	200	1000	8000
425	Response	2	6638230	8637	1
427	Picture	AT016	6656762	1165	1	8000	173	1000	8000
428	Response	1	6672848	7751	2
429	Picture	ND046	6683266	1000	170	7668	171	1000	8000
429	Response	2	6690875	8609	1
431	Picture	AT006	6709603	1000	171	8001	172	1000	8000
431	Response	3	6717404	8801	2
432	Response	1	6717406	-198	198
433	Picture	B1T006	6738607	1000	171	8168	172	1000	8000
434	Response	2	6747583	807	2
435	Picture	B2T016	6765611	1166	1	8000	172	1000	8000
437	Picture	AD046	6793281	1000	171	8168	172	1000	8000
438	Response	1	6804015	2565	1
439	Picture	NT026	6821785	1166	1	8000	173	1000	8000
440	Response	2	6831995	1875	1
441	Picture	B2D034	6849956	1000	171	8168	172	1000	8000
442	Response	2	6858454	329	2
445	Picture	NT005	6918799	1166	1	6730	109	1000	8000
445	Response	2	6925528	7895	1
447	Picture	ND066	6944969	1166	1	5329	177	1000	8000
447	Response	2	6950296	6493	2
449	Picture	AT026	6970639	1165	1	8000	173	1000	8000
450	Response	1	6980149	1337	2
451	Picture	AT036	6997810	1000	170	8168	171	1000	8000
452	Response	1	7005979	0	169
453	Picture	AT005	7026814	1166	1	8000	172	1000	8000
454	Response	1	7035983	997	2
455	Picture	NT036	7053984	1000	171	7835	172	1000	8000
455	Response	2	7061746	8762	1
457	Picture	B1T016	7079321	1000	171	6168	172	1000	8000
457	Response	2	7085370	7049	1
459	Picture	B1D036	7106158	1000	170	8167	341	1000	8000
459	Response	2	7114157	8999	168
461	Picture	B2D026	7135496	1166	1	8000	172	1000	8000
462	Response	2	7144910	1080	1
463	Picture	ND056	7164666	1000	171	8168	172	1000	8000
463	Response	2	7172660	8994	1
465	Picture	AD066	7192337	1000	171	8168	172	1000	8000
466	Response	1	7205425	4919	1
467	Picture	B2T005	7219677	1002	165	6827	340	1000	8000
467	Response	2	7226503	7828	1
471	Picture	B1T005	7284353	1002	165	7209	291	1000	8000
471	Response	2	7291560	8209	2
473	Picture	AD045	7312020	1165	1	8000	173	1000	8000
473	Response	2	7320019	9164	173
475	Picture	NT015	7338690	1000	171	6001	172	1000	8000
475	Response	2	7344623	6933	2
477	Picture	AD076	7362527	1000	171	6668	172	1000	8000
477	Response	2	7369124	7597	1
479	Picture	B1D025	7386864	1000	171	8168	172	1000	8000
480	Response	2	7395033	0	175
481	Picture	ND055	7414368	1166	1	8000	172	1000	8000
482	Response	2	7422539	-1	165
483	Picture	AT015	7440376	1000	173	8163	174	1000	8000
484	Response	1	7455229	6689	1
485	Picture	B2D036	7469212	1002	165	6714	286	1000	8000
485	Response	2	7475925	7715	1
487	Picture	AT025	7494879	1166	1	8000	173	1000	8000
487	Response	1	7502878	9165	173
489	Picture	ND045	7522555	1000	165	7829	166	1000	8000
489	Response	2	7530200	8645	1
491	Picture	B2T015	7551053	1000	171	8002	172	1000	8000
491	Response	2	7558978	8925	2
493	Picture	ND076	7576557	1000	171	8168	172	1000	8000
494	Response	2	7588592	3866	1
497	Picture	B2D035	7642733	1166	1	8000	173	1000	8000
498	Response	1	7657347	6441	1
499	Picture	AD065	7670070	1000	171	8168	172	1000	8000
500	Response	2	7678735	496	2
501	Picture	AT035	7696574	1166	1	8000	172	1000	8000
502	Response	1	7709057	4149	1
503	Picture	B2D025	7724082	1000	166	8163	168	1000	8000
505	Picture	NT035	7752415	1166	1	8000	172	1000	8000
506	Response	2	7760800	51	1
507	Picture	ND065	7780919	1000	171	6834	172	1000	8000
507	Response	2	7787565	7646	1
509	Picture	B1D035	7808256	1000	171	8168	172	1000	8000
510	Response	2	7816949	524	2
511	Picture	AD055	7834760	1166	1	8000	172	1000	8000
512	Response	1	7847804	4872	1
513	Picture	NT025	7862768	1000	166	7830	167	1000	8000
513	Response	2	7870519	8751	1
515	Picture	AD075	7888767	1000	171	8168	172	1000	8000
516	Response	1	7899071	2135	1
517	Picture	B1T015	7916604	1165	2	6631	210	1000	8000
517	Response	2	7923234	7795	1
519	Picture	ND075	7941441	1166	1	8000	173	1000	8000
520	Response	2	7950558	782	1
521	Quit		8100966	132688	
