Scenario - for study
Logfile written - 2016/1/14 19:38:00

Trial	Event Type	Code	Time	TTime	Uncertainty	Duration	Uncertainty	ReqTime	ReqDur

1	Response	4	537999	537999	1
3	Picture	AD050	544410	1000	170	8168	171	1000	8000
5	Picture	AT010	572080	1165	2	8000	174	1000	8000
6	Response	1	584947	4532	2
6	Response	1	598654	18239	1
7	Picture	B2D030	600918	1000	170	8168	171	1000	8000
8	Response	2	620940	11853	1
9	Picture	B2D040	628088	1165	1	8000	173	1000	8000
11	Picture	B1T010	655759	1000	171	8168	172	1000	8000
12	Response	1	669089	5161	2
13	Picture	AT020	683763	1166	1	6393	112	1000	8000
13	Response	1	690154	7557	1
15	Picture	ND050	707766	1166	1	8000	173	1000	8000
16	Response	2	716812	711	2
17	Picture	NT010	735770	1000	171	8168	172	1000	8000
18	Response	1	744766	827	1
18	Response	3	749927	5988	1
19	Picture	ND060	762607	1166	1	7118	54	1000	8000
19	Response	2	769724	8283	1
21	Picture	AD060	790278	1166	1	8000	172	1000	8000
22	Response	1	798449	-163	163
23	Picture	B1D030	818781	1000	174	7502	175	1000	8000
23	Response	2	826192	8411	2
25	Picture	ND070	846624	1000	166	8163	167	1000	8000
26	Response	2	855327	539	1
29	Picture	B1D040	913628	1166	1	8000	173	1000	8000
30	Response	2	924011	2210	2
31	Picture	ND080	941637	1000	166	4996	167	1000	8000
31	Response	2	946493	5856	2
33	Picture	NT040	965135	1000	171	8168	172	1000	8000
34	Response	2	977242	3938	1
34	Response	3	982447	9143	1
35	Picture	AD080	990805	1165	2	7200	141	1000	8000
35	Response	1	998004	8364	1
37	Picture	AD070	1018309	1165	2	8000	173	1000	8000
38	Response	1	1028123	1642	2
39	Picture	AT040	1047647	1000	170	7334	171	1000	8000
39	Response	1	1054925	8278	1
40	Response	3	1060333	5352	1
41	Picture	B2T020	1074150	1000	171	8168	172	1000	8000
42	Response	1	1082885	566	2
42	Response	3	1085297	2978	2
43	Picture	NT030	1099821	1166	1	7142	197	1000	8000
43	Response	2	1106961	8306	1
44	Response	3	1110146	3183	1
45	Picture	NT020	1124491	1166	1	7985	187	1000	8000
45	Response	2	1132475	9150	1
46	Response	3	1134668	2192	1
47	Picture	B2T010	1151161	1165	1	8000	173	1000	8000
48	Response	1	1159716	220	2
48	Response	3	1161719	2223	1
49	Picture	AT030	1177498	1000	171	7001	172	1000	8000
49	Response	2	1184424	7926	2
50	Response	3	1191992	7493	1
51	Picture	B1T020	1203340	1000	166	8163	167	1000	8000
51	Response	1	1211306	8966	1
52	Response	3	1213040	1537	1
55	Picture	NT011	1269849	1000	166	6496	167	1000	8000
55	Response	2	1276200	7351	2
56	Response	3	1278287	1942	1
57	Picture	AD061	1295686	1000	170	7830	171	1000	8000
57	Response	1	1303461	8775	2
59	Picture	B2D021	1324019	1000	170	8167	172	1000	8000
60	Response	2	1333245	1058	1
61	Picture	B1D021	1352692	1002	165	7269	231	1000	8000
61	Response	2	1359960	8270	1
63	Picture	ND041	1381027	1166	1	6012	160	1000	8000
63	Response	2	1387038	7177	1
65	Picture	NT001	1405363	1165	2	7459	215	1000	8000
65	Response	2	1412821	8623	1
66	Response	3	1419773	6951	1
67	Picture	B1T001	1430200	1166	1	6482	190	1000	8000
67	Response	2	1436681	7647	1
68	Response	3	1441942	5260	1
69	Picture	ND051	1456870	1165	2	7087	87	1000	8000
69	Response	2	1463955	8250	2
70	Response	3	1467296	3339	2
71	Picture	AD041	1483374	1165	1	6789	49	1000	8000
71	Response	1	1490161	7952	2
73	Picture	AT001	1508378	1166	1	8000	172	1000	8000
74	Response	1	1516854	142	1
74	Response	3	1519206	2494	1
75	Picture	B2T001	1536715	1000	170	7668	171	1000	8000
75	Response	1	1544241	8526	1
76	Response	3	1546327	1944	1
77	Picture	AD051	1562552	1000	170	8168	171	1000	8000
78	Response	2	1574024	3303	1
81	Picture	AT031	1631895	1166	1	7837	169	1000	8000
81	Response	1	1639730	9001	2
82	Response	3	1641910	2178	1
83	Picture	B2T009	1658899	1166	1	6317	188	1000	8000
83	Response	1	1665214	7481	2
84	Response	3	1668119	2903	2
85	Picture	AT021	1685736	1166	1	6035	137	1000	8000
85	Response	1	1691770	7200	1
86	Response	3	1693646	1875	2
87	Picture	AT011	1710239	1165	1	6850	156	1000	8000
87	Response	1	1717087	8013	2
88	Response	3	1718694	1605	1
89	Picture	AD071	1738076	1165	2	8000	174	1000	8000
90	Response	2	1751293	5044	1
91	Picture	NT009	1766747	1000	170	8168	171	1000	8000
92	Response	1	1776494	1578	1
92	Response	3	1779645	4729	2
93	Picture	B1D031	1793088	1003	164	8000	332	1000	8000
94	Response	2	1801256	-163	162
95	Picture	NT031	1821421	1000	171	8168	172	1000	8000
96	Response	2	1831835	2245	1
97	Picture	B1T011	1847758	1165	2	8000	173	1000	8000
98	Response	1	1857525	1432	1
98	Response	3	1859971	3878	1
99	Picture	ND061	1877096	1000	170	7834	171	1000	8000
99	Response	2	1884849	8753	1
101	Picture	NT021	1904599	1000	171	8168	342	1000	8000
101	Response	2	1912598	8999	169
102	Response	3	1917764	4997	1
103	Picture	B2T011	1931770	1166	1	8000	173	1000	8000
104	Response	2	1940350	245	1
104	Response	3	1944193	4088	1
107	Picture	B1D029	2001946	1000	172	7001	174	1000	8000
107	Response	2	2008788	7842	1
108	Response	3	2012631	3684	1
109	Picture	B1T009	2029122	1000	166	7663	167	1000	8000
109	Response	1	2036631	8509	1
110	Response	3	2039170	2385	1
111	Picture	ND049	2054620	1000	171	8002	172	1000	8000
111	Response	2	2062567	8947	2
113	Picture	B2T019	2081791	1000	171	8168	172	1000	8000
113	Response	1	2089759	8968	1
114	Response	3	2092270	2311	2
115	Picture	AD049	2107961	1000	171	8168	172	1000	8000
116	Response	1	2123026	6896	1
117	Picture	ND071	2133798	1165	1	6317	189	1000	8000
117	Response	2	2140114	7481	1
119	Picture	NT019	2158302	1166	1	8000	172	1000	8000
120	Response	2	2168739	2103	1
120	Response	3	2171381	4745	1
121	Picture	NT029	2184472	1000	171	7668	172	1000	8000
121	Response	2	2192014	8542	1
122	Response	3	2194330	2190	1
123	Picture	AT019	2212981	1000	165	8163	166	1000	8000
124	Response	2	2233154	12009	2
124	Response	3	2235404	14259	1
125	Picture	AT009	2240980	1166	1	8000	171	1000	8000
126	Response	1	2256106	6792	1
126	Response	3	2258578	9264	2
127	Picture	B2D031	2270322	1000	166	8163	167	1000	8000
128	Response	2	2280265	1779	2
129	Picture	AT029	2298655	1166	1	8000	172	1000	8000
130	Response	1	2307025	36	1
130	Response	3	2308877	1888	2
133	Picture	NT002	2368664	1000	171	6668	172	1000	8000
133	Response	2	2375186	7522	1
134	Response	3	2377878	2546	2
135	Picture	ND059	2394834	1000	171	6001	173	1000	8000
135	Response	2	2400720	6886	1
137	Picture	AD069	2420171	1000	171	6835	172	1000	8000
137	Response	1	2426820	7649	2
139	Picture	AD079	2446842	1000	170	8167	341	1000	8000
139	Response	1	2454841	8999	168
141	Picture	B1D022	2472845	1165	2	6464	210	1000	8000
141	Response	1	2479308	7628	1
143	Picture	ND069	2496518	1002	166	6641	360	1000	8000
143	Response	2	2503158	7642	1
145	Picture	B2T002	2520685	1165	2	7935	72	1000	8000
145	Response	2	2528619	9099	1
146	Response	3	2534379	5759	1
147	Picture	NT039	2549690	1166	1	6597	75	1000	8000
147	Response	1	2556286	7762	1
148	Response	3	2564122	7835	2
149	Picture	AD059	2573860	1166	1	8000	172	1000	8000
150	Response	1	2582468	274	2
151	Picture	AT039	2603364	1000	170	8167	172	1000	8000
152	Response	1	2612039	507	1
152	Response	3	2614245	2713	1
153	Picture	B1D039	2631868	1166	1	8000	172	1000	8000
154	Response	1	2640807	605	2
155	Picture	B2D029	2657704	1000	171	8168	173	1000	8000
156	Response	1	2666132	259	2
159	Picture	NT012	2724047	1166	1	7329	177	1000	8000
159	Response	2	2731375	8494	1
161	Picture	NT022	2748884	1166	1	8000	173	1000	8000
162	Response	1	2758307	1089	1
162	Response	3	2761019	3801	1
163	Picture	B1T019	2777054	1000	171	6501	173	1000	8000
163	Response	1	2783391	7337	1
164	Response	3	2785318	1763	1
165	Picture	AD042	2802891	1000	171	5501	172	1000	8000
165	Response	2	2808276	6385	1
167	Picture	B2D022	2826566	1000	167	7830	168	1000	8000
167	Response	2	2834246	8680	1
169	Picture	AT002	2854398	1000	171	8168	173	1000	8000
170	Response	1	2863840	1273	1
170	Response	3	2865889	3322	1
171	Picture	B2D039	2883069	1165	2	8000	174	1000	8000
172	Response	1	2891939	697	2
173	Picture	B1T002	2909406	1000	171	7668	172	1000	8000
173	Response	1	2916934	8528	1
174	Response	3	2918531	1457	1
175	Picture	ND042	2937743	1000	171	6501	173	1000	8000
175	Response	2	2944101	7358	2
177	Picture	AD052	2962414	1000	170	7167	172	1000	8000
177	Response	1	2969456	8042	1
179	Picture	AT012	2988250	1000	169	5668	170	1000	8000
179	Response	1	2993735	6485	1
180	Response	3	2996387	2469	1
181	Picture	ND079	3012421	1000	170	8167	172	1000	8000
182	Response	1	3021861	1272	1
185	Picture	ND062	3079763	1165	2	5932	75	1000	8000
185	Response	1	3085694	7096	1
187	Picture	NT008	3105600	1165	2	7549	125	1000	8000
187	Response	2	3113148	8713	1
188	Response	3	3116645	3496	1
189	Picture	B2T008	3131437	1165	1	7412	94	1000	8000
189	Response	2	3138848	8576	1
190	Response	3	3142249	3400	1
191	Picture	B1T012	3156774	1166	1	6558	114	1000	8000
191	Response	1	3163330	7722	2
192	Response	3	3165390	2058	1
193	Picture	ND052	3181111	1166	1	6307	199	1000	8000
193	Response	2	3187417	7472	1
195	Picture	B1D032	3207948	1166	1	8000	172	1000	8000
196	Response	1	3216119	-163	163
197	Picture	AT032	3235452	1000	170	6001	171	1000	8000
197	Response	1	3241369	6917	2
198	Response	3	3242807	1354	1
199	Picture	B2T012	3259460	1000	166	8163	336	1000	8000
199	Response	2	3267460	9000	163
200	Response	3	3270770	3147	1
201	Picture	AD062	3285125	1165	2	6398	109	1000	8000
201	Response	1	3291522	7562	1
202	Response	3	3293368	1845	2
203	Picture	NT032	3310295	1165	2	7002	172	1000	8000
203	Response	2	3317295	8165	2
204	Response	3	3320217	2920	1
205	Picture	AT008	3334966	1166	1	8000	172	1000	8000
206	Response	2	3344054	754	1
206	Response	3	3352450	9150	1
207	Picture	AT022	3361803	1000	170	8168	171	1000	8000
208	Response	1	3370384	412	1
208	Response	3	3371448	1476	1
211	Picture	B1D028	3430479	1154	1	8013	166	1000	8000
212	Response	3	3448864	10051	2
213	Picture	ND072	3457983	1000	181	8168	182	1000	8000
214	Response	2	3468056	1904	1
215	Picture	AT018	3487153	1165	2	8000	184	1000	8000
216	Response	1	3496019	531	1
216	Response	3	3498907	3419	1
217	Picture	AD048	3514490	1000	182	8168	184	1000	8000
218	Response	1	3528368	5709	1
219	Picture	NT038	3542995	1166	1	7800	205	1000	8000
219	Response	1	3550794	8965	1
220	Response	3	3556201	5406	1
221	Picture	B1T008	3568832	1166	1	7580	92	1000	8000
221	Response	2	3576410	8744	2
222	Response	3	3579688	3276	2
223	Picture	AD072	3594668	1165	2	8000	174	1000	8000
224	Response	1	3604390	1387	2
225	Picture	NT018	3621005	1000	171	8168	172	1000	8000
225	Response	2	3628999	8994	1
226	Response	3	3632692	3519	2
227	Picture	B2D032	3648009	1000	171	8168	172	1000	8000
228	Response	1	3656942	764	2
229	Picture	AT028	3677347	1166	1	7453	51	1000	8000
229	Response	1	3684799	8618	1
230	Response	3	3687135	2335	1
231	Picture	NT028	3704017	1166	1	8000	173	1000	8000
231	Response	1	3712017	9166	172
232	Response	3	3713560	1370	2
233	Picture	B2T018	3729687	1000	171	7001	172	1000	8000
233	Response	1	3736525	7838	2
234	Response	3	3738715	2027	1
237	Picture	B1D038	3796697	1000	170	8167	172	1000	8000
238	Response	1	3810897	6032	1
239	Picture	B1T018	3822867	1166	1	8000	173	1000	8000
240	Response	1	3831477	276	1
240	Response	3	3834045	2844	1
241	Picture	NT003	3850871	1000	170	7501	171	1000	8000
241	Response	1	3858228	8357	1
242	Response	3	3874940	16568	1
243	Picture	AD058	3877379	1000	170	8163	172	1000	8000
244	Response	1	3890537	4994	1
245	Picture	ND048	3906379	1166	1	6495	177	1000	8000
245	Response	2	3912873	7660	1
247	Picture	ND068	3930549	1166	1	8000	172	1000	8000
248	Response	2	3938720	-163	163
249	Picture	AD078	3957552	1000	171	7001	172	1000	8000
249	Response	1	3964496	7944	1
251	Picture	ND058	3982222	1000	171	7001	173	1000	8000
251	Response	2	3989115	7893	1
253	Picture	B2T003	4009731	1000	165	7663	166	1000	8000
253	Response	2	4017184	8453	1
254	Response	3	4021387	3993	2
255	Picture	B2D028	4038563	1000	171	8168	173	1000	8000
256	Response	2	4046732	0	170
257	Picture	AD068	4067568	1166	1	6838	167	1000	8000
257	Response	1	4074405	8003	1
259	Picture	AT038	4095071	1165	2	5042	132	1000	8000
259	Response	1	4100112	6206	1
260	Response	3	4103426	3313	1
263	Picture	B1T003	4158580	1165	2	8000	174	1000	8000
264	Response	1	4167100	185	2
264	Response	3	4177771	10856	2
265	Picture	AD043	4186089	1000	166	8163	167	1000	8000
266	Response	1	4201745	7492	1
267	Picture	ND043	4211754	1165	2	8000	174	1000	8000
268	Response	2	4222094	2167	1
269	Picture	NT023	4239763	1000	167	8163	168	1000	8000
270	Response	1	4248583	656	1
270	Response	3	4251081	3154	3
271	Picture	B2T013	4267429	1166	1	7594	79	1000	8000
271	Response	2	4275022	8759	1
273	Picture	NT013	4295766	1166	1	8000	173	1000	8000
274	Response	1	4303938	-163	162
274	Response	3	4305790	1689	1
275	Picture	AD053	4322941	1000	167	7497	168	1000	8000
275	Response	3	4330299	8358	1
277	Picture	AT013	4348777	1000	167	8164	168	1000	8000
278	Response	1	4357773	831	1
278	Response	3	4367803	10861	1
279	Picture	ND078	4374444	1166	1	7889	117	1000	8000
279	Response	2	4382332	9054	1
281	Picture	B2D038	4400114	1166	1	7041	131	1000	8000
281	Response	2	4407153	8205	2
283	Picture	AT003	4428451	1165	2	5130	210	1000	8000
283	Response	1	4433579	6293	1
284	Response	3	4435932	2351	1
285	Picture	B1D023	4454288	1165	1	7109	64	1000	8000
285	Response	2	4461396	8273	1
289	Picture	B1T007	4521298	1166	1	5769	69	1000	8000
289	Response	1	4527065	6933	2
290	Response	3	4528770	1703	1
291	Picture	B1T013	4545968	1166	1	8000	172	1000	8000
292	Response	2	4554447	145	1
293	Picture	NT033	4573971	1000	171	7835	172	1000	8000
293	Response	1	4581611	8640	1
294	Response	3	4584043	2237	1
295	Picture	ND053	4600142	1000	170	6501	171	1000	8000
295	Response	2	4606456	7314	1
296	Response	3	4609024	2381	2
297	Picture	AT033	4625145	1000	171	7168	172	1000	8000
297	Response	1	4632129	7984	1
298	Response	3	4633982	1669	2
299	Picture	NT017	4651482	1000	171	8168	172	1000	8000
300	Response	2	4660408	757	2
300	Response	3	4671343	11692	2
301	Picture	AT007	4677819	1165	2	8000	174	1000	8000
302	Response	2	4688930	2776	2
303	Picture	AD063	4704490	1000	170	8168	171	1000	8000
304	Response	1	4717456	4797	1
305	Picture	NT007	4731160	1166	1	6420	86	1000	8000
305	Response	1	4737579	7585	1
306	Response	3	4740055	2475	1
307	Picture	AT023	4758664	1166	1	8000	173	1000	8000
307	Response	1	4766663	9165	173
308	Response	3	4768187	1350	2
309	Picture	B2T007	4786334	1000	171	8168	172	1000	8000
310	Response	2	4794777	274	1
310	Response	3	4806320	11817	1
311	Picture	B2D023	4812671	1165	2	8000	174	1000	8000
312	Response	2	4826733	5889	1
315	Picture	ND063	4881520	1000	166	8162	337	1000	8000
315	Response	2	4889519	8999	163
317	Picture	B1T017	4908018	1166	1	7537	136	1000	8000
317	Response	1	4915554	8702	1
318	Response	3	4918342	2787	2
319	Picture	AT027	4936189	1166	1	6780	59	1000	8000
319	Response	1	4942968	7945	1
320	Response	3	4946225	3256	2
321	Picture	B1D033	4961025	1165	2	8000	174	1000	8000
322	Response	2	4969423	63	2
323	Picture	AD047	4986696	1000	170	6334	171	1000	8000
323	Response	2	4992871	7175	1
325	Picture	AT017	5014199	1000	171	7668	172	1000	8000
325	Response	1	5021795	8596	2
326	Response	3	5027143	5276	1
327	Picture	AD073	5039870	1000	170	7334	171	1000	8000
327	Response	1	5047140	8270	1
329	Picture	NT027	5065040	1000	171	8168	172	1000	8000
330	Response	1	5074640	1431	1
330	Response	3	5079575	6366	1
331	Picture	ND047	5093377	1165	1	8000	173	1000	8000
332	Response	1	5107398	5686	2
333	Picture	ND073	5122048	1000	171	6834	172	1000	8000
333	Response	2	5128822	7774	2
335	Picture	B2T017	5146218	1000	171	5834	172	1000	8000
335	Response	1	5151870	6652	2
336	Response	3	5156213	4161	1
337	Picture	B2D033	5170554	1000	172	6835	173	1000	8000
337	Response	2	5177181	7627	2
341	Picture	NT037	5235564	1000	170	6834	171	1000	8000
341	Response	2	5242272	7708	1
342	Response	3	5245493	3095	2
343	Picture	ND067	5260734	1000	169	8168	170	1000	8000
344	Response	2	5270568	1665	1
345	Picture	B1D037	5288238	1166	1	6597	75	1000	8000
345	Response	2	5294834	7762	1
347	Picture	B2D027	5314408	1166	1	7432	74	1000	8000
347	Response	1	5321838	8596	2
349	Picture	AD077	5339578	1165	1	7316	190	1000	8000
349	Response	1	5346893	8480	1
351	Picture	AD057	5366749	1166	1	7576	96	1000	8000
351	Response	1	5374324	8741	1
353	Picture	B1D027	5394753	1166	1	7755	84	1000	8000
353	Response	2	5402507	8920	1
355	Picture	NT004	5420756	1166	1	6430	76	1000	8000
355	Response	1	5427185	7595	2
356	Response	3	5429538	2352	1
357	Picture	AD067	5445093	1166	1	6153	186	1000	8000
357	Response	1	5451245	7318	1
359	Picture	ND057	5471097	1166	1	7005	166	1000	8000
359	Response	2	5478098	8167	4
361	Picture	B2T004	5495933	1165	2	5183	157	1000	8000
361	Response	1	5501114	6346	2
362	Response	3	5503307	2191	2
363	Picture	AT037	5521437	1166	1	4953	51	1000	8000
363	Response	1	5526389	6118	1
364	Response	3	5527933	1543	1
367	Picture	AT024	5587113	1166	1	5519	153	1000	8000
367	Response	1	5592631	6684	1
368	Response	3	5594068	1436	1
369	Picture	ND044	5612116	1165	1	7171	169	1000	8000
369	Response	2	5619286	8335	1
371	Picture	B2T014	5638121	1000	251	8000	421	1000	8000
372	Response	2	5647356	902	1
372	Response	3	5651918	5464	1
373	Picture	NT014	5666129	1000	168	8162	170	1000	8000
374	Response	2	5675282	990	2
374	Response	3	5677528	3236	1
375	Picture	AT014	5692627	1165	2	7861	146	1000	8000
375	Response	1	5700487	9025	1
376	Response	3	5702560	2072	1
377	Picture	AD044	5719464	1165	2	8000	174	1000	8000
378	Response	2	5728180	381	1
379	Picture	AT004	5745968	1000	171	8168	172	1000	8000
380	Response	1	5754578	441	3
380	Response	3	5756284	2147	1
381	Picture	NT024	5774972	1166	1	7042	131	1000	8000
381	Response	1	5782013	8207	1
382	Response	3	5783291	1277	1
383	Picture	B1D024	5802643	1166	1	8000	172	1000	8000
383	Response	2	5810642	9165	173
385	Picture	B2D037	5828313	1000	171	6001	172	1000	8000
385	Response	1	5834219	6906	1
387	Picture	B1T004	5853150	1000	171	8001	339	1000	8000
388	Response	2	5861319	0	174
388	Response	3	5867696	6377	1
389	Picture	ND077	5881320	1165	1	7685	155	1000	8000
389	Response	2	5889004	8849	1
393	Picture	ND064	5948996	1165	2	6045	129	1000	8000
393	Response	2	5955039	7208	2
395	Picture	AD054	5973500	1166	1	7960	212	1000	8000
395	Response	2	5981459	9125	1
397	Picture	B2D024	6001004	1166	1	6588	84	1000	8000
397	Response	2	6007591	7753	2
399	Picture	AD074	6026007	1166	1	5822	184	1000	8000
399	Response	1	6031827	6986	2
401	Picture	AT034	6050344	1166	1	7089	83	1000	8000
401	Response	1	6057431	8253	2
402	Response	3	6059554	2121	1
403	Picture	B1D034	6077014	1165	1	6441	65	1000	8000
403	Response	1	6083454	7605	1
405	Picture	ND054	6103685	1166	1	6296	209	1000	8000
405	Response	2	6109980	7461	1
407	Picture	NT006	6130355	1166	1	4847	158	1000	8000
407	Response	2	6135201	6012	1
408	Response	3	6144834	9632	2
409	Picture	AD064	6152525	1166	1	8000	172	1000	8000
410	Response	2	6162415	1718	1
411	Picture	NT034	6179362	1000	171	8168	172	1000	8000
412	Response	1	6188801	1270	1
412	Response	3	6191865	4334	2
413	Picture	B1T014	6205199	1166	1	5696	143	1000	8000
413	Response	1	6210894	6861	1
414	Response	3	6212492	1597	1
415	Picture	B2T006	6228369	1166	1	6210	129	1000	8000
415	Response	1	6234577	7374	2
416	Response	3	6236122	1543	1
419	Picture	NT026	6294711	1166	1	6625	214	1000	8000
419	Response	2	6301335	7790	1
421	Picture	B1T006	6318881	1165	1	8000	173	1000	8000
422	Response	1	6328340	1124	1
422	Response	3	6329991	2775	1
423	Picture	B2D034	6348057	1000	166	5162	167	1000	8000
423	Response	2	6353012	5955	1
424	Response	3	6359737	6518	1
425	Picture	NT016	6371055	1000	171	7335	172	1000	8000
425	Response	1	6378180	8125	1
426	Response	3	6379351	961	2
427	Picture	B2T016	6398892	1000	171	6501	172	1000	8000
427	Response	1	6405274	7382	1
428	Response	3	6406499	1106	1
429	Picture	AT016	6424396	1000	170	5001	171	1000	8000
429	Response	1	6429261	5865	1
430	Response	3	6430326	929	1
431	Picture	AD056	6448733	1000	170	8167	172	1000	8000
432	Response	1	6459297	2396	1
433	Picture	ND046	6476070	1166	1	7694	145	1000	8000
433	Response	2	6483762	8858	2
435	Picture	B1D026	6502573	1165	2	7077	97	1000	8000
435	Response	2	6509649	8241	1
437	Picture	ND074	6529077	1165	1	6730	109	1000	8000
437	Response	2	6535805	7893	1
439	Picture	AT006	6553247	1165	1	5837	169	1000	8000
439	Response	1	6559083	7001	1
440	Response	3	6561239	2155	1
441	Picture	AD046	6577084	1166	1	8000	173	1000	8000
442	Response	1	6587582	2164	1
445	Picture	B1T016	6644593	1000	171	8168	172	1000	8000
446	Response	2	6653588	826	1
446	Response	3	6660310	7548	1
447	Picture	B2T005	6671430	1165	2	7387	120	1000	8000
447	Response	1	6678815	8550	2
448	Response	3	6680745	1928	2
449	Picture	B1D036	6699267	1165	2	6005	169	1000	8000
449	Response	2	6705271	7169	1
451	Picture	AT005	6723938	1166	1	5411	94	1000	8000
451	Response	1	6729347	6575	2
452	Response	3	6732538	3189	1
453	Picture	ND066	6747441	1166	1	4736	103	1000	8000
453	Response	2	6752175	5900	2
455	Picture	AT026	6771111	1166	1	5202	137	1000	8000
455	Response	1	6776311	6366	2
456	Response	3	6777430	1117	1
457	Picture	AT036	6793947	1165	2	6815	192	1000	8000
457	Response	1	6800761	7979	1
458	Response	3	6801826	1064	1
459	Picture	AD066	6819784	1165	1	7051	122	1000	8000
459	Response	1	6826834	8215	1
461	Picture	NT005	6846288	1166	1	6400	106	1000	8000
461	Response	1	6852687	7565	1
462	Response	3	6853965	1277	1
463	Picture	NT036	6873792	1166	1	7535	137	1000	8000
463	Response	2	6881326	8700	1
464	Response	3	6883761	2434	1
465	Picture	ND056	6901462	1165	2	8000	174	1000	8000
466	Response	2	6910297	500	1
467	Picture	B2D026	6929966	1000	171	8168	172	1000	8000
468	Response	1	6938136	0	629
471	Picture	B2D036	6996476	1166	1	6423	82	1000	8000
471	Response	2	7002898	7588	1
473	Picture	ND055	7022646	1166	1	7085	87	1000	8000
473	Response	2	7029730	8250	1
475	Picture	AD076	7047149	1165	1	6785	54	1000	8000
475	Response	1	7053933	7949	1
477	Picture	B1T005	7074820	1166	1	8000	172	1000	8000
478	Response	1	7085759	2605	1
478	Response	3	7095849	12695	2
479	Picture	B1D025	7100328	1000	171	8163	172	1000	8000
480	Response	2	7109809	1317	1
481	Picture	AD045	7129327	1165	2	6742	98	1000	8000
481	Response	1	7136068	7906	1
483	Picture	AT025	7155831	1166	1	5752	87	1000	8000
483	Response	1	7161582	6917	1
484	Response	3	7164061	2478	1
485	Picture	ND045	7180835	1166	1	6312	193	1000	8000
485	Response	2	7187146	7477	1
487	Picture	AT015	7207338	1165	1	6884	122	1000	8000
487	Response	1	7214220	8047	2
488	Response	3	7216536	2314	1
489	Picture	ND076	7231675	1166	1	5558	113	1000	8000
489	Response	2	7237232	6723	1
491	Picture	NT015	7256512	1166	1	8000	171	1000	8000
492	Response	2	7264879	33	1
492	Response	3	7269335	4489	1
493	Picture	B2T015	7283020	1000	166	6330	167	1000	8000
493	Response	1	7289151	7131	2
494	Response	3	7290855	1505	1
497	Picture	B2D035	7350525	1000	170	7834	171	1000	8000
497	Response	1	7358152	8627	1
499	Picture	AD065	7378529	1000	170	8168	171	1000	8000
500	Response	1	7393037	6339	1
501	Picture	ND065	7406699	1165	2	7460	214	1000	8000
501	Response	2	7414158	8624	1
503	Picture	NT025	7434036	1165	2	8000	174	1000	8000
504	Response	1	7450348	8139	1
504	Response	3	7452124	9915	1
505	Picture	ND075	7463379	1000	165	6829	166	1000	8000
505	Response	2	7470045	7666	1
507	Picture	B1T015	7489382	1000	167	6663	168	1000	8000
507	Response	1	7495868	7486	1
508	Response	3	7497572	1527	1
509	Picture	AD075	7517048	1000	171	7334	173	1000	8000
509	Response	1	7524190	8142	2
511	Picture	B2D025	7542385	1000	170	6334	171	1000	8000
511	Response	2	7548569	7184	2
513	Picture	NT035	7569388	1000	171	7502	172	1000	8000
513	Response	2	7576832	8444	1
514	Response	3	7581674	4784	1
515	Picture	AD055	7595059	1000	171	5834	172	1000	8000
515	Response	1	7600682	6623	1
517	Picture	B1D035	7620562	1000	171	8168	172	1000	8000
518	Response	1	7629710	979	1
519	Picture	AT035	7646566	1166	1	6367	139	1000	8000
519	Response	1	7652931	7531	1
520	Response	3	7654784	1851	2
521	Quit		7801339	130769	
