Scenario - for study
Logfile written - 2016/1/15 11:04:11

Trial	Event Type	Code	Time	TTime	Uncertainty	Duration	Uncertainty	ReqTime	ReqDur

1	Response	4	408634	408634	1
3	Picture	AT020	415056	1000	171	8168	172	1000	8000
4	Response	1	425955	2730	1
5	Picture	B2D040	441227	1166	1	8000	172	1000	8000
7	Picture	AD050	468063	1000	171	8168	172	1000	8000
8	Response	1	485265	9033	1
9	Picture	ND060	496401	1166	1	7015	157	1000	8000
9	Response	1	503415	8180	1
11	Picture	AT010	520904	1166	1	8000	172	1000	8000
11	Response	1	528903	9165	173
13	Picture	ND050	548574	1000	171	8168	172	1000	8000
14	Response	2	567710	10967	1
15	Picture	AD060	577078	1165	1	8000	173	1000	8000
16	Response	1	585703	452	2
17	Picture	B1D030	605082	1000	170	8168	171	1000	8000
18	Response	2	618138	4887	1
19	Picture	ND070	632586	1166	1	8000	172	1000	8000
20	Response	2	642906	1986	2
21	Picture	B1T010	659089	1000	171	8168	341	1000	8000
21	Response	2	667088	8999	169
23	Picture	B2D030	688260	1166	1	5672	167	1000	8000
23	Response	2	693931	6837	1
25	Picture	NT010	713096	1165	2	5148	190	1000	8000
25	Response	3	718243	6312	1
26	Response	2	732486	14242	1
29	Picture	NT040	775938	1165	2	8000	174	1000	8000
30	Response	3	786628	2355	1
30	Response	2	792498	8225	1
31	Picture	NT020	804109	1000	170	8168	171	1000	8000
32	Response	2	812277	-1	170
32	Response	3	814441	2163	2
33	Picture	AD070	830279	1166	1	8000	178	1000	8000
34	Response	1	841027	2570	1
35	Picture	B2T010	857616	1000	181	8168	182	1000	8000
36	Response	3	867535	1750	1
36	Response	1	873935	8150	1
37	Picture	NT030	883953	1166	1	8000	183	1000	8000
38	Response	3	896147	3860	1
38	Response	2	899674	7387	2
39	Picture	B2T020	909972	1000	169	8152	170	1000	8000
40	Response	3	921767	3642	1
40	Response	2	927208	9083	1
41	Picture	AD080	936460	1166	1	8000	172	1000	8000
42	Response	1	949021	4227	2
43	Picture	AT040	963963	1000	171	8168	173	1000	8000
44	Response	1	972132	0	170
44	Response	3	975869	3737	2
45	Picture	AT030	993301	1166	1	5392	113	1000	8000
45	Response	1	998691	6556	1
46	Response	3	1000967	2274	1
47	Picture	ND080	1017971	1166	1	8000	172	1000	8000
48	Response	2	1029250	2945	1
48	Response	3	1032095	5790	1
49	Picture	B1D040	1045474	1000	171	8000	365	1000	8000
50	Response	2	1063003	9335	1
51	Picture	B1T020	1073812	1166	1	6217	122	1000	8000
51	Response	3	1080028	7382	1
52	Response	1	1086018	5989	1
55	Picture	B1T001	1140154	1166	1	7957	215	1000	8000
55	Response	3	1148110	9122	1
56	Response	1	1154865	6754	1
57	Picture	NT001	1166991	1166	1	8000	172	1000	8000
58	Response	3	1179527	4363	1
58	Response	2	1183300	8136	2
59	Picture	B1D021	1192661	1000	171	8168	172	1000	8000
60	Response	3	1200830	0	169
60	Response	2	1204199	3369	1
61	Picture	NT011	1221165	1166	1	4749	90	1000	8000
61	Response	3	1225912	5913	1
62	Response	2	1229869	3955	1
63	Picture	AD041	1244168	1166	1	8000	172	1000	8000
64	Response	1	1263572	11070	1
65	Picture	B2D021	1273005	1000	171	8168	172	1000	8000
66	Response	2	1291033	9859	1
67	Picture	AD061	1302176	1166	1	8000	172	1000	8000
68	Response	1	1310637	289	1
69	Picture	ND051	1329513	1000	170	8168	171	1000	8000
70	Response	2	1337681	-1	174
71	Picture	AT001	1355183	1166	1	4522	150	1000	8000
71	Response	3	1359704	5687	1
72	Response	1	1362393	2688	1
73	Picture	ND041	1379353	1166	1	8000	172	1000	8000
73	Response	2	1387352	9165	173
74	Response	3	1393154	5467	1
75	Picture	B2T001	1408523	1000	171	5668	172	1000	8000
75	Response	3	1414112	6589	1
76	Response	2	1419849	5658	1
77	Picture	AD051	1434027	1000	171	8168	172	1000	8000
78	Response	1	1445370	3174	1
81	Picture	NT009	1500369	1166	1	7240	99	1000	8000
81	Response	3	1507608	8405	1
82	Response	2	1513884	6275	2
83	Picture	B1T011	1526373	1166	1	7838	167	1000	8000
83	Response	1	1534210	9003	1
84	Response	3	1540643	6432	1
85	Picture	ND061	1553543	1166	1	8000	172	1000	8000
86	Response	2	1563647	1770	1
87	Picture	AT031	1580546	1000	171	8168	172	1000	8000
88	Response	1	1590515	1800	2
88	Response	3	1596552	7837	1
89	Picture	B1D031	1608217	1166	1	8000	173	1000	8000
90	Response	2	1619949	3559	1
90	Response	3	1622494	6104	2
91	Picture	NT021	1636721	1000	170	7501	171	1000	8000
91	Response	3	1644025	8304	2
92	Response	1	1651466	7244	1
93	Picture	B2T009	1662229	1000	166	8163	167	1000	8000
94	Response	3	1671532	1139	2
94	Response	1	1676830	6437	1
95	Picture	AT021	1687728	1166	1	5353	152	1000	8000
95	Response	3	1693079	6517	2
96	Response	1	1695219	2138	2
97	Picture	B2T011	1713064	1165	2	3737	103	1000	8000
97	Response	3	1716799	4900	2
98	Response	1	1718620	1819	1
99	Picture	AD071	1737234	1165	1	8000	173	1000	8000
100	Response	1	1753481	8074	2
101	Picture	NT031	1764071	1000	171	8168	172	1000	8000
102	Response	3	1773920	1680	1
102	Response	1	1777211	4971	2
103	Picture	AT011	1792242	1166	1	7133	206	1000	8000
103	Response	3	1799374	8298	1
104	Response	2	1802712	3337	1
107	Picture	NT029	1857250	1165	2	8000	174	1000	8000
108	Response	2	1866501	1078	1
108	Response	3	1869176	3753	1
109	Picture	NT019	1882925	1000	167	8163	337	1000	8000
109	Response	2	1890924	8999	164
110	Response	3	1891959	871	1
111	Picture	B1D029	1909424	1166	1	8000	173	1000	8000
112	Response	1	1929162	11404	2
113	Picture	B1T009	1935261	1000	170	7668	171	1000	8000
113	Response	1	1942873	8612	1
114	Response	3	1947019	4090	1
115	Picture	AT029	1960936	1000	170	5662	172	1000	8000
115	Response	1	1966486	6550	1
116	Response	3	1968297	1699	1
117	Picture	B2D031	1984767	1000	171	7001	173	1000	8000
117	Response	2	1991640	7873	2
118	Response	3	1992865	1097	1
119	Picture	AT019	2009442	1000	171	8163	172	1000	8000
120	Response	1	2019604	1998	1
120	Response	3	2022106	4500	1
121	Picture	AD049	2034941	1166	1	8000	172	1000	8000
122	Response	1	2050335	7222	2
123	Picture	ND071	2062945	1000	170	8167	172	1000	8000
124	Response	2	2071730	617	1
125	Picture	ND049	2089282	1166	1	8000	172	1000	8000
126	Response	2	2099852	2236	1
127	Picture	AT009	2117952	1000	171	8168	172	1000	8000
128	Response	1	2127825	1704	1
128	Response	3	2130819	4698	2
129	Picture	B2T019	2145122	1165	2	4770	70	1000	8000
129	Response	1	2149891	5934	1
130	Response	2	2154520	4628	1
133	Picture	ND059	2210464	1165	2	8000	174	1000	8000
134	Response	2	2218908	109	1
135	Picture	AD059	2236640	1000	165	5495	167	1000	8000
135	Response	2	2241973	6333	1
137	Picture	ND069	2262138	1000	171	7835	172	1000	8000
137	Response	2	2269806	8668	1
139	Picture	B2T002	2287646	1000	167	6663	168	1000	8000
139	Response	2	2294205	7559	1
141	Picture	NT002	2314312	1000	170	4500	172	1000	8000
141	Response	3	2318627	5315	1
142	Response	2	2325239	6427	1
143	Picture	B1D022	2339315	1000	171	8168	172	1000	8000
144	Response	1	2349319	1835	1
145	Picture	B1D039	2368486	1166	1	7909	97	1000	8000
145	Response	1	2376393	9073	2
147	Picture	B2D029	2397490	1166	1	8000	172	1000	8000
148	Response	1	2415814	9990	1
149	Picture	AD079	2426160	1000	171	6834	173	1000	8000
149	Response	1	2432918	7758	1
151	Picture	NT039	2450168	1000	166	6330	167	1000	8000
151	Response	3	2456319	7151	1
152	Response	2	2464801	8303	1
153	Picture	AD069	2475167	1000	170	8168	171	1000	8000
154	Response	1	2485120	1784	2
155	Picture	AT039	2501670	1165	2	3325	182	1000	8000
155	Response	3	2504993	4488	2
156	Response	2	2508391	3396	1
159	Picture	B1T019	2565850	1000	236	8000	413	1000	8000
160	Response	2	2579764	5584	2
160	Response	3	2585318	11138	2
161	Picture	B1T002	2594849	1000	219	5802	566	1000	8000
161	Response	3	2600645	6796	6
162	Response	1	2602775	2124	3
163	Picture	AT002	2621353	1000	170	4501	171	1000	8000
163	Response	3	2625707	5354	1
164	Response	1	2627731	1877	1
165	Picture	AT012	2644523	1000	170	5334	171	1000	8000
165	Response	3	2649790	6267	1
166	Response	1	2651228	1371	1
167	Picture	NT012	2668359	1000	171	4334	172	1000	8000
167	Response	3	2672512	5153	1
168	Response	2	2677397	4704	1
169	Picture	ND079	2690196	1000	170	8167	172	1000	8000
170	Response	2	2700731	2367	1
171	Picture	B2D039	2716866	1165	1	7290	216	1000	8000
171	Response	1	2724155	8454	1
173	Picture	AD042	2744370	1166	1	7430	75	1000	8000
173	Response	1	2751798	8594	2
175	Picture	AD052	2769206	1165	2	3771	69	1000	8000
175	Response	1	2772976	4935	1
177	Picture	ND042	2794043	1166	1	8000	173	1000	8000
178	Response	2	2803319	942	1
179	Picture	NT022	2823047	1000	171	3334	172	1000	8000
179	Response	3	2826303	4256	1
180	Response	1	2829794	3413	1
181	Picture	B2D022	2843888	1000	166	7996	167	1000	8000
181	Response	2	2851690	8802	2
185	Picture	AT032	2913226	1000	170	8167	172	1000	8000
186	Response	1	2922401	1007	2
186	Response	3	2925213	3819	1
187	Picture	AT008	2942396	1165	1	3986	187	1000	8000
187	Response	3	2946381	5150	1
188	Response	1	2947872	1490	1
189	Picture	ND052	2963732	1165	2	6390	117	1000	8000
189	Response	2	2970121	7554	1
190	Response	3	2971665	1543	1
191	Picture	B1T012	2989736	1166	1	7627	212	1000	8000
191	Response	3	2997362	8792	1
192	Response	1	2998587	1224	1
193	Picture	B2T012	3015739	1165	2	8000	174	1000	8000
194	Response	3	3024603	529	1
194	Response	2	3034200	10126	1
195	Picture	AD062	3041909	1000	176	8168	177	1000	8000
196	Response	1	3053494	3416	1
196	Response	1	3054732	4654	1
197	Picture	NT008	3068913	1165	1	8000	173	1000	8000
198	Response	3	3078845	1759	1
198	Response	2	3080844	3758	2
199	Picture	AT022	3096090	1000	169	7995	170	1000	8000
199	Response	3	3103923	8833	1
200	Response	1	3105094	1009	1
201	Picture	B1D032	3122087	1000	171	8168	172	1000	8000
202	Response	1	3131992	1736	1
203	Picture	ND062	3150091	1166	1	8000	173	1000	8000
204	Response	2	3159050	625	1
205	Picture	NT032	3177094	1000	171	8168	172	1000	8000
206	Response	2	3186427	1164	1
206	Response	3	3189791	4528	2
207	Picture	B2T008	3204598	1165	1	8000	173	1000	8000
207	Response	2	3212597	9164	173
208	Response	3	3218590	5819	1
211	Picture	AT028	3273112	1000	166	8163	167	1000	8000
212	Response	1	3281947	671	1
212	Response	3	3283757	2481	1
213	Picture	B1T008	3300611	1157	1	5509	163	1000	8000
213	Response	1	3306119	6665	1
214	Response	3	3316352	10232	1
215	Picture	B2D032	3326281	1166	1	8000	173	1000	8000
216	Response	2	3334878	424	2
216	Response	3	3336924	2470	1
217	Picture	NT028	3352785	1000	169	6334	170	1000	8000
217	Response	3	3359047	7262	1
218	Response	1	3363157	4038	1
219	Picture	B1D028	3377788	1000	171	8168	172	1000	8000
220	Response	2	3386205	248	2
221	Picture	NT038	3405959	1166	1	6017	155	1000	8000
221	Response	3	3411974	7181	2
222	Response	1	3413305	1329	2
223	Picture	ND072	3431462	1166	1	7961	212	1000	8000
223	Response	2	3439422	9126	1
225	Picture	AD048	3458799	1166	1	7599	73	1000	8000
225	Response	1	3466396	8763	2
227	Picture	AT018	3487636	1166	1	8000	173	1000	8000
227	Response	1	3495636	9166	172
228	Response	3	3510688	14717	2
229	Picture	AD072	3515145	1000	167	6662	169	1000	8000
229	Response	1	3521747	7602	1
231	Picture	B2T018	3542977	1000	170	8168	171	1000	8000
232	Response	1	3554378	3232	2
232	Response	3	3556295	5149	1
233	Picture	NT018	3569314	1166	1	8000	172	1000	8000
234	Response	2	3580211	2725	2
234	Response	3	3583323	5837	1
237	Picture	ND058	3636661	1000	167	8163	168	1000	8000
238	Response	2	3646270	1445	2
239	Picture	NT003	3664327	1166	1	7525	147	1000	8000
239	Response	3	3671851	8690	1
240	Response	2	3676409	4557	2
241	Picture	B2T003	3691830	1165	2	3283	57	1000	8000
241	Response	3	3695111	4446	2
242	Response	2	3699997	4884	1
243	Picture	ND048	3715333	1165	2	8000	174	1000	8000
244	Response	3	3724209	541	2
244	Response	2	3727876	4208	1
245	Picture	B1T018	3742670	1000	171	3834	172	1000	8000
245	Response	3	3746415	4745	1
246	Response	1	3749327	2823	1
247	Picture	B1D038	3764340	1000	171	6168	172	1000	8000
247	Response	2	3770348	7008	2
249	Picture	AT038	3791676	1000	172	3335	173	1000	8000
249	Response	3	3794884	4208	1
250	Response	1	3796840	1829	2
251	Picture	AD058	3814680	1000	171	6001	172	1000	8000
251	Response	2	3820584	6904	1
253	Picture	ND068	3838021	1000	166	8163	167	1000	8000
254	Response	2	3847056	871	1
255	Picture	AD078	3867020	1165	2	6533	141	1000	8000
255	Response	2	3873551	7696	2
257	Picture	AD068	3892524	1166	1	5824	182	1000	8000
257	Response	1	3898346	6988	2
259	Picture	B2D028	3916027	1166	1	5622	49	1000	8000
259	Response	1	3921647	6786	2
263	Picture	ND043	3979536	1166	1	7582	90	1000	8000
263	Response	2	3987117	8747	1
265	Picture	B2D038	4004705	1165	3	4743	99	1000	8000
265	Response	2	4009446	5906	1
267	Picture	AD043	4027375	1165	2	3932	75	1000	8000
267	Response	2	4031306	5096	1
269	Picture	B1D023	4049878	1165	2	5465	209	1000	8000
269	Response	2	4055342	6629	1
271	Picture	AT013	4075048	1165	2	6032	142	1000	8000
271	Response	3	4081079	7196	1
272	Response	1	4082304	1224	1
273	Picture	B2T013	4099052	1166	1	4534	138	1000	8000
273	Response	3	4103584	5698	2
274	Response	1	4104809	1223	1
275	Picture	ND078	4121058	1002	165	8000	333	1000	8000
276	Response	3	4129226	-1	164
276	Response	2	4131357	2130	2
277	Picture	NT023	4149558	1000	171	8168	172	1000	8000
278	Response	3	4160011	2284	2
278	Response	2	4162139	4412	2
279	Picture	B1T003	4178396	1166	1	8000	172	1000	8000
280	Response	3	4191387	4657	1
280	Response	2	4198405	11675	1
281	Picture	NT013	4206066	1000	171	7668	172	1000	8000
281	Response	3	4213559	8493	2
282	Response	2	4215912	2178	1
283	Picture	AT003	4233070	1000	171	3000	172	1000	8000
283	Response	3	4236012	3942	1
284	Response	2	4237992	1922	1
285	Picture	AD053	4253906	1000	170	8168	171	1000	8000
289	Picture	B2T007	4320793	1000	148	8000	275	1000	8000
290	Response	3	4328920	-1	164
290	Response	2	4331401	2480	2
291	Picture	NT033	4349252	1000	171	3667	172	1000	8000
291	Response	3	4352775	4523	1
292	Response	2	4359284	6365	2
293	Picture	AT023	4373760	1000	170	7163	171	1000	8000
293	Response	3	4380825	8065	1
295	Picture	B2D023	4401759	1000	172	7001	173	1000	8000
295	Response	2	4408685	7926	1
297	Picture	NT007	4429763	1000	170	7501	171	1000	8000
297	Response	3	4437077	8314	1
298	Response	2	4442980	5716	1
299	Picture	NT017	4455099	1000	171	6668	172	1000	8000
299	Response	3	4461642	7543	1
300	Response	2	4465076	3309	1
301	Picture	AT007	4481936	1000	171	3501	172	1000	8000
301	Response	3	4485352	4416	1
303	Picture	B1T007	4505940	1000	171	4834	172	1000	8000
303	Response	3	4510673	5733	1
305	Picture	AT033	4529109	1000	171	5001	172	1000	8000
305	Response	3	4533997	5888	2
307	Picture	AD063	4554279	1000	171	5835	172	1000	8000
307	Response	3	4559937	6658	1
308	Response	2	4565754	5640	1
309	Picture	ND053	4577449	1000	171	8168	172	1000	8000
310	Response	2	4585618	0	170
311	Picture	B1T013	4603953	1166	1	7375	131	1000	8000
311	Response	3	4611327	8540	1
312	Response	2	4613753	2425	1
315	Picture	B2D033	4670962	1166	1	8000	172	1000	8000
317	Picture	AD047	4697470	1000	166	8163	167	1000	8000
318	Response	3	4707153	1519	1
318	Response	2	4709505	3871	1
319	Picture	ND047	4722969	1166	1	6274	65	1000	8000
319	Response	2	4729242	7439	1
321	Picture	B1D033	4748139	1166	1	5290	216	1000	8000
321	Response	2	4753428	6455	1
323	Picture	B2T017	4771809	1166	1	8000	172	1000	8000
324	Response	3	4785401	5258	1
325	Picture	B1T017	4797484	1000	166	3495	167	1000	8000
325	Response	3	4800838	4354	2
327	Picture	AD073	4820987	1000	167	8163	168	1000	8000
328	Response	3	4830622	1471	1
329	Picture	NT027	4849986	1166	1	7901	105	1000	8000
329	Response	3	4857886	9066	1
330	Response	2	4862112	4225	1
331	Picture	AT027	4878490	1166	1	4601	71	1000	8000
331	Response	3	4883090	5766	1
333	Picture	ND063	4903326	1164	2	8000	174	1000	8000
334	Response	2	4914258	2597	1
335	Picture	AT017	4929996	1000	171	3668	172	1000	8000
335	Response	3	4933489	4493	1
337	Picture	ND073	4951333	1000	172	7167	174	1000	8000
337	Response	2	4958323	7990	2
341	Picture	B1D027	5020180	1000	166	8163	167	1000	8000
342	Response	2	5031950	3606	2
343	Picture	AT037	5047846	1166	1	2770	68	1000	8000
343	Response	3	5050615	3935	1
345	Picture	B2T004	5069349	1166	1	4761	77	1000	8000
345	Response	3	5074109	5926	1
346	Response	2	5079424	5314	1
347	Picture	NT037	5092352	1166	1	4027	145	1000	8000
347	Response	3	5096377	5191	2
348	Response	2	5100168	3789	1
349	Picture	ND057	5117522	1166	1	8000	172	1000	8000
350	Response	3	5132870	7014	1
351	Picture	ND067	5143192	1000	171	7168	172	1000	8000
351	Response	2	5150241	8049	1
353	Picture	NT004	5171200	1000	167	5496	169	1000	8000
353	Response	3	5176536	6336	2
354	Response	2	5179964	3268	1
355	Picture	B2D027	5195199	1000	171	8168	172	1000	8000
356	Response	3	5208785	5417	2
357	Picture	AD057	5224369	1165	2	8000	174	1000	8000
359	Picture	AD067	5252206	1000	172	6168	173	1000	8000
359	Response	2	5258299	7093	1
361	Picture	B1D037	5279210	1000	171	6168	172	1000	8000
361	Response	2	5285267	7057	1
363	Picture	AD077	5302552	1000	166	8162	168	1000	8000
367	Picture	AT004	5371223	1166	1	8000	172	1000	8000
368	Response	3	5382696	3139	2
369	Picture	ND044	5397559	1000	171	6501	172	1000	8000
369	Response	2	5403854	7295	1
371	Picture	AT014	5422563	1000	170	8168	171	1000	8000
372	Response	3	5431075	343	1
373	Picture	NT024	5448733	1166	1	8000	173	1000	8000
374	Response	3	5463174	6268	2
374	Response	2	5466858	9952	1
375	Picture	AT024	5474575	1000	165	7162	167	1000	8000
375	Response	3	5481593	8018	2
377	Picture	B2D037	5503073	1000	171	7668	172	1000	8000
377	Response	2	5510598	8525	1
379	Picture	AD044	5531411	1000	170	8168	171	1000	8000
381	Picture	B1T004	5560748	1166	1	8000	178	1000	8000
382	Response	3	5571239	2312	2
383	Picture	ND077	5586923	1000	171	8163	172	1000	8000
384	Response	2	5597186	2099	1
385	Picture	B1D024	5614258	1002	165	5321	346	1000	8000
385	Response	2	5619578	6322	1
387	Picture	NT014	5640425	1165	2	8000	174	1000	8000
388	Response	3	5653132	4372	1
388	Response	2	5656619	7859	1
389	Picture	B2T014	5668596	1000	170	6167	171	1000	8000
389	Response	3	5674625	7029	2
393	Picture	B1D034	5735110	1000	166	8163	167	1000	8000
394	Response	2	5745892	2618	2
395	Picture	AD064	5764109	1166	1	8000	172	1000	8000
397	Picture	NT034	5791612	1000	171	2667	172	1000	8000
397	Response	3	5794181	3569	1
399	Picture	ND064	5814115	1000	171	8168	172	1000	8000
400	Response	2	5825295	3011	2
401	Picture	ND054	5840286	1166	1	5400	105	1000	8000
401	Response	2	5845684	6564	2
403	Picture	AT034	5866789	1166	1	8000	173	1000	8000
404	Response	3	5877328	2204	1
405	Picture	NT006	5896293	1000	171	4334	172	1000	8000
405	Response	3	5900466	5173	1
406	Response	2	5904342	3715	2
407	Picture	B2T006	5919463	1000	171	5501	172	1000	8000
407	Response	3	5924771	6308	2
408	Response	2	5927390	2426	2
409	Picture	B1T014	5943299	1000	171	5668	172	1000	8000
409	Response	3	5948778	6479	1
410	Response	2	5951962	2995	2
411	Picture	AD074	5967969	1000	171	8168	172	1000	8000
412	Response	2	5978847	2709	1
413	Picture	AD054	5996640	1166	1	8000	172	1000	8000
414	Response	3	6005559	746	1
415	Picture	B2D024	6024310	1000	171	8168	172	1000	8000
419	Picture	B1D026	6093486	1165	1	7760	79	1000	8000
419	Response	2	6101245	8924	1
421	Picture	ND046	6122157	1166	1	6739	100	1000	8000
421	Response	2	6128895	7904	1
423	Picture	AD056	6150161	1166	1	5051	121	1000	8000
423	Response	2	6155211	6216	1
425	Picture	AT006	6174830	1165	2	8000	174	1000	8000
426	Response	3	6183002	-163	163
427	Picture	AT016	6201667	1000	171	5835	172	1000	8000
427	Response	3	6207290	6623	1
429	Picture	B2D034	6228171	1000	171	8168	172	1000	8000
430	Response	3	6241672	5332	1
430	Response	2	6245119	8779	2
431	Picture	B2T016	6255675	1166	1	8000	172	1000	8000
432	Response	3	6266107	2098	2
432	Response	2	6267651	3642	1
433	Picture	NT026	6281345	1000	170	3500	171	1000	8000
433	Response	3	6284753	4408	1
434	Response	2	6287511	2666	1
435	Picture	ND074	6303514	1000	171	8168	172	1000	8000
437	Picture	AD046	6329184	1165	2	8000	174	1000	8000
438	Response	2	6338492	1135	2
439	Picture	NT016	6357522	1000	170	7334	171	1000	8000
439	Response	3	6364698	8176	1
440	Response	2	6366632	1776	1
441	Picture	B1T006	6384364	1000	165	3662	166	1000	8000
441	Response	3	6387869	4505	2
445	Picture	B2T005	6448872	1000	167	8163	168	1000	8000
446	Response	3	6458125	1089	1
446	Response	2	6460657	3621	1
447	Picture	ND056	6475037	1165	2	4909	98	1000	8000
447	Response	2	6479944	6072	2
449	Picture	ND066	6497207	1166	1	7135	204	1000	8000
449	Response	2	6504340	8299	2
451	Picture	B1T016	6523211	1166	1	6917	88	1000	8000
451	Response	3	6530127	8082	1
452	Response	2	6532712	2584	2
453	Picture	AT005	6548881	1166	1	7150	189	1000	8000
453	Response	3	6556030	8315	1
454	Response	2	6557903	1872	2
455	Picture	NT036	6575218	1166	1	5122	216	1000	8000
455	Response	3	6580339	6287	1
456	Response	2	6582072	1732	2
457	Picture	NT005	6599221	1166	1	5122	217	1000	8000
457	Response	3	6604342	6287	1
458	Response	2	6606225	1882	2
459	Picture	AD066	6624891	1166	1	8000	172	1000	8000
461	Picture	AT036	6652228	1000	170	7001	171	1000	8000
461	Response	3	6659133	7905	2
463	Picture	B1D036	6677064	1000	171	8168	172	1000	8000
464	Response	2	6687242	2009	2
465	Picture	B2D026	6702568	1166	1	8000	172	1000	8000
466	Response	2	6719332	8591	1
467	Picture	AT026	6730572	1000	170	6834	171	1000	8000
467	Response	3	6737285	7713	1
471	Picture	B2D036	6796252	1000	166	8163	167	1000	8000
472	Response	3	6805470	1054	2
473	Picture	B1D025	6823418	1166	1	8000	172	1000	8000
475	Picture	ND055	6851088	1000	170	5834	171	1000	8000
475	Response	2	6856867	6779	2
477	Picture	NT015	6878091	1000	171	5001	172	1000	8000
477	Response	2	6882990	5899	1
478	Response	3	6887389	4297	1
479	Picture	B2T015	6903100	1000	165	3162	166	1000	8000
479	Response	3	6906174	4074	2
480	Response	2	6910966	4704	2
481	Picture	AD076	6924431	1000	171	5167	173	1000	8000
481	Response	2	6929412	5981	1
483	Picture	AD045	6947434	1000	171	6668	172	1000	8000
483	Response	3	6953941	7507	1
484	Response	2	6956533	2431	1
485	Picture	AT015	6974604	1000	171	5168	172	1000	8000
485	Response	3	6979621	6017	1
487	Picture	ND045	7000441	1000	171	6835	172	1000	8000
487	Response	3	7007145	7704	1
488	Response	2	7010546	3270	1
489	Picture	ND076	7024449	1000	171	6996	173	1000	8000
489	Response	2	7031301	7852	1
491	Picture	AT025	7051286	1000	166	8163	167	1000	8000
492	Response	3	7060499	1049	1
493	Picture	B1T005	7079119	1166	1	7603	69	1000	8000
493	Response	3	7086721	8768	1
494	Response	2	7090245	3523	1
497	Picture	AD075	7145794	1165	1	8000	173	1000	8000
497	Response	3	7153793	9164	173
499	Picture	B1T015	7174798	1000	171	6001	172	1000	8000
499	Response	3	7180716	6918	1
500	Response	2	7182862	2063	1
501	Picture	AD065	7201301	1000	171	5835	172	1000	8000
501	Response	2	7206939	6638	1
503	Picture	B2D035	7227638	1000	171	7001	173	1000	8000
503	Response	3	7234512	7874	1
505	Picture	AD055	7252813	1000	171	8163	172	1000	8000
506	Response	3	7261510	533	1
507	Picture	B2D025	7278312	1166	1	8000	172	1000	8000
507	Response	2	7286311	9165	173
509	Picture	B1D035	7305320	1000	167	6496	169	1000	8000
509	Response	2	7311643	7323	1
511	Picture	ND065	7329652	1000	171	4501	172	1000	8000
511	Response	2	7333965	5313	1
513	Picture	AT035	7354489	1000	170	6667	172	1000	8000
513	Response	3	7361049	7560	2
515	Picture	ND075	7381326	1000	170	5167	171	1000	8000
515	Response	2	7386417	6091	1
517	Picture	NT035	7404495	1000	171	8168	172	1000	8000
518	Response	3	7413588	924	1
518	Response	2	7416406	3742	1
519	Picture	NT025	7431833	1166	1	8000	172	1000	8000
520	Response	3	7440307	302	1
520	Response	2	7443494	3489	1
521	Quit		7613781	155273	
