Scenario - for study
Logfile written - 2016/1/15 12:16:54

Trial	Event Type	Code	Time	TTime	Uncertainty	Duration	Uncertainty	ReqTime	ReqDur

1	Response	4	263674	263674	1
3	Picture	B1D030	270037	1000	171	8168	172	1000	8000
4	Response	2	286276	8070	1
5	Picture	ND050	297040	1165	2	8000	174	1000	8000
6	Response	2	305630	255	1
7	Picture	ND070	323210	1000	171	6501	173	1000	8000
7	Response	2	329523	7313	1
9	Picture	B2D040	348047	1000	171	8168	172	1000	8000
10	Response	2	359160	2944	1
11	Picture	AT020	376218	1166	1	6290	215	1000	8000
11	Response	3	382507	7455	1
12	Response	1	385406	2898	1
13	Picture	B1T010	403721	1165	2	8000	174	1000	8000
14	Response	3	420140	8084	2
14	Response	2	423192	11136	1
15	Picture	NT010	430725	1000	171	8168	172	1000	8000
16	Response	3	440190	1296	1
16	Response	2	442776	3882	1
17	Picture	AD060	459229	1166	1	7907	107	1000	8000
17	Response	3	467135	9072	1
18	Response	1	477720	10584	2
19	Picture	ND060	486232	1165	2	8000	173	1000	8000
19	Response	2	494231	9164	173
21	Picture	B2D030	515403	1000	171	8168	172	1000	8000
22	Response	2	529500	5928	1
23	Picture	AD050	542240	1166	1	8000	173	1000	8000
24	Response	1	552368	1794	1
25	Picture	AT010	571244	1000	171	8167	342	1000	8000
25	Response	3	579243	8999	168
26	Response	1	582850	3439	1
29	Picture	AT040	640920	1166	1	8000	173	1000	8000
30	Response	1	649092	-162	162
30	Response	3	652401	3147	4
31	Picture	NT040	666923	1000	171	8168	172	1000	8000
32	Response	2	684666	9574	1
32	Response	3	692330	17238	1
33	Picture	B2T020	695261	1166	1	7808	197	1000	8000
33	Response	3	703068	8973	1
34	Response	1	705501	2432	1
35	Picture	AT030	720431	1166	1	7127	212	1000	8000
35	Response	3	727557	8292	1
36	Response	1	729700	2142	1
37	Picture	B2T010	746601	1166	1	7719	119	1000	8000
37	Response	1	754319	8884	1
38	Response	3	767144	12824	1
39	Picture	ND080	771937	1165	2	8000	174	1000	8000
40	Response	2	782225	1953	1
41	Picture	AD070	797941	1000	171	8168	172	1000	8000
42	Response	3	807226	1116	1
42	Response	2	812814	6704	1
43	Picture	NT020	823778	1166	1	5030	142	1000	8000
43	Response	3	828807	6195	1
44	Response	2	832936	4128	2
45	Picture	AD080	847281	1166	1	8000	173	1000	8000
46	Response	1	859861	4246	1
47	Picture	B1T020	876285	1000	170	7834	171	1000	8000
47	Response	3	884017	8732	1
48	Response	1	886972	2853	1
49	Picture	NT030	903288	1000	171	8168	172	1000	8000
50	Response	3	914869	3412	1
50	Response	2	920243	8786	1
51	Picture	B1D040	929459	1166	1	8000	172	1000	8000
52	Response	1	945228	7435	1
52	Response	2	951617	13824	1
55	Picture	B2D021	998968	1000	171	8168	172	1000	8000
56	Response	2	1008265	1128	1
57	Picture	B2T001	1026472	1166	1	8000	172	1000	8000
58	Response	3	1036817	2011	1
58	Response	2	1039626	4820	1
59	Picture	AT001	1055975	1000	171	8168	173	1000	8000
60	Response	3	1065063	919	1
60	Response	1	1067848	3704	1
61	Picture	AD061	1083813	1166	1	8000	172	1000	8000
61	Response	1	1091812	9165	173
63	Picture	B1D021	1112983	1000	171	8168	172	1000	8000
64	Response	2	1127245	6093	1
65	Picture	AD041	1138987	1166	1	8000	173	1000	8000
66	Response	1	1149062	1741	1
67	Picture	AD051	1167824	1000	171	6763	267	1000	8000
67	Response	1	1174585	7761	2
69	Picture	NT001	1193327	1000	172	8168	173	1000	8000
70	Response	3	1204309	2813	1
71	Picture	NT011	1220831	1166	1	6134	205	1000	8000
71	Response	3	1226964	7299	1
72	Response	2	1229533	2568	1
73	Picture	ND041	1245334	1165	2	8000	173	1000	8000
74	Response	2	1253985	316	1
75	Picture	ND051	1272004	1000	171	8168	173	1000	8000
76	Response	2	1286637	6464	1
77	Picture	B1T001	1301342	1166	1	6940	104	1000	8000
77	Response	3	1308281	8105	1
78	Response	1	1310410	2128	2
81	Picture	AT031	1366184	1166	1	7837	168	1000	8000
81	Response	3	1374020	9002	1
82	Response	1	1375617	1596	2
83	Picture	NT021	1392021	1166	1	8000	172	1000	8000
84	Response	3	1405617	5262	1
84	Response	2	1407657	7302	1
85	Picture	NT031	1420858	1000	171	8168	172	1000	8000
86	Response	3	1430671	1644	2
86	Response	2	1435956	6929	1
87	Picture	NT009	1450195	1165	1	5103	101	1000	8000
87	Response	3	1455297	6267	1
88	Response	2	1458145	2847	1
89	Picture	AD071	1475865	1165	2	8000	174	1000	8000
90	Response	1	1488574	4374	1
91	Picture	ND061	1505036	1000	171	8168	172	1000	8000
92	Response	2	1515196	1991	1
93	Picture	AT021	1534540	1166	1	8000	172	1000	8000
94	Response	1	1544657	1783	1
94	Response	3	1546725	3851	3
95	Picture	B2T009	1562710	1000	171	8168	172	1000	8000
96	Response	3	1572776	1897	1
96	Response	2	1575052	4173	1
97	Picture	AT011	1592048	1166	1	6555	116	1000	8000
97	Response	3	1598602	7720	1
98	Response	1	1601864	3261	1
99	Picture	B1T011	1617218	1166	1	8000	172	1000	8000
100	Response	3	1625751	361	1
100	Response	2	1628169	2779	1
101	Picture	B2T011	1644721	1000	171	8168	172	1000	8000
102	Response	2	1656082	3192	2
102	Response	3	1667084	14194	1
103	Picture	B1D031	1673392	1166	1	8000	172	1000	8000
104	Response	2	1692568	10842	1
107	Picture	AT009	1743234	1000	171	7335	172	1000	8000
107	Response	3	1750424	8190	1
108	Response	1	1752490	1921	2
109	Picture	AT019	1768577	1000	165	5995	166	1000	8000
109	Response	3	1774410	6833	1
110	Response	1	1776264	1692	1
111	Picture	B1T009	1795075	1000	170	8167	341	1000	8000
111	Response	3	1803074	8999	168
112	Response	1	1808796	5554	1
113	Picture	B2D031	1822245	1165	1	8000	173	1000	8000
114	Response	2	1832839	2259	1
115	Picture	ND049	1848749	1000	170	8167	172	1000	8000
116	Response	2	1866981	10064	1
117	Picture	NT029	1874585	1165	2	8000	174	1000	8000
118	Response	3	1884358	1600	2
118	Response	2	1886844	4086	1
119	Picture	AD049	1902089	1000	171	6101	268	1000	8000
119	Response	3	1908189	7100	1
120	Response	1	1911822	3632	2
121	Picture	ND071	1928426	1000	171	8168	172	1000	8000
122	Response	2	1939160	2565	1
123	Picture	AT029	1954430	1166	1	5706	132	1000	8000
123	Response	3	1960134	6870	2
124	Response	1	1962917	2781	1
125	Picture	B2T019	1980766	1165	2	7403	104	1000	8000
125	Response	1	1988167	8566	2
126	Response	2	1995292	7123	1
126	Response	3	1997555	9386	1
127	Picture	NT019	2007603	1165	2	8000	174	1000	8000
128	Response	3	2018356	2418	2
128	Response	2	2020733	4795	1
129	Picture	B1D029	2036941	1000	170	8167	172	1000	8000
130	Response	3	2046463	1354	1
130	Response	1	2054815	9706	2
133	Picture	B2T002	2104783	1166	1	7633	206	1000	8000
133	Response	3	2112415	8798	1
134	Response	1	2115257	2841	1
135	Picture	B2D029	2129786	1165	2	8000	174	1000	8000
136	Response	2	2140255	2134	1
137	Picture	B1D022	2155294	1000	166	8164	167	1000	8000
138	Response	1	2166285	2826	1
139	Picture	NT002	2183960	1165	2	8000	174	1000	8000
140	Response	3	2192477	182	1
140	Response	2	2194780	2485	1
141	Picture	ND059	2209630	1000	171	7454	267	1000	8000
141	Response	2	2217082	8452	2
143	Picture	AD069	2235467	1000	171	8001	173	1000	8000
143	Response	1	2243292	8825	1
145	Picture	ND069	2263471	1000	171	8168	172	1000	8000
146	Response	2	2275973	4333	1
147	Picture	AD079	2290308	1166	1	8000	173	1000	8000
148	Response	3	2299733	1091	1
148	Response	1	2302942	4300	1
149	Picture	AD059	2319645	1000	171	8168	172	1000	8000
150	Response	1	2328991	1177	1
151	Picture	NT039	2346816	1166	1	5297	208	1000	8000
151	Response	3	2352112	6462	1
152	Response	2	2356894	4781	1
153	Picture	B1D039	2369819	1166	1	8000	172	1000	8000
154	Response	2	2382268	4277	1
155	Picture	AT039	2396822	1000	171	6758	273	1000	8000
155	Response	3	2403579	7757	1
156	Response	1	2406278	2698	1
159	Picture	B2D039	2465498	1000	171	8168	172	1000	8000
160	Response	2	2480396	6729	2
161	Picture	B1T002	2493169	1166	1	6063	108	1000	8000
161	Response	3	2499231	7228	1
162	Response	1	2501411	2179	1
163	Picture	NT012	2518339	1166	1	8000	172	1000	8000
164	Response	3	2533743	7232	1
164	Response	2	2535554	9043	1
165	Picture	AD042	2545842	1000	170	8168	341	1000	8000
165	Response	1	2553841	8999	169
167	Picture	B2D022	2574513	1166	1	8000	172	1000	8000
168	Response	2	2584871	2186	1
169	Picture	AD052	2603350	1000	171	8168	172	1000	8000
170	Response	1	2613316	1797	1
171	Picture	B1T019	2632354	1166	1	8000	173	1000	8000
172	Response	3	2645928	5402	1
172	Response	2	2648553	8027	2
173	Picture	NT022	2660024	1000	170	8168	171	1000	8000
174	Response	1	2670627	2434	1
174	Response	3	2675572	7379	1
175	Picture	AT002	2686361	1166	1	7351	154	1000	8000
175	Response	3	2693711	8516	1
176	Response	1	2695821	2109	1
177	Picture	ND079	2714031	1165	2	8000	174	1000	8000
178	Response	2	2727295	4929	1
179	Picture	ND042	2741702	1000	170	8168	171	1000	8000
180	Response	2	2752492	2621	1
181	Picture	AT012	2767209	1003	164	6981	350	1000	8000
181	Response	3	2774189	7983	1
182	Response	1	2776552	2362	1
185	Picture	AT008	2834214	1165	1	7769	100	1000	8000
185	Response	3	2841982	8933	1
186	Response	1	2843632	1649	2
187	Picture	AT032	2862718	1166	1	8000	173	1000	8000
188	Response	1	2874075	3022	1
188	Response	3	2874341	3288	1
189	Picture	NT032	2889055	1000	171	8168	172	1000	8000
190	Response	3	2902106	4882	3
190	Response	2	2903545	6321	1
191	Picture	B2T008	2916225	1165	2	6342	165	1000	8000
191	Response	3	2922566	7506	1
192	Response	1	2923685	1118	1
193	Picture	B1D032	2942896	1166	1	8000	172	1000	8000
194	Response	2	2954483	3415	1
194	Response	3	2954909	3841	1
195	Picture	ND062	2970733	1000	170	8167	172	1000	8000
196	Response	2	2979148	247	2
197	Picture	B2T012	2999737	1166	1	8000	172	1000	8000
198	Response	3	3008392	321	2
198	Response	1	3008499	428	1
199	Picture	AT022	3027073	1000	171	7335	172	1000	8000
199	Response	1	3034283	8210	1
200	Response	3	3034284	-124	123
201	Picture	NT008	3053077	1000	171	8168	172	1000	8000
202	Response	2	3066062	4816	1
202	Response	3	3066328	5082	1
203	Picture	ND052	3079914	1166	1	8000	173	1000	8000
204	Response	2	3089808	1560	2
205	Picture	B1T012	3106589	1000	166	5580	268	1000	8000
205	Response	3	3112167	6578	2
206	Response	1	3113712	1543	1
207	Picture	AD062	3129587	1000	171	5668	172	1000	8000
207	Response	2	3135076	6489	1
208	Response	3	3140253	4998	2
208	Response	1	3143042	7787	1
211	Picture	NT018	3196930	1000	170	5834	171	1000	8000
211	Response	3	3202565	6635	2
212	Response	1	3203631	867	1
213	Picture	AT028	3221933	1000	171	8167	347	1000	8000
213	Response	3	3229932	8999	168
214	Response	1	3230825	725	1
215	Picture	B2T018	3249770	1166	1	8000	173	1000	8000
216	Response	3	3261889	3784	1
216	Response	2	3263274	5169	1
217	Picture	AD072	3277440	1000	171	8168	172	1000	8000
218	Response	2	3288185	2576	1
218	Response	1	3294854	9245	1
219	Picture	B1D028	3304611	1166	1	7521	151	1000	8000
219	Response	1	3312131	8686	1
221	Picture	NT028	3331781	1166	1	8000	173	1000	8000
222	Response	2	3343132	3016	1
222	Response	3	3345878	5762	1
223	Picture	AD048	3360618	1000	171	8168	172	1000	8000
224	Response	1	3370194	1407	1
225	Picture	ND072	3388455	1165	2	8000	173	1000	8000
226	Response	2	3399917	3127	1
227	Picture	B1T008	3414959	1000	170	5737	272	1000	8000
227	Response	3	3420695	6736	1
228	Response	2	3422768	2072	2
229	Picture	AT018	3440796	1000	170	6334	171	1000	8000
229	Response	3	3446984	7188	2
230	Response	1	3450885	3755	1
231	Picture	NT038	3464966	1000	171	8167	173	1000	8000
232	Response	3	3475716	2582	1
232	Response	2	3481590	8456	1
233	Picture	B2D032	3492636	1166	1	8000	173	1000	8000
234	Response	2	3504238	3268	1
237	Picture	ND048	3561984	1000	165	8162	167	1000	8000
238	Response	2	3570463	315	2
239	Picture	ND068	3590149	1166	1	8000	173	1000	8000
240	Response	2	3600743	2259	1
241	Picture	B2D028	3616652	1000	171	5001	172	1000	8000
241	Response	2	3621474	5822	2
243	Picture	AD058	3641489	1000	171	5114	266	1000	8000
243	Response	2	3646602	6113	1
245	Picture	AT038	3664492	1000	171	6668	172	1000	8000
245	Response	1	3670971	7479	1
246	Response	3	3672409	1249	1
247	Picture	B2T003	3691162	1000	173	8168	175	1000	8000
248	Response	1	3704139	4808	1
248	Response	3	3705736	6405	2
249	Picture	AD068	3718166	1165	1	6879	127	1000	8000
249	Response	3	3725044	8043	1
250	Response	2	3728638	3593	1
251	Picture	NT003	3745337	1166	1	8000	172	1000	8000
252	Response	3	3755542	1871	1
252	Response	2	3758521	4850	1
253	Picture	ND058	3774340	1000	171	8168	172	1000	8000
254	Response	2	3787093	4584	1
255	Picture	B1T018	3801677	1165	2	7400	107	1000	8000
255	Response	3	3809076	8564	1
256	Response	1	3810984	1907	1
257	Picture	AD078	3827348	1166	1	8000	172	1000	8000
258	Response	1	3844240	8720	1
259	Picture	B1D038	3853351	1000	171	8168	172	1000	8000
260	Response	2	3865248	3728	1
263	Picture	B1T003	3923027	1166	1	7199	140	1000	8000
263	Response	1	3930225	8364	1
264	Response	3	3931663	1437	1
265	Picture	AT013	3950031	1166	1	6192	146	1000	8000
265	Response	3	3956221	7356	2
266	Response	1	3958285	2062	1
267	Picture	ND043	3976201	1166	1	8000	172	1000	8000
268	Response	2	3989392	4857	2
269	Picture	AT003	4004543	1000	166	8162	342	1000	8000
269	Response	1	4012542	8999	163
270	Response	3	4014613	1908	1
271	Picture	B1D023	4033875	1165	1	7867	139	1000	8000
271	Response	2	4041741	9031	1
273	Picture	ND078	4063046	1166	1	8000	172	1000	8000
274	Response	2	4074260	3041	1
275	Picture	AD043	4090716	1000	171	8168	172	1000	8000
276	Response	1	4104542	5657	1
277	Picture	NT023	4119553	1165	2	5040	133	1000	8000
277	Response	3	4124592	6204	1
278	Response	2	4129800	5207	1
279	Picture	B2D038	4145057	1166	1	8000	173	1000	8000
280	Response	2	4153506	115	2
281	Picture	NT013	4173899	1000	166	8163	167	1000	8000
282	Response	3	4182604	541	1
282	Response	2	4185839	3776	1
283	Picture	B2T013	4202064	1165	2	7456	50	1000	8000
283	Response	2	4209519	8620	1
284	Response	3	4215575	6055	2
285	Picture	AD053	4228735	1166	1	6981	191	1000	8000
285	Response	2	4235715	8146	1
286	Response	1	4244703	8987	1
289	Picture	B2T007	4294910	1165	2	8000	174	1000	8000
290	Response	2	4305235	1990	1
290	Response	3	4309145	5900	1
291	Picture	B1T013	4320914	1000	171	8168	172	1000	8000
292	Response	3	4333707	4624	1
292	Response	2	4335823	6740	1
293	Picture	AT023	4346751	1166	1	6574	105	1000	8000
293	Response	3	4353324	7739	1
294	Response	1	4354708	1383	1
295	Picture	ND053	4373588	1166	1	8000	172	1000	8000
295	Response	2	4381588	9166	171
297	Picture	NT017	4400758	1000	170	8168	171	1000	8000
298	Response	3	4410198	1271	1
298	Response	2	4412874	3947	1
299	Picture	NT033	4429262	1166	1	8000	172	1000	8000
300	Response	3	4440414	2818	1
300	Response	2	4449349	11753	1
301	Picture	AT033	4455598	1000	170	6501	172	1000	8000
301	Response	3	4461984	7386	2
302	Response	1	4463475	1376	2
303	Picture	AD063	4483269	1000	170	7668	171	1000	8000
303	Response	1	4490889	8620	1
305	Picture	AT007	4508439	1000	171	7501	172	1000	8000
305	Response	1	4515754	8315	1
306	Response	3	4516660	720	1
307	Picture	NT007	4535943	1000	170	8167	172	1000	8000
308	Response	3	4544359	248	1
308	Response	2	4545318	1207	1
309	Picture	B2D023	4562113	1166	1	8000	172	1000	8000
310	Response	2	4571490	1043	2
311	Picture	B1T007	4591283	1000	171	6335	172	1000	8000
311	Response	1	4597470	7187	1
312	Response	3	4598269	651	1
315	Picture	B2D033	4656125	1000	171	8168	172	1000	8000
316	Response	3	4665286	992	1
316	Response	2	4668707	4413	1
317	Picture	AT027	4682129	1166	1	8000	172	1000	8000
317	Response	3	4690128	9165	173
318	Response	1	4690481	18	1
319	Picture	ND047	4710466	1000	171	8168	172	1000	8000
320	Response	2	4720237	1602	1
321	Picture	B1T017	4738803	1165	1	7411	103	1000	8000
321	Response	1	4746213	8575	2
322	Response	3	4746480	266	1
323	Picture	ND073	4763640	1166	1	6690	148	1000	8000
323	Response	2	4770329	7855	2
325	Picture	AD073	4787976	1165	2	8000	174	1000	8000
325	Response	3	4795975	9164	173
326	Response	1	4803980	7669	1
327	Picture	AT017	4813485	1000	165	7329	166	1000	8000
327	Response	3	4820765	8280	1
328	Response	1	4820925	111	1
329	Picture	NT027	4840150	1000	171	8168	172	1000	8000
330	Response	3	4855461	7142	1
330	Response	2	4855512	7193	2
331	Picture	ND063	4866654	1166	1	8000	172	1000	8000
332	Response	2	4876641	1653	1
333	Picture	B1D033	4893991	1000	170	7167	171	1000	8000
333	Response	1	4901016	8025	2
335	Picture	B2T017	4921328	1000	170	3929	270	1000	8000
335	Response	3	4925256	4928	1
336	Response	2	4928107	2850	2
337	Picture	AD047	4944497	1000	171	7668	172	1000	8000
337	Response	1	4952037	8540	1
341	Picture	NT037	5011178	1000	166	8163	167	1000	8000
342	Response	3	5020768	1426	1
342	Response	2	5022632	3290	1
343	Picture	AT037	5037843	1165	2	8000	174	1000	8000
344	Response	3	5046021	-157	156
344	Response	1	5047670	1492	1
345	Picture	AD067	5065013	1000	171	8168	173	1000	8000
346	Response	1	5074212	1030	1
347	Picture	AD077	5093184	1166	1	6829	176	1000	8000
347	Response	1	5100012	7994	1
349	Picture	AD057	5119021	1166	1	5877	127	1000	8000
349	Response	1	5124896	7041	2
351	Picture	B2D027	5144358	1166	1	5684	154	1000	8000
351	Response	1	5150041	6849	1
353	Picture	B1D027	5168361	1166	1	5235	109	1000	8000
353	Response	1	5173595	6400	1
355	Picture	B1D037	5192031	1166	1	6456	216	1000	8000
355	Response	2	5198486	7621	1
357	Picture	NT004	5219368	1166	1	8000	172	1000	8000
357	Response	2	5227367	9165	172
359	Picture	ND067	5247871	1000	171	7001	173	1000	8000
359	Response	2	5254768	7897	1
361	Picture	B2T004	5275542	1000	171	8168	172	1000	8000
362	Response	3	5284183	472	1
362	Response	2	5285407	1696	1
363	Picture	ND057	5304212	1165	2	8000	174	1000	8000
364	Response	2	5318168	5621	1
367	Picture	AT014	5370888	1000	171	7001	172	1000	8000
367	Response	1	5377722	7834	1
368	Response	3	5378361	472	1
369	Picture	NT024	5396391	1000	171	6582	269	1000	8000
369	Response	3	5402972	7581	1
370	Response	2	5404464	1491	1
371	Picture	B1D024	5420728	1000	171	8168	172	1000	8000
372	Response	2	5429631	734	1
372	Response	3	5431015	2118	2
373	Picture	AD044	5448565	1166	1	8000	172	1000	8000
374	Response	1	5457361	462	1
375	Picture	NT014	5477235	1000	171	8168	172	1000	8000
376	Response	3	5485754	350	1
376	Response	2	5489337	3933	1
377	Picture	ND044	5504573	1166	1	8000	172	1000	8000
378	Response	2	5515626	2719	1
379	Picture	ND077	5532076	1000	171	6334	173	1000	8000
379	Response	2	5538281	7205	2
381	Picture	B1T004	5557580	1000	170	8167	172	1000	8000
382	Response	2	5566784	1036	1
382	Response	3	5574075	8327	3
383	Picture	B2T014	5586417	1166	1	6593	106	1000	8000
383	Response	3	5593009	7758	1
384	Response	1	5595046	2036	1
385	Picture	B2D037	5611087	1166	1	7028	144	1000	8000
385	Response	3	5618114	8193	1
386	Response	2	5622137	4022	1
387	Picture	AT004	5638090	1165	2	6993	180	1000	8000
387	Response	1	5645082	8157	1
388	Response	3	5645774	691	2
389	Picture	AT024	5665261	1166	1	6623	215	1000	8000
389	Response	3	5671877	7782	7
390	Response	1	5672782	898	2
393	Picture	AD064	5729769	1165	2	8000	174	1000	8000
394	Response	1	5743207	5103	1
395	Picture	AD054	5755606	1000	171	7335	172	1000	8000
395	Response	1	5762744	8138	1
397	Picture	NT034	5780276	1000	171	8168	172	1000	8000
398	Response	3	5788827	382	2
398	Response	1	5789413	968	1
399	Picture	B2D024	5807447	1166	1	8000	172	1000	8000
399	Response	1	5815446	9165	172
401	Picture	B1T014	5836950	1000	176	8168	177	1000	8000
402	Response	2	5847974	2855	1
402	Response	3	5850669	5550	2
403	Picture	AD074	5862954	1166	1	8000	173	1000	8000
404	Response	2	5874792	3504	1
405	Picture	ND054	5889791	1000	171	7501	172	1000	8000
405	Response	2	5897138	8347	1
407	Picture	NT006	5916794	1000	171	8168	172	1000	8000
408	Response	3	5927637	2674	1
408	Response	2	5929287	4324	2
409	Picture	ND064	5943298	1166	1	8000	173	1000	8000
410	Response	3	5953776	2143	1
410	Response	2	5957230	5597	2
411	Picture	B1D034	5970640	1000	166	8163	167	1000	8000
412	Response	2	5980032	1228	1
413	Picture	B2T006	5998639	1166	1	5224	114	1000	8000
413	Response	3	6003862	6389	1
414	Response	2	6005932	2069	1
415	Picture	AT034	6021309	1166	1	6630	208	1000	8000
415	Response	3	6027938	7795	1
416	Response	1	6029057	1118	1
419	Picture	NT026	6087817	1165	2	7702	138	1000	8000
419	Response	3	6095518	8866	1
420	Response	2	6097242	1723	1
421	Picture	ND046	6113488	1166	1	8000	172	1000	8000
422	Response	3	6121659	-1	164
422	Response	2	6123461	1801	1
423	Picture	B2T016	6142491	1000	171	6774	267	1000	8000
423	Response	3	6149264	7773	1
424	Response	1	6150489	1224	1
425	Picture	AT016	6169500	1000	166	6757	270	1000	8000
425	Response	3	6176255	7755	2
426	Response	1	6178079	1822	1
427	Picture	B2D034	6195165	1000	171	7334	173	1000	8000
427	Response	3	6202355	8190	1
428	Response	2	6205852	3353	1
429	Picture	B1T006	6221502	1000	171	7501	172	1000	8000
429	Response	3	6228800	8298	2
430	Response	2	6229493	490	1
431	Picture	AT006	6246672	1000	171	5501	172	1000	8000
431	Response	3	6251988	6316	1
432	Response	1	6253556	1383	1
433	Picture	AD056	6272509	1000	170	7001	171	1000	8000
433	Response	3	6279405	7896	1
434	Response	2	6284071	4561	1
435	Picture	ND074	6297679	1000	170	8168	171	1000	8000
436	Response	3	6306038	190	1
436	Response	2	6313451	7603	2
437	Picture	B1D026	6324016	1166	1	8000	172	1000	8000
438	Response	2	6333874	1524	1
439	Picture	NT016	6353520	1000	170	5334	171	1000	8000
439	Response	3	6358805	6285	1
440	Response	2	6361597	2743	1
441	Picture	AD046	6377523	1000	171	7106	273	1000	8000
441	Response	2	6384628	8105	2
445	Picture	AT005	6445365	1000	171	8168	172	1000	8000
446	Response	1	6455223	1689	1
446	Response	3	6464241	10707	1
447	Picture	B1T016	6472536	1166	1	5327	178	1000	8000
447	Response	3	6477862	6492	1
448	Response	1	6479529	1666	1
449	Picture	NT005	6498706	1166	1	8000	172	1000	8000
450	Response	3	6507043	3	1
450	Response	2	6509132	2092	2
451	Picture	B1D036	6527376	1000	171	8168	172	1000	8000
452	Response	1	6538916	3371	1
453	Picture	B2D026	6555213	1165	2	6825	182	1000	8000
453	Response	1	6562037	7989	1
455	Picture	B2T005	6581884	1166	1	6859	146	1000	8000
455	Response	1	6588742	8024	1
456	Response	3	6590499	1756	1
457	Picture	ND056	6609054	1166	1	8000	173	1000	8000
458	Response	2	6619327	1939	1
459	Picture	AD066	6635891	1000	171	8168	172	1000	8000
460	Response	1	6648625	4565	1
461	Picture	AT026	6664228	1166	1	6940	104	1000	8000
461	Response	1	6671167	8105	1
462	Response	3	6673393	2225	1
463	Picture	NT036	6690565	1166	1	8000	172	1000	8000
464	Response	2	6699802	903	1
464	Response	3	6703030	4131	1
465	Picture	ND066	6718735	1000	171	8168	172	1000	8000
466	Response	2	6727442	538	1
467	Picture	AT036	6745406	1166	1	8000	177	1000	8000
468	Response	3	6755036	1451	1
468	Response	1	6758161	4576	1
471	Picture	B2D036	6814081	1000	171	8168	172	1000	8000
472	Response	2	6829104	6854	2
473	Picture	ND045	6841252	1166	1	6429	105	1000	8000
473	Response	2	6847680	7594	1
475	Picture	NT015	6868422	1166	1	8000	173	1000	8000
476	Response	2	6881956	5199	1
476	Response	3	6882542	5785	1
477	Picture	B2T015	6894425	1000	171	8168	173	1000	8000
478	Response	3	6902594	0	175
478	Response	2	6905310	2716	1
479	Picture	B1T005	6920762	1165	2	5603	103	1000	8000
479	Response	3	6926364	6767	1
480	Response	2	6929625	3260	2
481	Picture	ND055	6945266	1166	1	8000	172	1000	8000
482	Response	2	6954930	1330	1
483	Picture	AT015	6974770	1000	170	8167	172	1000	8000
484	Response	3	6984244	1306	1
484	Response	1	6986280	3342	1
485	Picture	ND076	7000940	1166	1	7770	104	1000	8000
485	Response	2	7008709	8935	1
487	Picture	AD076	7028777	1166	1	8000	173	1000	8000
488	Response	1	7037448	337	1
489	Picture	AT025	7056280	1000	171	7594	276	1000	8000
489	Response	1	7063873	8593	1
490	Response	3	7064992	1118	1
491	Picture	AD045	7083284	1000	171	6835	172	1000	8000
491	Response	2	7089996	7712	1
493	Picture	B1D025	7111455	1000	170	8167	172	1000	8000
494	Response	2	7119809	186	1
497	Picture	AD065	7178964	1166	1	8000	172	1000	8000
498	Response	2	7190956	3658	1
499	Picture	B1T015	7204967	1000	171	7278	273	1000	8000
499	Response	3	7212244	8277	1
500	Response	2	7221308	9063	1
501	Picture	B2D035	7232471	1000	170	8168	171	1000	8000
502	Response	1	7241781	1141	1
503	Picture	AD055	7259808	1166	1	7351	154	1000	8000
503	Response	1	7267158	8516	1
505	Picture	B1D035	7286311	1165	2	8000	174	1000	8000
506	Response	2	7296918	2272	1
507	Picture	B2D025	7312482	1000	170	7615	265	1000	8000
507	Response	1	7320095	8613	2
509	Picture	NT035	7338990	1000	166	8163	167	1000	8000
510	Response	1	7354947	7793	1
511	Picture	ND075	7367822	1165	2	8000	181	1000	8000
512	Response	2	7377293	1292	1
513	Picture	NT025	7395826	1000	171	7335	172	1000	8000
513	Response	3	7402950	8124	1
514	Response	2	7407415	4254	2
515	Picture	ND065	7422496	1000	171	8168	172	1000	8000
516	Response	2	7438107	7442	1
517	Picture	AT035	7450667	1166	1	6483	189	1000	8000
517	Response	3	7457148	7647	2
518	Response	1	7458639	1489	2
519	Picture	AD075	7475837	1166	1	8000	172	1000	8000
520	Response	3	7485677	1667	1
520	Response	1	7487697	3687	1
