Scenario - for study
Logfile written - 2016/1/15 12:55:50

Trial	Event Type	Code	Time	TTime	Uncertainty	Duration	Uncertainty	ReqTime	ReqDur

1	Response	4	434860	434860	1
3	Picture	B2D030	441226	1000	171	6668	172	1000	8000
3	Response	1	447811	7585	1
5	Picture	ND060	465563	1000	171	5167	173	1000	8000
5	Response	1	470633	6070	1
7	Picture	AT010	488399	1000	171	8168	172	1000	8000
8	Response	3	498809	2241	1
8	Response	1	509707	13139	1
9	Picture	B2D040	517070	1166	1	8000	173	1000	8000
10	Response	1	527963	2559	1
11	Picture	AD060	544240	1000	171	8168	172	1000	8000
12	Response	3	552772	363	1
12	Response	1	561869	9460	2
13	Picture	B1T010	570577	1165	1	8000	173	1000	8000
14	Response	3	587995	9245	1
15	Response	1	596794	547	1
17	Picture	ND070	618084	1166	1	7609	63	1000	8000
17	Response	1	625692	8774	1
19	Picture	B1D030	644754	1166	1	8000	172	1000	8000
20	Response	2	657818	4730	1
21	Picture	NT010	673091	1000	171	8167	342	1000	8000
21	Response	3	681090	8999	169
22	Response	1	688899	7641	1
23	Picture	AT020	698594	1165	2	8000	174	1000	8000
24	Response	1	709441	2512	1
24	Response	3	713820	6891	1
25	Picture	AD050	724431	1000	171	8168	172	1000	8000
26	Response	2	741434	8834	1
29	Picture	AD080	792940	1165	2	8000	174	1000	8000
30	Response	1	809460	8185	1
31	Picture	B1D040	821111	1000	171	7001	172	1000	8000
31	Response	1	828055	7944	1
33	Picture	ND080	847781	1000	171	8168	172	1000	8000
34	Response	1	861519	5569	1
35	Picture	NT040	873785	1166	1	7408	97	1000	8000
35	Response	2	881192	8573	1
37	Picture	AT040	900788	1165	2	7959	214	1000	8000
37	Response	3	908746	9123	1
38	Response	1	913604	4857	1
39	Picture	NT020	929626	1166	1	8000	172	1000	8000
40	Response	1	938217	257	1
40	Response	3	947261	9301	1
41	Picture	B2T020	957796	1000	171	8168	172	1000	8000
42	Response	3	968994	3029	1
42	Response	1	979896	13931	1
43	Picture	B2T010	985466	1165	2	6591	83	1000	8000
43	Response	3	992055	7754	2
44	Response	2	998272	6215	1
45	Picture	NT030	1009803	1166	1	4536	136	1000	8000
45	Response	3	1014338	5701	1
46	Response	2	1020058	5719	2
47	Picture	AT030	1033806	1165	1	5175	164	1000	8000
47	Response	3	1038980	6339	1
48	Response	1	1043675	4694	2
49	Picture	AD070	1056976	1166	1	8000	173	1000	8000
50	Response	1	1067192	2043	2
51	Picture	B1T020	1083813	1000	171	7668	172	1000	8000
51	Response	3	1091322	8509	1
52	Response	1	1097438	5957	1
55	Picture	AT001	1149988	1000	171	8168	172	1000	8000
56	Response	3	1159324	1167	1
56	Response	1	1163859	5702	2
57	Picture	NT011	1178992	1165	2	5660	180	1000	8000
57	Response	3	1184651	6824	2
58	Response	2	1188981	4329	1
59	Picture	B2T001	1202829	1166	1	4123	216	1000	8000
59	Response	3	1206951	5288	1
60	Response	1	1213533	6581	1
61	Picture	AD051	1224665	1166	1	8000	173	1000	8000
62	Response	1	1234651	1813	1
63	Picture	B1D021	1253336	1000	170	8167	172	1000	8000
64	Response	1	1261776	272	1
65	Picture	ND041	1280506	1166	1	8000	173	1000	8000
66	Response	2	1291345	2505	1
67	Picture	AD041	1308176	1000	171	8168	172	1000	8000
68	Response	1	1317046	701	1
69	Picture	B1T001	1337347	1166	1	3509	163	1000	8000
69	Response	3	1340855	4674	1
70	Response	1	1345834	4978	1
71	Picture	B2D021	1360350	1166	1	8000	173	1000	8000
72	Response	1	1372163	3478	1
73	Picture	ND051	1388687	1000	172	8168	173	1000	8000
74	Response	2	1399593	2737	1
75	Picture	NT001	1416527	1002	165	3653	347	1000	8000
75	Response	3	1420178	4653	2
76	Response	2	1426970	6790	2
77	Picture	AD061	1439694	1166	1	8000	173	1000	8000
77	Response	1	1447693	9165	173
81	Picture	NT009	1506208	1000	167	8163	168	1000	8000
82	Response	3	1514893	521	1
82	Response	2	1524709	10337	1
83	Picture	B2T011	1533373	1165	2	4855	152	1000	8000
83	Response	3	1538226	6018	2
84	Response	2	1544163	5935	1
85	Picture	AT011	1559043	1165	2	4226	114	1000	8000
85	Response	3	1563268	5390	1
86	Response	1	1566642	3373	1
87	Picture	AT031	1581380	1166	1	4334	171	1000	8000
87	Response	3	1585713	5499	1
88	Response	1	1590905	5191	1
89	Picture	B2T009	1606550	1166	1	8000	172	1000	8000
90	Response	1	1614888	166	2
90	Response	2	1625922	11200	1
90	Response	3	1629846	15124	1
91	Picture	AD071	1633387	1000	171	8168	172	1000	8000
92	Response	1	1645809	4253	1
93	Picture	NT021	1660557	1166	1	7599	74	1000	8000
93	Response	3	1668155	8764	1
94	Response	2	1682168	14012	1
95	Picture	AT021	1687394	1166	1	6392	114	1000	8000
95	Response	3	1693785	7557	1
96	Response	1	1702231	8445	1
97	Picture	B1D031	1711564	1166	1	8000	173	1000	8000
98	Response	1	1724550	4813	1
99	Picture	NT031	1739067	1000	171	8168	173	1000	8000
100	Response	3	1747561	325	1
100	Response	2	1755874	8638	1
101	Picture	B1T011	1767405	1166	1	4453	51	1000	8000
101	Response	3	1771857	5618	1
102	Response	1	1776768	4910	2
103	Picture	ND061	1792075	1166	1	8000	172	1000	8000
104	Response	2	1805320	4911	2
107	Picture	AT019	1861422	1000	167	7663	168	1000	8000
107	Response	3	1868874	8452	1
108	Response	1	1878008	8923	2
109	Picture	B1T009	1888421	1000	171	3667	172	1000	8000
109	Response	3	1892038	4617	1
110	Response	1	1896164	4076	2
111	Picture	AT009	1910257	1000	171	4501	172	1000	8000
111	Response	3	1914663	5406	1
112	Response	1	1917578	2820	1
113	Picture	ND071	1934260	1000	171	4334	173	1000	8000
113	Response	3	1938516	5256	2
114	Response	2	1954925	16331	2
115	Picture	B2T019	1956102	1000	167	8163	168	1000	8000
116	Response	1	1969472	5206	1
116	Response	3	1969525	5259	1
117	Picture	AT029	1985434	1166	1	7805	201	1000	8000
117	Response	3	1993238	8970	1
118	Response	1	1999717	6478	1
119	Picture	NT029	2011771	1166	1	7377	129	1000	8000
119	Response	3	2019147	8542	2
120	Response	2	2023806	4658	1
121	Picture	ND049	2037941	1166	1	8000	173	1000	8000
122	Response	2	2049320	3206	1
123	Picture	B2D031	2063444	1000	171	8168	172	1000	8000
124	Response	2	2075326	3713	1
125	Picture	AD049	2091617	1001	166	8000	336	1000	8000
126	Response	3	2101359	1410	1
126	Response	1	2109026	9077	1
127	Picture	NT019	2119957	1000	166	8163	167	1000	8000
128	Response	3	2128949	828	1
128	Response	2	2136437	8316	1
129	Picture	B1D029	2146622	1165	2	8000	174	1000	8000
130	Response	2	2160792	5835	2
133	Picture	NT002	2216303	1000	167	8163	168	1000	8000
134	Response	3	2224945	478	1
134	Response	2	2230652	6185	1
135	Picture	B1D039	2243635	1165	2	8000	174	1000	8000
136	Response	2	2254109	2301	1
137	Picture	B2D029	2271472	1000	171	8168	172	1000	8000
138	Response	1	2280957	1316	1
139	Picture	B1D022	2300143	1166	1	8000	173	1000	8000
140	Response	2	2313469	5153	1
141	Picture	ND069	2328980	1000	171	8168	172	1000	8000
142	Response	2	2343109	5960	1
143	Picture	ND059	2358151	1166	1	8000	173	1000	8000
144	Response	1	2370520	4035	1
145	Picture	AT039	2384321	1000	171	6167	173	1000	8000
145	Response	3	2390320	6999	1
146	Response	1	2396699	6211	1
147	Picture	B2T002	2411324	1000	171	8002	172	1000	8000
147	Response	1	2419125	8801	1
148	Response	3	2419126	-200	200
149	Picture	NT039	2437661	1000	171	6668	172	1000	8000
149	Response	1	2444163	7502	2
150	Response	3	2444165	-164	164
151	Picture	AD059	2464332	1000	170	8167	172	1000	8000
152	Response	1	2473457	957	1
153	Picture	AD069	2493836	1166	1	8000	173	1000	8000
154	Response	1	2504188	2179	1
155	Picture	AD079	2522845	1000	166	8162	167	1000	8000
156	Response	1	2531008	0	170
159	Picture	NT012	2589682	1166	1	7161	178	1000	8000
159	Response	3	2596842	8326	1
160	Response	2	2601484	4641	2
161	Picture	B2D039	2614685	1165	1	8000	173	1000	8000
162	Response	1	2626682	3825	1
163	Picture	B1T002	2640854	1001	172	7336	173	1000	8000
163	Response	3	2648068	8215	3
164	Response	1	2654029	5839	2
165	Picture	ND079	2667531	1000	165	8162	167	1000	8000
166	Response	2	2678621	2927	1
167	Picture	AT012	2695029	1165	2	8000	174	1000	8000
168	Response	3	2706638	3274	1
168	Response	1	2706744	3380	1
169	Picture	AD052	2722366	1000	171	8168	172	1000	8000
170	Response	1	2732098	1563	1
171	Picture	NT022	2750537	1166	1	3508	164	1000	8000
171	Response	2	2754044	4673	1
172	Response	2	2764131	10086	1
172	Response	3	2768293	14248	2
173	Picture	AD042	2773207	1166	1	8000	172	1000	8000
174	Response	1	2783555	2014	1
175	Picture	B2D022	2799548	1000	166	8163	167	1000	8000
176	Response	1	2809784	2072	1
177	Picture	ND042	2825380	1162	1	8000	173	1000	8000
178	Response	2	2835624	2071	1
179	Picture	AT002	2854051	1000	170	8001	171	1000	8000
179	Response	3	2861963	8912	1
180	Response	1	2861964	-88	87
181	Picture	B1T019	2880054	1000	171	8168	172	1000	8000
182	Response	3	2889506	1283	2
182	Response	2	2894824	6601	1
185	Picture	B1D032	2949564	1166	1	8000	172	1000	8000
186	Response	1	2958694	958	1
187	Picture	ND052	2977734	1000	171	8168	172	1000	8000
188	Response	2	2986358	455	1
189	Picture	NT008	3006571	1165	1	7274	65	1000	8000
189	Response	3	3013844	8438	1
190	Response	2	3021365	7520	1
191	Picture	B1T012	3032575	1166	1	5975	197	1000	8000
191	Response	3	3038549	7140	1
192	Response	2	3046336	7786	1
193	Picture	B2T012	3059412	1166	1	7542	130	1000	8000
193	Response	1	3066953	8707	1
194	Response	3	3066954	0	129
195	Picture	AD062	3086582	1166	1	8000	173	1000	8000
196	Response	1	3095111	195	2
197	Picture	NT032	3113085	1000	176	8168	352	1000	8000
197	Response	3	3121084	8999	169
198	Response	2	3126997	5744	1
199	Picture	ND062	3139922	1165	2	8000	174	1000	8000
200	Response	1	3149027	770	1
201	Picture	AT032	3168426	1000	171	6334	173	1000	8000
201	Response	3	3174673	7247	2
202	Response	2	3179811	5051	1
203	Picture	B2T008	3195263	1000	171	7501	172	1000	8000
203	Response	3	3202620	8357	1
204	Response	1	3202621	-143	143
205	Picture	AT022	3221267	1000	170	8167	172	1000	8000
206	Response	1	3229958	523	1
206	Response	3	3230010	575	1
207	Picture	AT008	3248770	1165	2	8000	174	1000	8000
208	Response	3	3257960	1017	2
208	Response	1	3258014	1071	1
211	Picture	AT028	3318113	1000	171	7501	172	1000	8000
211	Response	3	3325440	8327	1
212	Response	1	3325441	-173	173
213	Picture	ND072	3346950	1000	171	8168	172	1000	8000
214	Response	1	3357423	2304	1
215	Picture	NT038	3374120	1165	2	8000	174	1000	8000
216	Response	3	3383416	1123	1
216	Response	2	3383629	1336	1
217	Picture	B2T018	3402624	1000	171	8168	172	1000	8000
218	Response	3	3413948	3155	1
218	Response	2	3417348	6555	2
219	Picture	B1D028	3429961	1165	2	8000	174	1000	8000
220	Response	1	3438882	586	2
221	Picture	AT018	3455631	1000	171	7501	173	1000	8000
221	Response	3	3463022	8391	1
222	Response	2	3467720	4588	2
223	Picture	NT028	3483140	1000	167	6663	168	1000	8000
223	Response	3	3489594	7454	1
224	Response	1	3495407	5604	1
225	Picture	AD048	3508977	1000	166	8163	167	1000	8000
226	Response	1	3520618	3477	1
227	Picture	NT018	3537309	1166	1	6811	195	1000	8000
227	Response	3	3544119	7976	1
228	Response	1	3544120	0	194
229	Picture	B1T008	3565313	1166	1	8000	172	1000	8000
230	Response	2	3573676	29	1
230	Response	3	3574262	615	1
231	Picture	AD072	3592654	1000	166	8164	167	1000	8000
232	Response	1	3601732	913	1
233	Picture	B2D032	3621820	1165	2	8000	174	1000	8000
234	Response	3	3633721	3566	1
234	Response	2	3640194	10039	1
237	Picture	AD068	3689996	1000	172	8168	173	1000	8000
238	Response	1	3700975	2810	1
239	Picture	B2D028	3717833	1165	1	8000	173	1000	8000
240	Response	2	3727271	1265	1
241	Picture	AD078	3745170	1000	171	8001	173	1000	8000
241	Response	1	3753104	8934	1
243	Picture	ND048	3771507	1000	171	8168	172	1000	8000
244	Response	2	3782108	2432	1
245	Picture	B1D038	3798177	1165	2	8000	174	1000	8000
246	Response	1	3810870	4358	1
247	Picture	AT038	3827020	1000	166	7829	167	1000	8000
247	Response	1	3834681	8661	1
248	Response	3	3834682	-167	167
249	Picture	ND068	3853851	1000	170	8001	339	1000	8000
250	Response	1	3863651	1630	1
251	Picture	AD058	3880188	1165	2	8000	173	1000	8000
252	Response	2	3891827	3466	1
253	Picture	NT003	3906192	1000	171	7001	172	1000	8000
253	Response	1	3913122	7930	2
254	Response	3	3913123	-70	69
255	Picture	ND058	3930695	1000	171	8168	172	1000	8000
256	Response	1	3940202	1338	1
257	Picture	B1T018	3958366	1166	1	8000	172	1000	8000
258	Response	1	3967377	677	2
258	Response	3	3967429	729	1
259	Picture	B2T003	3987536	1000	171	7168	172	1000	8000
259	Response	3	3994528	7992	1
260	Response	1	3994529	-175	174
263	Picture	B2T013	4052550	1000	165	8163	166	1000	8000
264	Response	3	4061964	1250	1
264	Response	2	4066180	5466	2
265	Picture	AT013	4079215	1166	1	8000	173	1000	8000
266	Response	3	4088693	1143	1
266	Response	1	4088799	1249	1
267	Picture	ND043	4107886	1000	171	8167	173	1000	8000
267	Response	2	4115857	8971	1
269	Picture	ND078	4135389	1000	171	8168	172	1000	8000
270	Response	2	4149374	5816	1
271	Picture	B2D038	4164226	1165	2	8000	174	1000	8000
272	Response	2	4173739	1178	1
273	Picture	AT003	4193064	1000	170	7334	171	1000	8000
273	Response	3	4200195	8131	1
274	Response	1	4200196	-202	202
275	Picture	NT023	4218734	1000	171	7834	172	1000	8000
275	Response	3	4226358	8624	1
276	Response	2	4230584	4016	1
277	Picture	B1D023	4246237	1000	171	8168	172	1000	8000
278	Response	1	4255116	710	2
279	Picture	AD053	4274075	1166	1	8000	172	1000	8000
280	Response	2	4282653	244	2
281	Picture	NT013	4299750	1000	165	8162	167	1000	8000
282	Response	3	4308536	623	1
282	Response	2	4316160	8247	1
283	Picture	B1T003	4327248	1161	2	7455	51	1000	8000
283	Response	3	4334702	8615	1
284	Response	2	4335341	638	1
285	Picture	AD043	4353254	1001	166	8000	335	1000	8000
286	Response	1	4361423	-1	165
289	Picture	NT007	4421761	1000	171	8168	172	1000	8000
290	Response	3	4430507	577	2
290	Response	2	4435895	5965	1
291	Picture	AT023	4450767	1001	166	7257	245	1000	8000
291	Response	1	4458022	8256	2
292	Response	3	4458023	-1	80
293	Picture	NT017	4477602	1166	1	6734	105	1000	8000
293	Response	1	4484335	7899	1
294	Response	3	4484336	0	104
295	Picture	AT007	4502939	1166	1	7496	176	1000	8000
295	Response	1	4510434	8661	1
296	Response	3	4510435	0	175
297	Picture	B1T007	4528109	1166	1	7154	185	1000	8000
297	Response	1	4535262	8319	1
298	Response	3	4535263	0	184
299	Picture	ND053	4555279	1166	1	8000	173	1000	8000
300	Response	2	4568093	4641	1
301	Picture	B2T007	4584116	1000	171	6668	172	1000	8000
301	Response	3	4590705	7589	1
302	Response	1	4590706	-78	77
303	Picture	B1T013	4608786	1000	171	8168	172	1000	8000
304	Response	3	4617593	638	1
304	Response	2	4620252	3297	1
305	Picture	AT033	4637457	1166	1	8000	172	1000	8000
306	Response	3	4647652	2023	1
306	Response	1	4648238	2609	2
307	Picture	B2D023	4666794	1000	171	8168	172	1000	8000
308	Response	2	4676804	1841	1
309	Picture	AD063	4693631	1166	1	6790	215	1000	8000
309	Response	1	4700420	7955	1
311	Picture	NT033	4718134	1166	1	7701	138	1000	8000
311	Response	3	4725834	8866	1
312	Response	2	4729272	3437	1
315	Picture	AT017	4786977	1166	1	7680	159	1000	8000
315	Response	1	4794656	8845	1
316	Response	3	4794657	0	158
317	Picture	B1D033	4812647	1166	1	7373	133	1000	8000
317	Response	2	4820019	8538	1
319	Picture	AD073	4840151	1166	1	8000	172	1000	8000
320	Response	3	4849003	518	2
320	Response	2	4865842	17357	1
321	Picture	ND073	4867154	1000	171	8168	172	1000	8000
323	Picture	AD047	4895658	1166	1	5143	196	1000	8000
323	Response	2	4900800	6308	1
325	Picture	AT027	4921661	1165	2	8000	174	1000	8000
325	Response	3	4929660	9164	173
325	Response	1	4929660	9164	173
327	Picture	ND063	4947331	1000	171	8168	172	1000	8000
328	Response	2	4956117	617	1
329	Picture	ND047	4974669	1166	1	7528	144	1000	8000
329	Response	1	4982196	8693	1
331	Picture	B2D033	5002839	1166	1	8000	173	1000	8000
332	Response	1	5011438	426	1
333	Picture	B1T017	5031009	1000	171	6835	172	1000	8000
333	Response	2	5037719	7710	2
334	Response	3	5044245	6401	1
335	Picture	NT027	5058846	1000	171	8168	172	1000	8000
336	Response	1	5069293	2278	1
336	Response	3	5069560	2545	1
337	Picture	B2T017	5086350	1165	1	8000	173	1000	8000
338	Response	1	5095141	456	1
338	Response	3	5095193	508	1
341	Picture	AD067	5153692	1000	171	8168	172	1000	8000
342	Response	2	5165285	3424	1
343	Picture	AT037	5180029	1165	2	8000	174	1000	8000
343	Response	1	5188028	9164	173
343	Response	3	5188028	9164	173
345	Picture	NT037	5206700	1000	170	6167	171	1000	8000
345	Response	3	5212795	7095	1
346	Response	1	5213008	141	1
347	Picture	ND067	5231369	1000	171	8168	173	1000	8000
348	Response	2	5241693	2155	1
349	Picture	NT004	5258873	1165	2	6758	82	1000	8000
349	Response	1	5265630	7922	1
350	Response	3	5265736	105	1
351	Picture	ND057	5285710	1165	1	7953	52	1000	8000
351	Response	2	5293662	9117	1
353	Picture	AD057	5311214	1166	1	8000	172	1000	8000
354	Response	1	5322248	2862	1
355	Picture	B2T004	5338717	1000	171	7668	172	1000	8000
355	Response	1	5346185	8468	1
356	Response	3	5346186	-199	199
357	Picture	AD077	5364221	1000	170	8168	171	1000	8000
358	Response	1	5374922	2532	1
359	Picture	B1D037	5393391	1165	2	8000	174	1000	8000
360	Response	1	5402789	1225	1
361	Picture	B2D027	5419899	1000	168	8164	169	1000	8000
362	Response	2	5428911	847	2
363	Picture	B1D027	5446232	1166	1	8000	173	1000	8000
364	Response	1	5456342	1776	1
367	Picture	ND044	5513741	1000	171	8168	172	1000	8000
368	Response	2	5534963	13053	1
369	Picture	B2T014	5542411	1165	2	8000	174	1000	8000
370	Response	3	5552490	1906	1
370	Response	1	5565012	14428	2
371	Picture	AT004	5569748	1000	171	8168	172	1000	8000
372	Response	1	5579269	1352	1
372	Response	3	5579375	1458	1
373	Picture	AT014	5595919	1166	1	8000	172	1000	8000
374	Response	1	5607146	3055	1
374	Response	3	5607252	3161	1
375	Picture	ND077	5622089	1000	170	8167	172	1000	8000
376	Response	2	5635561	5304	1
377	Picture	B2D037	5648092	1166	1	8000	173	1000	8000
378	Response	1	5658645	2218	1
379	Picture	B1T004	5677268	1000	165	5162	166	1000	8000
379	Response	3	5682242	5974	1
380	Response	1	5686537	4107	3
381	Picture	AT024	5700432	1000	171	5668	172	1000	8000
381	Response	1	5705999	6567	1
382	Response	3	5706106	6	1
383	Picture	NT024	5725608	1000	164	5162	165	1000	8000
383	Response	1	5730674	6066	1
384	Response	3	5730940	170	2
385	Picture	NT014	5749944	1000	166	8163	167	1000	8000
386	Response	2	5767442	9334	1
387	Picture	AD044	5778943	1166	1	8000	173	1000	8000
388	Response	1	5789389	2111	1
389	Picture	B1D024	5806113	1000	171	8168	172	1000	8000
390	Response	1	5814282	0	170
393	Picture	NT034	5875123	1166	1	8000	172	1000	8000
394	Response	3	5887164	3869	1
394	Response	2	5892126	8831	1
395	Picture	ND064	5901126	1000	171	8168	172	1000	8000
396	Response	1	5910997	1702	1
397	Picture	AD074	5928130	1166	1	8000	172	1000	8000
398	Response	1	5937859	1395	1
399	Picture	B2D024	5957467	1000	171	7501	172	1000	8000
399	Response	1	5964810	8343	1
401	Picture	NT006	5984476	1000	168	8162	170	1000	8000
402	Response	3	5993176	537	1
402	Response	2	5997152	4513	2
403	Picture	B1T014	6012974	1165	2	7464	210	1000	8000
403	Response	1	6020437	8628	1
404	Response	3	6027741	7303	1
405	Picture	AD064	6038811	1165	1	8000	173	1000	8000
406	Response	2	6047558	412	1
407	Picture	AT034	6064981	1000	171	7668	172	1000	8000
407	Response	3	6072446	8465	1
408	Response	1	6072447	-202	202
409	Picture	AD054	6092152	1000	170	8167	172	1000	8000
410	Response	1	6102841	2520	1
411	Picture	ND054	6117989	1166	1	8000	171	1000	8000
412	Response	2	6128555	2232	1
413	Picture	B2T006	6146497	1000	167	7163	168	1000	8000
413	Response	3	6153612	8115	2
414	Response	1	6159822	6162	1
414	Response	2	6160987	7327	1
415	Picture	B1D034	6172162	1000	171	8168	172	1000	8000
416	Response	1	6183868	3537	2
419	Picture	AT006	6239338	1166	1	8000	174	1000	8000
419	Response	3	6247337	9165	175
420	Response	1	6250570	3057	1
421	Picture	B1T006	6268008	1000	171	7002	172	1000	8000
421	Response	1	6274936	7928	1
422	Response	3	6274937	-73	72
423	Picture	AT016	6293679	1000	170	7834	171	1000	8000
423	Response	3	6301354	8675	1
424	Response	2	6304452	2939	1
425	Picture	AD056	6321516	1000	170	7834	171	1000	8000
425	Response	1	6329144	8628	1
427	Picture	AD046	6347686	1000	171	8168	172	1000	8000
428	Response	2	6360308	4453	1
429	Picture	NT016	6373856	1165	1	4999	173	1000	8000
429	Response	3	6378854	6163	1
430	Response	2	6384534	5679	1
431	Picture	ND046	6399526	1165	2	8000	174	1000	8000
432	Response	1	6408637	776	1
433	Picture	B1D026	6425863	1000	487	8168	488	1000	8000
434	Response	1	6434032	0	170
435	Picture	ND074	6454700	1165	2	7109	65	1000	8000
435	Response	2	6461807	8272	2
437	Picture	B2D034	6479204	1166	1	7303	207	1000	8000
437	Response	2	6486506	8468	1
439	Picture	B2T016	6505040	1165	2	8000	174	1000	8000
440	Response	3	6515002	1627	1
440	Response	1	6515055	1680	1
441	Picture	NT026	6531377	1000	171	8001	172	1000	8000
441	Response	3	6539300	8923	2
442	Response	2	6543038	3660	1
445	Picture	B2D026	6599558	1000	167	8163	168	1000	8000
446	Response	2	6610913	3191	2
447	Picture	B1D036	6626224	1000	583	8000	754	1000	8000
448	Response	1	6635802	1244	1
449	Picture	AT026	6652227	1000	170	8001	171	1000	8000
449	Response	3	6660077	8850	1
450	Response	2	6663814	3586	1
451	Picture	NT036	6678063	1000	171	8168	172	1000	8000
452	Response	3	6688340	2108	1
452	Response	1	6693644	7412	1
453	Picture	NT005	6705234	1166	1	7120	51	1000	8000
453	Response	1	6712353	8285	1
454	Response	3	6712459	105	2
455	Picture	ND056	6729737	1165	1	8000	173	1000	8000
456	Response	2	6738416	344	1
457	Picture	AT005	6759074	1000	171	8168	172	1000	8000
458	Response	3	6770279	3036	1
458	Response	2	6770705	3462	1
459	Picture	AD066	6785745	1166	1	6971	201	1000	8000
459	Response	1	6792714	8135	1
461	Picture	B1T016	6810581	1165	2	8000	174	1000	8000
462	Response	1	6819940	1024	1
462	Response	3	6819991	1075	1
463	Picture	B2T005	6837918	1000	171	8168	341	1000	8000
463	Response	3	6845917	8999	169
464	Response	2	6849665	3579	1
465	Picture	AT036	6864589	1166	1	6571	101	1000	8000
465	Response	3	6871159	7736	2
466	Response	1	6871266	106	1
467	Picture	ND066	6890592	1166	1	8000	173	1000	8000
468	Response	2	6899471	545	2
471	Picture	B1D025	6958939	1000	166	8163	168	1000	8000
472	Response	2	6967846	743	2
473	Picture	ND045	6988272	1166	1	7555	117	1000	8000
473	Response	1	6995826	8720	1
475	Picture	AT025	7014112	1002	165	7745	255	1000	8000
475	Response	3	7021855	8745	2
476	Response	2	7025659	3802	1
477	Picture	ND055	7040779	1166	1	8000	172	1000	8000
478	Response	2	7052827	3714	1
479	Picture	AD076	7068795	1000	158	8155	160	1000	8000
480	Response	1	7079888	2937	1
481	Picture	NT015	7097286	1165	2	7225	116	1000	8000
481	Response	3	7104510	8389	1
482	Response	2	7108709	4198	2
483	Picture	B2D036	7123123	1165	1	8000	173	1000	8000
483	Response	1	7131122	9164	173
485	Picture	B2T015	7149465	1000	167	8163	168	1000	8000
486	Response	3	7158596	967	1
486	Response	2	7161943	4314	1
487	Picture	B1T005	7175964	1166	1	8000	172	1000	8000
488	Response	1	7184901	765	1
488	Response	3	7185114	978	2
489	Picture	AD045	7204801	1000	170	8001	171	1000	8000
489	Response	1	7212678	8877	1
491	Picture	AT015	7232971	1000	171	3834	172	1000	8000
491	Response	3	7236677	4706	2
492	Response	1	7241662	4857	2
493	Picture	ND076	7256146	1000	167	8163	168	1000	8000
494	Response	2	7265898	1588	1
497	Picture	B2D035	7323650	1164	1	8000	173	1000	8000
498	Response	2	7336074	4089	1
499	Picture	AD065	7352826	1000	165	8162	336	1000	8000
499	Response	1	7360825	8999	163
501	Picture	AT035	7381324	1165	2	7751	90	1000	8000
501	Response	3	7389074	8915	2
502	Response	2	7391823	2748	1
503	Picture	NT035	7408328	1165	1	7070	103	1000	8000
503	Response	3	7415397	8234	1
504	Response	1	7415876	478	2
505	Picture	AD075	7433331	1165	2	7920	87	1000	8000
505	Response	1	7441250	9084	1
507	Picture	B1D035	7459168	1165	2	8000	174	1000	8000
508	Response	1	7468587	1246	2
509	Picture	AD055	7486844	1000	170	8162	172	1000	8000
510	Response	2	7495965	958	1
511	Picture	NT025	7512179	1003	164	8000	332	1000	8000
512	Response	3	7521212	864	2
512	Response	2	7524101	3753	1
513	Picture	B1T015	7538179	1000	170	7501	171	1000	8000
513	Response	1	7545495	8316	1
514	Response	3	7545496	-184	184
515	Picture	B2D025	7565349	1000	171	8168	172	1000	8000
516	Response	2	7573884	366	1
517	Picture	ND075	7591186	1165	1	8000	173	1000	8000
518	Response	2	7603640	4120	1
519	Picture	ND065	7618856	1000	171	8168	172	1000	8000
520	Response	1	7631134	3443	1
521	Quit		7760989	114628	
