Scenario - for study
Logfile written - 2016/1/16 ÐÇÆÚÁù ÏÂÎç 6:08:45

Trial	Event Type	Code	Time	TTime	Uncertainty	Duration	Uncertainty	ReqTime	ReqDur

1	Response	4	305432	305432	1
3	Picture	AD060	311994	1000	180	8167	182	1000	8000
4	Response	3	323055	2892	1
4	Response	1	329722	9559	1
5	Picture	AT010	340160	1164	2	8000	182	1000	8000
6	Response	1	355119	6625	2
7	Picture	B1T010	367160	1000	179	8167	180	1000	8000
8	Response	1	378577	3248	1
9	Picture	NT010	393660	1165	2	5796	218	1000	8000
9	Response	3	399454	6959	1
11	Picture	AD050	417493	1165	2	6273	241	1000	8000
11	Response	3	423764	7436	2
13	Picture	AT020	441659	1165	2	5066	113	1000	8000
13	Response	3	446723	6229	1
14	Response	1	449360	2635	2
15	Picture	ND070	464992	1164	2	4892	122	1000	8000
15	Response	1	469882	6054	1
16	Response	3	471792	1908	1
17	Picture	ND060	489825	1165	2	4229	117	1000	8000
17	Response	1	494052	5392	2
19	Picture	B2D030	511491	1164	2	4278	238	1000	8000
19	Response	1	515768	5441	1
21	Picture	B1D030	534824	1164	2	2136	211	1000	8000
21	Response	2	536958	3298	1
23	Picture	B2D040	555824	1164	2	2507	174	1000	8000
23	Response	1	558329	3669	1
25	Picture	ND050	575824	1165	2	6049	131	1000	8000
25	Response	1	581871	7212	2
29	Picture	NT040	641823	1165	2	8000	180	1000	8000
30	Response	2	652200	2044	1
31	Picture	B2T020	667989	1000	179	4667	181	1000	8000
31	Response	1	672463	5474	1
32	Response	3	675492	2836	1
33	Picture	NT030	692489	1000	179	3667	181	1000	8000
33	Response	1	695982	4493	1
34	Response	3	698184	2028	1
35	Picture	AT030	716322	1000	179	2666	181	1000	8000
35	Response	1	718880	3558	1
36	Response	3	721085	2097	2
37	Picture	B2T010	736322	1000	177	3833	179	1000	8000
37	Response	1	740056	4734	1
38	Response	3	741811	1656	2
39	Picture	B1D040	757821	1000	179	2500	181	1000	8000
39	Response	1	760154	3333	1
41	Picture	AD070	780988	1000	178	4000	180	1000	8000
41	Response	1	784772	4784	1
43	Picture	B1T020	805154	1000	178	4000	180	1000	8000
43	Response	1	808973	4819	1
44	Response	3	813345	4191	2
45	Picture	AT040	829654	1000	178	3666	180	1000	8000
45	Response	1	833244	4590	2
46	Response	3	837360	4040	2
47	Picture	ND080	852320	1000	179	3500	181	1000	8000
47	Response	1	855710	4390	1
49	Picture	AD080	875653	1000	178	3166	180	1000	8000
49	Response	1	878681	4028	2
50	Response	3	884704	5885	2
51	Picture	NT020	896320	1000	178	3333	180	1000	8000
51	Response	1	899420	4100	1
52	Response	3	902552	2899	1
55	Picture	B2T001	960652	1000	180	4333	182	1000	8000
55	Response	1	964887	5235	1
56	Response	3	976935	11950	1
57	Picture	ND051	986152	1000	177	6666	179	1000	8000
57	Response	1	992573	7421	3
59	Picture	AD041	1013485	1000	179	3833	180	1000	8000
59	Response	1	1017238	4753	2
61	Picture	B1D021	1036484	1000	178	3000	180	1000	8000
61	Response	2	1039392	3908	1
63	Picture	ND041	1059150	1000	179	3834	181	1000	8000
63	Response	2	1062880	4730	1
65	Picture	AT001	1082983	1000	181	3000	183	1000	8000
65	Response	1	1085859	3876	1
66	Response	3	1089770	3787	2
67	Picture	B2D021	1104317	1000	179	4166	181	1000	8000
67	Response	1	1108318	5001	1
69	Picture	NT001	1128650	1000	180	2833	182	1000	8000
69	Response	2	1131400	3750	3
71	Picture	AD061	1150816	1000	180	6667	182	1000	8000
71	Response	1	1157323	7507	2
72	Response	3	1161532	4049	2
73	Picture	NT011	1175649	1000	180	4333	182	1000	8000
73	Response	1	1179769	5120	1
75	Picture	AD051	1198482	1000	187	7167	188	1000	8000
75	Response	1	1205470	7988	2
77	Picture	B1T001	1223315	1000	179	5833	181	1000	8000
77	Response	1	1229005	6690	2
78	Response	3	1231046	1898	2
81	Picture	B2T011	1288647	1000	180	4834	181	1000	8000
81	Response	1	1293338	5691	1
82	Response	3	1298478	4997	1
83	Picture	AD071	1313981	1000	179	3833	181	1000	8000
83	Response	2	1317685	4704	2
85	Picture	B2T009	1336814	1000	178	7833	180	1000	8000
85	Response	2	1344541	8727	1
86	Response	3	1347196	2549	1
87	Picture	AT031	1361980	1000	179	8166	181	1000	8000
88	Response	1	1370148	0	178
88	Response	3	1371837	1689	1
89	Picture	AT011	1391146	1165	2	5124	223	1000	8000
89	Response	1	1396268	6287	2
90	Response	3	1398648	2378	1
91	Picture	NT021	1417312	1164	2	4133	216	1000	8000
91	Response	1	1421443	5295	1
92	Response	3	1423664	2219	1
93	Picture	NT031	1442312	1164	2	4961	220	1000	8000
93	Response	1	1447272	6124	1
94	Response	3	1449152	1879	2
95	Picture	AT021	1466312	1165	2	5402	113	1000	8000
95	Response	1	1471712	6565	1
96	Response	3	1473103	1389	1
97	Picture	ND061	1489978	1165	2	8000	181	1000	8000
98	Response	2	1499973	1662	2
98	Response	3	1501774	3463	1
99	Picture	NT009	1517144	1000	180	5000	182	1000	8000
99	Response	1	1522005	5861	1
100	Response	3	1523839	1695	2
101	Picture	B1D031	1540644	1000	178	8166	180	1000	8000
102	Response	1	1550199	1387	1
103	Picture	B1T011	1566143	1164	2	4134	216	1000	8000
103	Response	1	1570275	5296	1
104	Response	3	1572300	2023	2
107	Picture	NT029	1629643	1165	2	5118	230	1000	8000
107	Response	1	1634759	6281	1
108	Response	3	1637592	2831	2
109	Picture	AT009	1653809	1164	2	5615	234	1000	8000
109	Response	1	1659422	6777	2
110	Response	3	1678353	18929	122
111	Picture	ND071	1679642	1164	2	8000	180	1000	8000
112	Response	2	1701205	13230	2
112	Response	3	1702981	15006	1
113	Picture	B2T019	1708809	1000	179	8166	181	1000	8000
114	Response	3	1721952	4975	2
114	Response	1	1724567	7590	1
115	Picture	B2D031	1734475	1165	2	8000	180	1000	8000
116	Response	1	1751641	8833	1
117	Picture	B1T009	1761307	1000	179	6834	181	1000	8000
117	Response	1	1767927	7620	2
118	Response	3	1774526	6385	1
119	Picture	AD049	1786474	1000	180	8166	182	1000	8000
121	Picture	AT019	1813307	1165	2	6989	192	1000	8000
121	Response	3	1820294	8152	1
122	Response	1	1822690	2394	1
123	Picture	B1D029	1841307	1165	2	6797	216	1000	8000
123	Response	1	1848102	7960	2
125	Picture	NT019	1865640	1165	2	6490	191	1000	8000
125	Response	1	1872128	7653	1
126	Response	3	1873017	887	1
127	Picture	ND049	1891639	1164	2	5688	159	1000	8000
127	Response	3	1897325	6850	2
129	Picture	AT029	1915139	1165	2	5069	112	1000	8000
129	Response	1	1920206	6232	1
130	Response	3	1921526	1318	1
133	Picture	AT039	1980971	1164	2	6150	198	1000	8000
133	Response	1	1987119	7312	2
134	Response	3	1988839	1718	2
135	Picture	B2T002	2004971	1165	2	3728	120	1000	8000
135	Response	1	2008697	4891	1
136	Response	3	2010330	1631	2
137	Picture	B1D039	2028638	1165	1	3542	138	1000	8000
137	Response	2	2032178	4705	2
138	Response	3	2033975	1795	2
139	Picture	ND059	2050970	1164	2	2537	143	1000	8000
139	Response	1	2053506	3700	1
140	Response	3	2056071	2564	1
141	Picture	NT002	2073637	1165	2	3831	182	1000	8000
141	Response	1	2077466	4994	1
142	Response	3	2082317	4849	2
143	Picture	B1D022	2094803	1164	2	6469	212	1000	8000
143	Response	3	2101270	7631	1
145	Picture	AD069	2121636	1165	2	3733	114	1000	8000
145	Response	1	2125367	4896	2
146	Response	3	2127452	2083	1
147	Picture	B2D029	2144469	1164	2	3178	169	1000	8000
147	Response	1	2147645	4340	1
149	Picture	AD059	2164969	1165	2	7623	225	1000	8000
149	Response	3	2172590	8786	1
151	Picture	NT039	2192468	1164	2	3781	234	1000	8000
151	Response	1	2196247	4943	1
152	Response	3	2197503	1254	1
153	Picture	AD079	2215801	1164	2	5309	206	1000	8000
153	Response	3	2221108	6471	1
155	Picture	ND069	2241635	1165	2	4771	242	1000	8000
155	Response	3	2246404	5934	2
159	Picture	ND042	2305134	1165	2	5992	189	1000	8000
159	Response	1	2311124	7155	1
160	Response	1	2311668	542	2
160	Response	3	2313738	2612	1
161	Picture	AT012	2328800	1165	2	4564	117	1000	8000
161	Response	1	2333362	5727	1
162	Response	3	2335782	2418	1
163	Picture	B2D022	2354466	1165	2	6948	249	1000	8000
163	Response	1	2361412	8111	2
164	Response	3	2363969	2555	2
165	Picture	AT002	2381133	1165	2	5349	165	1000	8000
165	Response	1	2386481	6513	1
166	Response	3	2389608	3126	1
167	Picture	AD052	2407299	1165	2	4797	218	1000	8000
167	Response	1	2412094	5960	2
168	Response	3	2414915	2819	1
169	Picture	ND079	2432132	1165	2	2918	109	1000	8000
169	Response	1	2435048	4081	2
170	Response	3	2437331	2281	2
171	Picture	B1T002	2454132	1165	2	4199	147	1000	8000
171	Response	1	2458329	5362	2
172	Response	3	2459922	1591	1
173	Picture	B2D039	2477965	1165	2	2535	144	1000	8000
173	Response	1	2480499	3699	1
174	Response	3	2482190	1690	2
175	Picture	NT022	2498464	1164	2	3887	127	1000	8000
175	Response	2	2502349	5049	1
176	Response	3	2503850	1499	1
177	Picture	NT012	2521464	1165	2	3154	194	1000	8000
177	Response	1	2524615	4316	2
178	Response	3	2526792	2174	1
179	Picture	AD042	2542297	1165	2	5404	111	1000	8000
179	Response	1	2547699	6567	1
180	Response	3	2548768	1067	1
181	Picture	B1T019	2566130	1165	2	4788	227	1000	8000
181	Response	1	2570916	5951	1
182	Response	3	2572885	1967	1
185	Picture	ND052	2632296	1165	1	3897	115	1000	8000
185	Response	1	2636190	5059	2
186	Response	3	2638060	1867	1
187	Picture	AT022	2655629	1165	2	2349	164	1000	8000
187	Response	2	2657976	3512	1
188	Response	3	2659554	1576	1
189	Picture	B1D032	2679128	1164	2	7669	179	1000	8000
189	Response	1	2686796	8832	1
190	Response	3	2688358	1561	1
191	Picture	AD062	2704961	1164	2	4924	112	1000	8000
191	Response	1	2709883	6086	1
193	Picture	ND062	2730628	1165	2	5267	247	1000	8000
193	Response	1	2735892	6429	2
195	Picture	NT032	2755127	1164	2	4620	227	1000	8000
195	Response	1	2759746	5783	1
196	Response	3	2762230	2483	1
197	Picture	B1T012	2778127	1165	2	4274	239	1000	8000
197	Response	1	2782399	5437	1
198	Response	3	2784735	2334	1
199	Picture	AT008	2801960	1165	2	3431	250	1000	8000
199	Response	1	2805389	4594	1
200	Response	3	2807675	2284	2
201	Picture	B2T012	2823626	1164	2	2933	247	1000	8000
201	Response	1	2826557	4095	2
202	Response	3	2828242	1683	2
203	Picture	NT008	2845459	1164	2	1837	177	1000	8000
203	Response	1	2847294	2999	1
204	Response	3	2849027	1731	1
205	Picture	B2T008	2865793	1165	2	3693	154	1000	8000
205	Response	1	2869484	4856	1
206	Response	3	2872020	2534	1
207	Picture	AT032	2887959	1165	2	2765	248	1000	8000
207	Response	1	2890722	3928	1
208	Response	3	2892322	1598	2
211	Picture	B2T018	2950958	1164	2	4186	162	1000	8000
211	Response	1	2955143	5349	1
212	Response	3	2956942	1798	2
213	Picture	AT028	2972625	1165	2	3768	245	1000	8000
213	Response	2	2976391	4931	2
214	Response	3	2977581	1188	1
215	Picture	AD048	2993957	1164	2	2459	223	1000	8000
215	Response	1	2996413	3620	3
216	Response	3	2997880	1464	3
217	Picture	NT038	3015291	1165	2	4318	195	1000	8000
217	Response	1	3019607	5481	1
218	Response	3	3021702	2093	1
219	Picture	B1D028	3037457	1164	2	6801	214	1000	8000
219	Response	1	3044256	7963	1
221	Picture	B2D032	3062623	1164	2	8000	181	1000	8000
223	Picture	ND072	3088790	1000	177	3333	179	1000	8000
223	Response	1	3092008	4218	1
224	Response	3	3093647	1524	2
225	Picture	NT028	3111456	1000	179	6500	181	1000	8000
225	Response	1	3117793	7337	1
226	Response	3	3119844	1888	1
227	Picture	AT018	3137289	1000	178	6500	180	1000	8000
227	Response	1	3143551	7262	1
229	Response	3	3162951	662	3
231	Picture	B1T008	3183455	1165	2	3581	109	1000	8000
231	Response	1	3187034	4744	1
232	Response	3	3188988	1952	1
233	Picture	AD072	3205788	1165	2	8000	181	1000	8000
234	Response	1	3216693	2572	1
237	Picture	ND068	3275120	1000	180	6834	182	1000	8000
237	Response	1	3281798	7678	1
239	Picture	ND058	3302787	1000	180	6333	182	1000	8000
239	Response	1	3308880	7093	2
241	Picture	B2D028	3329953	1000	179	5667	181	1000	8000
241	Response	1	3335516	6563	2
243	Picture	AD078	3354286	1000	179	2833	181	1000	8000
243	Response	1	3357009	3723	1
245	Picture	B1D038	3376952	1000	179	3500	181	1000	8000
245	Response	1	3380303	4351	1
247	Picture	AD068	3400285	1000	180	4000	182	1000	8000
247	Response	1	3404140	4855	1
249	Picture	AT038	3422619	1000	179	2832	181	1000	8000
249	Response	1	3425265	3646	1
250	Response	3	3428310	2859	1
251	Picture	NT003	3444285	1000	180	3833	182	1000	8000
251	Response	1	3448031	4746	1
252	Response	3	3450547	2429	1
253	Picture	AD058	3467784	1000	178	4833	180	1000	8000
253	Response	1	3472419	5635	1
255	Picture	ND048	3493284	1000	181	4333	183	1000	8000
255	Response	1	3497465	5181	2
257	Picture	B2T003	3517284	1000	179	3666	181	1000	8000
257	Response	1	3520725	4441	2
258	Response	3	3522468	1518	1
259	Picture	B1T018	3538950	1000	179	3333	181	1000	8000
259	Response	1	3542111	4161	1
260	Response	3	3545062	2779	1
263	Picture	ND078	3603949	1000	179	4167	181	1000	8000
263	Response	1	3608025	5076	2
264	Response	3	3610349	2233	1
265	Picture	AD053	3628449	1000	178	4166	180	1000	8000
265	Response	1	3632496	5047	1
266	Response	3	3635093	2478	3
267	Picture	B1D023	3650448	1000	180	3834	182	1000	8000
267	Response	1	3654177	4729	1
268	Response	3	3655878	1596	2
269	Picture	NT023	3673948	1000	178	2667	180	1000	8000
269	Response	2	3676433	3485	1
270	Response	3	3678417	1802	1
271	Picture	B2D038	3694781	1000	178	8167	180	1000	8000
272	Response	1	3705156	2206	1
273	Picture	B2T013	3722114	1164	2	6297	218	1000	8000
273	Response	1	3728410	7460	1
274	Response	3	3730472	2061	1
275	Picture	ND043	3748114	1165	2	3580	109	1000	8000
275	Response	1	3751692	4743	2
276	Response	3	3753797	2103	1
277	Picture	AT003	3771780	1165	2	2493	189	1000	8000
277	Response	1	3774271	3656	1
278	Response	3	3776143	1870	1
279	Picture	NT013	3793113	1164	2	2016	164	1000	8000
279	Response	1	3795127	3178	1
280	Response	3	3797042	1913	1
281	Picture	B1T003	3813946	1164	2	3487	194	1000	8000
281	Response	2	3817432	4650	1
282	Response	3	3819089	1656	1
283	Picture	AD043	3835115	1000	170	1248	279	1000	8000
283	Response	1	3836361	2246	1
284	Response	3	3838253	1890	1
285	Picture	AT013	3855112	1164	2	2547	133	1000	8000
285	Response	1	3857657	3709	1
286	Response	3	3859450	1791	2
289	Picture	B1T013	3915778	1164	2	5446	234	1000	8000
289	Response	1	3921222	6608	1
290	Response	3	3923198	1974	1
291	Picture	B1T007	3941278	1165	2	2830	185	1000	8000
291	Response	1	3944105	3992	2
292	Response	3	3946234	2126	2
293	Picture	NT033	3963611	1163	2	3147	201	1000	8000
293	Response	1	3966756	4308	2
294	Response	3	3968405	1647	1
295	Picture	AT033	3986611	1165	2	2250	109	1000	8000
295	Response	1	3988860	3414	1
296	Response	3	3991218	2357	1
297	Picture	NT007	4007610	1164	2	2240	109	1000	8000
297	Response	1	4009848	3402	1
298	Response	3	4011620	1770	2
299	Picture	AT007	4028443	1164	2	2475	206	1000	8000
299	Response	1	4030916	3637	1
300	Response	3	4032142	1224	1
301	Picture	AD063	4049443	1164	2	8000	181	1000	8000
302	Response	1	4057875	99	1
303	Picture	AT023	4078109	1000	180	3334	182	1000	8000
303	Response	1	4081228	4119	2
304	Response	3	4083104	1661	2
305	Picture	B2D023	4100442	1000	179	5667	181	1000	8000
305	Response	1	4105993	6551	2
307	Picture	ND053	4127109	1000	178	3500	180	1000	8000
307	Response	1	4130395	4286	1
308	Response	3	4132872	2263	1
309	Picture	NT017	4148942	1000	178	3666	180	1000	8000
309	Response	1	4152370	4428	1
311	Picture	B2T007	4170108	1000	180	3833	182	1000	8000
311	Response	1	4173837	4729	1
312	Response	3	4175794	1853	1
315	Picture	NT027	4233440	1000	179	4334	181	1000	8000
315	Response	1	4237570	5130	1
316	Response	3	4240402	2628	1
317	Picture	AT027	4256273	1000	179	3167	181	1000	8000
317	Response	1	4259228	3955	1
318	Response	3	4260492	1052	1
319	Picture	AT017	4278440	1000	178	3166	180	1000	8000
319	Response	1	4281399	3959	1
320	Response	3	4283046	1440	1
321	Picture	ND063	4299440	1000	178	2666	180	1000	8000
321	Response	1	4301988	3548	1
322	Response	3	4304963	2857	1
323	Picture	B2T017	4321940	1000	178	2333	180	1000	8000
323	Response	1	4324129	3189	1
324	Response	3	4326053	1780	1
325	Picture	AD073	4344606	1000	180	3000	182	1000	8000
325	Response	1	4347381	3775	1
326	Response	3	4348915	1309	1
327	Picture	AD047	4365272	1000	178	5333	180	1000	8000
327	Response	1	4370520	6248	1
329	Picture	ND047	4390938	1000	179	4834	181	1000	8000
329	Response	1	4395617	5679	1
330	Response	3	4397694	1922	1
331	Picture	B2D033	4413605	1000	178	3667	179	1000	8000
331	Response	1	4417172	4567	1
332	Response	3	4418505	1233	1
333	Picture	ND073	4435771	1000	179	3833	181	1000	8000
333	Response	1	4439510	4739	2
334	Response	3	4440822	1218	1
335	Picture	B1T017	4458438	1000	178	4500	179	1000	8000
335	Response	2	4462760	5322	2
336	Response	3	4464583	1645	2
337	Picture	B1D033	4481437	1000	179	2834	180	1000	8000
337	Response	1	4484193	3756	2
338	Response	3	4486168	1897	2
341	Picture	B2T004	4544603	1000	180	5500	182	1000	8000
341	Response	1	4549984	6381	1
342	Response	3	4551650	1547	2
343	Picture	NT037	4570270	1000	179	3999	181	1000	8000
343	Response	1	4574151	4881	1
344	Response	3	4575946	1677	2
345	Picture	ND067	4594103	1000	179	5333	181	1000	8000
345	Response	3	4599262	6159	1
347	Picture	AD077	4619435	1000	179	5000	181	1000	8000
347	Response	3	4624306	5871	1
349	Picture	AD057	4642268	1000	180	3167	182	1000	8000
349	Response	1	4645346	4078	1
350	Response	3	4647268	1833	1
351	Picture	NT004	4664102	1000	177	3666	179	1000	8000
351	Response	1	4667623	4521	1
353	Picture	ND057	4687101	1000	178	3000	180	1000	8000
353	Response	1	4689868	3767	1
354	Response	3	4691258	1157	1
355	Picture	AD067	4711268	1000	178	2333	180	1000	8000
355	Response	1	4713483	3215	1
356	Response	3	4714963	1362	2
357	Picture	AT037	4734934	1000	179	2000	181	1000	8000
357	Response	1	4736857	2923	2
358	Response	2	4738783	1849	1
359	Picture	B1D027	4755767	1000	179	1667	180	1000	8000
359	Response	1	4757357	2590	1
360	Response	3	4759288	1854	1
361	Picture	B2D027	4776100	1000	180	2833	182	1000	8000
361	Response	1	4778694	3594	1
362	Response	3	4780029	1096	1
363	Picture	B1D037	4797933	1000	179	2500	181	1000	8000
363	Response	2	4800263	3330	2
364	Response	3	4801724	1291	1
365	Response	3	4833298	14532	2
367	Picture	ND044	4860432	1000	179	3500	181	1000	8000
367	Response	1	4863716	4284	2
368	Response	3	4865119	1187	1
369	Picture	B1D024	4882765	1000	179	2000	181	1000	8000
369	Response	1	4884587	2822	2
370	Response	3	4885972	1207	1
371	Picture	ND077	4902931	1000	180	2667	182	1000	8000
371	Response	2	4905407	3476	1
372	Response	3	4906847	1249	1
373	Picture	B2T014	4925098	1000	180	4167	181	1000	8000
373	Response	1	4929029	4931	1
374	Response	3	4931095	1830	2
375	Picture	AT014	4947931	1000	179	2667	181	1000	8000
375	Response	2	4950459	3528	2
376	Response	3	4951534	936	2
377	Picture	NT024	4971764	1000	178	3500	180	1000	8000
377	Response	1	4975154	4390	1
378	Response	3	4976529	1265	2
379	Picture	B1T004	4995264	1000	179	1500	181	1000	8000
379	Response	1	4996665	2401	1
380	Response	3	4999158	2394	2
381	Picture	NT014	5015930	1000	178	2333	180	1000	8000
381	Response	1	5018137	3207	1
382	Response	3	5019917	1654	1
383	Picture	AD044	5037596	1000	179	5333	181	1000	8000
383	Response	1	5042768	6172	1
384	Response	3	5044250	1321	1
385	Picture	B2D037	5060763	1000	179	3333	181	1000	8000
385	Response	1	5064017	4254	2
386	Response	3	5065422	1326	2
387	Picture	AT004	5081929	1000	179	2000	181	1000	8000
387	Response	1	5083737	2808	1
388	Response	3	5085852	1923	1
389	Picture	AT024	5104929	1000	178	5000	179	1000	8000
389	Response	1	5109707	5778	1
390	Response	3	5111357	1428	2
393	Picture	AT034	5168761	1000	179	3167	181	1000	8000
393	Response	1	5171716	3955	1
394	Response	3	5173144	1216	2
395	Picture	ND054	5190094	1000	180	3667	182	1000	8000
395	Response	1	5193528	4434	1
396	Response	3	5195271	1510	1
397	Picture	AD064	5211427	1000	202	5167	204	1000	8000
397	Response	2	5216409	5982	1
398	Response	3	5217778	1184	1
399	Picture	B2D024	5237594	1000	178	2666	180	1000	8000
399	Response	1	5240062	3468	1
400	Response	3	5241345	1085	2
401	Picture	B1T014	5261260	1000	179	5000	181	1000	8000
401	Response	1	5266135	5875	1
402	Response	3	5268132	1872	1
403	Picture	NT006	5286593	1000	179	3166	181	1000	8000
403	Response	1	5289635	4042	1
404	Response	3	5291591	1832	1
405	Picture	B1D034	5308593	1000	178	2666	180	1000	8000
405	Response	1	5311053	3460	1
406	Response	3	5313003	1744	1
407	Picture	AD054	5330092	1000	179	2334	181	1000	8000
407	Response	1	5332234	3142	2
408	Response	3	5334062	1636	2
409	Picture	ND064	5353092	1000	180	2500	182	1000	8000
409	Response	1	5355486	3394	2
410	Response	3	5357266	1674	2
411	Picture	B2T006	5374759	1000	177	2666	179	1000	8000
411	Response	1	5377209	3450	2
412	Response	3	5378669	1244	1
413	Picture	AD074	5398258	1000	179	3000	181	1000	8000
413	Response	1	5401085	3827	1
414	Response	3	5402539	1281	1
415	Picture	NT034	5419425	1000	179	2500	181	1000	8000
415	Response	1	5421721	3296	1
416	Response	3	5423407	1482	1
419	Picture	AT016	5483757	1000	178	7000	180	1000	8000
419	Response	1	5490571	7814	1
421	Picture	AD056	5511756	1000	179	6834	181	1000	8000
421	Response	1	5518351	7595	1
423	Picture	B2T016	5536090	1000	179	5166	181	1000	8000
423	Response	1	5541021	5931	1
424	Response	3	5545604	4348	1
425	Picture	B1D026	5562089	1000	180	3167	182	1000	8000
425	Response	1	5565151	4062	1
426	Response	3	5567104	1848	1
427	Picture	AT006	5583589	1000	178	3166	180	1000	8000
427	Response	1	5586541	3952	1
428	Response	3	5588588	1833	2
429	Picture	ND046	5605255	1000	179	3167	181	1000	8000
429	Response	1	5608186	3931	2
431	Picture	AD046	5626755	1000	179	3000	181	1000	8000
431	Response	1	5629582	3827	1
433	Picture	ND074	5650921	1000	179	2500	181	1000	8000
433	Response	1	5653189	3268	2
434	Response	3	5655706	2285	2
435	Picture	B1T006	5671421	1000	180	2834	181	1000	8000
435	Response	1	5674025	3604	1
436	Response	3	5678428	4173	2
437	Picture	B2D034	5694921	1000	178	3333	180	1000	8000
437	Response	1	5698035	4114	2
439	Picture	NT026	5715587	1000	178	2667	180	1000	8000
439	Response	1	5718115	3528	1
440	Response	3	5719999	1745	2
441	Picture	NT016	5737253	1000	180	2167	182	1000	8000
441	Response	1	5739188	2935	1
442	Response	3	5740734	1314	1
445	Picture	AT036	5799086	1000	178	5500	180	1000	8000
445	Response	1	5804484	6398	1
446	Response	3	5807645	3059	2
447	Picture	AT005	5824419	1000	178	2500	180	1000	8000
447	Response	1	5826708	3289	1
448	Response	3	5828350	1431	1
449	Picture	AD066	5847252	1000	180	2500	182	1000	8000
449	Response	1	5849499	3247	2
450	Response	3	5851453	1701	1
451	Picture	B2D026	5867085	1000	178	2333	180	1000	8000
451	Response	1	5869228	3143	2
452	Response	3	5870860	1442	1
453	Picture	NT005	5887418	1000	180	2500	182	1000	8000
453	Response	1	5889772	3354	1
454	Response	3	5890987	1069	2
455	Picture	ND056	5910251	1000	179	2500	181	1000	8000
455	Response	1	5912593	3342	1
456	Response	3	5914104	1353	1
457	Picture	B1T016	5933084	1000	178	5167	179	1000	8000
457	Response	1	5938103	6019	1
458	Response	3	5940246	1995	1
459	Picture	B1D036	5958750	1000	179	5167	181	1000	8000
459	Response	1	5963741	5991	2
461	Picture	B2T005	5983750	1000	179	2167	181	1000	8000
461	Response	1	5985708	2958	1
462	Response	3	5987341	1424	1
463	Picture	AT026	6006917	1000	177	3166	179	1000	8000
463	Response	1	6009890	3973	1
464	Response	3	6011820	1737	1
465	Picture	ND066	6030083	1000	178	2666	180	1000	8000
465	Response	1	6032585	3502	1
466	Response	3	6034237	1488	1
467	Picture	NT036	6050083	1000	179	4166	181	1000	8000
467	Response	1	6054106	5023	1
468	Response	3	6056757	2508	1
471	Picture	B2D036	6114249	1000	178	5666	180	1000	8000
471	Response	1	6119721	6472	1
472	Response	3	6121711	1796	2
473	Picture	ND045	6137582	1000	179	3333	180	1000	8000
473	Response	1	6140759	4177	1
474	Response	3	6143051	2136	2
475	Picture	AT025	6161914	1000	180	2333	182	1000	8000
475	Response	1	6164123	3209	2
476	Response	3	6165936	1689	1
477	Picture	B1T005	6183914	1000	180	3000	182	1000	8000
477	Response	1	6186682	3768	1
478	Response	3	6189886	2972	1
478	Response	1	6199761	12847	1
479	Picture	B2T015	6205081	1000	178	3499	180	1000	8000
479	Response	1	6208391	4310	1
480	Response	3	6208755	175	1
481	Picture	ND055	6227914	1000	177	3166	179	1000	8000
481	Response	1	6230962	4048	2
482	Response	3	6232835	1755	1
483	Picture	AD076	6250413	1000	178	4000	180	1000	8000
483	Response	1	6254238	4825	1
484	Response	3	6255944	1531	1
485	Picture	ND076	6273413	1000	178	3333	180	1000	8000
485	Response	1	6276530	4117	2
486	Response	3	6278353	1607	1
487	Picture	B1D025	6295079	1000	178	2667	180	1000	8000
487	Response	1	6297579	3500	1
488	Response	3	6299504	1758	1
488	Response	1	6314213	16467	1
489	Picture	AD045	6316579	1000	179	1667	181	1000	8000
489	Response	1	6318013	2434	1
490	Response	3	6318284	38	1
491	Picture	AT015	6336412	1000	180	2167	182	1000	8000
491	Response	1	6338409	2997	1
492	Response	3	6339725	1146	2
493	Picture	NT015	6358578	1000	181	5667	183	1000	8000
493	Response	2	6364024	6446	1
494	Response	3	6365608	1363	1
497	Picture	NT025	6424578	1000	178	4499	180	1000	8000
497	Response	1	6428921	5343	2
498	Response	3	6430975	1898	1
499	Picture	B1D035	6447744	1000	181	3666	183	1000	8000
499	Response	1	6451268	4524	1
500	Response	3	6453022	1612	1
501	Picture	B2D025	6470410	1000	180	3000	182	1000	8000
501	Response	1	6473294	3884	1
502	Response	3	6474657	1247	1
503	Picture	B1T015	6493577	1000	179	5166	181	1000	8000
503	Response	1	6498632	6055	1
504	Response	3	6499930	1187	2
505	Picture	B2D035	6517409	1000	180	3334	182	1000	8000
505	Response	1	6520568	4159	1
506	Response	3	6522328	1585	2
507	Picture	ND075	6541743	1000	178	4333	179	1000	8000
507	Response	1	6545966	5223	2
508	Response	3	6547645	1569	1
509	Picture	AD055	6566576	1000	178	3333	180	1000	8000
509	Response	1	6569742	4166	1
511	Picture	ND065	6587575	1000	180	3167	182	1000	8000
511	Response	1	6590617	4042	2
512	Response	3	6592924	2182	2
513	Picture	AT035	6609908	1000	180	3333	182	1000	8000
513	Response	1	6613057	4149	2
514	Response	3	6615431	2190	1
515	Picture	AD065	6632241	1000	180	8166	183	1000	8000
516	Response	1	6644206	3796	1
517	Picture	AD075	6657908	1165	2	6823	191	1000	8000
517	Response	1	6664729	7986	1
519	Picture	NT035	6683574	1165	2	3684	164	1000	8000
519	Response	1	6687257	4848	1
520	Response	3	6690127	2869	1
521	Response	3	6749247	42505	2
