Scenario - for study
Logfile written - 2016/1/17 ÐÇÆÚÈÕ ÏÂÎç 6:44:27

Trial	Event Type	Code	Time	TTime	Uncertainty	Duration	Uncertainty	ReqTime	ReqDur

1	Response	4	521104	521104	1
3	Picture	AT020	527658	1000	177	8167	178	1000	8000
4	Response	1	543785	7958	1
5	Picture	ND060	555157	1164	2	8000	179	1000	8000
6	Response	2	574809	11318	1
7	Picture	AT010	583324	1000	175	8167	177	1000	8000
8	Response	1	601427	9934	1
8	Response	3	603975	12482	1
9	Picture	NT010	612157	1165	2	8000	179	1000	8000
10	Response	3	621909	1419	1
10	Response	2	631115	10625	1
11	Picture	ND070	639990	1000	179	8166	181	1000	8000
12	Response	2	660102	11943	2
13	Picture	B2D040	668156	1164	2	8000	179	1000	8000
14	Response	2	679467	2978	1
15	Picture	B2D030	696156	1000	177	6000	179	1000	8000
15	Response	2	702065	6909	1
17	Picture	ND050	721156	1000	177	8166	179	1000	8000
18	Response	2	732912	3588	1
19	Picture	B1T010	747822	1165	2	7086	105	1000	8000
19	Response	1	754886	8229	1
20	Response	3	758495	3587	1
21	Picture	B1D030	773655	1165	2	8000	177	1000	8000
22	Response	2	789367	7379	2
23	Picture	AD060	799488	1000	175	8166	177	1000	8000
24	Response	1	811057	3401	2
25	Picture	AD050	827654	1165	2	8000	179	1000	8000
26	Response	1	841166	5179	1
29	Picture	B2T020	896486	1000	178	8167	180	1000	8000
30	Response	2	906140	1485	2
30	Response	3	909150	4495	1
31	Picture	AT040	925819	1164	2	8000	179	1000	8000
32	Response	1	934648	495	3
32	Response	3	936623	2470	1
33	Picture	ND080	953152	1000	176	8167	178	1000	8000
34	Response	2	962999	1678	1
34	Response	3	964881	3560	1
35	Picture	AT030	980152	1165	2	5821	190	1000	8000
35	Response	3	985971	6984	1
36	Response	1	994902	8929	1
37	Picture	NT020	1004818	1165	2	4673	173	1000	8000
37	Response	3	1009489	5836	2
38	Response	2	1015105	5614	2
39	Picture	AD070	1028318	1165	2	8000	178	1000	8000
40	Response	2	1054592	17941	1
41	Picture	AD080	1055984	1000	178	8166	180	1000	8000
42	Response	1	1072332	8180	1
43	Picture	B1D040	1082484	1165	2	8000	179	1000	8000
44	Response	2	1097343	6526	1
44	Response	3	1101492	10675	1
45	Picture	B1T020	1110817	1000	177	7999	179	1000	8000
45	Response	3	1118734	8917	1
46	Response	2	1128781	9965	2
47	Picture	B2T010	1139983	1000	177	8167	179	1000	8000
48	Response	3	1150477	2325	1
48	Response	1	1156944	8792	1
49	Picture	NT030	1165816	1164	2	8000	178	1000	8000
50	Response	3	1178785	4636	1
51	Picture	NT040	1191816	1000	175	8166	177	1000	8000
52	Response	3	1200319	335	1
52	Response	1	1203338	3354	1
53	Response	3	1240732	24415	1
55	Picture	AD061	1257815	1165	2	8000	179	1000	8000
56	Response	2	1266512	364	1
57	Picture	AT001	1284148	1000	178	6833	180	1000	8000
57	Response	3	1290903	7755	1
58	Response	1	1293369	2388	1
59	Picture	B1D021	1310314	1000	177	8167	179	1000	8000
60	Response	2	1321563	3080	2
61	Picture	NT011	1338480	1164	2	6900	112	1000	8000
61	Response	1	1345378	8062	1
62	Response	3	1347442	2062	1
63	Picture	ND051	1363146	1164	2	8000	178	1000	8000
64	Response	1	1379952	8472	2
65	Picture	NT001	1391479	1000	176	8167	178	1000	8000
66	Response	2	1401029	1381	1
66	Response	3	1408058	8410	1
67	Picture	B2T001	1417646	1165	2	8000	179	1000	8000
68	Response	1	1428202	2223	1
68	Response	3	1429728	3749	1
69	Picture	AD041	1444979	1000	176	8166	178	1000	8000
70	Response	1	1465329	12182	1
71	Picture	B2D021	1471979	1165	2	8000	179	1000	8000
72	Response	2	1482916	2604	2
73	Picture	ND041	1497978	1000	177	8167	178	1000	8000
74	Response	2	1508387	2240	1
75	Picture	AD051	1527311	1164	2	8000	179	1000	8000
76	Response	1	1537433	1788	2
77	Picture	B1T001	1552977	1000	178	8167	180	1000	8000
78	Response	1	1564477	3331	1
78	Response	3	1573640	12494	1
81	Picture	B1T011	1619810	1165	2	8000	177	1000	8000
82	Response	2	1635610	7467	2
83	Picture	B2T009	1646643	1000	177	7500	179	1000	8000
83	Response	1	1653926	8283	1
84	Response	3	1655758	1615	1
85	Picture	AT021	1673476	1000	177	6000	179	1000	8000
85	Response	1	1679374	6898	1
86	Response	3	1680664	1188	1
87	Picture	B2T011	1697309	1000	177	5166	179	1000	8000
87	Response	1	1702380	6071	1
88	Response	3	1703758	1283	1
89	Picture	AT011	1720142	1000	178	7333	180	1000	8000
89	Response	1	1727290	8148	1
90	Response	3	1728520	1045	1
91	Picture	ND061	1745642	1000	177	6999	179	1000	8000
91	Response	2	1752448	7806	1
92	Response	3	1754755	2114	1
93	Picture	B1D031	1773141	1000	177	7667	179	1000	8000
93	Response	2	1780730	8589	1
95	Picture	NT021	1798974	1000	177	6500	179	1000	8000
95	Response	1	1805366	7392	1
96	Response	3	1807248	1774	1
97	Picture	AD071	1825307	1000	176	8167	177	1000	8000
98	Response	1	1833882	407	1
99	Picture	NT031	1852140	1164	2	8000	177	1000	8000
100	Response	2	1865343	4870	1
100	Response	3	1867288	6815	1
101	Picture	AT031	1880317	1011	165	8156	167	1000	8000
102	Response	3	1894297	5822	1
102	Response	1	1900851	12376	1
103	Picture	NT009	1906639	1164	2	8000	179	1000	8000
104	Response	3	1916754	1781	2
107	Picture	B2T019	1975138	1000	179	8167	181	1000	8000
108	Response	3	1986725	3418	1
109	Picture	ND049	2002471	1164	2	8000	179	1000	8000
110	Response	2	2016262	5458	1
111	Picture	NT029	2031804	1000	177	7833	179	1000	8000
111	Response	1	2039446	8642	1
112	Response	3	2041997	2360	2
113	Picture	AD049	2058804	1000	177	8166	179	1000	8000
114	Response	1	2073708	6736	1
115	Picture	B1T009	2086137	1165	2	5548	130	1000	8000
115	Response	3	2091683	6711	1
116	Response	2	2099284	7599	1
117	Picture	ND071	2111137	1165	1	6997	181	1000	8000
117	Response	3	2118133	8161	1
118	Response	2	2126240	8106	1
119	Picture	B1D029	2137469	1164	2	7610	235	1000	8000
119	Response	1	2145077	8772	2
121	Picture	AT009	2165302	1164	2	5153	193	1000	8000
121	Response	3	2170453	6315	2
122	Response	2	2174528	4073	1
123	Picture	AT029	2191136	1165	2	4691	154	1000	8000
123	Response	3	2195825	5854	2
124	Response	1	2198927	3100	1
125	Picture	NT019	2213302	1165	2	6574	105	1000	8000
125	Response	3	2219874	7737	1
126	Response	1	2221979	2103	1
127	Picture	AT019	2241135	1165	2	7231	113	1000	8000
127	Response	3	2248364	8394	1
129	Picture	B2D031	2269467	1161	2	8000	179	1000	8000
133	Picture	B1D022	2338633	1000	178	8167	355	1000	8000
133	Response	3	2346632	8999	167
134	Response	1	2349818	3018	2
135	Picture	B1D039	2364133	1164	2	8000	179	1000	8000
136	Response	2	2372310	-156	156
137	Picture	AD069	2393299	1000	178	7833	180	1000	8000
137	Response	1	2400919	8620	1
139	Picture	B2D029	2419965	1000	178	8167	180	1000	8000
140	Response	2	2428729	595	1
141	Picture	ND069	2448632	1165	2	6245	107	1000	8000
141	Response	2	2454875	7408	2
143	Picture	AD079	2475798	1164	2	8000	179	1000	8000
144	Response	1	2487243	3111	1
145	Picture	NT002	2501798	1000	177	8166	179	1000	8000
146	Response	2	2511033	1067	1
146	Response	3	2520830	10864	1
147	Picture	ND059	2529131	1165	2	7602	242	1000	8000
147	Response	2	2536731	8765	1
148	Response	3	2540434	3701	1
149	Picture	B2T002	2555630	1164	2	7592	107	1000	8000
149	Response	1	2563219	8753	2
150	Response	3	2570127	6905	2
151	Picture	AT039	2582963	1164	2	8000	178	1000	8000
152	Response	1	2592023	727	2
152	Response	3	2594267	2971	1
153	Picture	AD059	2608630	1000	177	6833	179	1000	8000
153	Response	2	2615254	7624	1
154	Response	3	2619354	3891	1
155	Picture	NT039	2635296	1000	176	8000	178	1000	8000
155	Response	1	2643108	8812	2
156	Response	3	2649000	5704	1
159	Picture	B1T019	2701795	1000	218	8000	220	1000	8000
159	Response	3	2709645	8850	1
160	Response	1	2714288	4493	1
161	Picture	AT002	2729795	1000	178	6166	180	1000	8000
161	Response	3	2735812	7017	2
162	Response	1	2739505	3544	1
163	Picture	ND042	2753461	1000	177	8000	345	1000	8000
164	Response	2	2771250	9620	1
165	Picture	AT012	2780461	1165	2	8000	177	1000	8000
166	Response	3	2791631	2837	1
166	Response	1	2797656	8862	1
167	Picture	AD052	2809627	1000	176	8166	178	1000	8000
168	Response	3	2820649	2854	1
168	Response	1	2824010	6215	1
169	Picture	NT022	2835127	1165	2	5995	182	1000	8000
169	Response	1	2841120	7158	1
170	Response	3	2849889	8767	1
171	Picture	AD042	2860793	1165	2	8000	180	1000	8000
172	Response	1	2876264	7138	2
173	Picture	B2D039	2888126	1000	178	8000	180	1000	8000
173	Response	1	2895996	8870	1
175	Picture	B1T002	2914959	1000	176	8166	178	1000	8000
176	Response	3	2926079	2952	1
176	Response	2	2936239	13112	1
177	Picture	NT012	2942958	1164	2	7844	168	1000	8000
177	Response	1	2950800	9006	1
178	Response	3	2955102	4300	2
179	Picture	B2D022	2971792	1165	2	8000	177	1000	8000
180	Response	1	2982625	2501	1
180	Response	3	2984537	4413	1
181	Picture	ND079	3000291	1000	178	8167	179	1000	8000
182	Response	3	3015040	6580	1
182	Response	2	3019564	11104	2
185	Picture	AD062	3068290	1164	2	8000	178	1000	8000
186	Response	1	3087322	10699	1
187	Picture	NT008	3096790	1000	176	8166	178	1000	8000
188	Response	3	3108696	3738	2
188	Response	2	3113989	9031	1
189	Picture	AT022	3125289	1164	2	8000	179	1000	8000
190	Response	1	3136984	3361	1
190	Response	3	3138635	5012	2
191	Picture	B1D032	3152456	1000	175	8166	177	1000	8000
192	Response	2	3160624	0	175
192	Response	3	3162076	1452	1
193	Picture	B2T008	3180622	1165	2	8000	179	1000	8000
194	Response	3	3193035	4080	1
194	Response	2	3198997	10042	1
195	Picture	AT008	3208455	1000	177	7166	179	1000	8000
195	Response	3	3215422	7967	2
196	Response	2	3224579	8958	1
197	Picture	NT032	3233455	1000	179	8166	181	1000	8000
198	Response	3	3242130	507	1
198	Response	1	3246639	5016	2
199	Picture	B1T012	3261287	1164	2	7199	148	1000	8000
199	Response	3	3268484	8361	1
200	Response	1	3276426	7940	1
201	Picture	ND062	3289454	1165	2	8000	179	1000	8000
202	Response	2	3297893	106	1
203	Picture	B2T012	3316287	1000	175	5833	177	1000	8000
203	Response	3	3321886	6599	1
204	Response	2	3335897	13777	2
205	Picture	ND052	3342620	1000	176	8166	178	1000	8000
206	Response	1	3363320	12532	1
207	Picture	AT032	3370119	1164	2	8000	178	1000	8000
208	Response	3	3379929	1477	1
208	Response	1	3386323	7871	1
211	Picture	ND072	3437618	1000	176	8167	178	1000	8000
212	Response	1	3454315	8528	1
213	Picture	NT038	3464952	1165	1	8000	176	1000	8000
214	Response	3	3476750	3466	1
214	Response	2	3485268	11984	1
215	Picture	AT018	3491617	1000	178	8167	180	1000	8000
216	Response	1	3501945	2159	1
216	Response	3	3504120	4334	1
217	Picture	B1T008	3519784	1165	2	8000	177	1000	8000
218	Response	2	3530868	2751	2
218	Response	3	3532403	4286	1
219	Picture	NT028	3547450	1000	176	8167	178	1000	8000
220	Response	3	3568243	12624	1
221	Picture	B1D028	3575617	1165	2	8000	177	1000	8000
222	Response	3	3586534	2584	1
222	Response	2	3588687	4737	1
223	Picture	AT028	3602616	1000	179	3667	181	1000	8000
223	Response	3	3606086	4470	2
224	Response	1	3607910	1627	1
225	Picture	B2D032	3626949	1000	176	8167	178	1000	8000
226	Response	2	3638345	3227	2
227	Picture	B2T018	3653949	1165	2	8000	178	1000	8000
228	Response	1	3663880	1598	1
228	Response	3	3667577	5295	2
229	Picture	AD072	3681782	1000	175	8166	177	1000	8000
230	Response	2	3690190	240	1
230	Response	3	3691861	1911	1
231	Picture	NT018	3709948	1165	2	8000	178	1000	8000
232	Response	3	3721741	3460	1
232	Response	2	3723851	5570	1
233	Picture	AD048	3736281	1000	176	8167	178	1000	8000
234	Response	3	3745115	665	1
234	Response	2	3746299	1849	1
237	Picture	B2T003	3805780	1164	2	8000	179	1000	8000
238	Response	3	3816722	2609	1
238	Response	1	3821050	6937	1
239	Picture	NT003	3834113	1000	180	5167	182	1000	8000
239	Response	3	3839053	5940	1
240	Response	2	3843123	3843	1
241	Picture	AD078	3860279	1000	178	8167	355	1000	8000
241	Response	2	3868278	8999	167
242	Response	3	3872268	3822	1
243	Picture	AD058	3886779	1165	2	8000	178	1000	8000
244	Response	2	3905180	10068	1
245	Picture	ND068	3914945	1000	176	8167	178	1000	8000
246	Response	2	3925573	2459	1
247	Picture	B1T018	3942612	1165	2	7727	116	1000	8000
247	Response	1	3950337	8890	1
248	Response	3	3952199	1860	1
249	Picture	AT038	3970445	1165	2	8000	179	1000	8000
250	Response	1	3980589	1812	1
250	Response	3	3982184	3407	1
251	Picture	ND058	3997278	1000	175	8166	177	1000	8000
252	Response	2	4010433	4987	1
253	Picture	B1D038	4023110	1164	2	7934	246	1000	8000
253	Response	2	4031043	9097	1
255	Picture	B2D028	4051777	1165	2	8000	179	1000	8000
256	Response	1	4062750	2640	1
257	Picture	AD068	4078943	1000	177	8167	179	1000	8000
258	Response	1	4088145	1033	1
259	Picture	ND048	4105110	1165	1	6330	179	1000	8000
259	Response	2	4111438	7493	1
263	Picture	AT003	4169109	1165	2	8000	177	1000	8000
264	Response	1	4180395	2953	1
264	Response	3	4183398	5956	1
265	Picture	B2D038	4197441	1000	177	8167	179	1000	8000
266	Response	2	4212399	6789	2
267	Picture	AD053	4224608	1165	2	6915	105	1000	8000
267	Response	2	4231521	8078	1
269	Picture	ND043	4252441	1165	1	5847	162	1000	8000
269	Response	2	4258286	7010	1
271	Picture	B1T003	4278940	1164	2	7731	113	1000	8000
271	Response	1	4286669	8893	1
272	Response	3	4288483	1812	2
273	Picture	ND078	4306440	1165	2	6531	149	1000	8000
273	Response	2	4312970	7695	1
275	Picture	NT023	4330606	1164	2	8000	179	1000	8000
276	Response	1	4340291	1351	1
277	Picture	AT013	4359106	1000	177	4500	178	1000	8000
277	Response	1	4363448	5342	2
278	Response	3	4364877	1271	2
279	Picture	B2T013	4381606	1000	175	4000	176	1000	8000
279	Response	1	4385386	4780	1
280	Response	3	4387037	1431	1
281	Picture	B1D023	4404605	1000	178	8167	180	1000	8000
282	Response	2	4418577	5803	1
283	Picture	AD043	4433271	1164	2	5831	181	1000	8000
283	Response	2	4439100	6993	1
285	Picture	NT013	4456604	1164	2	8000	180	1000	8000
286	Response	1	4466314	1376	1
286	Response	3	4470759	5821	1
289	Picture	NT007	4523270	1000	176	8167	178	1000	8000
290	Response	1	4538238	6799	1
290	Response	3	4540072	8633	2
291	Picture	AT033	4549103	1164	2	8000	180	1000	8000
291	Response	1	4557102	9163	179
292	Response	3	4558673	1236	1
293	Picture	NT017	4577603	1000	176	4833	178	1000	8000
293	Response	1	4582286	5683	2
294	Response	3	4583770	1334	2
295	Picture	AT007	4600436	1000	177	6000	179	1000	8000
295	Response	1	4606256	6820	1
296	Response	3	4615093	8657	2
297	Picture	NT033	4627102	1000	178	8167	179	1000	8000
298	Response	2	4639068	3797	1
298	Response	3	4640862	5591	1
299	Picture	B2D023	4652935	1164	2	8000	178	1000	8000
300	Response	2	4663942	2674	1
301	Picture	ND053	4681935	1000	176	8166	178	1000	8000
302	Response	1	4690525	422	2
303	Picture	AT023	4711268	1165	2	7754	259	1000	8000
303	Response	1	4719020	8917	1
304	Response	3	4720147	1125	1
305	Picture	B1T013	4739434	1164	2	8000	177	1000	8000
306	Response	2	4749210	1443	1
306	Response	3	4750651	2884	1
307	Picture	B1T007	4767600	1000	177	8167	179	1000	8000
308	Response	2	4778980	3211	1
308	Response	3	4780201	4432	2
309	Picture	B2T007	4796100	1165	2	8000	178	1000	8000
310	Response	2	4804524	91	1
310	Response	3	4805236	803	1
311	Picture	AD063	4824766	1000	177	8167	179	1000	8000
312	Response	1	4833543	608	1
315	Picture	ND073	4894099	1165	2	8000	179	1000	8000
316	Response	2	4905349	2917	1
317	Picture	AT027	4920098	1000	178	8167	180	1000	8000
318	Response	1	4928267	0	175
318	Response	3	4930948	2681	1
319	Picture	AT017	4948764	1164	2	7544	134	1000	8000
319	Response	1	4956306	8706	1
320	Response	3	4957555	1247	2
321	Picture	B1D033	4973764	1164	2	7247	108	1000	8000
321	Response	2	4981009	8409	1
322	Response	3	4982480	1469	1
323	Picture	B2T017	5000097	1164	2	7894	118	1000	8000
323	Response	1	5007989	9056	2
324	Response	3	5009468	1477	1
325	Picture	AD047	5027930	1165	2	8000	178	1000	8000
326	Response	1	5041314	5051	2
327	Picture	AD073	5057263	1000	176	5500	178	1000	8000
327	Response	2	5062674	6411	1
329	Picture	ND047	5083429	1000	176	8167	178	1000	8000
330	Response	2	5093018	1420	1
331	Picture	B2D033	5109596	1165	2	8000	177	1000	8000
332	Response	1	5120834	2905	1
333	Picture	B1T017	5138429	1000	177	8166	179	1000	8000
334	Response	1	5148356	1759	1
335	Picture	NT027	5166261	1164	2	8000	179	1000	8000
336	Response	1	5178719	4124	1
337	Picture	ND063	5192428	1000	176	8166	178	1000	8000
338	Response	2	5204219	3623	1
341	Picture	B1D037	5260927	1165	2	8000	177	1000	8000
342	Response	1	5275298	6038	1
343	Picture	NT037	5286927	1000	178	8166	180	1000	8000
344	Response	3	5298300	3205	1
345	Picture	AD077	5312593	1165	2	8000	179	1000	8000
346	Response	2	5331333	10407	1
347	Picture	NT004	5338259	1000	176	8167	177	1000	8000
347	Response	1	5346196	8937	1
348	Response	3	5347407	981	1
349	Picture	AT037	5363759	1000	175	8166	177	1000	8000
350	Response	1	5372125	198	2
350	Response	2	5374022	2095	1
350	Response	3	5382743	10816	1
351	Picture	AD067	5392259	1165	1	8000	177	1000	8000
352	Response	2	5401051	459	1
352	Response	3	5403278	2686	1
353	Picture	B2D027	5419425	1000	177	8166	179	1000	8000
354	Response	2	5428284	691	1
354	Response	3	5430146	2553	1
355	Picture	B1D027	5448758	1165	2	8000	179	1000	8000
356	Response	2	5467971	10880	1
356	Response	3	5470703	13612	1
357	Picture	ND067	5474757	1000	178	8167	180	1000	8000
358	Response	2	5485086	2160	1
359	Picture	ND057	5500257	1164	2	6059	120	1000	8000
359	Response	2	5506314	7221	1
361	Picture	B2T004	5526257	1165	2	5437	240	1000	8000
361	Response	1	5531692	6600	1
362	Response	3	5533785	2091	2
363	Picture	AD057	5550756	1164	2	8000	179	1000	8000
364	Response	2	5562395	3305	1
367	Picture	AT004	5619922	1000	178	7333	180	1000	8000
367	Response	1	5627111	8189	1
368	Response	3	5630304	3049	1
369	Picture	B1D024	5647588	1000	176	8167	178	1000	8000
370	Response	2	5660969	5212	1
371	Picture	B1T004	5676755	1165	2	3733	111	1000	8000
371	Response	3	5680486	4896	1
372	Response	1	5684238	3750	1
373	Picture	NT024	5698754	1164	2	6055	123	1000	8000
373	Response	3	5704807	7217	1
374	Response	1	5710083	5274	1
375	Picture	AT024	5723420	1164	2	4512	166	1000	8000
375	Response	3	5727930	5674	1
376	Response	1	5733216	5284	1
377	Picture	ND044	5748420	1164	2	6340	171	1000	8000
377	Response	3	5754758	7502	2
378	Response	2	5761268	6508	1
379	Picture	AD044	5775920	1165	2	7170	176	1000	8000
379	Response	2	5783088	8333	1
381	Picture	ND077	5803753	1165	2	8000	177	1000	8000
383	Picture	NT014	5831252	1000	178	8000	180	1000	8000
383	Response	3	5839112	8860	1
384	Response	1	5847892	8640	1
385	Picture	B2D037	5856919	1000	176	8166	178	1000	8000
386	Response	2	5867412	2325	1
387	Picture	AT014	5883085	1165	2	8000	177	1000	8000
388	Response	1	5897302	5884	2
388	Response	3	5899837	8419	1
389	Picture	B2T014	5910751	1000	176	8167	178	1000	8000
390	Response	1	5920753	1833	1
390	Response	2	5933305	14385	1
390	Response	3	5935870	16950	1
393	Picture	B1D034	5978250	1164	2	8000	179	1000	8000
394	Response	2	5995943	9359	2
395	Picture	ND064	6004584	1000	175	8166	177	1000	8000
396	Response	2	6013367	615	1
397	Picture	B2D024	6030917	1165	2	7244	104	1000	8000
397	Response	2	6038159	8407	1
399	Picture	AT034	6057583	1165	2	7801	211	1000	8000
399	Response	1	6065382	8964	1
400	Response	3	6067732	2348	1
401	Picture	AD054	6085582	1164	2	7085	108	1000	8000
401	Response	2	6092666	8248	1
403	Picture	B2T006	6111082	1165	2	6580	107	1000	8000
403	Response	1	6117660	7743	1
404	Response	3	6119732	2070	1
405	Picture	AD064	6137082	1165	2	4567	111	1000	8000
405	Response	2	6141647	5730	1
407	Picture	ND054	6160915	1165	2	8000	178	1000	8000
407	Response	2	6168914	9164	177
409	Picture	NT034	6187914	1000	176	7833	178	1000	8000
409	Response	1	6195543	8629	1
410	Response	3	6197359	1612	1
411	Picture	NT006	6216914	1000	176	8166	178	1000	8000
412	Response	2	6232744	7662	1
412	Response	3	6234997	9915	1
413	Picture	B1T014	6243414	1165	2	8000	179	1000	8000
414	Response	3	6252057	310	1
414	Response	2	6258993	7246	1
415	Picture	AD074	6269580	1000	178	8166	180	1000	8000
416	Response	2	6280391	2643	1
419	Picture	B2D034	6338912	1164	2	8000	178	1000	8000
420	Response	2	6348137	892	1
421	Picture	AD056	6364579	1000	177	8166	179	1000	8000
422	Response	1	6380285	7538	2
422	Response	3	6380989	8242	1
423	Picture	B1T006	6393912	1165	2	8000	179	1000	8000
424	Response	2	6408929	6685	2
424	Response	3	6414867	12623	1
425	Picture	NT026	6420578	1000	176	8166	178	1000	8000
426	Response	1	6434980	6234	1
426	Response	3	6437286	8540	1
427	Picture	B2T016	6447911	1165	2	8000	178	1000	8000
428	Response	1	6458301	2057	1
428	Response	3	6461523	5279	2
429	Picture	NT016	6474744	1000	176	3666	178	1000	8000
429	Response	3	6478305	4561	1
430	Response	2	6485022	6612	1
431	Picture	AT006	6495910	1000	176	5333	178	1000	8000
431	Response	3	6501104	6194	1
432	Response	1	6505435	4192	1
433	Picture	ND046	6520076	1000	178	8167	180	1000	8000
434	Response	1	6535276	7031	1
435	Picture	AT016	6547576	1165	2	6364	148	1000	8000
435	Response	3	6553938	7527	1
436	Response	2	6560661	6721	1
437	Picture	B1D026	6573909	1164	2	8000	178	1000	8000
438	Response	1	6594154	11912	1
439	Picture	AD046	6601575	1000	176	8167	178	1000	8000
440	Response	2	6610855	1111	1
441	Picture	ND074	6627742	1165	2	8000	179	1000	8000
442	Response	3	6636377	302	1
442	Response	1	6647210	11135	1
445	Picture	AT036	6697241	1000	177	8166	179	1000	8000
446	Response	2	6707938	2529	1
447	Picture	B2D026	6723407	1165	2	5579	107	1000	8000
447	Response	2	6728984	6742	1
449	Picture	NT036	6749240	1164	2	8000	179	1000	8000
450	Response	2	6767616	10043	1
450	Response	3	6769925	12352	1
451	Picture	ND056	6777573	1000	177	8166	179	1000	8000
452	Response	2	6793672	7931	1
453	Picture	AT026	6803073	1165	2	6388	126	1000	8000
453	Response	1	6809459	7551	2
454	Response	3	6811232	1771	1
455	Picture	AD066	6830739	1165	2	3145	201	1000	8000
455	Response	2	6833882	4308	2
457	Picture	AT005	6854905	1165	2	5960	218	1000	8000
457	Response	1	6860863	7123	1
458	Response	3	6862786	1921	1
459	Picture	B1D036	6882072	1165	2	7004	175	1000	8000
459	Response	2	6889075	8168	1
461	Picture	NT005	6908404	1164	2	5756	105	1000	8000
461	Response	3	6914158	6918	1
462	Response	1	6921477	7317	1
463	Picture	ND066	6931738	1165	2	6883	129	1000	8000
463	Response	2	6938619	8046	1
465	Picture	B2T005	6958071	1165	2	5634	211	1000	8000
465	Response	1	6963703	6797	2
466	Response	3	6965498	1793	1
467	Picture	B1T016	6984903	1164	2	4281	232	1000	8000
467	Response	1	6989182	5443	1
468	Response	3	6991108	1924	1
471	Picture	AT025	7049069	1165	2	6553	125	1000	8000
471	Response	2	7055620	7716	1
472	Response	1	7067677	12055	1
472	Response	3	7069859	14237	2
473	Picture	AD076	7075402	1165	2	8000	179	1000	8000
474	Response	2	7086036	2301	2
474	Response	3	7088630	4895	2
475	Picture	B1D025	7102069	1000	176	7666	178	1000	8000
475	Response	2	7109549	8480	1
476	Response	3	7112149	2414	1
477	Picture	NT015	7128911	1000	168	8157	170	1000	8000
478	Response	2	7142179	5109	2
478	Response	3	7145604	8534	1
479	Picture	ND055	7158234	1164	2	8000	179	1000	8000
480	Response	1	7168477	1909	1
480	Response	3	7170557	3989	1
481	Picture	B1T005	7187067	1000	176	6667	178	1000	8000
481	Response	1	7193488	7421	1
482	Response	3	7195038	1304	1
483	Picture	AT015	7213900	1000	178	6500	180	1000	8000
483	Response	1	7220238	7338	1
484	Response	3	7221928	1528	1
485	Picture	B2T015	7240067	1000	178	8166	180	1000	8000
486	Response	1	7251239	3004	1
486	Response	3	7253459	5224	1
487	Picture	B2D036	7266566	1164	2	8000	181	1000	8000
489	Picture	ND076	7293566	1000	178	7333	180	1000	8000
489	Response	1	7300782	8216	1
491	Picture	ND045	7318909	1000	166	8156	168	1000	8000
492	Response	1	7332194	5127	1
492	Response	3	7335515	8448	1
493	Picture	AD045	7345065	1164	2	7134	210	1000	8000
493	Response	2	7352197	8296	1
494	Response	3	7354933	2734	1
497	Picture	NT025	7411898	1165	2	8000	179	1000	8000
498	Response	3	7422881	2650	1
498	Response	2	7431752	11521	1
499	Picture	B2D025	7438064	1000	177	8166	179	1000	8000
500	Response	2	7449189	2957	1
501	Picture	ND065	7464230	1164	2	5781	232	1000	8000
501	Response	2	7470010	6944	1
503	Picture	NT035	7489730	1165	2	5278	234	1000	8000
503	Response	1	7495007	6442	1
504	Response	3	7499556	4548	1
505	Picture	AD065	7513063	1165	2	8000	178	1000	8000
507	Picture	AT035	7539229	1000	176	8167	177	1000	8000
508	Response	1	7548019	622	2
508	Response	3	7550739	3342	1
509	Picture	B1D035	7567562	1164	2	8000	178	1000	8000
510	Response	2	7581300	5405	2
511	Picture	AD055	7594062	1000	175	6667	176	1000	8000
511	Response	2	7600600	7538	1
513	Picture	B1T015	7619895	1000	176	8166	178	1000	8000
514	Response	1	7633310	5247	2
515	Picture	B2D035	7646061	1164	2	5448	233	1000	8000
515	Response	2	7651507	6610	1
517	Picture	AD075	7669561	1165	2	8000	177	1000	8000
518	Response	2	7678648	754	1
519	Picture	ND075	7698227	1000	176	7500	178	1000	8000
519	Response	2	7705562	8335	1
