Scenario - for study
Logfile written - 2016/1/17 19:55:34

Trial	Event Type	Code	Time	TTime	Uncertainty	Duration	Uncertainty	ReqTime	ReqDur

1	Response	4	283100	283100	2
3	Picture	AT020	289541	1000	171	5744	266	1000	8000
3	Response	2	295283	6742	2
5	Picture	AD050	316045	1000	171	8167	173	1000	8000
7	Picture	ND050	342048	1165	1	6720	119	1000	8000
7	Response	1	348767	7884	1
9	Picture	AD060	367552	1166	1	5693	145	1000	8000
9	Response	1	373242	6856	2
11	Picture	B1T010	394222	1165	1	6709	130	1000	8000
11	Response	1	400929	7872	2
12	Response	3	402180	1249	2
13	Picture	B1D030	418726	1166	1	8000	172	1000	8000
13	Response	1	426725	9165	173
14	Response	3	427934	874	1
15	Picture	NT010	444729	1000	171	4167	173	1000	8000
15	Response	1	448689	4960	2
17	Picture	AT010	467399	1000	171	5501	172	1000	8000
17	Response	1	472742	6343	2
18	Response	3	473877	977	1
19	Picture	ND060	491236	1000	171	8168	172	1000	8000
20	Response	2	501524	2119	1
21	Picture	B2D040	520573	1166	1	5202	137	1000	8000
21	Response	1	525773	6366	2
22	Response	3	528991	3216	2
23	Picture	ND070	545410	1166	1	8000	173	1000	8000
24	Response	2	554040	457	1
25	Picture	B2D030	573247	1000	171	5834	172	1000	8000
25	Response	2	578874	6627	2
29	Picture	AD080	639590	1000	171	8167	173	1000	8000
30	Response	1	647758	0	170
31	Picture	AT030	668260	1165	2	8000	174	1000	8000
32	Response	1	677196	601	1
32	Response	3	678913	2318	1
33	Picture	B1T020	695597	1000	171	6612	274	1000	8000
33	Response	1	702208	7611	1
34	Response	3	704207	1998	2
35	Picture	B2T020	721601	1000	171	6834	173	1000	8000
35	Response	1	728254	7653	1
36	Response	3	730893	2458	1
37	Picture	ND080	746771	1000	171	7668	172	1000	8000
37	Response	2	754280	8509	2
39	Picture	AD070	772941	1000	171	5447	274	1000	8000
39	Response	1	778386	6445	2
41	Picture	NT020	798445	1000	171	8168	172	1000	8000
42	Response	2	807548	934	1
42	Response	3	809744	3130	1
43	Picture	B1D040	825282	1166	1	8000	173	1000	8000
44	Response	2	836090	2473	1
45	Picture	NT040	854453	1000	171	8168	172	1000	8000
46	Response	3	863377	755	2
47	Picture	AT040	881457	1166	1	7306	199	1000	8000
47	Response	1	888761	8470	2
48	Response	3	890189	1426	1
49	Picture	NT030	908460	1165	2	8000	174	1000	8000
49	Response	2	916459	9164	174
50	Response	3	918611	1978	1
51	Picture	B2T010	934131	1000	170	7334	171	1000	8000
51	Response	1	941253	8122	2
52	Response	3	943639	2174	2
55	Picture	AT001	1002812	1000	166	5162	167	1000	8000
55	Response	1	1007822	6010	1
56	Response	3	1009522	1548	2
57	Picture	NT011	1025810	1000	171	7001	172	1000	8000
57	Response	2	1031870	7060	826
58	Response	3	1034091	1280	1
59	Picture	ND051	1053314	1000	171	8167	343	1000	8000
59	Response	2	1061313	8999	169
61	Picture	B1D021	1080651	1166	1	5618	101	1000	8000
61	Response	2	1086267	6782	1
63	Picture	AD051	1103488	1166	1	5868	137	1000	8000
63	Response	1	1109355	7033	1
65	Picture	B2T001	1128491	1166	1	8000	173	1000	8000
65	Response	2	1136490	9165	173
66	Response	3	1139974	3148	1
67	Picture	ND041	1156495	1000	171	5834	172	1000	8000
67	Response	2	1162137	6642	1
69	Picture	B1T001	1182999	1000	171	7501	172	1000	8000
69	Response	1	1190333	8334	1
70	Response	3	1195327	4827	2
71	Picture	B2D021	1210669	1000	171	8001	172	1000	8000
71	Response	2	1218622	8953	1
73	Picture	AD041	1238012	1000	165	7440	265	1000	8000
73	Response	1	1245450	8438	1
75	Picture	NT001	1264178	1002	170	6833	171	1000	8000
75	Response	2	1270824	7648	2
76	Response	3	1272991	1980	1
77	Picture	AD061	1290847	1000	171	7668	172	1000	8000
77	Response	1	1298322	8475	1
81	Picture	ND061	1357023	1000	171	7579	273	1000	8000
81	Response	2	1364601	8578	1
83	Picture	AT011	1385693	1000	171	4501	172	1000	8000
83	Response	1	1390071	5378	1
84	Response	3	1392107	1913	2
85	Picture	B2T011	1408363	1000	171	6168	172	1000	8000
85	Response	1	1414354	6991	1
86	Response	3	1416450	1919	1
87	Picture	AT021	1435539	1000	166	5099	270	1000	8000
87	Response	1	1440636	6097	2
88	Response	3	1442919	2281	1
89	Picture	AT031	1458037	1000	171	5334	172	1000	8000
89	Response	1	1463182	6145	1
90	Response	3	1465292	1921	1
91	Picture	B1D031	1482874	1000	171	6834	172	1000	8000
91	Response	2	1489591	7717	1
93	Picture	B2T009	1509044	1000	171	6082	274	1000	8000
93	Response	2	1515125	7081	1
94	Response	3	1517384	2258	1
95	Picture	NT021	1533547	1000	172	7413	269	1000	8000
95	Response	2	1540958	8411	1
96	Response	3	1543900	2940	1
97	Picture	NT009	1558551	1000	171	7001	172	1000	8000
97	Response	2	1565347	7796	2
98	Response	3	1567863	2311	1
99	Picture	AD071	1583888	1000	171	8168	172	1000	8000
100	Response	1	1592435	378	1
101	Picture	NT031	1610558	1165	1	6171	168	1000	8000
101	Response	2	1616728	7335	1
102	Response	3	1619150	2421	2
103	Picture	B1T011	1636228	1165	2	8000	174	1000	8000
103	Response	2	1644227	9164	174
104	Response	3	1646301	1738	2
107	Picture	NT029	1703410	1000	165	8162	166	1000	8000
107	Response	1	1711379	8969	1
108	Response	3	1712787	1215	1
109	Picture	B1T009	1729741	1000	171	7001	173	1000	8000
109	Response	1	1736604	7863	1
110	Response	3	1739994	3252	2
111	Picture	B2T019	1755245	1000	483	7834	484	1000	8000
111	Response	2	1762936	8691	1
112	Response	3	1764893	1814	1
113	Picture	ND049	1781749	1000	175	3834	176	1000	8000
113	Response	2	1785415	4666	1
114	Response	3	1788144	2561	1
115	Picture	AT029	1803252	1000	171	6167	172	1000	8000
115	Response	1	1809252	7000	1
116	Response	3	1811022	1603	1
117	Picture	AD049	1828255	1000	171	8168	172	1000	8000
118	Response	1	1837627	1203	2
119	Picture	AT019	1853925	1165	2	5211	129	1000	8000
119	Response	1	1859135	6375	1
120	Response	3	1860888	1752	2
121	Picture	AT009	1879264	1001	166	4754	270	1000	8000
121	Response	1	1884016	5753	2
122	Response	3	1886212	2194	2
123	Picture	B1D029	1901765	1165	2	4645	195	1000	8000
123	Response	2	1906409	5809	1
125	Picture	B2D031	1925769	1166	1	6112	104	1000	8000
125	Response	2	1931879	7276	2
127	Picture	NT019	1950272	1166	1	5229	110	1000	8000
127	Response	1	1955500	6394	1
128	Response	3	1958072	2571	1
129	Picture	ND071	1974942	1165	1	7424	107	1000	8000
129	Response	1	1982365	8588	1
133	Picture	NT039	2042285	1166	1	4649	195	1000	8000
133	Response	1	2046933	5814	1
134	Response	3	2048767	1833	1
135	Picture	B1D022	2064788	1166	1	5427	108	1000	8000
135	Response	2	2070214	6592	1
137	Picture	NT002	2089291	1165	2	7254	108	1000	8000
137	Response	2	2096543	8417	2
138	Response	3	2098234	1689	1
139	Picture	B2D029	2115128	1165	2	8000	174	1000	8000
140	Response	1	2123877	576	2
141	Picture	B2T002	2140804	1000	165	8162	167	1000	8000
142	Response	1	2149501	534	1
142	Response	3	2153628	4661	1
143	Picture	ND069	2167136	1166	1	5728	110	1000	8000
143	Response	2	2172862	6892	1
145	Picture	AD079	2191139	1166	1	6589	108	1000	8000
145	Response	1	2197727	7754	1
147	Picture	AT039	2216309	1166	1	8000	173	1000	8000
148	Response	1	2224931	287	2
148	Response	3	2226821	2177	2
149	Picture	B1D039	2244818	1000	166	8163	337	1000	8000
149	Response	1	2252817	8999	164
151	Picture	ND059	2274150	1165	2	5874	133	1000	8000
151	Response	2	2280022	7037	2
153	Picture	AD059	2299487	1165	2	6540	134	1000	8000
153	Response	1	2306026	7704	1
155	Picture	AD069	2326824	1165	2	5925	101	1000	8000
155	Response	1	2332747	7088	2
159	Picture	AT012	2390169	1001	166	8000	336	1000	8000
159	Response	1	2398169	9001	170
160	Response	3	2399888	1387	1
161	Picture	AT002	2416504	1000	170	5167	171	1000	8000
161	Response	1	2421488	5984	2
162	Response	3	2423472	1801	1
163	Picture	B1T002	2439506	1000	172	4668	173	1000	8000
163	Response	1	2444041	5535	1
164	Response	3	2446823	2649	1
165	Picture	ND042	2461843	1000	171	5501	172	1000	8000
165	Response	2	2467232	6389	1
167	Picture	AD042	2484846	1000	171	5755	266	1000	8000
167	Response	1	2490599	6753	2
169	Picture	B1T019	2511017	1000	171	5334	172	1000	8000
169	Response	1	2516120	6103	1
170	Response	3	2518030	1679	1
171	Picture	B2D022	2535525	1000	166	6663	167	1000	8000
171	Response	2	2542003	7478	2
173	Picture	NT022	2562857	1000	171	3834	172	1000	8000
173	Response	1	2566582	4725	2
174	Response	3	2568791	2100	2
175	Picture	B2D039	2585194	1000	171	6501	172	1000	8000
175	Response	1	2591570	7376	1
177	Picture	NT012	2610530	1000	171	4442	275	1000	8000
177	Response	1	2614971	5441	1
178	Response	3	2617393	2421	2
179	Picture	AD052	2634635	1000	70	4733	71	1000	8000
179	Response	1	2639313	5678	2
181	Picture	ND079	2658704	1000	171	6334	172	1000	8000
181	Response	1	2664990	7286	2
185	Picture	AT022	2723546	1000	171	5001	172	1000	8000
185	Response	1	2728391	5845	1
186	Response	3	2730321	1774	1
187	Picture	AD062	2747216	1000	171	4501	172	1000	8000
187	Response	2	2751492	5276	1
189	Picture	NT008	2769386	1000	171	6909	274	1000	8000
189	Response	2	2776294	7908	1
190	Response	3	2778334	2039	1
191	Picture	B1T012	2794223	1000	171	4667	172	1000	8000
191	Response	1	2798686	5463	1
192	Response	3	2800942	2052	2
193	Picture	AT008	2820060	1000	171	3756	266	1000	8000
193	Response	1	2823814	4754	1
194	Response	3	2825744	1928	1
195	Picture	ND062	2842896	1000	171	4334	172	1000	8000
195	Response	1	2847025	5129	1
197	Picture	AT032	2865899	1000	171	5501	172	1000	8000
197	Response	1	2871264	6365	2
198	Response	3	2873441	2041	1
199	Picture	B1D032	2892570	1000	171	4000	173	1000	8000
199	Response	1	2896456	4886	1
201	Picture	NT032	2914740	1000	171	5591	269	1000	8000
201	Response	2	2920329	6589	1
202	Response	3	2922345	2014	2
203	Picture	ND052	2938076	1000	171	5668	172	1000	8000
203	Response	2	2943553	6477	2
205	Picture	B2T008	2964746	1000	172	4168	173	1000	8000
205	Response	1	2968731	4985	1
206	Response	3	2971620	2706	1
207	Picture	B2T012	2987416	1000	171	4001	172	1000	8000
207	Response	1	2991307	4891	1
208	Response	3	2993732	2315	2
211	Picture	NT018	3049925	1000	171	5243	269	1000	8000
211	Response	1	3055166	6241	1
212	Response	3	3057539	2371	1
213	Picture	B1T008	3074595	1000	171	4742	269	1000	8000
213	Response	2	3079336	5741	1
214	Response	3	3081372	2035	1
215	Picture	AT018	3096598	1000	171	4406	275	1000	8000
215	Response	2	3101003	5405	1
216	Response	3	3103575	2571	1
217	Picture	AT028	3118435	1000	171	4334	172	1000	8000
217	Response	1	3122557	5122	1
218	Response	3	3124396	1627	2
219	Picture	ND072	3140271	1000	171	5744	266	1000	8000
219	Response	1	3146014	6743	1
221	Picture	B2D032	3166947	1000	165	6162	166	1000	8000
221	Response	1	3172969	7022	1
223	Picture	NT038	3193451	1000	165	4078	266	1000	8000
223	Response	1	3197528	5077	1
224	Response	3	3199727	2198	1
225	Picture	B2T018	3216448	1000	171	6778	273	1000	8000
225	Response	2	3223225	7777	1
226	Response	3	3225384	2158	1
227	Picture	NT028	3242619	1000	170	4077	272	1000	8000
227	Response	1	3246695	5076	1
228	Response	3	3248968	2272	1
229	Picture	B1D028	3264788	1000	171	5426	275	1000	8000
229	Response	1	3270212	6424	2
231	Picture	AD072	3290458	1000	172	6168	173	1000	8000
231	Response	1	3296438	6980	2
233	Picture	AD048	3314128	1000	177	6335	178	1000	8000
233	Response	1	3320288	7160	2
237	Picture	AD068	3379143	1000	166	4995	167	1000	8000
237	Response	1	3384035	5892	1
239	Picture	B2D028	3401807	1000	171	3334	172	1000	8000
239	Response	1	3404936	4129	2
241	Picture	B2T003	3422477	1000	171	6168	172	1000	8000
241	Response	2	3428537	7060	1
242	Response	3	3430467	1822	1
243	Picture	NT003	3449147	1000	171	5501	172	1000	8000
243	Response	2	3454550	6403	1
244	Response	3	3456510	1862	1
245	Picture	ND048	3472984	1000	171	3834	172	1000	8000
245	Response	1	3476703	4719	1
247	Picture	AT038	3494320	1000	171	4501	172	1000	8000
247	Response	1	3498676	5356	1
248	Response	3	3500609	1788	2
249	Picture	AD078	3517996	1000	165	6329	166	1000	8000
249	Response	1	3524217	7221	1
251	Picture	AD058	3542827	1000	171	5258	268	1000	8000
251	Response	1	3548083	6256	1
253	Picture	ND058	3568330	1000	171	3501	172	1000	8000
253	Response	1	3571640	4310	2
255	Picture	B1D038	3592000	1000	171	3668	172	1000	8000
255	Response	2	3595507	4507	1
257	Picture	ND068	3615170	1000	171	3145	362	1000	8000
257	Response	2	3618312	4142	2
259	Picture	B1T018	3637007	1000	171	4667	172	1000	8000
259	Response	1	3641507	5500	1
260	Response	3	3643703	2029	1
263	Picture	NT013	3701349	1000	171	6168	172	1000	8000
263	Response	1	3707303	6954	1
264	Response	3	3708737	1220	1
265	Picture	ND043	3725019	1000	170	6168	171	1000	8000
265	Response	2	3731023	7004	2
267	Picture	B1T003	3748856	1000	171	5834	172	1000	8000
267	Response	1	3754574	6718	1
268	Response	3	3755981	1291	2
269	Picture	B1D023	3773192	1000	171	6168	172	1000	8000
269	Response	1	3779158	6966	2
271	Picture	ND078	3797034	1000	166	5163	167	1000	8000
271	Response	1	3801988	5954	1
273	Picture	B2D038	3820366	1000	171	5903	275	1000	8000
273	Response	1	3826267	6901	1
275	Picture	AD043	3844869	1000	171	4001	172	1000	8000
275	Response	1	3848726	4857	1
277	Picture	B2T013	3868539	1000	170	4334	171	1000	8000
277	Response	1	3872722	5183	2
278	Response	3	3875238	2365	1
279	Picture	NT023	3894209	1000	171	3667	173	1000	8000
279	Response	2	3897721	4512	1
280	Response	3	3900036	2160	2
281	Picture	AD053	3916712	1000	171	5001	172	1000	8000
281	Response	1	3921537	5825	1
283	Picture	AT003	3939049	1000	170	3428	267	1000	8000
283	Response	1	3942475	4426	2
284	Response	3	3944522	2045	1
285	Picture	AT013	3961552	1000	171	5167	173	1000	8000
285	Response	2	3966672	6120	1
286	Response	3	3970359	3640	1
289	Picture	NT033	4026728	1000	171	6613	271	1000	8000
289	Response	1	4033340	7612	1
290	Response	3	4034805	1464	551
291	Picture	NT017	4050731	1000	171	3834	172	1000	8000
291	Response	1	4054364	4633	2
292	Response	3	4056544	1979	1
293	Picture	AT023	4075068	1000	171	5501	172	1000	8000
293	Response	3	4080451	6383	1
294	Response	1	4083449	2880	1
295	Picture	AD063	4100905	1000	171	5334	172	1000	8000
295	Response	1	4106048	6143	1
297	Picture	AT033	4123574	1000	172	4239	273	1000	8000
297	Response	1	4127811	5237	2
298	Response	3	4129332	1519	1
299	Picture	AT007	4147911	1000	171	3928	268	1000	8000
299	Response	1	4151838	4927	1
300	Response	3	4153485	1646	1
301	Picture	B2D023	4170414	1000	171	4756	275	1000	8000
301	Response	1	4175169	5755	1
303	Picture	B1T007	4193256	1000	166	4114	262	1000	8000
303	Response	1	4197368	5112	1
304	Response	3	4199441	2071	2
305	Picture	NT007	4217754	1000	171	4001	172	1000	8000
305	Response	1	4221621	4867	1
306	Response	3	4223551	1796	1
307	Picture	B1T013	4241091	1000	171	4275	275	1000	8000
307	Response	1	4245364	5273	2
308	Response	3	4246975	1609	1
309	Picture	B2T007	4263261	1000	170	3576	273	1000	8000
309	Response	2	4266835	4574	1
310	Response	3	4268502	1665	1
311	Picture	ND053	4287264	1000	171	4667	173	1000	8000
311	Response	2	4291797	5533	1
315	Picture	B1D033	4350106	1000	170	5438	273	1000	8000
315	Response	1	4355543	6437	1
317	Picture	B2T017	4373615	1000	165	3773	261	1000	8000
317	Response	1	4377386	4771	2
318	Response	3	4378907	1519	1
319	Picture	AD047	4396112	1000	171	4835	172	1000	8000
319	Response	1	4400764	5652	1
321	Picture	AT027	4421783	1000	171	4569	271	1000	8000
321	Response	2	4426351	5568	1
322	Response	3	4428547	2195	2
323	Picture	AT017	4444619	1000	171	4236	274	1000	8000
323	Response	1	4448853	5234	1
324	Response	3	4451123	2268	1
325	Picture	B2D033	4466289	1000	171	5594	266	1000	8000
325	Response	1	4471881	6592	2
327	Picture	B1T017	4490792	1000	171	4334	172	1000	8000
327	Response	1	4494949	5157	2
328	Response	3	4496826	1700	1
329	Picture	NT027	4514295	1000	171	4080	271	1000	8000
329	Response	1	4518373	5078	2
330	Response	3	4520490	2115	1
331	Picture	ND073	4539132	1000	171	4334	173	1000	8000
331	Response	1	4543328	5196	1
333	Picture	ND047	4561635	1000	172	4168	173	1000	8000
333	Response	2	4565687	5052	2
335	Picture	AD073	4584639	1000	171	4000	172	1000	8000
335	Response	2	4588466	4827	1
337	Picture	ND063	4606642	1000	171	5782	267	1000	8000
337	Response	2	4612423	6781	1
341	Picture	B1D037	4673818	1000	171	4572	269	1000	8000
341	Response	1	4678388	5570	2
343	Picture	AD077	4697654	1000	171	3927	273	1000	8000
343	Response	1	4701580	4926	1
345	Picture	ND067	4719991	1000	171	4605	275	1000	8000
345	Response	1	4724594	5603	2
347	Picture	AD057	4744161	1000	171	6834	172	1000	8000
347	Response	2	4750857	7696	1
349	Picture	B2D027	4770998	1000	171	3944	266	1000	8000
349	Response	2	4774940	4942	1
351	Picture	AD067	4793334	1000	171	5835	172	1000	8000
351	Response	2	4798983	6649	1
353	Picture	ND057	4818338	1000	171	7235	275	1000	8000
353	Response	2	4825572	8234	1
355	Picture	AT037	4846175	1000	171	6413	268	1000	8000
355	Response	1	4852586	7411	2
356	Response	3	4854091	1503	1
357	Picture	NT037	4871512	1000	171	8001	172	1000	8000
357	Response	2	4879332	8820	1
358	Response	3	4881072	1559	1
359	Picture	NT004	4898349	1000	171	6834	172	1000	8000
359	Response	1	4905045	7696	1
360	Response	3	4906779	1596	1
361	Picture	B2T004	4924019	1000	171	4668	172	1000	8000
361	Response	2	4928582	5563	2
362	Response	3	4930542	1855	2
363	Picture	B1D027	4949023	1000	171	6167	172	1000	8000
363	Response	1	4955015	6992	1
367	Picture	NT024	5014198	1000	171	5423	269	1000	8000
367	Response	2	5019620	6422	1
368	Response	3	5021453	1832	2
369	Picture	B1T004	5037368	1000	171	8168	172	1000	8000
370	Response	1	5047097	1560	1
370	Response	3	5049217	3680	1
371	Picture	AT014	5066539	1166	1	6013	159	1000	8000
371	Response	1	5072551	7178	1
372	Response	3	5074015	1463	1
373	Picture	AT024	5090876	1166	1	3786	101	1000	8000
373	Response	2	5094661	4951	1
374	Response	3	5096810	2148	2
375	Picture	ND077	5115546	1166	1	5349	156	1000	8000
375	Response	2	5120893	6513	2
377	Picture	ND044	5139716	1166	1	4054	118	1000	8000
377	Response	2	5143768	5218	2
379	Picture	AT004	5162219	1166	1	5234	103	1000	8000
379	Response	1	5167452	6399	1
380	Response	3	5169036	1583	1
381	Picture	NT014	5188556	1166	1	4897	107	1000	8000
381	Response	2	5193452	6062	1
382	Response	3	5195548	2095	1
383	Picture	B2T014	5210726	1166	1	5037	135	1000	8000
383	Response	2	5215761	6201	1
384	Response	3	5217754	1991	2
385	Picture	AD044	5235896	1166	1	4944	100	1000	8000
385	Response	1	5240839	6109	1
387	Picture	B1D024	5260235	1001	166	5803	365	1000	8000
387	Response	2	5266037	6803	1
389	Picture	B2D037	5283903	1166	1	3802	203	1000	8000
389	Response	2	5287704	4967	1
393	Picture	ND064	5345911	1165	2	7038	136	1000	8000
393	Response	2	5352948	8202	1
395	Picture	AT034	5372415	1166	1	5393	112	1000	8000
395	Response	1	5377806	6557	1
396	Response	3	5379779	1971	2
397	Picture	B2D024	5397085	1166	1	5927	108	1000	8000
397	Response	1	5403010	7091	2
399	Picture	AD064	5421088	1165	2	4040	132	1000	8000
399	Response	1	5425127	5204	1
401	Picture	AD054	5443925	1166	1	7985	188	1000	8000
401	Response	1	5451908	9149	2
403	Picture	AD074	5473096	1166	1	4075	108	1000	8000
403	Response	1	5477169	5239	2
405	Picture	B2T006	5498266	1166	1	4475	197	1000	8000
405	Response	1	5502740	5640	1
406	Response	3	5504683	1942	1
407	Picture	ND054	5521436	1166	1	5055	117	1000	8000
407	Response	2	5526490	6220	1
409	Picture	NT034	5546939	1165	2	4887	120	1000	8000
409	Response	1	5551824	6050	2
410	Response	3	5553661	1835	2
411	Picture	B1T014	5570943	1166	1	6091	102	1000	8000
411	Response	2	5577032	7255	2
412	Response	3	5578949	1915	1
413	Picture	B1D034	5596279	1165	2	5483	191	1000	8000
413	Response	2	5601761	6647	1
415	Picture	NT006	5622617	1166	1	3930	104	1000	8000
415	Response	1	5626546	5095	1
416	Response	3	5628369	1822	2
419	Picture	B2D034	5684625	1166	1	5546	127	1000	8000
419	Response	2	5690169	6710	2
421	Picture	ND046	5708295	1166	1	3453	101	1000	8000
421	Response	2	5711746	4617	2
423	Picture	B1D026	5730298	1165	1	4698	141	1000	8000
423	Response	2	5734994	5861	1
425	Picture	AT006	5755302	1166	1	4818	187	1000	8000
425	Response	1	5760119	5983	1
426	Response	3	5761356	1236	1
427	Picture	AT016	5780472	1166	1	4872	133	1000	8000
427	Response	1	5785343	6037	1
428	Response	3	5786408	1064	1
429	Picture	NT026	5806475	1165	2	6177	163	1000	8000
429	Response	2	5812651	7341	1
430	Response	3	5814298	1646	1
431	Picture	B1T006	5830979	1166	1	4804	201	1000	8000
431	Response	2	5835782	5969	1
432	Response	3	5837365	1582	2
433	Picture	B2T016	5854482	1165	1	6030	142	1000	8000
433	Response	1	5860510	7193	2
434	Response	3	5861961	1449	1
435	Picture	AD056	5878819	1166	1	4368	137	1000	8000
435	Response	2	5883185	5532	2
437	Picture	AD046	5903822	1165	2	7241	105	1000	8000
437	Response	1	5911062	8405	1
439	Picture	ND074	5929826	1166	1	6036	137	1000	8000
439	Response	2	5935861	7201	1
441	Picture	NT016	5954163	1166	1	7456	216	1000	8000
441	Response	2	5961618	8621	1
442	Response	3	5963032	1413	1
445	Picture	AD066	6019505	1166	1	7807	199	1000	8000
445	Response	1	6027311	8972	1
447	Picture	NT005	6046676	1166	1	5095	109	1000	8000
447	Response	2	6051770	6260	1
448	Response	3	6053580	1809	1
449	Picture	NT036	6070512	1165	1	5359	147	1000	8000
449	Response	2	6075869	6522	2
450	Response	3	6077626	1755	2
451	Picture	ND066	6094849	1166	1	4463	209	1000	8000
451	Response	2	6099310	5627	1
453	Picture	AT026	6118852	1165	1	4716	123	1000	8000
453	Response	1	6123566	5879	1
454	Response	3	6125503	1935	1
455	Picture	ND056	6143856	1165	1	6800	205	1000	8000
455	Response	2	6150654	7963	1
457	Picture	B1T016	6171693	1166	1	6084	106	1000	8000
457	Response	2	6177775	7248	2
458	Response	3	6179705	1928	1
459	Picture	B2T005	6195696	1165	1	3371	134	1000	8000
459	Response	1	6199066	4535	1
460	Response	3	6201209	2142	1
461	Picture	AT005	6216366	1166	1	3766	108	1000	8000
461	Response	1	6220131	4931	1
462	Response	3	6221901	1769	1
463	Picture	AT036	6237702	1136	1	3755	99	1000	8000
463	Response	1	6241455	4889	1
464	Response	3	6243705	2248	1
465	Picture	B1D036	6258872	1166	1	7859	146	1000	8000
465	Response	1	6266729	9023	2
467	Picture	B2D026	6285375	1165	2	4404	101	1000	8000
467	Response	2	6289778	5568	1
471	Picture	B2T015	6350884	1165	2	5037	136	1000	8000
471	Response	1	6355920	6201	1
472	Response	3	6358785	2864	1
473	Picture	AD045	6373221	1166	1	5492	180	1000	8000
473	Response	1	6378712	6657	1
475	Picture	ND045	6397724	1165	2	6400	107	1000	8000
475	Response	2	6404123	7564	1
477	Picture	AD076	6423395	1166	1	5291	214	1000	8000
477	Response	1	6428685	6456	1
479	Picture	NT015	6447731	1165	2	5165	175	1000	8000
479	Response	2	6452894	6328	1
480	Response	3	6455004	2108	1
481	Picture	ND055	6470234	1165	2	8000	173	1000	8000
482	Response	2	6484747	6178	2
483	Picture	B2D036	6498072	1000	171	5667	172	1000	8000
483	Response	2	6503626	6554	1
485	Picture	B1D025	6522242	1000	171	4500	172	1000	8000
485	Response	2	6526587	5345	2
487	Picture	B1T005	6545583	1000	166	4496	167	1000	8000
487	Response	1	6550028	5445	1
488	Response	3	6551798	1719	1
489	Picture	AT015	6567753	1000	166	4496	167	1000	8000
489	Response	1	6572048	5295	1
490	Response	3	6574231	1982	1
491	Picture	AT025	6589584	1000	171	6501	172	1000	8000
491	Response	2	6595968	7384	1
492	Response	3	6597898	1813	1
493	Picture	ND076	6615421	1000	171	5834	173	1000	8000
493	Response	2	6621099	6678	1
497	Picture	AT035	6682931	1000	171	5167	172	1000	8000
497	Response	2	6687910	5979	1
498	Response	3	6689860	1762	1
499	Picture	B1D035	6708280	1000	158	5904	257	1000	8000
499	Response	2	6714183	6903	1
501	Picture	B1T015	6732104	1000	171	6835	172	1000	8000
501	Response	2	6738775	7671	1
502	Response	3	6741004	2065	2
503	Picture	B2D035	6760108	1000	171	6948	273	1000	8000
503	Response	2	6767054	7946	2
505	Picture	ND065	6784611	1000	173	5335	174	1000	8000
505	Response	2	6789893	6282	1
507	Picture	B2D025	6810282	1000	170	7001	171	1000	8000
507	Response	2	6817147	7865	1
509	Picture	AD075	6834790	1000	166	5426	264	1000	8000
509	Response	1	6840215	6425	1
511	Picture	ND075	6857621	1000	170	4668	171	1000	8000
511	Response	1	6862118	5497	1
513	Picture	NT025	6881630	1000	166	6496	167	1000	8000
513	Response	2	6887968	7338	1
514	Response	3	6889722	1596	1
515	Picture	AD055	6908795	1000	171	4966	374	1000	8000
515	Response	1	6913758	5963	2
517	Picture	NT035	6932632	1000	171	5001	172	1000	8000
517	Response	2	6937465	5833	2
518	Response	3	6939272	1639	1
519	Picture	AD065	6955302	1000	171	6268	275	1000	8000
519	Response	2	6961568	7266	1
