Scenario - for study
Logfile written - 2016/1/12 22:02:32

Trial	Event Type	Code	Time	TTime	Uncertainty	Duration	Uncertainty	ReqTime	ReqDur

1	Response	4	149287	149287	2
3	Picture	ND070	155527	1000	165	8162	166	1000	8000
4	Response	2	168416	4726	1
5	Picture	B2D040	181692	1166	1	7007	165	1000	8000
5	Response	2	188698	8172	1
7	Picture	B1D030	206028	1165	1	8000	173	1000	8000
8	Response	1	214200	-163	162
8	Response	3	222068	7705	2
9	Picture	B1T010	234365	1000	171	8168	172	1000	8000
10	Response	1	245885	3351	1
10	Response	3	250184	7650	2
11	Picture	AD060	261369	1166	1	6694	145	1000	8000
11	Response	1	268061	7858	1
12	Response	3	271093	3030	1
13	Picture	ND050	285539	1166	1	8000	173	1000	8000
13	Response	2	293538	9165	173
14	Response	3	299781	6069	1
15	Picture	B2D030	313043	1000	170	8167	172	1000	8000
16	Response	1	322955	1744	2
16	Response	2	333648	12437	1
17	Picture	AT020	342380	1166	1	8000	173	1000	8000
18	Response	1	353627	2913	1
18	Response	3	356922	6208	1
19	Picture	AD050	368050	1000	171	8168	172	1000	8000
20	Response	1	376450	231	1
20	Response	3	380649	4430	1
21	Picture	NT010	394720	1165	1	5963	214	1000	8000
21	Response	1	400682	7127	1
22	Response	3	407527	6844	1
23	Picture	AT010	420890	1165	2	6279	107	1000	8000
23	Response	1	427167	7442	1
24	Response	3	430591	3422	1
25	Picture	ND060	445894	1166	1	6502	170	1000	8000
25	Response	1	452395	7667	1
26	Response	3	455336	2940	1
29	Picture	B2T020	510236	1166	1	8000	172	1000	8000
30	Response	1	520494	1924	1
30	Response	3	523815	5245	1
31	Picture	NT030	535906	1000	171	8167	342	1000	8000
31	Response	2	543905	8999	168
33	Picture	B2T010	563076	1165	1	8000	173	1000	8000
34	Response	2	571248	-163	162
35	Picture	ND080	590746	1000	171	8168	173	1000	8000
36	Response	2	601993	3078	2
37	Picture	AD070	617917	1166	1	8000	172	1000	8000
38	Response	1	627244	1155	1
38	Response	3	630435	4346	2
39	Picture	B1D040	646421	1000	171	8168	172	1000	8000
40	Response	1	654844	255	2
40	Response	3	658425	3836	1
41	Picture	B1T020	672924	1165	2	4577	108	1000	8000
41	Response	1	677500	5741	1
42	Response	3	680877	3376	2
43	Picture	AT030	695427	1165	2	7708	132	1000	8000
43	Response	2	703133	8871	2
45	Picture	AT040	721264	1166	1	6949	105	1000	8000
45	Response	1	728211	8113	1
46	Response	3	731099	2886	2
47	Picture	NT020	745934	1166	1	6662	177	1000	8000
47	Response	2	752594	7826	1
49	Picture	NT040	772438	1166	1	7664	174	1000	8000
49	Response	2	780101	8829	1
51	Picture	AD080	798941	1165	1	6801	205	1000	8000
51	Response	1	805741	7965	1
52	Response	3	808952	3210	1
55	Picture	B1T001	864617	1166	1	6156	182	1000	8000
55	Response	1	870771	7320	2
56	Response	3	873939	3166	2
57	Picture	B2T001	889620	1166	1	8000	173	1000	8000
57	Response	2	897619	9165	173
59	Picture	NT001	915957	1000	171	6583	267	1000	8000
59	Response	2	922538	7581	1
61	Picture	B2D021	940627	1000	171	5667	172	1000	8000
61	Response	1	946085	6458	1
62	Response	3	949506	3212	1
63	Picture	AT001	965964	1000	170	7573	267	1000	8000
63	Response	2	973536	8572	1
65	Picture	ND041	992467	1000	171	8168	172	1000	8000
66	Response	2	1001246	610	1
67	Picture	AD041	1017971	1166	1	4693	145	1000	8000
67	Response	1	1022663	5858	1
68	Response	3	1025751	3087	1
69	Picture	AD061	1042307	1165	1	5182	157	1000	8000
69	Response	1	1047488	6346	1
70	Response	3	1052306	4817	2
71	Picture	AD051	1068644	1166	1	4472	200	1000	8000
71	Response	1	1073115	5637	1
73	Picture	ND051	1092147	1165	1	8000	173	1000	8000
74	Response	2	1101507	1187	1
75	Picture	B1D021	1117984	1000	171	4501	172	1000	8000
75	Response	1	1122365	5381	2
76	Response	3	1133853	11368	1
77	Picture	NT011	1142321	1000	170	8001	171	1000	8000
77	Response	2	1150119	8798	1
81	Picture	NT031	1208501	1000	166	8163	167	1000	8000
82	Response	2	1216665	0	170
83	Picture	B1D031	1235500	1166	1	7477	195	1000	8000
83	Response	1	1242976	8642	1
84	Response	3	1246184	3207	1
85	Picture	B2T011	1261170	1166	1	8000	173	1000	8000
87	Picture	AT021	1289174	1000	170	8167	172	1000	8000
89	Picture	AD071	1315177	1165	1	298	207	1000	8000
89	Response	1	1315474	1462	1
90	Response	3	1323703	8228	3
91	Picture	AT011	1336513	1165	2	6213	127	1000	8000
91	Response	1	1342725	7377	1
92	Response	3	1345853	3127	1
93	Picture	NT021	1361850	1166	1	3878	127	1000	8000
93	Response	1	1365726	5042	2
94	Response	3	1369064	3336	1
95	Picture	AT031	1385520	1166	1	6457	215	1000	8000
95	Response	1	1391975	7621	2
96	Response	3	1394904	2927	1
97	Picture	B1T011	1413357	1166	1	6799	206	1000	8000
97	Response	1	1420155	7964	1
98	Response	3	1423862	3706	1
99	Picture	NT009	1440694	1166	1	7781	103	1000	8000
99	Response	2	1448474	8946	1
101	Picture	ND061	1469198	1166	1	8000	172	1000	8000
102	Response	2	1485029	7659	1
103	Picture	B2T009	1497368	1000	171	6078	273	1000	8000
103	Response	1	1503445	7077	1
107	Picture	ND049	1562377	1000	170	7668	171	1000	8000
107	Response	1	1569840	8463	1
108	Response	3	1573374	3329	1
109	Picture	ND071	1587380	1000	171	8168	172	1000	8000
110	Response	2	1606452	10903	1
111	Picture	B1T009	1615551	1166	1	8000	172	1000	8000
111	Response	2	1623550	9165	173
113	Picture	B2T019	1643388	1000	170	8168	171	1000	8000
114	Response	2	1651557	0	169
115	Picture	AT019	1672392	1166	1	6153	185	1000	8000
115	Response	1	1678544	7318	1
116	Response	3	1681665	3120	1
117	Picture	B2D031	1696562	1166	1	6841	164	1000	8000
117	Response	2	1703402	8006	1
119	Picture	AD049	1724565	1165	2	7301	206	1000	8000
119	Response	1	1731864	8464	1
120	Response	3	1735085	3219	2
121	Picture	B1D029	1753069	1165	2	5568	107	1000	8000
121	Response	1	1758636	6732	1
122	Response	3	1762067	3430	1
123	Picture	AT029	1778073	1166	1	5972	200	1000	8000
123	Response	1	1784043	7136	1
124	Response	3	1787284	3239	2
125	Picture	AT009	1801576	1166	1	5051	121	1000	8000
125	Response	1	1806625	6215	2
126	Response	3	1809597	2970	1
127	Picture	NT019	1824412	1165	1	3865	140	1000	8000
127	Response	1	1828275	5028	2
129	Picture	NT029	1846082	1166	1	8000	172	1000	8000
130	Response	2	1856352	2098	1
133	Picture	AT039	1912424	1000	173	7273	275	1000	8000
133	Response	1	1919695	8271	2
134	Response	3	1929575	9878	1
135	Picture	AD069	1939594	1000	171	5334	173	1000	8000
135	Response	1	1944743	6149	2
136	Response	3	1948078	3150	1
137	Picture	NT039	1964931	1000	171	8168	172	1000	8000
138	Response	2	1973512	412	1
139	Picture	B1D022	1993602	1166	1	8000	172	1000	8000
140	Response	1	2004952	3016	1
140	Response	3	2008186	6250	2
141	Picture	B2T002	2020772	1000	171	7908	272	1000	8000
141	Response	2	2028679	8907	1
143	Picture	AD079	2046442	1000	176	8168	177	1000	8000
144	Response	1	2055710	1099	1
144	Response	3	2058891	4280	1
145	Picture	ND069	2073112	1165	1	6446	100	1000	8000
145	Response	2	2079557	7610	1
147	Picture	B1D039	2100283	1166	1	6057	115	1000	8000
147	Response	1	2106338	7221	1
148	Response	3	2109729	3389	1
149	Picture	AD059	2126119	1165	2	6413	103	1000	8000
149	Response	1	2132531	7577	1
151	Picture	B2D029	2150956	1166	1	7962	210	1000	8000
151	Response	1	2158916	9126	1
152	Response	3	2163439	4521	1
153	Picture	ND059	2179126	1165	2	7276	110	1000	8000
153	Response	2	2186400	8439	2
155	Picture	NT002	2206797	1166	1	8000	173	1000	8000
156	Response	2	2214969	-162	162
159	Picture	AT012	2275973	1000	171	8168	172	1000	8000
160	Response	1	2284502	360	1
160	Response	3	2287567	3425	1
161	Picture	AD052	2301976	1165	2	5130	210	1000	8000
161	Response	1	2307104	6293	1
162	Response	3	2310179	3073	1
163	Picture	B1T019	2325313	1166	1	5828	182	1000	8000
163	Response	1	2331140	6993	1
164	Response	3	2336481	5340	2
165	Picture	NT012	2348816	1166	1	8000	173	1000	8000
166	Response	2	2359766	2616	1
167	Picture	B2D022	2377153	1000	171	8168	172	1000	8000
168	Response	1	2385500	178	1
168	Response	3	2388654	3332	1
169	Picture	ND079	2403657	1166	1	5061	110	1000	8000
169	Response	1	2408717	6226	1
170	Response	3	2412098	3380	815
171	Picture	AT002	2428662	1001	166	6099	265	1000	8000
171	Response	1	2434760	7099	1
172	Response	3	2438081	3320	1
173	Picture	AD042	2452830	1166	1	7528	144	1000	8000
173	Response	1	2460356	8692	2
175	Picture	ND042	2478500	1166	1	6720	119	1000	8000
175	Response	2	2485218	7884	1
177	Picture	B1T002	2506004	1166	1	4806	198	1000	8000
177	Response	1	2510808	5970	2
178	Response	3	2513780	2970	2
179	Picture	NT022	2529507	1166	1	8000	173	1000	8000
180	Response	1	2538954	1113	2
180	Response	3	2543923	6082	1
181	Picture	B2D039	2557844	1000	171	6334	172	1000	8000
181	Response	1	2564009	7165	1
182	Response	3	2567197	3019	1
185	Picture	AT008	2623686	1000	171	5941	271	1000	8000
185	Response	1	2629625	6939	2
186	Response	3	2632437	2810	1
187	Picture	B2T008	2650190	1000	170	5779	270	1000	8000
187	Response	1	2655968	6778	1
188	Response	3	2659122	3153	2
189	Picture	AD062	2673365	1000	165	8162	166	1000	8000
190	Response	2	2682207	679	1
191	Picture	B1D032	2701363	1165	1	5261	103	1000	8000
191	Response	1	2706623	6425	1
192	Response	3	2710346	3722	2
193	Picture	B2T012	2726533	1165	2	6883	124	1000	8000
193	Response	2	2733414	8046	2
195	Picture	AT032	2754370	1165	2	6586	110	1000	8000
195	Response	1	2760955	7750	1
196	Response	3	2763617	2661	1
197	Picture	ND052	2781041	1166	1	8000	172	1000	8000
198	Response	2	2792146	2771	1
199	Picture	NT008	2808549	1000	166	8163	167	1000	8000
200	Response	2	2820032	3318	2
201	Picture	B1T012	2834214	1165	2	5773	101	1000	8000
201	Response	1	2839985	6936	1
202	Response	3	2842820	2833	2
203	Picture	NT032	2857384	1165	1	8000	173	1000	8000
204	Response	2	2867382	1825	2
205	Picture	AT022	2886388	1000	171	5501	172	1000	8000
205	Response	1	2891755	6367	1
207	Picture	ND062	2912558	1000	171	8168	172	1000	8000
208	Response	2	2920727	0	170
211	Picture	NT018	2979234	1166	1	8000	173	1000	8000
212	Response	1	2987406	-162	162
213	Picture	AT018	3005404	1000	171	8168	172	1000	8000
214	Response	1	3014159	586	1
215	Picture	AD072	3032741	1166	1	8000	173	1000	8000
216	Response	1	3040913	-163	162
216	Response	3	3045227	4151	1
217	Picture	ND072	3060745	1000	171	5911	269	1000	8000
217	Response	2	3066654	6909	2
219	Picture	B2D032	3084748	1000	171	7168	172	1000	8000
219	Response	2	3091702	7954	1
221	Picture	B1T008	3112752	1000	170	7501	171	1000	8000
221	Response	1	3120048	8296	1
222	Response	3	3123442	3189	1
223	Picture	NT038	3138589	1000	170	8167	172	1000	8000
224	Response	2	3148001	1244	1
225	Picture	B1D028	3166259	1166	1	8000	173	1000	8000
225	Response	2	3174258	9165	173
227	Picture	AT028	3192596	1000	170	7001	171	1000	8000
227	Response	1	3199471	7875	1
228	Response	3	3202626	3029	1
229	Picture	AD048	3220605	1000	165	7828	167	1000	8000
229	Response	1	3228282	8677	2
230	Response	3	3232579	4146	1
231	Picture	B2T018	3249603	1000	171	6168	172	1000	8000
231	Response	1	3255620	7017	1
232	Response	3	3261021	5250	1
233	Picture	NT028	3275607	1000	171	6668	172	1000	8000
233	Response	2	3282175	7568	2
237	Picture	AT038	3342116	1000	171	8168	172	1000	8000
238	Response	1	3352757	2472	1
238	Response	3	3355951	5666	1
239	Picture	ND068	3370620	1166	1	4863	142	1000	8000
239	Response	1	3375482	6028	1
240	Response	3	3378320	2837	2
241	Picture	AD058	3394123	1166	1	6235	108	1000	8000
241	Response	1	3400356	7399	2
242	Response	3	3403375	3017	1
243	Picture	AD078	3419293	1165	1	5557	115	1000	8000
243	Response	1	3424849	6721	1
245	Picture	ND048	3442963	1166	1	7338	167	1000	8000
245	Response	2	3450299	8502	2
247	Picture	B2T003	3469300	1166	1	8000	172	1000	8000
248	Response	1	3478825	1191	1
249	Picture	B2D028	3498470	1000	171	7168	172	1000	8000
249	Response	2	3505473	8003	2
251	Picture	AD068	3524479	1000	165	7496	166	1000	8000
251	Response	1	3531822	8343	2
252	Response	3	3535203	3228	1
253	Picture	B1T018	3550482	1000	166	8163	167	1000	8000
254	Response	1	3561323	2677	1
254	Response	3	3564351	5705	1
255	Picture	NT003	3577481	1166	1	8000	173	1000	8000
256	Response	2	3586417	602	2
257	Picture	B1D038	3606985	1000	170	5501	171	1000	8000
257	Response	1	3612334	6349	1
258	Response	3	3615545	3059	1
259	Picture	ND058	3631000	1000	159	8156	160	1000	8000
260	Response	1	3641864	2707	1
260	Response	3	3644922	5765	1
263	Picture	NT013	3699497	1165	1	6680	159	1000	8000
263	Response	1	3706176	7844	1
264	Response	3	3709281	3104	1
265	Picture	AT003	3727334	1165	2	5795	212	1000	8000
265	Response	1	3733127	6958	1
266	Response	3	3735909	2780	1
267	Picture	AT013	3752671	1166	1	5739	105	1000	8000
267	Response	1	3758408	6903	1
268	Response	3	3761672	3262	2
269	Picture	B1D023	3777008	1166	1	8000	172	1000	8000
269	Response	2	3785007	9165	173
271	Picture	AD043	3802678	1000	170	6916	273	1000	8000
271	Response	1	3809592	7914	1
272	Response	3	3812600	3006	1
273	Picture	ND043	3827181	1000	171	8168	172	1000	8000
274	Response	2	3838983	3633	1
275	Picture	ND078	3855852	1166	1	8000	172	1000	8000
276	Response	1	3868034	3848	1
276	Response	3	3871914	7728	1
277	Picture	AD053	3883188	1000	171	5752	269	1000	8000
277	Response	1	3888939	6751	1
278	Response	3	3891837	2897	1
279	Picture	B2D038	3907858	1000	171	5835	172	1000	8000
279	Response	1	3913574	6716	1
280	Response	3	3917011	3318	2
281	Picture	B2T013	3933362	1000	171	7834	173	1000	8000
281	Response	1	3941091	8729	1
283	Picture	B1T003	3960532	1000	171	7335	172	1000	8000
283	Response	1	3967726	8194	1
284	Response	3	3971607	3740	1
285	Picture	NT023	3985369	1000	171	6334	172	1000	8000
285	Response	1	3991490	7121	1
289	Picture	AT007	4053211	1000	171	8168	172	1000	8000
290	Response	1	4061380	0	170
290	Response	3	4064034	2654	1
291	Picture	ND053	4080215	1166	1	5378	127	1000	8000
291	Response	1	4085591	6542	2
292	Response	3	4095325	9732	1
293	Picture	NT017	4105052	1166	1	7625	214	1000	8000
293	Response	2	4112676	8790	1
295	Picture	AT033	4131555	1165	1	6696	143	1000	8000
295	Response	1	4138250	7860	1
296	Response	3	4141960	3709	1
297	Picture	B1T007	4156725	1165	1	8000	172	1000	8000
298	Response	1	4165188	128	1
298	Response	3	4168915	3855	2
299	Picture	B1T013	4182900	1000	166	8163	167	1000	8000
300	Response	2	4191064	0	170
301	Picture	B2D023	4208566	1166	1	7162	177	1000	8000
301	Response	2	4215726	8326	1
303	Picture	B2T007	4235903	1166	1	7867	138	1000	8000
303	Response	2	4243769	9032	1
305	Picture	NT007	4264740	1166	1	8000	172	1000	8000
305	Response	1	4272740	9166	172
306	Response	3	4276251	3177	1
307	Picture	AT023	4293410	1000	171	6168	172	1000	8000
307	Response	1	4299455	7045	1
308	Response	3	4303498	3920	2
309	Picture	NT033	4320914	1000	171	7574	272	1000	8000
309	Response	2	4328486	8572	2
311	Picture	AD063	4348918	1000	170	5501	171	1000	8000
311	Response	1	4354250	6332	1
312	Response	3	4359747	5328	1
315	Picture	NT027	4416093	1000	171	8168	172	1000	8000
316	Response	1	4425014	752	1
317	Picture	AT027	4444764	1138	1	6271	106	1000	8000
317	Response	1	4451034	7408	1
318	Response	3	4454787	3752	2
319	Picture	AD073	4469934	1166	1	8000	173	1000	8000
320	Response	1	4479952	1684	1
320	Response	3	4483173	4905	1
321	Picture	B1T017	4498438	1000	170	5954	265	1000	8000
321	Response	1	4504391	6953	1
322	Response	3	4508237	3845	2
323	Picture	B1D033	4524441	1000	171	8168	172	1000	8000
324	Response	1	4532810	200	2
324	Response	3	4536690	4080	1
325	Picture	B2T017	4551445	1166	1	6314	191	1000	8000
325	Response	1	4557758	7479	1
326	Response	3	4561285	3526	1
327	Picture	B2D033	4576448	1165	1	6549	124	1000	8000
327	Response	2	4582995	7712	2
329	Picture	ND073	4603118	1165	2	6687	152	1000	8000
329	Response	2	4609804	7851	1
331	Picture	ND063	4630956	1166	1	6050	121	1000	8000
331	Response	2	4637004	7214	2
333	Picture	AT017	4656959	1166	1	6905	267	1000	8000
333	Response	1	4663863	8070	1
334	Response	3	4667470	3606	1
335	Picture	AD047	4682629	1165	1	8000	173	1000	8000
336	Response	1	4699073	8109	2
336	Response	3	4702122	11158	1
337	Picture	ND047	4710299	1000	171	8168	172	1000	8000
338	Response	1	4720747	2279	1
338	Response	3	4724607	6139	2
341	Picture	B2D027	4776642	1166	1	8000	173	1000	8000
342	Response	1	4788440	3464	1
342	Response	3	4792406	7430	2
343	Picture	B1D037	4802812	1000	171	6001	172	1000	8000
343	Response	1	4808659	6847	1
344	Response	3	4812682	3869	2
345	Picture	NT004	4829654	1000	166	5496	167	1000	8000
345	Response	1	4834985	6331	1
347	Picture	B2T004	4855152	1000	171	7001	172	1000	8000
347	Response	2	4862046	7894	1
349	Picture	NT037	4880156	1000	170	8167	172	1000	8000
350	Response	2	4889374	1050	1
351	Picture	AD067	4907659	1165	2	6062	111	1000	8000
351	Response	1	4913719	7225	2
352	Response	3	4917460	3739	1
353	Picture	AT037	4931996	1166	1	4789	216	1000	8000
353	Response	1	4936784	5954	1
354	Response	3	4940810	4025	2
355	Picture	AD077	4956999	1165	2	6298	213	1000	8000
355	Response	1	4963296	7462	1
356	Response	3	4967193	3896	1
357	Picture	ND067	4981336	1166	1	5944	100	1000	8000
357	Response	1	4987279	7109	1
358	Response	3	4991182	3902	2
359	Picture	B1D027	5004672	1165	2	7673	167	1000	8000
359	Response	1	5012343	8836	2
360	Response	3	5016084	3739	1
361	Picture	ND057	5033343	1166	1	8000	172	1000	8000
362	Response	2	5044050	2373	1
363	Picture	AD057	5059847	1001	170	7113	266	1000	8000
363	Response	1	5066958	8112	2
364	Response	3	5070499	3539	1
367	Picture	AD044	5125355	1000	171	8168	172	1000	8000
368	Response	2	5134382	858	1
369	Picture	ND077	5151525	1165	2	7427	109	1000	8000
369	Response	2	5158950	8590	2
371	Picture	ND044	5179029	1166	1	6006	166	1000	8000
371	Response	2	5185033	7170	1
373	Picture	B2T014	5206199	1165	2	8000	912	1000	8000
374	Response	2	5215242	41	2
375	Picture	AT004	5233703	1000	171	5834	172	1000	8000
375	Response	2	5239395	6692	1
377	Picture	B1D024	5258873	1000	171	5089	271	1000	8000
377	Response	2	5263960	6087	2
379	Picture	B2D037	5283376	1000	172	7168	173	1000	8000
379	Response	1	5290359	7983	2
380	Response	3	5294046	3502	2
381	Picture	NT024	5310547	1000	170	7167	172	1000	8000
381	Response	2	5317594	8047	1
383	Picture	AT014	5335383	1000	171	8168	172	1000	8000
384	Response	2	5343976	424	1
385	Picture	AT024	5363221	1166	1	8000	172	1000	8000
386	Response	1	5371392	-1	164
386	Response	3	5374764	3371	1
387	Picture	B1T004	5391224	1000	171	5168	172	1000	8000
387	Response	1	5396271	6047	1
388	Response	3	5400491	4099	1
389	Picture	NT014	5415248	1187	150	8147	151	1000	8000
390	Response	1	5425449	2053	1
390	Response	3	5428880	5484	1
393	Picture	AD054	5481236	1165	2	8000	174	1000	8000
394	Response	2	5491508	1937	1
395	Picture	B2D024	5507240	1000	170	7167	172	1000	8000
395	Response	1	5514286	8046	1
396	Response	3	5518665	4258	2
397	Picture	ND064	5533748	1000	166	8163	167	1000	8000
398	Response	2	5542539	627	1
399	Picture	B1D034	5560247	1166	1	6017	155	1000	8000
399	Response	1	5566262	7181	1
400	Response	3	5570595	4331	1
401	Picture	B1T014	5585750	1165	2	8000	174	1000	8000
402	Response	1	5594728	643	1
402	Response	3	5598062	3977	1
403	Picture	NT006	5612087	1000	171	8168	172	1000	8000
404	Response	2	5620791	535	1
405	Picture	AT034	5638257	1165	2	5337	169	1000	8000
405	Response	1	5643592	6500	1
406	Response	3	5647406	3812	1
407	Picture	ND054	5662261	1166	1	8000	172	1000	8000
408	Response	2	5670953	520	1
409	Picture	AD064	5689769	1000	166	7608	269	1000	8000
409	Response	1	5697375	8606	1
410	Response	3	5701165	3788	2
411	Picture	NT034	5716101	1000	171	8168	172	1000	8000
412	Response	2	5725724	1454	1
413	Picture	AD074	5744772	1166	1	7446	108	1000	8000
413	Response	1	5752216	8610	1
414	Response	3	5755584	3366	1
415	Picture	B2T006	5771442	1166	1	7797	208	1000	8000
415	Response	1	5779238	8962	1
416	Response	3	5782741	3502	2
419	Picture	B1D026	5839618	1165	1	8000	173	1000	8000
420	Response	2	5849559	1607	2
421	Picture	ND046	5865621	1000	171	6001	172	1000	8000
421	Response	1	5871479	6858	1
422	Response	3	5874584	2962	1
423	Picture	ND074	5892458	1000	171	6566	274	1000	8000
423	Response	1	5899023	7565	1
425	Picture	B1T006	5919634	1000	165	8162	166	1000	8000
426	Response	1	5935871	8074	1
427	Picture	AT016	5946966	1166	1	5608	106	1000	8000
427	Response	1	5952573	6773	1
428	Response	3	5956786	4212	1
429	Picture	NT026	5970802	1166	1	6820	185	1000	8000
429	Response	2	5977621	7985	1
431	Picture	B2D034	5996305	1165	2	7493	180	1000	8000
431	Response	1	6003797	8657	1
432	Response	3	6007537	3739	1
433	Picture	NT016	6021976	1166	1	7675	163	1000	8000
433	Response	2	6029650	8840	1
435	Picture	AD046	6048312	1165	2	6444	101	1000	8000
435	Response	1	6054754	7607	1
436	Response	3	6058754	3998	1
437	Picture	B2T016	6073482	1165	2	5892	115	1000	8000
437	Response	1	6079373	7056	1
438	Response	3	6082431	3057	1
439	Picture	AT006	6097319	1166	1	5306	199	1000	8000
439	Response	1	6102624	6471	1
441	Picture	AD056	6123656	1166	1	6922	102	1000	8000
441	Response	2	6130577	8087	1
445	Picture	B1T016	6191165	1166	1	8000	173	1000	8000
447	Response	2	6216442	107	2
448	Response	2	6231238	14794	1
449	Picture	AT005	6237504	1165	2	6071	105	1000	8000
449	Response	1	6243573	7234	2
450	Response	3	6246528	2953	1
451	Picture	ND056	6263008	1166	1	5903	102	1000	8000
451	Response	3	6268910	7068	1
452	Response	2	6286947	18036	2
453	Picture	ND066	6288511	1165	2	8000	174	1000	8000
455	Picture	NT005	6316682	1000	170	8168	171	1000	8000
456	Response	2	6326344	1493	2
457	Picture	B2D026	6344185	1165	2	6613	103	1000	8000
457	Response	1	6350796	7776	2
458	Response	3	6354713	3915	1
459	Picture	B1D036	6370356	1166	1	6069	102	1000	8000
459	Response	1	6376423	7233	2
460	Response	3	6380184	3759	1
461	Picture	NT036	6397525	1165	2	7485	188	1000	8000
461	Response	2	6405009	8649	1
463	Picture	AT026	6422529	1165	2	8000	174	1000	8000
464	Response	2	6431980	1116	1
465	Picture	B2T005	6449866	1000	171	6568	273	1000	8000
465	Response	2	6456432	7566	2
467	Picture	AT036	6475370	1000	170	8168	171	1000	8000
468	Response	1	6484375	836	2
468	Response	3	6488435	4896	1
471	Picture	AD045	6543546	1166	1	8000	172	1000	8000
472	Response	1	6551717	-163	163
472	Response	3	6555150	3270	1
473	Picture	ND076	6570049	1000	173	7001	174	1000	8000
473	Response	2	6576890	7841	1
475	Picture	B1T005	6595724	1000	166	8163	167	1000	8000
476	Response	2	6605239	1351	1
477	Picture	ND055	6624390	1166	1	8000	172	1000	8000
478	Response	2	6634277	1715	1
479	Picture	AT015	6653727	1000	171	6668	172	1000	8000
479	Response	2	6660193	7466	1
481	Picture	AD076	6679897	1000	171	8168	172	1000	8000
482	Response	1	6691707	3641	1
482	Response	3	6695410	7344	2
483	Picture	B1D025	6708234	1165	2	8000	174	1000	8000
484	Response	2	6719893	3324	1
485	Picture	AT025	6736738	1000	171	6916	268	1000	8000
485	Response	1	6743653	7915	1
486	Response	3	6747779	4125	1
487	Picture	NT015	6764242	1000	170	8168	171	1000	8000
488	Response	1	6774468	2057	1
488	Response	3	6778012	5601	1
489	Picture	ND045	6793579	1166	1	7429	107	1000	8000
489	Response	2	6801006	8593	2
491	Picture	B2T015	6821749	1165	2	7528	146	1000	8000
491	Response	1	6829275	8691	2
492	Response	3	6832723	3446	1
493	Picture	B2D036	6849087	1166	1	6033	138	1000	8000
493	Response	1	6855119	7198	1
497	Picture	AD065	6915262	1166	1	8000	173	1000	8000
498	Response	1	6926269	2673	1
498	Response	3	6935071	11475	1
499	Picture	AD055	6944432	1000	171	5775	273	1000	8000
499	Response	1	6950206	6774	1
500	Response	3	6952987	2780	2
501	Picture	ND065	6971269	1000	171	8168	172	1000	8000
502	Response	2	6982688	3250	1
503	Picture	NT035	6997106	1165	2	5686	154	1000	8000
503	Response	1	7002790	6849	2
504	Response	2	7013379	10587	2
505	Picture	AD075	7021943	1166	1	8000	173	1000	8000
506	Response	1	7032833	2717	2
506	Response	3	7036567	6451	1
507	Picture	B1T015	7051280	1000	171	6168	172	1000	8000
507	Response	1	7057292	7012	1
508	Response	3	7060087	2639	2
509	Picture	AT035	7078617	1000	171	8168	172	1000	8000
510	Response	1	7090410	3624	1
510	Response	3	7099458	12672	1
511	Picture	B1D035	7107121	1166	1	8000	173	1000	8000
512	Response	2	7116119	825	3
513	Picture	B2D025	7136125	1000	171	8168	172	1000	8000
514	Response	1	7147361	3067	1
514	Response	3	7150302	6008	2
515	Picture	ND075	7164296	1166	1	8000	172	1000	8000
516	Response	2	7173470	840	2
517	Picture	B2D035	7190132	1000	171	6168	172	1000	8000
517	Response	1	7196112	6980	1
518	Response	3	7202005	5705	2
519	Picture	NT025	7214135	1000	171	7609	271	1000	8000
519	Response	2	7221742	8607	2
