Scenario - for study
Logfile written - 2016/1/13 ÐÇÆÚÈý ÏÂÎç 1:36:11

Trial	Event Type	Code	Time	TTime	Uncertainty	Duration	Uncertainty	ReqTime	ReqDur

1	Response	4	527880	527880	1
3	Picture	AD060	534325	1000	177	8166	179	1000	8000
4	Response	1	555304	12811	1
5	Picture	ND070	560657	1163	3	8000	180	1000	8000
6	Response	1	575050	6059	1
7	Picture	B2D040	589824	1000	177	8166	179	1000	8000
8	Response	1	601578	3585	1
9	Picture	AT020	619156	1163	3	7770	244	1000	8000
9	Response	2	626923	8930	2
11	Picture	NT010	644990	1164	2	8000	183	1000	8000
12	Response	1	663242	9919	1
12	Response	3	663355	10032	1
13	Picture	B1T010	673823	1000	177	8166	179	1000	8000
14	Response	1	686323	4331	1
14	Response	3	686423	4431	1
15	Picture	ND050	700489	1164	2	8000	180	1000	8000
16	Response	3	711845	3023	2
16	Response	2	712115	3293	1
17	Picture	B2D030	727489	1000	177	8166	179	1000	8000
18	Response	2	742551	6893	2
18	Response	3	742688	7030	2
19	Picture	AT010	754155	1164	2	8000	178	1000	8000
20	Response	1	765802	3314	1
20	Response	3	768459	5971	2
21	Picture	B1D030	782655	1000	177	8166	179	1000	8000
22	Response	3	790824	0	176
22	Response	2	791077	253	2
23	Picture	AD050	808654	1163	2	8000	179	1000	8000
24	Response	3	818339	1352	1
24	Response	1	818495	1508	2
25	Picture	ND060	835154	1000	177	8166	180	1000	8000
26	Response	2	855075	11751	1
27	Response	1	892471	29315	2
29	Picture	NT020	904653	1164	2	8000	178	1000	8000
30	Response	1	923374	10388	1
31	Picture	AT040	933819	1000	178	8167	180	1000	8000
32	Response	1	948614	6626	2
32	Response	3	948916	6928	2
33	Picture	NT030	963152	1164	2	8000	179	1000	8000
34	Response	2	983845	12360	1
34	Response	3	983953	12468	2
35	Picture	B2T010	989318	1000	177	8167	179	1000	8000
36	Response	3	1000428	2941	1
36	Response	2	1000781	3294	1
37	Picture	AD070	1016318	1164	2	8000	179	1000	8000
38	Response	2	1027446	2795	2
39	Picture	B2T020	1043485	1000	176	8166	178	1000	8000
40	Response	1	1056777	5124	1
41	Picture	ND080	1071484	1164	2	7998	182	1000	8000
41	Response	3	1079480	9160	2
42	Response	2	1079482	0	180
43	Picture	NT040	1097983	1163	2	8000	178	1000	8000
44	Response	1	1116997	10680	2
44	Response	3	1117193	10876	2
45	Picture	B1D040	1126983	1000	179	8167	181	1000	8000
46	Response	2	1139317	4165	2
47	Picture	B1T020	1153316	1164	2	8000	179	1000	8000
48	Response	3	1165952	4303	1
48	Response	2	1166152	4503	2
48	Response	3	1169456	7807	1
49	Picture	AT030	1182649	1000	178	8166	180	1000	8000
50	Response	1	1197977	7159	1
50	Response	3	1198077	7259	1
51	Picture	AD080	1208482	1164	2	8000	179	1000	8000
52	Response	2	1217422	608	1
52	Response	3	1217513	699	2
55	Picture	B1T001	1275148	1000	179	8166	182	1000	8000
56	Response	1	1287687	4370	2
56	Response	3	1287809	4492	1
57	Picture	NT001	1302148	1165	2	6269	243	1000	8000
57	Response	3	1308415	7432	1
58	Response	1	1308417	0	241
59	Picture	AD041	1326314	1164	2	8000	178	1000	8000
60	Response	2	1336137	1490	1
61	Picture	AD051	1354814	1000	177	8166	179	1000	8000
62	Response	2	1366170	3187	2
63	Picture	AD061	1381480	1164	2	5366	148	1000	8000
63	Response	2	1386844	6528	1
65	Picture	AT001	1408146	1164	2	8000	178	1000	8000
66	Response	1	1419552	3073	2
66	Response	3	1425458	8979	1
66	Response	1	1433229	16750	2
66	Response	3	1433362	16883	3
67	Picture	NT011	1435979	1000	178	8166	181	1000	8000
68	Response	3	1453823	9674	1
68	Response	2	1454372	10223	1
69	Picture	B2D021	1462145	1163	2	8000	180	1000	8000
70	Response	2	1471619	1140	2
71	Picture	B1D021	1488311	1000	177	8167	179	1000	8000
72	Response	3	1500602	4122	1
72	Response	2	1501319	4839	1
73	Picture	ND041	1515645	1164	2	8000	178	1000	8000
74	Response	2	1525805	1827	1
74	Response	3	1526179	2201	2
75	Picture	B2T001	1543478	1000	177	8166	179	1000	8000
76	Response	1	1555431	3785	2
76	Response	3	1555530	3884	1
77	Picture	ND051	1570810	1163	3	8000	181	1000	8000
78	Response	2	1579760	616	2
81	Picture	B1D031	1640143	1000	179	8166	181	1000	8000
82	Response	2	1656178	7866	1
83	Picture	B1T011	1668309	1163	3	8000	179	1000	8000
84	Response	3	1682443	5800	1
84	Response	2	1683310	6667	1
85	Picture	ND061	1694975	1000	178	8167	180	1000	8000
86	Response	3	1704153	1009	1
86	Response	2	1704241	1097	2
87	Picture	B2T011	1723809	1164	2	8000	178	1000	8000
88	Response	3	1735979	3838	2
88	Response	2	1736078	3937	2
89	Picture	B2T009	1752975	1000	178	8166	180	1000	8000
90	Response	1	1773912	12768	2
90	Response	3	1774035	12891	2
91	Picture	AT021	1781808	1164	2	8000	178	1000	8000
92	Response	1	1799082	8941	1
92	Response	3	1799174	9033	2
93	Picture	NT021	1810140	1000	180	8167	182	1000	8000
94	Response	1	1820130	1820	1
94	Response	3	1820229	1919	1
95	Picture	AT031	1836140	1163	3	8000	181	1000	8000
96	Response	3	1848870	4397	1
97	Picture	NT031	1861807	1000	176	8165	180	1000	8000
98	Response	3	1871494	1517	1
98	Response	1	1871590	1613	1
99	Picture	AT011	1890139	1163	3	8000	181	1000	8000
100	Response	3	1907442	8969	2
100	Response	2	1907603	9130	1
101	Picture	NT009	1915918	1000	232	8054	234	1000	8000
102	Response	3	1924172	197	1
102	Response	2	1924289	314	2
103	Picture	AD071	1942639	1164	2	8000	178	1000	8000
104	Response	2	1953808	2837	2
107	Picture	AT029	2011971	1000	178	8166	180	1000	8000
108	Response	3	2022148	2008	1
108	Response	1	2022337	2197	2
109	Picture	AT009	2040471	1164	2	8000	178	1000	8000
110	Response	3	2053845	5041	1
110	Response	2	2053948	5144	2
111	Picture	B2D031	2067304	1000	178	8166	180	1000	8000
112	Response	2	2076922	1449	2
113	Picture	ND071	2094970	1164	2	6206	139	1000	8000
113	Response	2	2101174	7368	1
115	Picture	B1T009	2121970	1164	2	8000	178	1000	8000
116	Response	3	2142666	12363	2
116	Response	1	2142867	12564	1
116	Response	3	2146311	16008	1
117	Picture	NT029	2150969	1000	177	8167	179	1000	8000
118	Response	3	2167801	8663	2
118	Response	2	2170219	11081	1
119	Picture	B1D029	2179136	1165	2	8000	178	1000	8000
120	Response	2	2189375	1906	1
121	Picture	ND049	2204802	1000	177	5059	287	1000	8000
121	Response	2	2209837	6035	1
123	Picture	AT019	2229968	1000	178	8166	180	1000	8000
124	Response	3	2245559	7422	1
124	Response	2	2246057	7920	2
125	Picture	B2T019	2256635	1164	2	8000	179	1000	8000
126	Response	3	2267733	2766	1
126	Response	2	2267925	2958	2
127	Picture	AD049	2284634	1000	179	8167	181	1000	8000
128	Response	2	2293848	1045	1
129	Picture	NT019	2310800	1164	2	5247	106	1000	8000
129	Response	2	2316044	6408	2
130	Response	3	2322195	6148	1
133	Picture	NT002	2375800	1165	2	8000	178	1000	8000
134	Response	3	2387450	3318	2
134	Response	2	2387787	3655	2
135	Picture	AD079	2403466	1000	177	8166	179	1000	8000
136	Response	3	2413631	1996	1
136	Response	1	2413730	2095	1
137	Picture	AD069	2429132	1164	2	6312	200	1000	8000
137	Response	2	2435441	7473	2
139	Picture	B1D022	2453799	1164	2	4695	152	1000	8000
139	Response	2	2458492	5857	2
141	Picture	B2T002	2479298	1164	3	8000	180	1000	8000
142	Response	3	2499434	11803	1
142	Response	2	2499623	11992	1
143	Picture	B2D029	2507131	1000	178	7833	180	1000	8000
143	Response	2	2514821	8690	2
144	Response	3	2514823	-141	141
145	Picture	AD059	2534797	1000	178	4500	180	1000	8000
145	Response	2	2539099	5302	2
147	Picture	ND059	2558297	1000	178	3333	180	1000	8000
147	Response	2	2561430	4133	1
149	Picture	NT039	2579463	1000	179	4667	181	1000	8000
149	Response	3	2584028	5565	2
151	Picture	B1D039	2604297	1000	177	5666	179	1000	8000
151	Response	2	2609785	6488	2
153	Picture	ND069	2630129	1000	177	4501	179	1000	8000
153	Response	2	2634541	5412	2
155	Picture	AT039	2655296	1000	179	8166	181	1000	8000
156	Response	3	2667733	4268	1
159	Picture	AD042	2724628	1164	3	8000	180	1000	8000
161	Picture	NT012	2751294	1000	178	7667	180	1000	8000
161	Response	3	2758737	8443	2
163	Picture	B2D039	2779294	1001	194	8167	196	1000	8000
164	Response	2	2790869	3405	1
165	Picture	B1T019	2805960	1164	3	8000	180	1000	8000
166	Response	3	2815562	1269	1
167	Picture	NT022	2834127	1000	179	8166	181	1000	8000
168	Response	3	2854557	12261	1
169	Picture	AT002	2860293	1164	2	7535	144	1000	8000
169	Response	3	2867826	8697	1
171	Picture	AD052	2888293	1164	2	6822	191	1000	8000
171	Response	3	2895112	7983	2
172	Response	2	2896142	1027	1
173	Picture	AT012	2915959	1164	2	5960	218	1000	8000
173	Response	3	2921917	7122	1
175	Picture	ND079	2942292	1164	2	5563	118	1000	8000
175	Response	2	2947853	6725	1
177	Picture	ND042	2968458	1164	2	8000	180	1000	8000
179	Picture	B1T002	2997458	1000	178	8167	180	1000	8000
180	Response	3	3008297	2670	1
180	Response	3	3022069	16442	2
181	Picture	B2D022	3024624	1164	2	8000	179	1000	8000
182	Response	2	3036917	3960	1
185	Picture	ND052	3094123	1000	179	8167	356	1000	8000
185	Response	2	3102122	8999	167
187	Picture	AT032	3120623	1164	2	6685	159	1000	8000
187	Response	3	3127305	7846	3
189	Picture	B1D032	3145956	1164	2	4894	117	1000	8000
189	Response	2	3150848	6056	1
191	Picture	AT008	3171956	1165	2	8000	178	1000	8000
192	Response	2	3180997	709	1
192	Response	3	3181490	1202	1
193	Picture	B1T012	3199288	1000	178	8167	180	1000	8000
194	Response	3	3209450	1993	2
194	Response	2	3209824	2367	2
194	Response	3	3220126	12669	1
195	Picture	B2T008	3224788	1161	2	6394	118	1000	8000
195	Response	2	3231180	7553	1
197	Picture	B2T012	3250954	1163	3	4552	128	1000	8000
197	Response	3	3255504	5713	1
198	Response	2	3255664	158	1
199	Picture	AT022	3276787	1164	2	4963	216	1000	8000
199	Response	3	3281748	6125	1
200	Response	2	3282254	504	2
201	Picture	AD062	3302287	1164	2	6394	118	1000	8000
201	Response	3	3308679	7556	1
202	Response	2	3308681	0	116
203	Picture	NT032	3328620	1164	2	8000	178	1000	8000
204	Response	3	3339933	2980	1
205	Picture	ND062	3354953	1000	178	8167	180	1000	8000
205	Response	2	3362917	8964	1
207	Picture	NT008	3381953	1000	178	8166	180	1000	8000
208	Response	3	3394684	4562	2
211	Picture	B2D032	3447952	1164	2	8000	178	1000	8000
212	Response	2	3457028	743	4
213	Picture	NT038	3473951	1000	180	8166	184	1000	8000
214	Response	3	3483444	1322	1
214	Response	2	3483583	1461	2
215	Picture	AT018	3499451	1163	2	8000	178	1000	8000
216	Response	3	3509218	1434	1
216	Response	2	3509438	1654	1
217	Picture	B2T018	3525117	1000	179	8167	181	1000	8000
218	Response	3	3536730	3444	1
218	Response	2	3536953	3667	1
219	Picture	AD072	3552117	1164	3	5753	108	1000	8000
219	Response	2	3557868	6915	1
221	Picture	B1T008	3578116	1163	3	7618	229	1000	8000
221	Response	1	3585732	8779	1
222	Response	3	3585734	0	226
223	Picture	AT028	3604949	1163	2	4986	193	1000	8000
223	Response	1	3609933	6147	2
224	Response	3	3609935	0	191
225	Picture	NT028	3628616	1164	2	8000	178	1000	8000
226	Response	2	3639924	2975	1
226	Response	2	3643693	6744	1
226	Response	3	3644216	7267	1
227	Picture	NT018	3656449	1000	177	8166	179	1000	8000
228	Response	3	3672608	7990	2
228	Response	2	3672875	8257	2
229	Picture	AD048	3682615	1164	2	6136	209	1000	8000
229	Response	2	3688748	7297	2
231	Picture	ND072	3709282	1164	2	8000	179	1000	8000
232	Response	1	3718336	721	1
233	Picture	B1D028	3736614	1000	178	4833	180	1000	8000
233	Response	2	3741221	5607	2
237	Picture	AD068	3801113	1000	179	8167	181	1000	8000
238	Response	2	3810375	1092	2
239	Picture	AT038	3828447	1164	2	7487	191	1000	8000
239	Response	1	3835931	8648	2
240	Response	3	3835933	-1	191
241	Picture	AD058	3854779	1163	2	5458	221	1000	8000
241	Response	2	3860235	6619	1
243	Picture	AD078	3880613	1165	2	8000	179	1000	8000
243	Response	2	3888612	9164	179
245	Picture	B2T003	3909445	1000	177	4167	179	1000	8000
245	Response	1	3913427	4982	1
247	Picture	B2D028	3933112	1000	177	5833	179	1000	8000
247	Response	2	3938754	6642	1
249	Picture	NT003	3957111	1000	177	8167	179	1000	8000
250	Response	3	3965765	485	1
250	Response	2	3965929	649	1
251	Picture	B1D038	3984778	1164	2	8000	180	1000	8000
252	Response	2	3993305	194	4
253	Picture	ND048	4011277	1000	177	4000	179	1000	8000
253	Response	2	4015050	4773	1
255	Picture	ND068	4035277	1000	177	4500	179	1000	8000
255	Response	2	4039686	5409	2
257	Picture	ND058	4057110	1000	178	2500	180	1000	8000
257	Response	2	4059376	3266	1
259	Picture	B1T018	4079443	1000	177	2500	179	1000	8000
259	Response	2	4081832	3389	2
260	Response	3	4092839	10896	1
263	Picture	AT013	4143275	1000	178	8167	180	1000	8000
264	Response	2	4152445	1001	1
264	Response	3	4158468	7024	1
265	Picture	B2T013	4170108	1163	2	5521	158	1000	8000
265	Response	2	4175627	6682	1
266	Response	3	4175629	0	156
267	Picture	B1D023	4195774	1163	4	6253	109	1000	8000
267	Response	2	4202025	7414	1
269	Picture	NT013	4221774	1164	2	3677	169	1000	8000
269	Response	1	4225448	4838	2
271	Picture	NT023	4243607	1164	3	5127	220	1000	8000
271	Response	1	4248732	6289	1
272	Response	3	4248734	0	217
273	Picture	ND043	4267774	1164	2	4137	208	1000	8000
273	Response	2	4271909	5299	1
274	Response	3	4273265	1354	1
275	Picture	ND078	4292106	1163	3	5229	118	1000	8000
275	Response	2	4297332	6389	2
277	Picture	B2D038	4317106	1164	3	2889	125	1000	8000
277	Response	2	4319993	4051	1
279	Picture	AD053	4340272	1163	3	3774	240	1000	8000
279	Response	1	4344043	4934	2
281	Picture	B1T003	4363939	1164	2	7707	138	1000	8000
281	Response	2	4371643	8868	2
282	Response	3	4371645	-1	138
283	Picture	AT003	4389772	1164	2	8000	178	1000	8000
284	Response	3	4401332	3227	1
284	Response	1	4401445	3340	2
285	Picture	AD043	4416605	1000	177	8166	179	1000	8000
286	Response	2	4433222	8448	2
289	Picture	NT017	4485771	1164	2	5640	205	1000	8000
289	Response	3	4491409	6802	2
291	Picture	AT023	4511437	1163	2	8000	178	1000	8000
292	Response	3	4521136	1366	2
292	Response	1	4521226	1456	3
293	Picture	AT033	4537604	1000	177	3333	179	1000	8000
293	Response	3	4540856	4252	2
294	Response	2	4540956	19	2
295	Picture	B1T013	4559437	1000	177	3333	179	1000	8000
295	Response	1	4562595	4158	1
296	Response	3	4562597	-173	172
297	Picture	ND053	4582769	1000	177	5834	179	1000	8000
297	Response	2	4588509	6740	2
298	Response	3	4588811	208	1
299	Picture	AD063	4606602	1000	178	4001	180	1000	8000
299	Response	2	4610416	4814	2
301	Picture	B2T007	4630768	1000	178	8167	180	1000	8000
302	Response	3	4641047	2109	1
302	Response	1	4641135	2197	1
303	Picture	NT033	4659767	1163	3	6492	189	1000	8000
303	Response	2	4666257	7653	1
304	Response	3	4666590	331	1
305	Picture	B1T007	4685601	1163	2	6560	118	1000	8000
305	Response	3	4692159	7721	1
306	Response	1	4692348	187	1
307	Picture	B2D023	4710268	1164	2	6605	240	1000	8000
307	Response	2	4716871	7767	1
309	Picture	NT007	4734934	1162	2	4193	152	1000	8000
309	Response	1	4739125	5353	1
310	Response	3	4739127	0	150
311	Picture	AT007	4756767	1164	2	7085	107	1000	8000
311	Response	1	4763850	8247	1
312	Response	3	4763852	0	105
315	Picture	AD073	4823099	1163	2	6866	149	1000	8000
315	Response	2	4829963	8027	1
317	Picture	ND047	4847599	1164	2	6083	108	1000	8000
317	Response	1	4853680	7245	1
319	Picture	AT027	4873432	1164	2	4221	124	1000	8000
319	Response	1	4877650	5382	2
320	Response	3	4878094	441	1
321	Picture	NT027	4895432	1164	2	5395	116	1000	8000
321	Response	3	4900824	6556	2
322	Response	2	4901276	449	1
322	Response	3	4912700	11873	1
323	Picture	ND063	4919432	1164	2	4417	106	1000	8000
323	Response	2	4923847	5579	1
325	Picture	B1D033	4944264	1163	3	5369	144	1000	8000
325	Response	1	4949631	6530	1
327	Picture	AT017	4970764	1164	3	2551	129	1000	8000
327	Response	2	4973312	3712	2
328	Response	3	4979463	6148	2
328	Response	1	4979599	6284	2
329	Picture	AD047	4990764	1164	2	6220	125	1000	8000
329	Response	3	4996981	7381	2
330	Response	2	4997826	842	2
330	Response	3	5012803	15819	1
331	Picture	B2D033	5017597	1164	2	8000	181	1000	8000
332	Response	2	5026777	847	3
333	Picture	B2T017	5045763	1000	177	8167	179	1000	8000
334	Response	3	5057458	3526	2
334	Response	3	5061895	7963	1
334	Response	2	5062218	8286	1
335	Picture	B1T017	5071763	1164	2	8000	179	1000	8000
336	Response	3	5082714	2619	1
336	Response	1	5082804	2709	1
337	Picture	ND073	5099763	1000	177	8166	179	1000	8000
338	Response	1	5110481	2550	1
341	Picture	NT037	5167928	1164	2	6924	106	1000	8000
341	Response	3	5174850	8086	2
342	Response	1	5175245	393	1
343	Picture	B2T004	5194594	1163	2	4571	110	1000	8000
343	Response	1	5199163	5732	1
344	Response	3	5199348	183	1
345	Picture	AT037	5218427	1163	2	5547	132	1000	8000
345	Response	3	5223972	6708	1
346	Response	1	5223974	0	131
347	Picture	B1D037	5244760	1164	3	4957	223	1000	8000
347	Response	2	5249715	6119	1
349	Picture	B1D027	5269093	1163	2	5742	106	1000	8000
349	Response	1	5274833	6903	1
351	Picture	ND067	5295926	1163	2	4188	158	1000	8000
351	Response	1	5300110	5347	2
353	Picture	AD067	5320926	1164	2	3179	166	1000	8000
353	Response	1	5324103	4341	1
355	Picture	B2D027	5341925	1163	3	8000	181	1000	8000
356	Response	2	5351168	909	1
357	Picture	AD057	5368092	1000	177	4667	179	1000	8000
357	Response	2	5372560	5468	1
359	Picture	AD077	5393092	1000	179	6500	181	1000	8000
359	Response	2	5399405	7313	2
361	Picture	NT004	5417425	1000	178	8166	180	1000	8000
362	Response	3	5426086	492	1
362	Response	1	5428012	2418	2
363	Picture	ND057	5442924	1163	3	7588	108	1000	8000
363	Response	1	5450510	8749	1
367	Picture	B1D024	5511923	1164	2	5617	229	1000	8000
367	Response	2	5517538	6779	1
369	Picture	AT014	5538257	1165	2	5244	105	1000	8000
369	Response	1	5543498	6406	2
371	Picture	AD044	5561089	1163	2	4326	186	1000	8000
371	Response	2	5565413	5487	1
373	Picture	ND077	5584589	1164	2	8000	179	1000	8000
373	Response	3	5592588	9163	179
374	Response	2	5601848	8926	2
375	Picture	AT024	5612256	1000	177	8165	180	1000	8000
376	Response	1	5625708	5284	2
376	Response	3	5625902	5478	1
377	Picture	NT024	5640422	1164	2	5254	106	1000	8000
377	Response	3	5645674	6416	1
378	Response	1	5645676	0	104
379	Picture	B2T014	5664755	1164	2	6589	105	1000	8000
379	Response	1	5671341	7750	2
380	Response	3	5671343	-1	105
381	Picture	B2D037	5689086	1162	4	7289	227	1000	8000
381	Response	2	5696373	8449	1
383	Picture	NT014	5717090	1000	186	3617	410	1000	8000
383	Response	1	5720705	4615	2
384	Response	3	5720707	0	225
385	Picture	ND044	5741087	1164	2	6339	172	1000	8000
385	Response	3	5747420	7497	5
386	Response	2	5747425	-1	172
386	Response	3	5752467	5041	1
387	Picture	AT004	5767420	1164	2	8000	179	1000	8000
388	Response	1	5782468	6715	2
388	Response	3	5782669	6916	1
389	Picture	B1T004	5796253	1000	177	8167	179	1000	8000
390	Response	3	5811787	7365	1
390	Response	2	5811875	7453	1
393	Picture	AD064	5863919	1164	2	8000	178	1000	8000
394	Response	2	5874817	2565	1
395	Picture	B1D034	5890751	1000	178	6167	180	1000	8000
395	Response	2	5896751	7000	1
397	Picture	B2D024	5915751	1000	178	8000	180	1000	8000
397	Response	1	5923672	8921	2
399	Picture	B1T014	5943418	1000	177	8166	179	1000	8000
400	Response	3	5951949	362	2
400	Response	2	5952052	465	1
401	Picture	B2T006	5972584	1164	2	6922	105	1000	8000
401	Response	1	5979504	8084	1
402	Response	3	5979615	109	1
403	Picture	AD054	5999084	1165	2	5184	160	1000	8000
403	Response	2	6004266	6347	2
404	Response	3	6004452	184	2
405	Picture	AD074	6022417	1164	2	4540	138	1000	8000
405	Response	2	6026955	5702	1
407	Picture	NT034	6046416	1164	2	3376	136	1000	8000
407	Response	1	6049790	4538	1
409	Picture	ND064	6069749	1164	2	4470	210	1000	8000
409	Response	2	6074217	5632	1
411	Picture	AT034	6094249	1164	2	1940	239	1000	8000
411	Response	3	6096186	3101	2
412	Response	2	6096454	265	2
413	Picture	ND054	6113915	1164	3	3470	210	1000	8000
413	Response	2	6117383	4632	1
415	Picture	NT006	6136248	1164	2	4376	136	1000	8000
415	Response	3	6140622	5538	1
416	Response	1	6145283	4659	2
419	Picture	NT016	6201914	1164	2	8000	178	1000	8000
420	Response	1	6213115	2868	2
420	Response	3	6213304	3057	1
421	Picture	B1D026	6230912	1000	178	8168	180	1000	8000
422	Response	2	6242000	2917	1
423	Picture	B1T006	6258913	1164	3	6772	242	1000	8000
423	Response	3	6265683	7934	1
424	Response	1	6265685	0	239
425	Picture	AT016	6286413	1164	2	8000	178	1000	8000
426	Response	3	6294590	-156	156
426	Response	2	6294749	3	3
427	Picture	NT026	6314246	1000	178	3167	180	1000	8000
427	Response	2	6317279	4033	2
428	Response	3	6317281	-132	131
429	Picture	ND046	6338245	1000	178	6667	180	1000	8000
429	Response	3	6344729	7484	4
430	Response	1	6345111	199	3
431	Picture	AD056	6363912	1000	180	7500	182	1000	8000
431	Response	2	6371268	8356	3
433	Picture	B2D034	6389578	1000	178	3000	180	1000	8000
433	Response	1	6392486	3908	2
435	Picture	AD046	6412245	1000	177	4333	179	1000	8000
435	Response	1	6416504	5259	1
437	Picture	B2T016	6436078	1000	180	5166	182	1000	8000
437	Response	2	6441014	5936	1
439	Picture	ND074	6459410	1000	179	7834	181	1000	8000
439	Response	2	6467016	8606	4
441	Picture	AT006	6485743	1000	181	5334	183	1000	8000
441	Response	1	6490898	6155	3
442	Response	3	6495953	4876	2
442	Response	1	6500782	9705	1
442	Response	3	6500872	9795	2
445	Picture	B1D036	6551409	1000	178	8000	180	1000	8000
445	Response	2	6559237	8828	1
447	Picture	AD066	6577242	1000	178	5833	180	1000	8000
447	Response	1	6582961	6719	2
449	Picture	AT036	6601909	1000	179	3000	181	1000	8000
449	Response	1	6604705	3796	1
450	Response	3	6605069	160	1
451	Picture	AT026	6623409	1000	178	3666	180	1000	8000
451	Response	1	6626956	4547	1
452	Response	3	6627213	138	3
453	Picture	B1T016	6647408	1000	178	4667	180	1000	8000
453	Response	3	6651990	5582	2
454	Response	2	6652109	34	1
455	Picture	B2T005	6669574	1000	179	4667	181	1000	8000
455	Response	2	6674034	5460	1
456	Response	3	6674036	-205	204
457	Picture	NT036	6692907	1000	178	3000	180	1000	8000
457	Response	2	6695769	3862	1
458	Response	3	6695771	-136	136
459	Picture	ND056	6714407	1000	179	8167	181	1000	8000
460	Response	2	6726567	3991	2
461	Picture	NT005	6741573	1164	3	5142	206	1000	8000
461	Response	1	6746713	6304	2
462	Response	3	6746715	0	203
463	Picture	ND066	6765239	1163	3	6331	183	1000	8000
463	Response	2	6771567	7491	2
465	Picture	AT005	6789073	1164	2	5527	152	1000	8000
465	Response	1	6794598	6689	1
466	Response	3	6794600	0	150
467	Picture	B2D026	6815572	1163	3	5050	130	1000	8000
467	Response	2	6820620	6211	1
471	Picture	AD076	6880238	1164	2	6487	192	1000	8000
471	Response	1	6886723	7649	1
473	Picture	B2D036	6906071	1164	2	4173	173	1000	8000
473	Response	2	6910242	5335	1
475	Picture	AT025	6930904	1163	2	3862	150	1000	8000
475	Response	1	6934764	5023	1
476	Response	3	6934996	230	1
477	Picture	B2T015	6953070	1163	2	2699	147	1000	8000
477	Response	3	6955767	3860	1
478	Response	2	6956693	924	2
479	Picture	ND045	6973737	1164	2	8000	179	1000	8000
480	Response	2	6982764	694	1
481	Picture	AD045	6999570	1000	180	4166	182	1000	8000
481	Response	2	7003621	5051	2
482	Response	3	7003623	-113	113
482	Response	2	7007135	3399	2
482	Response	2	7014655	10919	1
483	Response	2	7020435	2	134
485	Picture	B1D025	7038402	1163	3	6487	193	1000	8000
485	Response	2	7044887	7648	1
487	Picture	B1T005	7064402	1164	2	2672	174	1000	8000
487	Response	1	7067071	3833	2
488	Response	3	7067508	434	6
489	Picture	AT015	7085069	1164	2	2258	254	1000	8000
489	Response	2	7087325	3420	1
490	Response	3	7087327	0	252
491	Picture	NT015	7106738	1000	166	4534	305	1000	8000
491	Response	3	7111269	5531	2
492	Response	2	7111453	181	2
493	Picture	ND055	7131568	1164	2	4964	215	1000	8000
493	Response	2	7136530	6126	1
497	Picture	AD075	7194567	1163	3	8000	182	1000	8000
498	Response	2	7210123	7223	1
499	Picture	NT025	7220567	1000	177	8165	181	1000	8000
500	Response	3	7232228	3492	1
500	Response	2	7232330	3594	1
501	Picture	AT035	7247900	1164	2	6684	162	1000	8000
501	Response	2	7254582	7846	1
502	Response	3	7254584	0	160
503	Picture	B1D035	7272899	1163	3	7670	176	1000	8000
503	Response	1	7280567	8831	2
505	Picture	B2D025	7298732	1163	2	5698	147	1000	8000
505	Response	1	7304428	6859	2
507	Picture	AD065	7325232	1163	2	8000	179	1000	8000
508	Response	2	7344110	10546	1
508	Response	3	7344282	10718	1
509	Picture	B1T015	7352565	1000	178	6333	181	1000	8000
509	Response	1	7358733	7168	1
510	Response	3	7358735	-163	163
511	Picture	AD055	7378564	1000	178	8167	180	1000	8000
512	Response	2	7387067	333	1
513	Picture	B2D035	7407897	1163	3	4950	230	1000	8000
513	Response	2	7412844	6110	2
515	Picture	ND065	7430897	1164	3	8000	184	1000	8000
516	Response	2	7445091	5861	1
517	Picture	ND075	7459730	1000	177	2834	179	1000	8000
517	Response	2	7462482	3752	1
519	Picture	NT035	7482830	1000	86	5066	88	1000	8000
519	Response	2	7487774	5944	1
520	Response	3	7487921	25	2
521	Quit		7618649	112753	
