Scenario - for study
Logfile written - 2016/1/13 13:36:44

Trial	Event Type	Code	Time	TTime	Uncertainty	Duration	Uncertainty	ReqTime	ReqDur

1	Response	4	366382	366382	1
3	Picture	ND050	372886	1000	171	8168	172	1000	8000
4	Response	2	383570	2515	1
5	Picture	ND070	401557	1166	1	8000	172	1000	8000
6	Response	2	416338	6447	1
7	Picture	NT010	427560	1000	171	8168	172	1000	8000
8	Response	1	437992	2263	1
8	Response	3	438365	2636	1
9	Picture	AD050	456898	1166	1	7431	108	1000	8000
9	Response	2	464328	8596	1
11	Picture	AD060	484235	1166	1	8000	172	1000	8000
12	Response	2	492584	15	1
13	Picture	ND060	510905	1000	171	6668	172	1000	8000
13	Response	2	517382	7477	1
15	Picture	B1D030	535075	1000	172	8168	173	1000	8000
16	Response	2	562193	18949	2
17	Picture	AT020	564413	1166	1	8000	172	1000	8000
18	Response	1	582300	9553	1
18	Response	3	582832	10085	2
19	Picture	B1T010	591583	1000	171	5834	172	1000	8000
19	Response	1	597221	6638	2
20	Response	3	597754	337	1
21	Picture	B2D030	615253	1000	171	8168	172	1000	8000
23	Picture	B2D040	643590	1165	1	910	104	1000	8000
23	Response	1	644499	2074	1
24	Response	1	660878	16378	1
25	Picture	AT010	663760	1166	1	8000	172	1000	8000
26	Response	1	673165	1233	1
26	Response	3	673217	1285	2
29	Picture	NT020	731108	1000	165	8162	166	1000	8000
30	Response	2	744321	5050	2
31	Picture	B2T020	757106	1166	1	6506	166	1000	8000
31	Response	3	763610	7670	1
32	Response	1	763612	0	165
33	Picture	AD080	782776	1165	1	8000	173	1000	8000
34	Response	2	793120	2009	1
35	Picture	AT030	811285	1000	166	7830	167	1000	8000
35	Response	1	818923	8638	1
36	Response	3	819402	287	2
37	Picture	ND080	836450	1000	171	8168	172	1000	8000
38	Response	2	847096	2477	1
39	Picture	B2T010	864621	1166	1	7369	136	1000	8000
39	Response	3	871988	8533	2
40	Response	1	871990	0	136
41	Picture	B1T020	893125	1166	1	5719	120	1000	8000
41	Response	1	898843	6884	1
42	Response	3	899002	158	2
43	Picture	NT030	917628	1165	2	7828	179	1000	8000
43	Response	2	925454	8991	2
45	Picture	NT040	942965	1165	1	8000	174	1000	8000
46	Response	2	951664	364	1
47	Picture	AT040	972469	1000	171	8002	172	1000	8000
47	Response	1	980279	8810	1
48	Response	3	980546	75	1
49	Picture	B1D040	998640	1000	170	8168	171	1000	8000
50	Response	1	1010705	3896	1
51	Picture	AD070	1024810	1166	1	7594	99	1000	8000
51	Response	3	1032403	8759	1
52	Response	1	1032404	0	99
55	Picture	B1D021	1090319	1166	1	8000	173	1000	8000
56	Response	1	1104348	5694	1
57	Picture	ND051	1117656	1000	171	8168	172	1000	8000
58	Response	2	1130201	4376	1
59	Picture	AD061	1146994	1166	1	8000	173	1000	8000
60	Response	1	1156647	1319	1
61	Picture	NT011	1173997	1000	171	7080	271	1000	8000
61	Response	2	1181076	8079	1
63	Picture	B1T001	1200168	1000	171	6834	172	1000	8000
63	Response	1	1206806	7638	1
64	Response	3	1207019	17	1
65	Picture	B2D021	1225838	1000	171	7947	273	1000	8000
65	Response	1	1233784	8946	1
66	Response	3	1234423	638	1
67	Picture	AD041	1252175	1000	171	8168	172	1000	8000
68	Response	1	1262985	2641	1
68	Response	3	1263624	3280	1
69	Picture	AD051	1279512	1166	1	7980	192	1000	8000
69	Response	2	1287491	9145	1
71	Picture	AT001	1305516	1166	1	7816	190	1000	8000
71	Response	1	1313330	8980	2
72	Response	3	1313703	371	2
73	Picture	NT001	1333686	1165	2	8000	174	1000	8000
74	Response	2	1344076	2055	1
75	Picture	ND041	1363196	1000	165	8162	166	1000	8000
76	Response	2	1381047	9688	1
77	Picture	B2T001	1389196	1001	166	7147	355	1000	8000
77	Response	1	1396341	8146	1
78	Response	3	1396714	371	2
81	Picture	NT031	1457037	1166	1	7854	151	1000	8000
81	Response	2	1464890	9019	1
83	Picture	AD071	1482874	1166	1	6363	142	1000	8000
83	Response	1	1489236	7528	1
84	Response	3	1489237	0	141
85	Picture	AT011	1509044	1166	1	6403	102	1000	8000
85	Response	1	1515445	7567	2
86	Response	3	1515447	0	101
87	Picture	B1T011	1533047	1165	2	5951	105	1000	8000
87	Response	3	1538996	7114	2
88	Response	1	1538998	0	103
89	Picture	ND061	1559218	1166	1	7246	108	1000	8000
89	Response	2	1566463	8411	1
91	Picture	B2T011	1586055	1166	1	8000	173	1000	8000
92	Response	2	1594915	687	1
93	Picture	AT031	1614559	1000	170	5501	171	1000	8000
93	Response	1	1619983	6424	1
94	Response	3	1620249	189	2
95	Picture	NT009	1640896	1000	170	6167	171	1000	8000
95	Response	2	1646938	7042	1
97	Picture	B1D031	1667244	1000	159	6323	160	1000	8000
97	Response	1	1673424	7180	1
98	Response	3	1673425	-142	142
99	Picture	NT021	1692403	1000	171	8168	172	1000	8000
100	Response	2	1701257	685	1
101	Picture	B2T009	1719573	1165	2	8000	174	1000	8000
102	Response	2	1730714	2968	1
103	Picture	AT021	1746244	1000	171	8168	172	1000	8000
104	Response	3	1756725	2312	1
104	Response	1	1756776	2363	1
107	Picture	AT019	1813586	1165	2	5405	108	1000	8000
107	Response	1	1818989	6568	2
108	Response	3	1818991	0	106
109	Picture	ND071	1839257	1166	1	5730	108	1000	8000
109	Response	2	1844986	6895	1
111	Picture	ND049	1864927	1166	1	6003	169	1000	8000
111	Response	2	1870929	7168	1
113	Picture	B1D029	1890431	1166	1	8000	172	1000	8000
114	Response	1	1904579	5814	1
115	Picture	AT029	1918273	1000	165	8163	166	1000	8000
116	Response	3	1928287	1850	1
116	Response	1	1928339	1902	1
117	Picture	B1T009	1944605	1166	1	6551	121	1000	8000
117	Response	1	1951155	7716	1
118	Response	3	1951314	158	1
119	Picture	B2T019	1971609	1166	1	7407	107	1000	8000
119	Response	1	1979014	8571	2
120	Response	3	1979016	0	106
121	Picture	NT029	1996779	1166	1	5820	185	1000	8000
121	Response	2	2002598	6985	1
123	Picture	AD049	2021949	1166	1	5389	116	1000	8000
123	Response	1	2027337	6554	1
124	Response	3	2027338	0	115
125	Picture	AT009	2044785	1165	2	5812	195	1000	8000
125	Response	3	2050595	6975	1
126	Response	1	2050597	0	193
127	Picture	B2D031	2068955	1165	2	8020	153	1000	8000
128	Response	1	2079003	1713	1
129	Picture	NT019	2096626	1000	170	8001	171	1000	8000
129	Response	2	2104494	8868	1
133	Picture	AD079	2163302	1000	171	6667	173	1000	8000
133	Response	1	2169771	7469	1
134	Response	3	2169773	-196	196
135	Picture	AT039	2188305	1000	171	8001	173	1000	8000
135	Response	1	2196143	8838	1
136	Response	3	2196623	317	1
137	Picture	AD059	2214809	1000	171	8168	172	1000	8000
138	Response	1	2225078	2100	1
139	Picture	B2D029	2243646	1165	2	5856	151	1000	8000
139	Response	1	2249500	7019	2
141	Picture	AD069	2268983	1165	1	4920	104	1000	8000
141	Response	1	2273899	6081	2
143	Picture	B1D022	2291986	1165	2	4238	103	1000	8000
143	Response	1	2296222	5401	1
145	Picture	B1D039	2315323	1166	1	6215	124	1000	8000
145	Response	1	2321536	7379	2
147	Picture	B2T002	2342493	1165	2	8000	174	1000	8000
148	Response	1	2352600	1772	3
148	Response	3	2353080	2252	1
149	Picture	ND069	2370831	1000	170	8168	171	1000	8000
150	Response	2	2382710	3710	2
151	Picture	NT039	2397334	1165	2	7987	186	1000	8000
151	Response	2	2405319	9150	2
153	Picture	ND059	2424838	1165	1	5118	104	1000	8000
153	Response	2	2429954	6281	2
155	Picture	NT002	2449175	1166	1	5000	171	1000	8000
155	Response	2	2454174	6165	1
159	Picture	B2D039	2514851	1166	1	8000	172	1000	8000
160	Response	1	2527684	4660	1
161	Picture	ND042	2541021	1000	171	8168	172	1000	8000
162	Response	2	2549667	477	1
163	Picture	ND079	2566691	1165	2	8000	174	1000	8000
164	Response	1	2575717	853	1
165	Picture	NT022	2594195	1000	171	6501	172	1000	8000
165	Response	1	2600572	7377	1
166	Response	3	2600573	-123	123
167	Picture	B2D022	2621532	1000	171	8168	172	1000	8000
168	Response	1	2630241	540	2
169	Picture	NT012	2647869	1165	2	7053	120	1000	8000
169	Response	2	2654921	8217	1
171	Picture	AT002	2673206	1165	1	7143	196	1000	8000
171	Response	1	2680348	8307	1
172	Response	3	2680668	319	1
173	Picture	AT012	2699543	1166	1	7362	143	1000	8000
173	Response	1	2706903	8526	2
174	Response	3	2707117	212	1
175	Picture	B1T019	2727880	1165	2	7737	105	1000	8000
175	Response	1	2735616	8901	1
176	Response	3	2735775	158	2
177	Picture	AD042	2755384	1165	1	8000	173	1000	8000
178	Response	1	2765109	1552	1
179	Picture	B1T002	2781388	1000	171	6334	172	1000	8000
179	Response	1	2787592	7204	1
180	Response	3	2787593	-129	129
181	Picture	AD052	2805896	1000	166	8163	167	1000	8000
182	Response	1	2816486	2426	2
185	Picture	B2T012	2874734	1165	1	5820	185	1000	8000
185	Response	3	2880553	6984	1
186	Response	1	2880554	0	185
187	Picture	AT032	2898404	1166	1	4971	201	1000	8000
187	Response	1	2903374	6136	1
188	Response	3	2903694	319	1
189	Picture	ND062	2923908	1166	1	6755	100	1000	8000
189	Response	1	2930661	7919	1
191	Picture	NT032	2950245	1166	1	5865	140	1000	8000
191	Response	2	2956109	7030	1
193	Picture	B1T012	2977249	1166	1	6106	108	1000	8000
193	Response	1	2983353	7270	1
194	Response	3	2984099	744	1
195	Picture	AD062	3002419	1166	1	8000	172	1000	8000
196	Response	1	3011852	1099	1
197	Picture	B1D032	3031089	1000	171	8168	172	1000	8000
198	Response	1	3040361	1103	1
199	Picture	AT008	3057426	1165	2	6068	105	1000	8000
199	Response	1	3063492	7231	2
200	Response	3	3063599	105	1
201	Picture	B2T008	3083097	1166	1	4965	206	1000	8000
201	Response	1	3088061	6130	1
202	Response	3	3088700	638	1
203	Picture	NT008	3106433	1166	1	7057	115	1000	8000
203	Response	2	3113488	8221	2
205	Picture	AT022	3132603	1165	2	4914	101	1000	8000
205	Response	1	3137515	6077	1
206	Response	3	3137517	0	99
207	Picture	ND052	3155107	1166	1	8000	172	1000	8000
208	Response	1	3163278	-163	162
211	Picture	B1T008	3222783	1000	170	8167	340	1000	8000
211	Response	2	3230782	8999	168
213	Picture	NT028	3249786	1165	2	6537	136	1000	8000
213	Response	2	3256322	7701	1
215	Picture	AD072	3276957	1166	1	8000	173	1000	8000
216	Response	1	3290198	4907	2
217	Picture	B1D028	3305961	1000	171	6501	172	1000	8000
217	Response	2	3312325	7364	1
219	Picture	B2D032	3330631	1000	170	8168	171	1000	8000
220	Response	2	3344032	5232	1
221	Picture	AD048	3357135	1166	1	7434	109	1000	8000
221	Response	1	3364568	8599	1
222	Response	3	3364727	158	1
223	Picture	AT028	3383638	1165	2	8000	174	1000	8000
224	Response	3	3393712	1739	1
224	Response	1	3393765	1792	1
225	Picture	AT018	3411976	1000	170	7265	274	1000	8000
225	Response	3	3419240	8264	1
226	Response	1	3419241	0	105
227	Picture	B2T018	3437479	1000	171	8001	172	1000	8000
227	Response	2	3445288	8809	2
229	Picture	NT018	3465483	1000	171	8168	172	1000	8000
230	Response	3	3473652	0	175
230	Response	1	3473951	299	2
231	Picture	ND072	3494654	1166	1	6283	101	1000	8000
231	Response	2	3500935	7447	1
233	Picture	NT038	3521658	1166	1	7571	102	1000	8000
233	Response	2	3529228	8736	1
237	Picture	NT003	3588167	1166	1	6925	104	1000	8000
237	Response	2	3595091	8090	1
239	Picture	AD058	3612504	1166	1	8000	172	1000	8000
240	Response	2	3627157	6319	1
241	Picture	ND068	3638340	1000	171	8168	172	1000	8000
241	Response	2	3646295	8955	1
243	Picture	B1D038	3665844	1000	171	8168	172	1000	8000
244	Response	2	3676870	2857	1
245	Picture	B2T003	3693015	1166	1	6395	110	1000	8000
245	Response	2	3699409	7560	1
247	Picture	ND058	3719018	1165	2	4898	109	1000	8000
247	Response	2	3723914	6061	2
249	Picture	AD078	3742855	1166	1	8000	173	1000	8000
250	Response	1	3757312	6122	1
251	Picture	AT038	3769859	1000	172	7001	173	1000	8000
251	Response	1	3776663	7804	1
252	Response	3	3789544	12684	2
253	Picture	AD068	3795696	1000	170	8168	171	1000	8000
254	Response	1	3809151	5286	2
255	Picture	B1T018	3823366	1165	2	7441	102	1000	8000
255	Response	1	3830805	8604	1
256	Response	3	3831444	637	1
257	Picture	B2D028	3851870	1165	1	8000	173	1000	8000
258	Response	2	3865617	5574	1
259	Picture	ND048	3880541	1000	170	6441	266	1000	8000
259	Response	2	3886981	7440	1
263	Picture	NT013	3945883	1000	171	8168	342	1000	8000
263	Response	2	3953883	9000	168
265	Picture	B1D023	3975054	1166	1	8000	173	1000	8000
266	Response	2	3999635	16246	2
267	Picture	B1T003	4003225	1000	170	8167	172	1000	8000
268	Response	2	4014151	2758	1
269	Picture	NT023	4029062	1166	1	8000	172	1000	8000
270	Response	2	4045272	7876	1
271	Picture	AD043	4057899	1000	171	8168	172	1000	8000
272	Response	1	4068713	2645	1
273	Picture	B2T013	4085736	1166	1	6229	110	1000	8000
273	Response	2	4091964	7394	1
275	Picture	AD053	4111240	1166	1	8000	172	1000	8000
276	Response	1	4122772	3198	1
277	Picture	ND078	4139416	1000	165	7401	264	1000	8000
277	Response	2	4146815	8399	2
279	Picture	AT013	4165580	1000	171	8168	172	1000	8000
280	Response	1	4174638	889	2
280	Response	3	4175278	1529	1
281	Picture	AT003	4193918	1166	1	5658	180	1000	8000
281	Response	3	4199574	6822	2
282	Response	1	4199576	0	179
283	Picture	ND043	4220755	1166	1	8000	173	1000	8000
283	Response	2	4228754	9165	173
285	Picture	B2D038	4247758	1000	171	8168	342	1000	8000
285	Response	1	4255757	8999	169
289	Picture	B1T013	4315935	1166	1	7722	117	1000	8000
289	Response	2	4323655	8886	2
291	Picture	B2T007	4340938	1165	2	6479	194	1000	8000
291	Response	2	4347415	7642	2
293	Picture	B1T007	4367942	1166	1	8000	173	1000	8000
294	Response	2	4377478	1363	2
295	Picture	NT007	4397113	1000	171	6167	172	1000	8000
295	Response	3	4403173	7060	1
296	Response	1	4403174	-106	106
297	Picture	AT007	4422616	1000	171	6421	270	1000	8000
297	Response	1	4429035	7419	1
298	Response	3	4429248	211	2
299	Picture	ND053	4448620	1000	171	7334	172	1000	8000
299	Response	2	4455740	8120	2
301	Picture	AT033	4474790	1000	171	4779	271	1000	8000
301	Response	1	4479567	5777	2
302	Response	3	4479569	0	100
303	Picture	AT023	4500794	1000	171	5501	172	1000	8000
303	Response	1	4506149	6355	1
304	Response	3	4506416	121	1
305	Picture	B2D023	4526131	1000	171	8168	172	1000	8000
306	Response	2	4536838	2538	1
307	Picture	AD063	4552968	1166	1	8000	172	1000	8000
308	Response	1	4561504	202	1
309	Picture	NT033	4578977	1000	165	7662	166	1000	8000
309	Response	2	4586461	8484	1
311	Picture	NT017	4607309	1000	170	8001	171	1000	8000
311	Response	2	4615136	8827	2
315	Picture	NT027	4673990	1000	165	8162	167	1000	8000
316	Response	1	4687881	5728	1
316	Response	3	4688201	6048	1
317	Picture	ND047	4701322	1166	1	8000	172	1000	8000
318	Response	2	4710580	924	1
319	Picture	AD073	4728659	1000	171	8167	342	1000	8000
319	Response	1	4736658	8999	168
320	Response	3	4736826	0	171
320	Response	1	4745621	8795	1
321	Picture	AT017	4756163	1166	1	7157	182	1000	8000
321	Response	3	4763318	8321	2
322	Response	1	4763320	0	181
323	Picture	B1D033	4784167	1166	1	8000	172	1000	8000
324	Response	2	4793700	1199	1
325	Picture	AD047	4811004	1000	171	8168	172	1000	8000
326	Response	1	4819910	737	1
327	Picture	B1T017	4839174	1165	2	8000	174	1000	8000
328	Response	1	4855523	8014	1
329	Response	3	4864855	344	2
330	Response	1	4864857	0	158
330	Response	1	4873283	8426	2
331	Picture	ND063	4885514	1166	1	8000	173	1000	8000
332	Response	2	4897792	3943	2
333	Picture	ND073	4911518	1000	170	8168	171	1000	8000
334	Response	2	4923443	3756	1
335	Picture	B2D033	4940522	1166	1	8000	172	1000	8000
336	Response	2	4949845	989	1
337	Picture	B2T017	4969359	1000	171	8168	172	1000	8000
338	Response	2	4990643	13115	2
341	Picture	ND067	5037035	1165	1	8000	173	1000	8000
342	Response	1	5050380	5010	1
343	Picture	AD057	5064206	1000	170	8167	172	1000	8000
344	Response	1	5076429	4055	2
345	Picture	B1D027	5093376	1165	2	8000	174	1000	8000
346	Response	2	5104023	2312	1
347	Picture	AT037	5122547	1000	171	8168	172	1000	8000
348	Response	3	5134946	4230	1
348	Response	1	5134998	4282	1
349	Picture	NT037	5151884	1165	2	8000	174	1000	8000
350	Response	2	5160056	-163	163
351	Picture	B2D027	5181388	1000	171	6835	172	1000	8000
351	Response	2	5188059	7671	1
353	Picture	B1D037	5208392	1000	171	8168	172	1000	8000
354	Response	2	5219280	2719	1
355	Picture	NT004	5237063	1166	1	8000	173	1000	8000
356	Response	2	5251413	6016	1
357	Picture	ND057	5262571	1000	166	8163	168	1000	8000
358	Response	1	5274248	3513	1
359	Picture	AD077	5290904	1166	1	8000	173	1000	8000
360	Response	1	5300311	1073	1
361	Picture	AD067	5316741	1000	171	8167	346	1000	8000
361	Response	1	5324740	8999	168
363	Picture	B2T004	5342411	1164	1	8000	173	1000	8000
363	Response	2	5350410	9163	173
367	Picture	AT024	5409920	1000	171	8168	172	1000	8000
368	Response	1	5420985	2896	1
369	Picture	ND077	5438591	1166	1	8000	173	1000	8000
370	Response	2	5447920	1156	1
371	Picture	AT014	5467262	1000	171	8168	172	1000	8000
372	Response	1	5476046	615	2
372	Response	3	5476099	668	1
373	Picture	ND044	5493932	1166	1	6438	106	1000	8000
373	Response	2	5500368	7602	2
375	Picture	B2T014	5517935	1165	2	8000	174	1000	8000
376	Response	2	5527942	1672	1
377	Picture	NT014	5547278	1000	165	7663	166	1000	8000
377	Response	2	5554810	8532	2
379	Picture	B1T004	5576115	1000	166	6329	168	1000	8000
379	Response	2	5582248	7133	1
381	Picture	NT024	5603280	1000	170	6168	171	1000	8000
381	Response	2	5609236	6956	1
383	Picture	AT004	5629284	1000	171	6334	173	1000	8000
383	Response	3	5635446	7162	2
384	Response	1	5635448	-170	170
385	Picture	B2D037	5653287	1000	171	6001	173	1000	8000
385	Response	2	5659159	6872	1
387	Picture	B1D024	5678791	1000	171	6668	172	1000	8000
387	Response	2	5685322	7531	1
389	Picture	AD044	5704128	1000	171	6168	172	1000	8000
389	Response	1	5710120	6992	2
390	Response	3	5710122	-174	173
390	Response	1	5714991	4695	2
390	Response	1	5722193	11897	1
393	Picture	AD074	5771637	1000	171	8168	172	1000	8000
394	Response	1	5783064	3258	2
395	Picture	ND064	5798641	1166	1	7174	165	1000	8000
395	Response	2	5805813	8338	1
397	Picture	NT006	5826812	1166	1	8000	171	1000	8000
398	Response	2	5839653	4507	1
399	Picture	B2T006	5855649	1000	171	7168	172	1000	8000
399	Response	2	5862621	7972	1
401	Picture	ND054	5883319	1000	171	7668	172	1000	8000
401	Response	2	5890780	8461	2
403	Picture	AT034	5908490	1000	170	8168	171	1000	8000
404	Response	3	5918012	1353	2
404	Response	1	5918064	1405	1
405	Picture	AD054	5935994	1166	1	8000	172	1000	8000
406	Response	1	5946217	2051	2
407	Picture	B2D024	5962831	1000	170	7001	171	1000	8000
407	Response	1	5969628	7797	1
409	Picture	AD064	5988501	1000	170	8168	171	1000	8000
410	Response	1	6004250	7580	1
411	Picture	B1D034	6017338	1165	1	8000	173	1000	8000
412	Response	1	6025934	423	1
413	Picture	NT034	6046175	1000	171	8168	172	1000	8000
414	Response	2	6055870	1526	1
415	Picture	B1T014	6073513	1166	1	7610	100	1000	8000
415	Response	2	6081121	8774	2
419	Picture	AT006	6141022	1166	1	6893	112	1000	8000
419	Response	1	6147913	8057	1
420	Response	3	6148073	158	1
421	Picture	AD046	6168026	1166	1	8000	173	1000	8000
421	Response	1	6176025	9165	173
423	Picture	ND046	6195530	1000	170	5667	171	1000	8000
423	Response	2	6200997	6467	1
425	Picture	AD056	6219366	1000	171	8168	172	1000	8000
426	Response	1	6228218	683	1
427	Picture	NT016	6247204	1166	1	6070	104	1000	8000
427	Response	2	6253273	7235	1
429	Picture	AT016	6273040	1165	2	8000	174	1000	8000
430	Response	3	6282268	893	1
430	Response	1	6282374	999	1
431	Picture	B1T006	6298877	1000	171	7835	172	1000	8000
431	Response	2	6306530	8653	1
433	Picture	B1D026	6326881	1000	171	7084	267	1000	8000
433	Response	2	6333964	8083	1
435	Picture	NT026	6353385	1000	171	6501	172	1000	8000
435	Response	2	6359707	7322	2
437	Picture	ND074	6377555	1000	171	6779	271	1000	8000
437	Response	2	6384333	7778	1
439	Picture	B2T016	6405404	1000	159	8156	160	1000	8000
440	Response	2	6420515	6954	2
441	Picture	B2D034	6431729	1166	1	8000	173	1000	8000
442	Response	2	6440196	132	2
445	Picture	AT026	6500744	1000	165	8163	166	1000	8000
446	Response	3	6512875	3967	1
446	Response	1	6512926	4018	2
447	Picture	ND066	6528909	1165	2	8000	174	1000	8000
448	Response	2	6538082	838	1
449	Picture	AD066	6558080	1000	171	8168	172	1000	8000
450	Response	1	6578888	12639	34
451	Picture	B2D026	6585250	1165	2	8000	174	1000	8000
452	Response	2	6594663	1078	2
453	Picture	AT005	6614588	1000	170	8168	171	1000	8000
454	Response	3	6623662	905	2
454	Response	1	6623714	957	2
455	Picture	B1T016	6643259	1166	1	5512	159	1000	8000
455	Response	2	6648769	6676	2
457	Picture	AT036	6667929	1166	1	6385	120	1000	8000
457	Response	1	6674313	7550	1
458	Response	3	6674580	266	1
459	Picture	B1D036	6694932	1165	2	6687	153	1000	8000
459	Response	2	6701617	7850	2
461	Picture	NT005	6721770	1166	1	7256	108	1000	8000
461	Response	2	6729025	8421	1
463	Picture	NT036	6747273	1166	1	5939	105	1000	8000
463	Response	2	6753211	7104	1
465	Picture	B2T005	6772943	1165	1	8000	173	1000	8000
466	Response	2	6783071	1793	1
467	Picture	ND056	6798613	1000	171	5780	273	1000	8000
467	Response	2	6804392	6779	1
471	Picture	AD045	6862789	1000	171	8168	172	1000	8000
472	Response	1	6873702	2744	1
473	Picture	B2T015	6888959	1165	2	7306	201	1000	8000
473	Response	2	6896264	8470	1
475	Picture	NT015	6915130	1166	1	8000	173	1000	8000
476	Response	2	6925046	1582	1
477	Picture	B1T005	6940967	1000	170	7334	171	1000	8000
477	Response	2	6948191	8224	1
479	Picture	ND076	6967137	1000	171	8001	172	1000	8000
479	Response	2	6975012	8875	1
481	Picture	AD076	6994474	1000	171	8168	341	1000	8000
481	Response	1	7002473	8999	169
483	Picture	ND055	7020978	1166	1	7925	109	1000	8000
483	Response	2	7028902	9090	1
485	Picture	B2D036	7047481	1165	2	8000	174	1000	8000
486	Response	2	7060658	5004	2
487	Picture	AT015	7073485	1000	171	8168	172	1000	8000
488	Response	1	7084808	3154	2
488	Response	3	7084915	3261	1
489	Picture	AT025	7102822	1165	2	6206	134	1000	8000
489	Response	1	7109027	7370	2
490	Response	3	7109720	692	1
491	Picture	ND045	7128326	1166	1	7155	184	1000	8000
491	Response	2	7135480	8320	1
493	Picture	B1D025	7156163	1165	2	6805	202	1000	8000
493	Response	2	7162967	7969	1
497	Picture	ND075	7221506	1166	1	8000	171	1000	8000
498	Response	1	7233512	3672	1
499	Picture	NT035	7249515	1000	165	6996	166	1000	8000
499	Response	2	7256330	7815	2
501	Picture	NT025	7276513	1000	171	7168	172	1000	8000
501	Response	2	7283502	7989	1
503	Picture	AD075	7301017	1000	170	8001	338	1000	8000
504	Response	1	7309618	432	2
505	Picture	B2D035	7330021	1166	1	7521	151	1000	8000
505	Response	2	7337541	8686	1
507	Picture	ND065	7357691	1165	2	8000	174	1000	8000
508	Response	2	7368046	2020	2
509	Picture	B2D025	7386195	1000	171	7335	172	1000	8000
509	Response	2	7393420	8225	2
511	Picture	B1T015	7412032	1000	171	8168	341	1000	8000
511	Response	1	7420031	8999	169
512	Response	3	7420509	309	1
513	Picture	B1D035	7439869	1165	2	6611	105	1000	8000
513	Response	2	7446478	7774	1
515	Picture	AT035	7466540	1166	1	8000	172	1000	8000
516	Response	2	7478917	4205	1
517	Picture	AD065	7494710	1000	171	8168	172	1000	8000
518	Response	2	7502879	0	170
518	Response	1	7511665	8786	2
519	Picture	AD055	7521381	1166	1	8000	172	1000	8000
520	Response	1	7533013	3298	1
