Scenario - for study
Logfile written - 2016/1/13 14:07:46

Trial	Event Type	Code	Time	TTime	Uncertainty	Duration	Uncertainty	ReqTime	ReqDur

1	Response	4	612448	612448	1
3	Picture	B1D030	618759	1000	166	8162	167	1000	8000
5	Picture	B2D040	646257	1165	1	8000	173	1000	8000
6	Response	1	658770	4340	1
7	Picture	B1T010	673094	1000	171	5334	173	1000	8000
7	Response	1	678354	6260	1
9	Picture	ND060	698098	1000	170	8168	171	1000	8000
10	Response	2	709302	3035	1
11	Picture	NT010	726935	1165	1	8000	173	1000	8000
12	Response	2	737675	2567	1
13	Picture	ND070	755606	1000	171	8167	342	1000	8000
13	Response	2	763605	8999	168
15	Picture	AD050	784443	1165	1	8000	172	1000	8000
15	Response	2	792443	9165	172
17	Picture	ND050	811113	1000	171	5501	172	1000	8000
17	Response	1	816565	6452	2
19	Picture	AD060	834455	1000	166	8162	338	1000	8000
19	Response	1	842455	9000	162
21	Picture	B2D030	862789	1001	167	6988	349	1000	8000
21	Response	1	869776	7988	2
23	Picture	AT010	888958	1166	1	8000	173	1000	8000
24	Response	1	899656	2525	1
25	Picture	AT020	916628	1000	171	8168	172	1000	8000
29	Picture	B2T020	983138	1166	1	7656	183	1000	8000
29	Response	1	990793	8821	1
31	Picture	AD070	1008808	1166	1	8000	173	1000	8000
32	Response	2	1021472	4330	1
33	Picture	NT030	1034978	1000	171	8168	172	1000	8000
34	Response	2	1047691	4544	1
35	Picture	ND080	1062982	1166	1	8000	173	1000	8000
36	Response	2	1077481	6164	2
37	Picture	AD080	1090658	1000	165	5162	166	1000	8000
37	Response	1	1095741	6083	1
39	Picture	NT020	1114489	1000	171	6501	172	1000	8000
39	Response	1	1120832	7343	1
41	Picture	NT040	1139159	1000	171	7001	172	1000	8000
41	Response	1	1146026	7867	1
43	Picture	B1T020	1165496	1000	171	4834	172	1000	8000
43	Response	1	1170119	5623	1
45	Picture	B1D040	1189333	1000	170	7334	171	1000	8000
45	Response	1	1196607	8274	2
47	Picture	AT030	1216337	1000	170	5167	171	1000	8000
47	Response	1	1221426	6089	2
49	Picture	AT040	1240340	1000	171	6001	172	1000	8000
49	Response	1	1246155	6815	1
51	Picture	B2T010	1264177	1000	176	4667	177	1000	8000
51	Response	1	1268797	5620	1
55	Picture	AD041	1329686	1000	171	7668	172	1000	8000
55	Response	2	1337256	8570	1
57	Picture	AD061	1356523	1000	172	4334	173	1000	8000
57	Response	1	1360759	5236	1
59	Picture	NT001	1379526	1000	171	8168	172	1000	8000
60	Response	2	1387695	0	170
61	Picture	B1D021	1408530	1166	1	8000	173	1000	8000
62	Response	1	1417917	1052	1
63	Picture	B2D021	1435367	1000	171	8168	172	1000	8000
64	Response	2	1445098	1562	1
65	Picture	AT001	1463371	1165	1	6130	209	1000	8000
65	Response	1	1469500	7294	1
67	Picture	B1T001	1489541	1165	2	8000	174	1000	8000
68	Response	2	1498891	1177	1
69	Picture	ND051	1517879	1000	170	8168	171	1000	8000
70	Response	1	1526628	580	1
71	Picture	AD051	1543549	1166	1	6051	121	1000	8000
71	Response	2	1549599	7216	2
73	Picture	NT011	1569053	1166	1	8000	172	1000	8000
74	Response	2	1579506	2119	1
75	Picture	B2T001	1597223	1000	171	8168	172	1000	8000
76	Response	1	1620747	15355	1
77	Picture	ND041	1626727	1165	1	8000	172	1000	8000
78	Response	2	1639445	4383	1
81	Picture	NT009	1695408	1000	166	8163	167	1000	8000
82	Response	2	1706526	2954	1
83	Picture	B2T009	1722407	1165	1	3298	207	1000	8000
83	Response	1	1725704	4462	1
85	Picture	ND061	1743744	1166	1	5688	150	1000	8000
85	Response	2	1749431	6853	1
87	Picture	NT031	1769914	1166	1	5917	89	1000	8000
87	Response	1	1775829	7081	2
89	Picture	B2T011	1794417	1165	1	5583	90	1000	8000
89	Response	1	1799999	6747	1
91	Picture	NT021	1817587	1165	1	5172	167	1000	8000
91	Response	1	1822758	6336	1
93	Picture	AT011	1843591	1166	1	4079	93	1000	8000
93	Response	1	1847669	5244	1
95	Picture	B1D031	1866261	1166	1	5313	192	1000	8000
95	Response	1	1871573	6478	1
97	Picture	B1T011	1890931	1166	1	4250	88	1000	8000
97	Response	1	1895180	5415	1
99	Picture	AD071	1913601	1166	1	4378	127	1000	8000
99	Response	2	1917978	5543	1
101	Picture	AT031	1935437	1166	1	6482	191	1000	8000
101	Response	1	1941918	7647	1
103	Picture	AT021	1961441	1166	1	5469	203	1000	8000
103	Response	1	1966909	6634	1
107	Picture	B2D031	2025283	1166	1	6013	159	1000	8000
107	Response	1	2031295	7178	1
109	Picture	AT019	2051787	1166	1	5156	182	1000	8000
109	Response	1	2056942	6321	1
111	Picture	B1T009	2077123	1165	2	4721	119	1000	8000
111	Response	1	2081843	5885	1
113	Picture	B2T019	2103127	1166	1	7429	77	1000	8000
113	Response	2	2110555	8594	1
115	Picture	ND071	2130964	1166	1	6480	193	1000	8000
115	Response	2	2137443	7645	1
117	Picture	AT029	2156634	1165	2	4967	207	1000	8000
117	Response	2	2161600	6131	1
119	Picture	NT029	2179638	1166	1	8000	172	1000	8000
120	Response	2	2188082	110	1
121	Picture	B1D029	2207141	1000	171	8168	172	1000	8000
123	Picture	AD049	2234312	1166	1	8000	173	1000	8000
125	Picture	NT019	2262316	1000	171	8168	172	1000	8000
127	Picture	ND049	2288986	1165	1	8000	173	1000	8000
129	Picture	AT009	2317657	1000	171	8168	172	1000	8000
130	Response	2	2327904	2078	1
130	Response	3	2334037	8211	1
133	Picture	AD079	2383999	1165	2	8000	174	1000	8000
134	Response	1	2392905	571	1
134	Response	3	2395620	3286	1
135	Picture	AD069	2410336	1000	171	8002	172	1000	8000
135	Response	2	2418246	8910	1
137	Picture	AT039	2438840	1000	171	8168	172	1000	8000
138	Response	1	2447696	687	2
138	Response	3	2450122	3113	1
139	Picture	B2T002	2466511	1166	1	6704	135	1000	8000
139	Response	1	2473213	7868	2
140	Response	3	2475779	2564	1
141	Picture	B1D039	2492515	1166	1	5788	49	1000	8000
141	Response	2	2498301	6952	2
142	Response	3	2500993	2690	1
143	Picture	B2D029	2516184	1165	2	8000	174	1000	8000
144	Response	2	2526667	2148	1
145	Picture	NT039	2543855	1000	171	6501	172	1000	8000
145	Response	1	2550191	7336	1
146	Response	3	2561222	10866	2
147	Picture	B1D022	2569859	1000	171	6001	172	1000	8000
147	Response	2	2575665	6806	1
149	Picture	NT002	2596029	1000	170	4334	171	1000	8000
149	Response	1	2600181	5152	1
150	Response	3	2602799	2436	1
151	Picture	ND069	2620704	1000	166	5329	167	1000	8000
151	Response	2	2625828	6124	1
153	Picture	ND059	2643535	1000	171	3834	173	1000	8000
153	Response	1	2647195	4660	1
154	Response	3	2651198	3829	1
155	Picture	AD059	2667211	1000	165	5662	166	1000	8000
155	Response	2	2672825	6614	2
156	Response	3	2675837	2964	1
159	Picture	AD052	2733048	1000	171	8168	172	1000	8000
160	Response	2	2741394	177	2
161	Picture	B2D022	2759718	1165	2	6285	55	1000	8000
161	Response	1	2766002	7449	2
163	Picture	B1T019	2784389	1166	1	8000	172	1000	8000
164	Response	2	2793307	746	1
164	Response	3	2797400	4839	1
165	Picture	ND079	2811059	1000	171	8168	172	1000	8000
166	Response	2	2820947	1719	1
167	Picture	ND042	2838396	1166	1	8000	173	1000	8000
168	Response	1	2852051	5320	2
169	Picture	NT012	2864233	1000	171	8168	172	1000	8000
170	Response	1	2874704	2302	1
170	Response	3	2880184	7782	1
171	Picture	AT012	2891404	1166	1	8000	172	1000	8000
172	Response	1	2901399	1823	1
172	Response	3	2903528	3952	2
173	Picture	B1T002	2920413	1000	166	5329	167	1000	8000
173	Response	1	2925635	6222	1
174	Response	3	2927681	1939	1
175	Picture	AT002	2943411	1000	170	8168	171	1000	8000
176	Response	1	2952183	603	2
176	Response	3	2954100	2520	1
177	Picture	B2D039	2970248	1166	1	4815	190	1000	8000
177	Response	1	2975061	5979	2
178	Response	3	2977032	1969	1
179	Picture	NT022	2996251	1165	2	7254	87	1000	8000
179	Response	1	3003504	8418	1
180	Response	3	3005687	2182	1
181	Picture	AD042	3023255	1165	1	7322	184	1000	8000
181	Response	2	3030575	8485	2
185	Picture	NT008	3090765	1166	1	8000	172	1000	8000
186	Response	2	3098936	-163	163
186	Response	3	3102501	3402	2
187	Picture	ND052	3116935	1000	171	8168	172	1000	8000
188	Response	2	3127809	2705	1
189	Picture	B1T012	3143272	1166	1	6361	145	1000	8000
189	Response	1	3149632	7526	1
191	Picture	NT032	3169612	1002	165	7532	301	1000	8000
191	Response	1	3177143	8533	1
192	Response	3	3179327	2183	1
193	Picture	B2T012	3195112	1165	2	3539	134	1000	8000
193	Response	1	3198650	4703	1
194	Response	3	3200780	2129	1
195	Picture	B2T008	3216949	1166	1	5219	120	1000	8000
195	Response	1	3222167	6384	1
196	Response	3	3223925	1757	1
197	Picture	AT032	3241454	1001	166	6515	321	1000	8000
197	Response	2	3247967	7514	2
198	Response	3	3251012	3043	1
199	Picture	B1D032	3266289	1166	1	5979	194	1000	8000
199	Response	2	3272267	7144	1
200	Response	3	3274619	2351	2
201	Picture	AD062	3290292	1165	2	5862	145	1000	8000
201	Response	2	3296153	7026	1
203	Picture	ND062	3313962	1165	2	8000	174	1000	8000
204	Response	2	3322506	209	1
205	Picture	AT008	3342300	1000	170	7334	171	1000	8000
205	Response	1	3349474	8174	1
206	Response	3	3351550	1916	2
207	Picture	AT022	3369475	1000	167	5663	168	1000	8000
207	Response	1	3374938	6463	1
208	Response	3	3376908	1770	1
211	Picture	B2D032	3433479	1000	171	8168	172	1000	8000
212	Response	2	3446731	5083	1
213	Picture	ND072	3459483	1166	1	5375	130	1000	8000
213	Response	2	3464857	6540	1
215	Picture	B1T008	3484986	1165	1	6568	104	1000	8000
215	Response	2	3491552	7731	2
216	Response	3	3493927	2373	3
217	Picture	AT028	3510656	1165	2	6767	73	1000	8000
217	Response	1	3517422	7931	1
218	Response	3	3519712	2289	1
219	Picture	AT018	3534993	1165	1	4437	69	1000	8000
219	Response	1	3539428	5600	2
220	Response	3	3541506	2076	1
221	Picture	NT028	3557163	1166	1	4173	166	1000	8000
221	Response	1	3561335	5338	1
222	Response	2	3566254	4918	1
223	Picture	AD048	3578999	1165	1	8000	173	1000	8000
224	Response	3	3587648	476	2
225	Picture	NT018	3606003	1000	171	7168	172	1000	8000
225	Response	1	3612975	7972	1
226	Response	3	3615817	2646	1
227	Picture	B2T018	3631679	1000	165	8162	166	1000	8000
228	Response	1	3639842	0	173
228	Response	3	3642146	2304	1
229	Picture	AD072	3660677	1165	2	8000	174	1000	8000
230	Response	2	3669737	725	1
231	Picture	NT038	3686681	1000	171	7834	173	1000	8000
231	Response	2	3694452	8771	3
232	Response	3	3710405	15890	1
233	Picture	B1D028	3715852	1000	170	8168	171	1000	8000
237	Picture	B2D028	3784028	1166	1	8000	173	1000	8000
239	Picture	ND068	3812365	1000	171	7001	172	1000	8000
239	Response	2	3819166	7801	1
241	Picture	B1T018	3840536	1000	170	6501	171	1000	8000
241	Response	1	3846933	7397	1
242	Response	3	3849063	2026	1
243	Picture	AD058	3865372	1000	171	8001	340	1000	8000
244	Response	2	3874640	1098	1
245	Picture	B1D038	3891209	1165	2	8000	174	1000	8000
246	Response	2	3899855	311	1
247	Picture	AD068	3917880	1000	171	8168	172	1000	8000
248	Response	1	3926049	0	169
249	Picture	ND048	3946717	1165	1	7723	116	1000	8000
249	Response	2	3954439	8887	2
251	Picture	B2T003	3975054	1165	2	6837	170	1000	8000
251	Response	2	3981890	8001	1
253	Picture	AD078	4002058	1165	2	6325	182	1000	8000
253	Response	2	4008382	7489	1
255	Picture	NT003	4026895	1166	1	8000	173	1000	8000
256	Response	2	4035960	892	1
256	Response	3	4044568	9500	1
257	Picture	ND058	4055899	1000	171	8168	172	1000	8000
258	Response	2	4065909	1841	1
259	Picture	AT038	4081569	1165	2	7169	172	1000	8000
259	Response	1	4088737	8333	1
260	Response	3	4090814	2076	1
263	Picture	AD043	4149579	1166	1	8000	173	1000	8000
264	Response	1	4159359	1446	1
264	Response	3	4161712	3799	1
265	Picture	ND043	4176916	1000	171	8168	172	1000	8000
266	Response	1	4185469	384	1
267	Picture	ND078	4203086	1165	2	7525	149	1000	8000
267	Response	2	4210610	8689	1
269	Picture	NT023	4229590	1166	1	7460	212	1000	8000
269	Response	1	4237049	8625	1
270	Response	3	4239178	2128	2
271	Picture	AT003	4255427	1166	1	5193	146	1000	8000
271	Response	1	4260619	6358	1
272	Response	3	4263065	2445	1
273	Picture	AT013	4280097	1166	1	4117	55	1000	8000
273	Response	1	4284213	5282	1
274	Response	3	4286556	2342	1
275	Picture	B1T003	4304100	1165	2	4799	208	1000	8000
275	Response	1	4308898	5963	1
276	Response	3	4311294	2395	1
277	Picture	B2D038	4329771	1166	1	8000	172	1000	8000
278	Response	2	4339540	1435	1
279	Picture	B2T013	4355441	1000	171	7501	172	1000	8000
279	Response	2	4362851	8410	1
280	Response	3	4368788	5846	1
281	Picture	AD053	4383111	1000	171	8168	172	1000	8000
282	Response	1	4391909	629	1
283	Picture	NT013	4410282	1166	1	8000	172	1000	8000
284	Response	2	4418453	-2	165
284	Response	3	4422857	4402	1
285	Picture	B1D023	4436619	1000	170	8168	171	1000	8000
286	Response	2	4445964	1176	2
289	Picture	NT033	4503461	1165	2	7623	49	1000	8000
289	Response	2	4511082	8786	2
290	Response	3	4526776	15692	1
291	Picture	B2D023	4530465	1165	1	8000	173	1000	8000
292	Response	2	4542836	4036	1
293	Picture	AT023	4557636	1000	170	7001	171	1000	8000
293	Response	1	4564463	7827	1
294	Response	3	4566806	2169	1
295	Picture	AT007	4584306	1000	171	8168	172	1000	8000
296	Response	2	4593122	647	2
296	Response	3	4600872	8397	1
297	Picture	B2T007	4611810	1166	1	5059	113	1000	8000
297	Response	1	4616868	6224	1
298	Response	3	4619234	2365	1
299	Picture	NT017	4636313	1165	2	4317	190	1000	8000
299	Response	1	4640629	5481	1
300	Response	3	4643407	2777	1
301	Picture	AT033	4661817	1166	1	5834	172	1000	8000
301	Response	1	4667650	6999	1
302	Response	3	4670206	2555	1
303	Picture	B1T007	4686820	1165	2	5080	94	1000	8000
303	Response	1	4691899	6244	1
304	Response	3	4693976	2076	1
305	Picture	AD063	4711324	1165	1	4100	72	1000	8000
305	Response	1	4715423	5264	1
306	Response	3	4717862	2438	1
307	Picture	NT007	4734827	1166	1	5106	66	1000	8000
307	Response	1	4739932	6271	1
308	Response	3	4742168	2235	1
309	Picture	B1T013	4760164	1166	1	4537	135	1000	8000
309	Response	1	4764700	5702	2
310	Response	3	4766670	1969	2
311	Picture	ND053	4784167	1165	1	8000	173	1000	8000
312	Response	2	4792339	-163	162
315	Picture	B2T017	4853182	1000	166	6162	168	1000	8000
315	Response	1	4859145	6963	2
316	Response	3	4861275	1931	1
317	Picture	AT027	4879347	1000	171	4334	172	1000	8000
317	Response	1	4883474	5127	2
318	Response	3	4885285	1604	1
319	Picture	ND073	4903850	1000	171	6668	172	1000	8000
319	Response	2	4910376	7526	1
321	Picture	B1D033	4929854	1000	171	8001	172	1000	8000
321	Response	1	4937647	8793	1
323	Picture	B2D033	4958858	1000	172	8168	173	1000	8000
324	Response	2	4967391	364	2
324	Response	3	4974678	7651	1
325	Picture	AT017	4986029	1166	1	5888	117	1000	8000
325	Response	1	4991916	7053	1
326	Response	3	4994216	2299	1
327	Picture	B1T017	5010032	1166	1	3852	153	1000	8000
327	Response	1	5013882	5016	2
328	Response	3	5015853	1969	1
329	Picture	ND063	5034702	1166	1	6426	80	1000	8000
329	Response	2	5041127	7591	1
331	Picture	ND047	5059706	1166	1	6673	166	1000	8000
331	Response	2	5066378	7838	1
333	Picture	AD073	5085043	1166	1	8000	172	1000	8000
334	Response	1	5096687	3472	1
335	Picture	AD047	5114213	1000	171	5834	172	1000	8000
335	Response	1	5119903	6690	1
337	Picture	NT027	5137716	1000	171	6668	172	1000	8000
337	Response	1	5144277	7561	1
338	Response	3	5146407	2023	1
341	Picture	B1D027	5203064	1000	167	8163	168	1000	8000
342	Response	1	5213118	1890	2
343	Picture	B2D027	5228563	1166	1	8000	172	1000	8000
344	Response	2	5242632	5735	2
345	Picture	B2T004	5255238	1000	165	5829	166	1000	8000
345	Response	1	5260968	6730	1
346	Response	3	5262832	1765	1
347	Picture	NT037	5280236	1000	171	4501	172	1000	8000
347	Response	1	5284595	5359	1
348	Response	3	5286406	1669	1
349	Picture	ND067	5302739	1000	171	8168	172	1000	8000
350	Response	1	5310908	-1	175
351	Picture	ND057	5329076	1165	2	7037	137	1000	8000
351	Response	1	5336112	8201	1
353	Picture	AD067	5357414	1166	1	6373	133	1000	8000
353	Response	1	5363786	7538	1
355	Picture	AD077	5384251	1166	1	7502	171	1000	8000
355	Response	1	5391752	8667	1
357	Picture	NT004	5409921	1166	1	8000	173	1000	8000
358	Response	1	5419556	1300	1
359	Picture	B1D037	5436763	1000	167	6996	168	1000	8000
359	Response	1	5443589	7826	1
361	Picture	AD057	5461761	1000	171	8168	173	1000	8000
362	Response	1	5474114	4184	1
363	Picture	AT037	5490099	1166	1	6712	126	1000	8000
363	Response	1	5496809	7876	2
364	Response	3	5498727	1916	1
367	Picture	B2T014	5556275	1166	1	6052	120	1000	8000
367	Response	1	5562326	7217	1
368	Response	3	5564892	2565	1
369	Picture	AT024	5583112	1166	1	4014	158	1000	8000
369	Response	1	5587125	5179	1
370	Response	3	5589095	1969	1
371	Picture	ND077	5607615	1165	1	7025	148	1000	8000
371	Response	1	5614638	8188	2
373	Picture	AD044	5633786	1166	1	7176	163	1000	8000
373	Response	1	5640961	8341	1
375	Picture	B1T004	5658956	1166	1	6332	174	1000	8000
375	Response	1	5665287	7497	1
376	Response	3	5667749	2461	2
377	Picture	AT004	5683459	1165	1	6647	193	1000	8000
377	Response	1	5690105	7811	1
378	Response	3	5692022	1916	1
379	Picture	NT014	5708129	1165	2	5658	182	1000	8000
379	Response	1	5713786	6822	1
380	Response	3	5715703	1916	1
381	Picture	NT024	5734300	1166	1	4242	96	1000	8000
381	Response	1	5738541	5407	1
382	Response	3	5740670	2128	2
383	Picture	AT014	5756469	1165	2	4725	115	1000	8000
383	Response	1	5761193	5889	1
385	Picture	ND044	5778973	1166	1	7755	84	1000	8000
385	Response	2	5786727	8920	1
387	Picture	B1D024	5806810	1166	1	8000	172	1000	8000
388	Response	2	5816241	1258	1
389	Picture	B2D037	5835980	1000	171	6835	172	1000	8000
389	Response	2	5842753	7773	1
393	Picture	B1D034	5901489	1000	171	8168	173	1000	8000
394	Response	2	5910789	1131	1
395	Picture	NT034	5929660	1165	1	8000	173	1000	8000
396	Response	2	5938127	132	1
396	Response	1	5942292	4297	2
396	Response	3	5946578	8583	2
397	Picture	B2D024	5958164	1000	171	8168	172	1000	8000
398	Response	2	5968472	2139	1
399	Picture	ND064	5986835	1166	1	7980	197	1000	8000
399	Response	2	5994814	9145	2
401	Picture	AD054	6014672	1166	1	7770	69	1000	8000
401	Response	1	6022441	8935	1
403	Picture	B2T006	6041509	1166	1	8000	173	1000	8000
404	Response	2	6050331	487	2
404	Response	3	6055496	5652	1
405	Picture	ND054	6070851	1000	171	8163	172	1000	8000
406	Response	2	6081808	2793	2
407	Picture	B1T014	6097850	1165	2	7237	103	1000	8000
407	Response	2	6105086	8401	1
409	Picture	NT006	6122520	1165	2	7076	98	1000	8000
409	Response	2	6129595	8240	1
410	Response	3	6132836	3240	1
411	Picture	AT034	6147857	1165	1	7889	117	1000	8000
411	Response	1	6155744	9052	2
413	Picture	AD064	6173861	1166	1	8000	173	1000	8000
414	Response	2	6182560	526	1
415	Picture	AD074	6202198	1000	171	7168	172	1000	8000
415	Response	1	6209298	8100	1
419	Picture	AT016	6267374	1000	171	5501	172	1000	8000
419	Response	1	6272698	6324	1
420	Response	3	6274828	1953	1
421	Picture	AT006	6290377	1000	171	4334	172	1000	8000
421	Response	1	6294538	5161	2
422	Response	3	6296785	2074	1
423	Picture	B1D026	6313047	1000	171	8168	172	1000	8000
424	Response	2	6321524	308	1
425	Picture	NT016	6340884	1165	1	8000	173	1000	8000
426	Response	2	6349056	-163	162
427	Picture	ND046	6367054	1000	171	4668	172	1000	8000
427	Response	2	6371589	5535	1
429	Picture	AD056	6392224	1000	171	6335	172	1000	8000
429	Response	1	6398487	7263	2
431	Picture	B2D034	6416061	1000	171	8168	172	1000	8000
432	Response	2	6425439	1209	1
433	Picture	B1T006	6445065	1165	2	8000	174	1000	8000
434	Response	2	6455878	2478	1
435	Picture	NT026	6473903	1000	170	8001	171	1000	8000
435	Response	2	6481804	8901	2
437	Picture	AD046	6499245	1000	166	8162	167	1000	8000
438	Response	1	6512187	4779	1
439	Picture	ND074	6525245	1001	166	8000	336	1000	8000
440	Response	2	6534636	1058	1
441	Picture	B2T016	6551913	1000	171	8168	172	1000	8000
442	Response	2	6562050	1968	1
442	Response	3	6564536	4454	1
445	Picture	B1T016	6620428	1002	163	7769	227	1000	8000
445	Response	2	6628196	8770	1
447	Picture	AD066	6645760	1166	1	7801	205	1000	8000
447	Response	1	6653560	8966	1
448	Response	3	6657157	3596	1
449	Picture	B1D036	6671930	1165	2	8000	174	1000	8000
450	Response	2	6681553	1288	1
451	Picture	AT036	6700767	1000	171	5835	172	1000	8000
451	Response	1	6706451	6684	1
452	Response	3	6708880	2278	1
453	Picture	ND066	6727104	1000	171	8168	173	1000	8000
454	Response	2	6738145	2872	1
455	Picture	B2D026	6756275	1165	2	7654	187	1000	8000
455	Response	2	6763928	8818	1
457	Picture	AT026	6781946	1166	1	5760	79	1000	8000
457	Response	1	6787705	6925	1
458	Response	3	6791661	3955	1
459	Picture	B2T005	6806282	1165	2	5690	150	1000	8000
459	Response	1	6811971	6854	1
460	Response	3	6814659	2687	2
461	Picture	AT005	6830452	1165	2	4361	146	1000	8000
461	Response	1	6834812	5525	2
462	Response	3	6836919	2106	1
463	Picture	ND056	6852789	1166	1	8000	172	1000	8000
464	Response	2	6861179	217	1
465	Picture	NT036	6879464	1000	166	8163	167	1000	8000
466	Response	2	6889840	2212	1
467	Picture	NT005	6906130	1166	1	6779	60	1000	8000
467	Response	2	6912908	7944	1
468	Response	3	6915021	2112	1
471	Picture	B2T015	6972139	1166	1	8000	172	1000	8000
472	Response	1	6981623	1150	1
472	Response	3	6983860	3387	1
473	Picture	AT025	6999642	1000	171	5835	172	1000	8000
473	Response	1	7005340	6698	1
474	Response	3	7007470	1993	1
475	Picture	NT015	7022817	1000	166	4663	167	1000	8000
475	Response	1	7027373	5556	1
476	Response	3	7042311	14831	1
477	Picture	ND076	7047149	1000	171	8168	172	1000	8000
478	Response	2	7057665	2347	2
479	Picture	B1D025	7074820	1166	1	4750	88	1000	8000
479	Response	1	7079569	5915	1
481	Picture	ND045	7100157	1166	1	8000	172	1000	8000
482	Response	1	7112287	3796	1
482	Response	3	7115991	7500	1
483	Picture	AT015	7128994	1000	171	8168	172	1000	8000
484	Response	2	7137868	705	1
485	Picture	AD045	7154664	1165	1	8000	173	1000	8000
486	Response	1	7165458	2621	1
487	Picture	B1T005	7180006	1000	166	8163	167	1000	8000
488	Response	2	7190549	2379	2
488	Response	3	7194053	5883	1
489	Picture	AD076	7206005	1166	1	8000	172	1000	8000
490	Response	2	7214646	307	1
491	Picture	ND055	7234008	1000	171	8168	172	1000	8000
492	Response	2	7242177	0	170
493	Picture	B2D036	7260679	1166	1	8000	172	1000	8000
494	Response	1	7271244	2231	1
497	Picture	AT035	7327027	1000	165	8162	166	1000	8000
498	Response	2	7336811	1621	1
498	Response	1	7338707	3517	2
498	Response	3	7342351	7161	2
499	Picture	B2D025	7356026	1166	1	8000	172	1000	8000
500	Response	2	7365576	1216	1
501	Picture	B1D035	7382862	1000	171	8168	173	1000	8000
502	Response	1	7391471	440	4
503	Picture	NT025	7412033	1165	2	8000	174	1000	8000
504	Response	1	7422490	2284	1
505	Picture	ND075	7438704	1000	170	8168	171	1000	8000
506	Response	1	7447502	629	2
507	Picture	ND065	7464707	1165	2	8000	174	1000	8000
508	Response	2	7472879	-163	163
509	Picture	AD055	7492050	1000	165	6662	166	1000	8000
509	Response	1	7498613	7563	1
511	Picture	B1T015	7517715	1000	170	6334	171	1000	8000
511	Response	1	7523987	7272	1
512	Response	3	7529587	5538	1
513	Picture	B2D035	7543885	1000	169	7834	171	1000	8000
513	Response	1	7551664	8779	1
515	Picture	AD065	7572556	1000	170	5500	172	1000	8000
515	Response	1	7577903	6347	1
517	Picture	AD075	7597726	1000	176	6834	177	1000	8000
517	Response	1	7604489	7763	1
519	Picture	NT035	7624063	1000	171	8168	172	1000	8000
520	Response	2	7633357	1125	1
520	Response	3	7636694	4462	2
521	Quit		7717775	67874	
